[ 2017-03-10T14:31:05+08:00 ] 127.0.0.1 /index.php/vertical/template/serviceRoute.html
INFO: [ app_init ] --START--
INFO: Run Behavior\BuildLiteBehavior [ RunTime:0.000010s ]
INFO: [ app_init ] --END-- [ RunTime:0.000323s ]
INFO: [ app_begin ] --START--
INFO: Run Behavior\ReadHtmlCacheBehavior [ RunTime:0.000451s ]
INFO: [ app_begin ] --END-- [ RunTime:0.000486s ]
SQL: SHOW COLUMNS FROM `process` [ RunTime:0.0103s ]
SQL: SHOW COLUMNS FROM `restaurant_process` [ RunTime:0.0065s ]
SQL: SELECT * FROM `restaurant_process` WHERE `process_id` NOT IN (4) AND `process_status` = 1 AND `restaurant_id` = 100 AND ( process_id > 0 ) ORDER BY process_id LIMIT 1   [ RunTime:0.0032s ]
SQL: SELECT `process_url` FROM `process` WHERE `process_id` = 1 LIMIT 1   [ RunTime:0.0031s ]
SQL: SHOW COLUMNS FROM `restaurant_page_group` [ RunTime:0.0061s ]
SQL: SELECT `group_id` FROM `restaurant_page_group` WHERE `restaurant_id` = 100 AND `page_screen` = 2 AND `status` = 1 LIMIT 1   [ RunTime:0.0055s ]
SQL: SHOW COLUMNS FROM `group_detail` [ RunTime:0.0063s ]
SQL: SELECT * FROM `group_detail` WHERE `group_id` = 5 LIMIT 1   [ RunTime:0.0030s ]
INFO: [ view_parse ] --START--
INFO: [ template_filter ] --START--
INFO: Run Behavior\ContentReplaceBehavior [ RunTime:0.000047s ]
INFO: [ template_filter ] --END-- [ RunTime:0.000091s ]
INFO: Run Behavior\ParseTemplateBehavior [ RunTime:0.011673s ]
INFO: [ view_parse ] --END-- [ RunTime:0.011712s ]
INFO: [ view_filter ] --START--
INFO: Run Behavior\WriteHtmlCacheBehavior [ RunTime:0.000279s ]
INFO: [ view_filter ] --END-- [ RunTime:0.000307s ]
INFO: [ app_end ] --START--
INFO: Run Behavior\ShowPageTraceBehavior [ RunTime:0.000504s ]
INFO: [ app_end ] --END-- [ RunTime:0.000534s ]

[ 2017-03-10T14:31:15+08:00 ] 127.0.0.1 /index.php/vertical/template/serviceRoute.html
INFO: [ app_init ] --START--
INFO: Run Behavior\BuildLiteBehavior [ RunTime:0.000011s ]
INFO: [ app_init ] --END-- [ RunTime:0.000323s ]
INFO: [ app_begin ] --START--
INFO: Run Behavior\ReadHtmlCacheBehavior [ RunTime:0.000441s ]
INFO: [ app_begin ] --END-- [ RunTime:0.000477s ]
SQL: SHOW COLUMNS FROM `process` [ RunTime:0.3288s ]
SQL: SHOW COLUMNS FROM `restaurant_process` [ RunTime:0.0624s ]
SQL: SELECT * FROM `restaurant_process` WHERE `process_id` NOT IN (4) AND `process_status` = 1 AND `restaurant_id` = 100 AND ( process_id > 0 ) ORDER BY process_id LIMIT 1   [ RunTime:0.0141s ]
SQL: SELECT `process_url` FROM `process` WHERE `process_id` = 1 LIMIT 1   [ RunTime:0.0167s ]
SQL: SHOW COLUMNS FROM `restaurant_page_group` [ RunTime:0.0145s ]
SQL: SELECT `group_id` FROM `restaurant_page_group` WHERE `restaurant_id` = 100 AND `page_screen` = 2 AND `status` = 1 LIMIT 1   [ RunTime:0.0159s ]
SQL: SHOW COLUMNS FROM `group_detail` [ RunTime:0.0457s ]
SQL: SELECT * FROM `group_detail` WHERE `group_id` = 5 LIMIT 1   [ RunTime:0.0143s ]
INFO: [ view_parse ] --START--
INFO: [ template_filter ] --START--
INFO: Run Behavior\ContentReplaceBehavior [ RunTime:0.000046s ]
INFO: [ template_filter ] --END-- [ RunTime:0.000081s ]
INFO: Run Behavior\ParseTemplateBehavior [ RunTime:0.004461s ]
INFO: [ view_parse ] --END-- [ RunTime:0.004501s ]
INFO: [ view_filter ] --START--
INFO: Run Behavior\WriteHtmlCacheBehavior [ RunTime:0.000270s ]
INFO: [ view_filter ] --END-- [ RunTime:0.000305s ]
INFO: [ app_end ] --START--
INFO: Run Behavior\ShowPageTraceBehavior [ RunTime:0.000738s ]
INFO: [ app_end ] --END-- [ RunTime:0.000792s ]

[ 2017-03-10T14:31:17+08:00 ] 127.0.0.1 /index.php/vertical/template/serviceRoute.html
INFO: [ app_init ] --START--
INFO: Run Behavior\BuildLiteBehavior [ RunTime:0.000012s ]
INFO: [ app_init ] --END-- [ RunTime:0.000328s ]
INFO: [ app_begin ] --START--
INFO: Run Behavior\ReadHtmlCacheBehavior [ RunTime:0.000449s ]
INFO: [ app_begin ] --END-- [ RunTime:0.000484s ]
SQL: SHOW COLUMNS FROM `process` [ RunTime:0.0200s ]
SQL: SHOW COLUMNS FROM `restaurant_process` [ RunTime:0.0156s ]
SQL: SELECT * FROM `restaurant_process` WHERE `process_id` NOT IN (4) AND `process_status` = 1 AND `restaurant_id` = 100 AND ( process_id > 0 ) ORDER BY process_id LIMIT 1   [ RunTime:0.0131s ]
SQL: SELECT `process_url` FROM `process` WHERE `process_id` = 1 LIMIT 1   [ RunTime:0.0246s ]
SQL: SHOW COLUMNS FROM `restaurant_page_group` [ RunTime:0.0241s ]
SQL: SELECT `group_id` FROM `restaurant_page_group` WHERE `restaurant_id` = 100 AND `page_screen` = 2 AND `status` = 1 LIMIT 1   [ RunTime:0.0151s ]
SQL: SHOW COLUMNS FROM `group_detail` [ RunTime:0.0247s ]
SQL: SELECT * FROM `group_detail` WHERE `group_id` = 5 LIMIT 1   [ RunTime:0.0146s ]
INFO: [ view_parse ] --START--
INFO: [ template_filter ] --START--
INFO: Run Behavior\ContentReplaceBehavior [ RunTime:0.000046s ]
INFO: [ template_filter ] --END-- [ RunTime:0.000081s ]
INFO: Run Behavior\ParseTemplateBehavior [ RunTime:0.004451s ]
INFO: [ view_parse ] --END-- [ RunTime:0.004490s ]
INFO: [ view_filter ] --START--
INFO: Run Behavior\WriteHtmlCacheBehavior [ RunTime:0.000218s ]
INFO: [ view_filter ] --END-- [ RunTime:0.000246s ]
INFO: [ app_end ] --START--
INFO: Run Behavior\ShowPageTraceBehavior [ RunTime:0.000435s ]
INFO: [ app_end ] --END-- [ RunTime:0.000465s ]

[ 2017-03-10T14:31:39+08:00 ] 127.0.0.1 /index.php/vertical/template/serviceRoute.html
INFO: [ app_init ] --START--
INFO: Run Behavior\BuildLiteBehavior [ RunTime:0.000012s ]
INFO: [ app_init ] --END-- [ RunTime:0.000325s ]
INFO: [ app_begin ] --START--
INFO: Run Behavior\ReadHtmlCacheBehavior [ RunTime:0.000445s ]
INFO: [ app_begin ] --END-- [ RunTime:0.000482s ]
SQL: SHOW COLUMNS FROM `process` [ RunTime:0.0072s ]
SQL: SHOW COLUMNS FROM `restaurant_process` [ RunTime:0.0075s ]
SQL: SELECT * FROM `restaurant_process` WHERE `process_id` NOT IN (4) AND `process_status` = 1 AND `restaurant_id` = 100 AND ( process_id > 0 ) ORDER BY process_id LIMIT 1   [ RunTime:0.0033s ]
SQL: SELECT `process_url` FROM `process` WHERE `process_id` = 1 LIMIT 1   [ RunTime:0.0028s ]
SQL: SHOW COLUMNS FROM `restaurant_page_group` [ RunTime:0.0061s ]
SQL: SELECT `group_id` FROM `restaurant_page_group` WHERE `restaurant_id` = 100 AND `page_screen` = 2 AND `status` = 1 LIMIT 1   [ RunTime:0.0049s ]
SQL: SHOW COLUMNS FROM `group_detail` [ RunTime:0.0064s ]
SQL: SELECT * FROM `group_detail` WHERE `group_id` = 5 LIMIT 1   [ RunTime:0.0030s ]
INFO: [ view_parse ] --START--
INFO: [ template_filter ] --START--
INFO: Run Behavior\ContentReplaceBehavior [ RunTime:0.000052s ]
INFO: [ template_filter ] --END-- [ RunTime:0.000099s ]
INFO: Run Behavior\ParseTemplateBehavior [ RunTime:0.005423s ]
INFO: [ view_parse ] --END-- [ RunTime:0.005474s ]
INFO: [ view_filter ] --START--
INFO: Run Behavior\WriteHtmlCacheBehavior [ RunTime:0.000303s ]
INFO: [ view_filter ] --END-- [ RunTime:0.000331s ]
INFO: [ app_end ] --START--
INFO: Run Behavior\ShowPageTraceBehavior [ RunTime:0.000560s ]
INFO: [ app_end ] --END-- [ RunTime:0.000591s ]

[ 2017-03-10T14:33:13+08:00 ] 127.0.0.1 /index.php/vertical/template/serviceRoute.html
INFO: [ app_init ] --START--
INFO: Run Behavior\BuildLiteBehavior [ RunTime:0.000010s ]
INFO: [ app_init ] --END-- [ RunTime:0.000323s ]
INFO: [ app_begin ] --START--
INFO: Run Behavior\ReadHtmlCacheBehavior [ RunTime:0.000444s ]
INFO: [ app_begin ] --END-- [ RunTime:0.000479s ]
SQL: SHOW COLUMNS FROM `process` [ RunTime:0.0069s ]
SQL: SHOW COLUMNS FROM `restaurant_process` [ RunTime:0.0071s ]
SQL: SELECT * FROM `restaurant_process` WHERE `process_id` NOT IN (4) AND `process_status` = 1 AND `restaurant_id` = 100 AND ( process_id > 0 ) ORDER BY process_id LIMIT 1   [ RunTime:0.0045s ]
SQL: SELECT `process_url` FROM `process` WHERE `process_id` = 1 LIMIT 1   [ RunTime:0.0029s ]
SQL: SHOW COLUMNS FROM `restaurant_page_group` [ RunTime:0.0062s ]
SQL: SELECT `group_id` FROM `restaurant_page_group` WHERE `restaurant_id` = 100 AND `page_screen` = 2 AND `status` = 1 LIMIT 1   [ RunTime:0.0030s ]
SQL: SHOW COLUMNS FROM `group_detail` [ RunTime:0.0065s ]
SQL: SELECT * FROM `group_detail` WHERE `group_id` = 5 LIMIT 1   [ RunTime:0.0044s ]
INFO: [ view_parse ] --START--
INFO: [ template_filter ] --START--
INFO: Run Behavior\ContentReplaceBehavior [ RunTime:0.000047s ]
INFO: [ template_filter ] --END-- [ RunTime:0.000082s ]
INFO: Run Behavior\ParseTemplateBehavior [ RunTime:0.004472s ]
INFO: [ view_parse ] --END-- [ RunTime:0.004513s ]
INFO: [ view_filter ] --START--
INFO: Run Behavior\WriteHtmlCacheBehavior [ RunTime:0.000303s ]
INFO: [ view_filter ] --END-- [ RunTime:0.000335s ]
INFO: [ app_end ] --START--
INFO: Run Behavior\ShowPageTraceBehavior [ RunTime:0.000507s ]
INFO: [ app_end ] --END-- [ RunTime:0.000540s ]

[ 2017-03-10T14:33:14+08:00 ] 127.0.0.1 /index.php/vertical/template/serviceRoute.html
INFO: [ app_init ] --START--
INFO: Run Behavior\BuildLiteBehavior [ RunTime:0.000011s ]
INFO: [ app_init ] --END-- [ RunTime:0.000318s ]
INFO: [ app_begin ] --START--
INFO: Run Behavior\ReadHtmlCacheBehavior [ RunTime:0.000446s ]
INFO: [ app_begin ] --END-- [ RunTime:0.000481s ]
SQL: SHOW COLUMNS FROM `process` [ RunTime:0.0065s ]
SQL: SHOW COLUMNS FROM `restaurant_process` [ RunTime:0.0062s ]
SQL: SELECT * FROM `restaurant_process` WHERE `process_id` NOT IN (4) AND `process_status` = 1 AND `restaurant_id` = 100 AND ( process_id > 0 ) ORDER BY process_id LIMIT 1   [ RunTime:0.0032s ]
SQL: SELECT `process_url` FROM `process` WHERE `process_id` = 1 LIMIT 1   [ RunTime:0.0032s ]
SQL: SHOW COLUMNS FROM `restaurant_page_group` [ RunTime:0.0061s ]
SQL: SELECT `group_id` FROM `restaurant_page_group` WHERE `restaurant_id` = 100 AND `page_screen` = 2 AND `status` = 1 LIMIT 1   [ RunTime:0.0048s ]
SQL: SHOW COLUMNS FROM `group_detail` [ RunTime:0.0064s ]
SQL: SELECT * FROM `group_detail` WHERE `group_id` = 5 LIMIT 1   [ RunTime:0.0030s ]
INFO: [ view_parse ] --START--
INFO: [ template_filter ] --START--
INFO: Run Behavior\ContentReplaceBehavior [ RunTime:0.000044s ]
INFO: [ template_filter ] --END-- [ RunTime:0.000081s ]
INFO: Run Behavior\ParseTemplateBehavior [ RunTime:0.004419s ]
INFO: [ view_parse ] --END-- [ RunTime:0.004456s ]
INFO: [ view_filter ] --START--
INFO: Run Behavior\WriteHtmlCacheBehavior [ RunTime:0.000218s ]
INFO: [ view_filter ] --END-- [ RunTime:0.000247s ]
INFO: [ app_end ] --START--
INFO: Run Behavior\ShowPageTraceBehavior [ RunTime:0.000438s ]
INFO: [ app_end ] --END-- [ RunTime:0.000467s ]

[ 2017-03-10T14:33:23+08:00 ] 127.0.0.1 /index.php/vertical/template/serviceRoute.html
INFO: [ app_init ] --START--
INFO: Run Behavior\BuildLiteBehavior [ RunTime:0.000011s ]
INFO: [ app_init ] --END-- [ RunTime:0.000318s ]
INFO: [ app_begin ] --START--
INFO: Run Behavior\ReadHtmlCacheBehavior [ RunTime:0.000439s ]
INFO: [ app_begin ] --END-- [ RunTime:0.000475s ]
SQL: SHOW COLUMNS FROM `process` [ RunTime:0.0064s ]
SQL: SHOW COLUMNS FROM `restaurant_process` [ RunTime:0.0065s ]
SQL: SELECT * FROM `restaurant_process` WHERE `process_id` NOT IN (4) AND `process_status` = 1 AND `restaurant_id` = 100 AND ( process_id > 0 ) ORDER BY process_id LIMIT 1   [ RunTime:0.0032s ]
SQL: SELECT `process_url` FROM `process` WHERE `process_id` = 1 LIMIT 1   [ RunTime:0.0033s ]
SQL: SHOW COLUMNS FROM `restaurant_page_group` [ RunTime:0.0058s ]
SQL: SELECT `group_id` FROM `restaurant_page_group` WHERE `restaurant_id` = 100 AND `page_screen` = 2 AND `status` = 1 LIMIT 1   [ RunTime:0.0030s ]
SQL: SHOW COLUMNS FROM `group_detail` [ RunTime:0.0064s ]
SQL: SELECT * FROM `group_detail` WHERE `group_id` = 5 LIMIT 1   [ RunTime:0.0030s ]
INFO: [ view_parse ] --START--
INFO: [ template_filter ] --START--
INFO: Run Behavior\ContentReplaceBehavior [ RunTime:0.000046s ]
INFO: [ template_filter ] --END-- [ RunTime:0.000088s ]
INFO: Run Behavior\ParseTemplateBehavior [ RunTime:0.004515s ]
INFO: [ view_parse ] --END-- [ RunTime:0.004552s ]
INFO: [ view_filter ] --START--
INFO: Run Behavior\WriteHtmlCacheBehavior [ RunTime:0.000220s ]
INFO: [ view_filter ] --END-- [ RunTime:0.000247s ]
INFO: [ app_end ] --START--
INFO: Run Behavior\ShowPageTraceBehavior [ RunTime:0.000514s ]
INFO: [ app_end ] --END-- [ RunTime:0.000544s ]

[ 2017-03-10T14:33:24+08:00 ] 127.0.0.1 /index.php/vertical/template/serviceRoute.html
INFO: [ app_init ] --START--
INFO: Run Behavior\BuildLiteBehavior [ RunTime:0.000010s ]
INFO: [ app_init ] --END-- [ RunTime:0.000319s ]
INFO: [ app_begin ] --START--
INFO: Run Behavior\ReadHtmlCacheBehavior [ RunTime:0.000439s ]
INFO: [ app_begin ] --END-- [ RunTime:0.000473s ]
SQL: SHOW COLUMNS FROM `process` [ RunTime:0.0074s ]
SQL: SHOW COLUMNS FROM `restaurant_process` [ RunTime:0.0079s ]
SQL: SELECT * FROM `restaurant_process` WHERE `process_id` NOT IN (4) AND `process_status` = 1 AND `restaurant_id` = 100 AND ( process_id > 0 ) ORDER BY process_id LIMIT 1   [ RunTime:0.0031s ]
SQL: SELECT `process_url` FROM `process` WHERE `process_id` = 1 LIMIT 1   [ RunTime:0.0028s ]
SQL: SHOW COLUMNS FROM `restaurant_page_group` [ RunTime:0.0064s ]
SQL: SELECT `group_id` FROM `restaurant_page_group` WHERE `restaurant_id` = 100 AND `page_screen` = 2 AND `status` = 1 LIMIT 1   [ RunTime:0.0029s ]
SQL: SHOW COLUMNS FROM `group_detail` [ RunTime:0.0087s ]
SQL: SELECT * FROM `group_detail` WHERE `group_id` = 5 LIMIT 1   [ RunTime:0.0030s ]
INFO: [ view_parse ] --START--
INFO: [ template_filter ] --START--
INFO: Run Behavior\ContentReplaceBehavior [ RunTime:0.000044s ]
INFO: [ template_filter ] --END-- [ RunTime:0.000080s ]
INFO: Run Behavior\ParseTemplateBehavior [ RunTime:0.004403s ]
INFO: [ view_parse ] --END-- [ RunTime:0.004440s ]
INFO: [ view_filter ] --START--
INFO: Run Behavior\WriteHtmlCacheBehavior [ RunTime:0.000220s ]
INFO: [ view_filter ] --END-- [ RunTime:0.000247s ]
INFO: [ app_end ] --START--
INFO: Run Behavior\ShowPageTraceBehavior [ RunTime:0.000515s ]
INFO: [ app_end ] --END-- [ RunTime:0.000545s ]

[ 2017-03-10T14:33:25+08:00 ] 127.0.0.1 /index.php/vertical/template/serviceRoute.html
INFO: [ app_init ] --START--
INFO: Run Behavior\BuildLiteBehavior [ RunTime:0.000011s ]
INFO: [ app_init ] --END-- [ RunTime:0.000329s ]
INFO: [ app_begin ] --START--
INFO: Run Behavior\ReadHtmlCacheBehavior [ RunTime:0.000444s ]
INFO: [ app_begin ] --END-- [ RunTime:0.000478s ]
SQL: SHOW COLUMNS FROM `process` [ RunTime:0.0071s ]
SQL: SHOW COLUMNS FROM `restaurant_process` [ RunTime:0.0063s ]
SQL: SELECT * FROM `restaurant_process` WHERE `process_id` NOT IN (4) AND `process_status` = 1 AND `restaurant_id` = 100 AND ( process_id > 0 ) ORDER BY process_id LIMIT 1   [ RunTime:0.0032s ]
SQL: SELECT `process_url` FROM `process` WHERE `process_id` = 1 LIMIT 1   [ RunTime:0.0028s ]
SQL: SHOW COLUMNS FROM `restaurant_page_group` [ RunTime:0.0062s ]
SQL: SELECT `group_id` FROM `restaurant_page_group` WHERE `restaurant_id` = 100 AND `page_screen` = 2 AND `status` = 1 LIMIT 1   [ RunTime:0.0025s ]
SQL: SHOW COLUMNS FROM `group_detail` [ RunTime:0.0064s ]
SQL: SELECT * FROM `group_detail` WHERE `group_id` = 5 LIMIT 1   [ RunTime:0.0030s ]
INFO: [ view_parse ] --START--
INFO: [ template_filter ] --START--
INFO: Run Behavior\ContentReplaceBehavior [ RunTime:0.000046s ]
INFO: [ template_filter ] --END-- [ RunTime:0.000080s ]
INFO: Run Behavior\ParseTemplateBehavior [ RunTime:0.004427s ]
INFO: [ view_parse ] --END-- [ RunTime:0.004464s ]
INFO: [ view_filter ] --START--
INFO: Run Behavior\WriteHtmlCacheBehavior [ RunTime:0.000219s ]
INFO: [ view_filter ] --END-- [ RunTime:0.000248s ]
INFO: [ app_end ] --START--
INFO: Run Behavior\ShowPageTraceBehavior [ RunTime:0.000514s ]
INFO: [ app_end ] --END-- [ RunTime:0.000545s ]

[ 2017-03-10T14:34:46+08:00 ] 127.0.0.1 /index.php/vertical/template/serviceRoute.html
INFO: [ app_init ] --START--
INFO: Run Behavior\BuildLiteBehavior [ RunTime:0.000011s ]
INFO: [ app_init ] --END-- [ RunTime:0.000352s ]
INFO: [ app_begin ] --START--
INFO: Run Behavior\ReadHtmlCacheBehavior [ RunTime:0.000509s ]
INFO: [ app_begin ] --END-- [ RunTime:0.000545s ]
SQL: SHOW COLUMNS FROM `process` [ RunTime:0.0063s ]
SQL: SHOW COLUMNS FROM `restaurant_process` [ RunTime:0.0083s ]
SQL: SELECT * FROM `restaurant_process` WHERE `process_id` NOT IN (4) AND `process_status` = 1 AND `restaurant_id` = 100 AND ( process_id > 0 ) ORDER BY process_id LIMIT 1   [ RunTime:0.0051s ]
SQL: SELECT `process_url` FROM `process` WHERE `process_id` = 1 LIMIT 1   [ RunTime:0.0028s ]
SQL: SHOW COLUMNS FROM `restaurant_page_group` [ RunTime:0.0062s ]
SQL: SELECT `group_id` FROM `restaurant_page_group` WHERE `restaurant_id` = 100 AND `page_screen` = 2 AND `status` = 1 LIMIT 1   [ RunTime:0.0030s ]
SQL: SHOW COLUMNS FROM `group_detail` [ RunTime:0.0069s ]
SQL: SELECT * FROM `group_detail` WHERE `group_id` = 5 LIMIT 1   [ RunTime:0.0031s ]
INFO: [ view_parse ] --START--
INFO: [ template_filter ] --START--
INFO: Run Behavior\ContentReplaceBehavior [ RunTime:0.000047s ]
INFO: [ template_filter ] --END-- [ RunTime:0.000089s ]
INFO: Run Behavior\ParseTemplateBehavior [ RunTime:0.004792s ]
INFO: [ view_parse ] --END-- [ RunTime:0.004829s ]
INFO: [ view_filter ] --START--
INFO: Run Behavior\WriteHtmlCacheBehavior [ RunTime:0.000287s ]
INFO: [ view_filter ] --END-- [ RunTime:0.000315s ]
INFO: [ app_end ] --START--
INFO: Run Behavior\ShowPageTraceBehavior [ RunTime:0.000530s ]
INFO: [ app_end ] --END-- [ RunTime:0.000561s ]

[ 2017-03-10T14:34:49+08:00 ] 127.0.0.1 /index.php/vertical/template/serviceRoute.html
INFO: [ app_init ] --START--
INFO: Run Behavior\BuildLiteBehavior [ RunTime:0.000023s ]
INFO: [ app_init ] --END-- [ RunTime:0.000504s ]
INFO: [ app_begin ] --START--
INFO: Run Behavior\ReadHtmlCacheBehavior [ RunTime:0.000456s ]
INFO: [ app_begin ] --END-- [ RunTime:0.000493s ]
SQL: SHOW COLUMNS FROM `process` [ RunTime:0.0062s ]
SQL: SHOW COLUMNS FROM `restaurant_process` [ RunTime:0.0066s ]
SQL: SELECT * FROM `restaurant_process` WHERE `process_id` NOT IN (4) AND `process_status` = 1 AND `restaurant_id` = 100 AND ( process_id > 0 ) ORDER BY process_id LIMIT 1   [ RunTime:0.0042s ]
SQL: SELECT `process_url` FROM `process` WHERE `process_id` = 1 LIMIT 1   [ RunTime:0.0028s ]
SQL: SHOW COLUMNS FROM `restaurant_page_group` [ RunTime:0.0063s ]
SQL: SELECT `group_id` FROM `restaurant_page_group` WHERE `restaurant_id` = 100 AND `page_screen` = 2 AND `status` = 1 LIMIT 1   [ RunTime:0.0030s ]
SQL: SHOW COLUMNS FROM `group_detail` [ RunTime:0.0064s ]
SQL: SELECT * FROM `group_detail` WHERE `group_id` = 5 LIMIT 1   [ RunTime:0.0030s ]
INFO: [ view_parse ] --START--
INFO: [ template_filter ] --START--
INFO: Run Behavior\ContentReplaceBehavior [ RunTime:0.000046s ]
INFO: [ template_filter ] --END-- [ RunTime:0.000083s ]
INFO: Run Behavior\ParseTemplateBehavior [ RunTime:0.004432s ]
INFO: [ view_parse ] --END-- [ RunTime:0.004470s ]
INFO: [ view_filter ] --START--
INFO: Run Behavior\WriteHtmlCacheBehavior [ RunTime:0.000219s ]
INFO: [ view_filter ] --END-- [ RunTime:0.000245s ]
INFO: [ app_end ] --START--
INFO: Run Behavior\ShowPageTraceBehavior [ RunTime:0.000514s ]
INFO: [ app_end ] --END-- [ RunTime:0.000543s ]

[ 2017-03-10T14:34:50+08:00 ] 127.0.0.1 /index.php/vertical/template/serviceRoute.html
INFO: [ app_init ] --START--
INFO: Run Behavior\BuildLiteBehavior [ RunTime:0.000011s ]
INFO: [ app_init ] --END-- [ RunTime:0.000320s ]
INFO: [ app_begin ] --START--
INFO: Run Behavior\ReadHtmlCacheBehavior [ RunTime:0.000454s ]
INFO: [ app_begin ] --END-- [ RunTime:0.000489s ]
SQL: SHOW COLUMNS FROM `process` [ RunTime:0.0062s ]
SQL: SHOW COLUMNS FROM `restaurant_process` [ RunTime:0.0062s ]
SQL: SELECT * FROM `restaurant_process` WHERE `process_id` NOT IN (4) AND `process_status` = 1 AND `restaurant_id` = 100 AND ( process_id > 0 ) ORDER BY process_id LIMIT 1   [ RunTime:0.0031s ]
SQL: SELECT `process_url` FROM `process` WHERE `process_id` = 1 LIMIT 1   [ RunTime:0.0028s ]
SQL: SHOW COLUMNS FROM `restaurant_page_group` [ RunTime:0.0062s ]
SQL: SELECT `group_id` FROM `restaurant_page_group` WHERE `restaurant_id` = 100 AND `page_screen` = 2 AND `status` = 1 LIMIT 1   [ RunTime:0.0025s ]
SQL: SHOW COLUMNS FROM `group_detail` [ RunTime:0.0064s ]
SQL: SELECT * FROM `group_detail` WHERE `group_id` = 5 LIMIT 1   [ RunTime:0.0030s ]
INFO: [ view_parse ] --START--
INFO: [ template_filter ] --START--
INFO: Run Behavior\ContentReplaceBehavior [ RunTime:0.000046s ]
INFO: [ template_filter ] --END-- [ RunTime:0.000084s ]
INFO: Run Behavior\ParseTemplateBehavior [ RunTime:0.004480s ]
INFO: [ view_parse ] --END-- [ RunTime:0.004518s ]
INFO: [ view_filter ] --START--
INFO: Run Behavior\WriteHtmlCacheBehavior [ RunTime:0.000232s ]
INFO: [ view_filter ] --END-- [ RunTime:0.000260s ]
INFO: [ app_end ] --START--
INFO: Run Behavior\ShowPageTraceBehavior [ RunTime:0.000521s ]
INFO: [ app_end ] --END-- [ RunTime:0.000550s ]

[ 2017-03-10T14:34:53+08:00 ] 127.0.0.1 /index.php/vertical/template/serviceRoute.html
INFO: [ app_init ] --START--
INFO: Run Behavior\BuildLiteBehavior [ RunTime:0.000010s ]
INFO: [ app_init ] --END-- [ RunTime:0.000318s ]
INFO: [ app_begin ] --START--
INFO: Run Behavior\ReadHtmlCacheBehavior [ RunTime:0.000440s ]
INFO: [ app_begin ] --END-- [ RunTime:0.000475s ]
SQL: SHOW COLUMNS FROM `process` [ RunTime:0.0067s ]
SQL: SHOW COLUMNS FROM `restaurant_process` [ RunTime:0.0069s ]
SQL: SELECT * FROM `restaurant_process` WHERE `process_id` NOT IN (4) AND `process_status` = 1 AND `restaurant_id` = 100 AND ( process_id > 0 ) ORDER BY process_id LIMIT 1   [ RunTime:0.0032s ]
SQL: SELECT `process_url` FROM `process` WHERE `process_id` = 1 LIMIT 1   [ RunTime:0.0036s ]
SQL: SHOW COLUMNS FROM `restaurant_page_group` [ RunTime:0.0088s ]
SQL: SELECT `group_id` FROM `restaurant_page_group` WHERE `restaurant_id` = 100 AND `page_screen` = 2 AND `status` = 1 LIMIT 1   [ RunTime:0.0030s ]
SQL: SHOW COLUMNS FROM `group_detail` [ RunTime:0.0064s ]
SQL: SELECT * FROM `group_detail` WHERE `group_id` = 5 LIMIT 1   [ RunTime:0.0030s ]
INFO: [ view_parse ] --START--
INFO: [ template_filter ] --START--
INFO: Run Behavior\ContentReplaceBehavior [ RunTime:0.000048s ]
INFO: [ template_filter ] --END-- [ RunTime:0.000090s ]
INFO: Run Behavior\ParseTemplateBehavior [ RunTime:0.004691s ]
INFO: [ view_parse ] --END-- [ RunTime:0.004728s ]
INFO: [ view_filter ] --START--
INFO: Run Behavior\WriteHtmlCacheBehavior [ RunTime:0.000219s ]
INFO: [ view_filter ] --END-- [ RunTime:0.000247s ]
INFO: [ app_end ] --START--
INFO: Run Behavior\ShowPageTraceBehavior [ RunTime:0.000515s ]
INFO: [ app_end ] --END-- [ RunTime:0.000545s ]

[ 2017-03-10T14:34:54+08:00 ] 127.0.0.1 /index.php/vertical/template/serviceRoute.html
INFO: [ app_init ] --START--
INFO: Run Behavior\BuildLiteBehavior [ RunTime:0.000011s ]
INFO: [ app_init ] --END-- [ RunTime:0.000316s ]
INFO: [ app_begin ] --START--
INFO: Run Behavior\ReadHtmlCacheBehavior [ RunTime:0.000443s ]
INFO: [ app_begin ] --END-- [ RunTime:0.000478s ]
SQL: SHOW COLUMNS FROM `process` [ RunTime:0.0061s ]
SQL: SHOW COLUMNS FROM `restaurant_process` [ RunTime:0.0080s ]
SQL: SELECT * FROM `restaurant_process` WHERE `process_id` NOT IN (4) AND `process_status` = 1 AND `restaurant_id` = 100 AND ( process_id > 0 ) ORDER BY process_id LIMIT 1   [ RunTime:0.0031s ]
SQL: SELECT `process_url` FROM `process` WHERE `process_id` = 1 LIMIT 1   [ RunTime:0.0027s ]
SQL: SHOW COLUMNS FROM `restaurant_page_group` [ RunTime:0.0061s ]
SQL: SELECT `group_id` FROM `restaurant_page_group` WHERE `restaurant_id` = 100 AND `page_screen` = 2 AND `status` = 1 LIMIT 1   [ RunTime:0.0030s ]
SQL: SHOW COLUMNS FROM `group_detail` [ RunTime:0.0063s ]
SQL: SELECT * FROM `group_detail` WHERE `group_id` = 5 LIMIT 1   [ RunTime:0.0030s ]
INFO: [ view_parse ] --START--
INFO: [ template_filter ] --START--
INFO: Run Behavior\ContentReplaceBehavior [ RunTime:0.000045s ]
INFO: [ template_filter ] --END-- [ RunTime:0.000085s ]
INFO: Run Behavior\ParseTemplateBehavior [ RunTime:0.004551s ]
INFO: [ view_parse ] --END-- [ RunTime:0.004596s ]
INFO: [ view_filter ] --START--
INFO: Run Behavior\WriteHtmlCacheBehavior [ RunTime:0.000257s ]
INFO: [ view_filter ] --END-- [ RunTime:0.000288s ]
INFO: [ app_end ] --START--
INFO: Run Behavior\ShowPageTraceBehavior [ RunTime:0.000535s ]
INFO: [ app_end ] --END-- [ RunTime:0.000565s ]

[ 2017-03-10T14:38:14+08:00 ] 127.0.0.1 /index.php/vertical/template/serviceRoute.html
INFO: [ app_init ] --START--
INFO: Run Behavior\BuildLiteBehavior [ RunTime:0.000012s ]
INFO: [ app_init ] --END-- [ RunTime:0.000323s ]
INFO: [ app_begin ] --START--
INFO: Run Behavior\ReadHtmlCacheBehavior [ RunTime:0.000441s ]
INFO: [ app_begin ] --END-- [ RunTime:0.000475s ]
SQL: SHOW COLUMNS FROM `process` [ RunTime:0.0064s ]
SQL: SHOW COLUMNS FROM `restaurant_process` [ RunTime:0.0061s ]
SQL: SELECT * FROM `restaurant_process` WHERE `process_id` NOT IN (4) AND `process_status` = 1 AND `restaurant_id` = 100 AND ( process_id > 0 ) ORDER BY process_id LIMIT 1   [ RunTime:0.0032s ]
SQL: SELECT `process_url` FROM `process` WHERE `process_id` = 1 LIMIT 1   [ RunTime:0.0028s ]
SQL: SHOW COLUMNS FROM `restaurant_page_group` [ RunTime:0.0084s ]
SQL: SELECT `group_id` FROM `restaurant_page_group` WHERE `restaurant_id` = 100 AND `page_screen` = 2 AND `status` = 1 LIMIT 1   [ RunTime:0.0031s ]
SQL: SHOW COLUMNS FROM `group_detail` [ RunTime:0.0063s ]
SQL: SELECT * FROM `group_detail` WHERE `group_id` = 11 LIMIT 1   [ RunTime:0.0030s ]
INFO: [ view_parse ] --START--
INFO: [ template_filter ] --START--
INFO: Run Behavior\ContentReplaceBehavior [ RunTime:0.000046s ]
INFO: [ template_filter ] --END-- [ RunTime:0.000083s ]
INFO: Run Behavior\ParseTemplateBehavior [ RunTime:0.004492s ]
INFO: [ view_parse ] --END-- [ RunTime:0.004529s ]
INFO: [ view_filter ] --START--
INFO: Run Behavior\WriteHtmlCacheBehavior [ RunTime:0.000220s ]
INFO: [ view_filter ] --END-- [ RunTime:0.000248s ]
INFO: [ app_end ] --START--
INFO: Run Behavior\ShowPageTraceBehavior [ RunTime:0.000435s ]
INFO: [ app_end ] --END-- [ RunTime:0.000465s ]

[ 2017-03-10T14:38:15+08:00 ] 127.0.0.1 /index.php/vertical/template/serviceRoute.html
INFO: [ app_init ] --START--
INFO: Run Behavior\BuildLiteBehavior [ RunTime:0.000010s ]
INFO: [ app_init ] --END-- [ RunTime:0.000316s ]
INFO: [ app_begin ] --START--
INFO: Run Behavior\ReadHtmlCacheBehavior [ RunTime:0.000453s ]
INFO: [ app_begin ] --END-- [ RunTime:0.000490s ]
SQL: SHOW COLUMNS FROM `process` [ RunTime:0.0088s ]
SQL: SHOW COLUMNS FROM `restaurant_process` [ RunTime:0.0069s ]
SQL: SELECT * FROM `restaurant_process` WHERE `process_id` NOT IN (4) AND `process_status` = 1 AND `restaurant_id` = 100 AND ( process_id > 0 ) ORDER BY process_id LIMIT 1   [ RunTime:0.0083s ]
SQL: SELECT `process_url` FROM `process` WHERE `process_id` = 1 LIMIT 1   [ RunTime:0.0030s ]
SQL: SHOW COLUMNS FROM `restaurant_page_group` [ RunTime:0.0062s ]
SQL: SELECT `group_id` FROM `restaurant_page_group` WHERE `restaurant_id` = 100 AND `page_screen` = 2 AND `status` = 1 LIMIT 1   [ RunTime:0.0046s ]
SQL: SHOW COLUMNS FROM `group_detail` [ RunTime:0.0064s ]
SQL: SELECT * FROM `group_detail` WHERE `group_id` = 11 LIMIT 1   [ RunTime:0.0032s ]
INFO: [ view_parse ] --START--
INFO: [ template_filter ] --START--
INFO: Run Behavior\ContentReplaceBehavior [ RunTime:0.000046s ]
INFO: [ template_filter ] --END-- [ RunTime:0.000084s ]
INFO: Run Behavior\ParseTemplateBehavior [ RunTime:0.004490s ]
INFO: [ view_parse ] --END-- [ RunTime:0.004529s ]
INFO: [ view_filter ] --START--
INFO: Run Behavior\WriteHtmlCacheBehavior [ RunTime:0.000222s ]
INFO: [ view_filter ] --END-- [ RunTime:0.000249s ]
INFO: [ app_end ] --START--
INFO: Run Behavior\ShowPageTraceBehavior [ RunTime:0.000437s ]
INFO: [ app_end ] --END-- [ RunTime:0.000467s ]

[ 2017-03-10T14:38:18+08:00 ] 127.0.0.1 /index.php/vertical/template/serviceRoute.html
INFO: [ app_init ] --START--
INFO: Run Behavior\BuildLiteBehavior [ RunTime:0.000012s ]
INFO: [ app_init ] --END-- [ RunTime:0.000328s ]
INFO: [ app_begin ] --START--
INFO: Run Behavior\ReadHtmlCacheBehavior [ RunTime:0.000449s ]
INFO: [ app_begin ] --END-- [ RunTime:0.000485s ]
SQL: SHOW COLUMNS FROM `process` [ RunTime:0.0065s ]
SQL: SHOW COLUMNS FROM `restaurant_process` [ RunTime:0.0062s ]
SQL: SELECT * FROM `restaurant_process` WHERE `process_id` NOT IN (4) AND `process_status` = 1 AND `restaurant_id` = 100 AND ( process_id > 0 ) ORDER BY process_id LIMIT 1   [ RunTime:0.0032s ]
SQL: SELECT `process_url` FROM `process` WHERE `process_id` = 1 LIMIT 1   [ RunTime:0.0029s ]
SQL: SHOW COLUMNS FROM `restaurant_page_group` [ RunTime:0.0074s ]
SQL: SELECT `group_id` FROM `restaurant_page_group` WHERE `restaurant_id` = 100 AND `page_screen` = 2 AND `status` = 1 LIMIT 1   [ RunTime:0.0032s ]
SQL: SHOW COLUMNS FROM `group_detail` [ RunTime:0.0064s ]
SQL: SELECT * FROM `group_detail` WHERE `group_id` = 11 LIMIT 1   [ RunTime:0.0030s ]
INFO: [ view_parse ] --START--
INFO: [ template_filter ] --START--
INFO: Run Behavior\ContentReplaceBehavior [ RunTime:0.000045s ]
INFO: [ template_filter ] --END-- [ RunTime:0.000080s ]
INFO: Run Behavior\ParseTemplateBehavior [ RunTime:0.004457s ]
INFO: [ view_parse ] --END-- [ RunTime:0.004494s ]
INFO: [ view_filter ] --START--
INFO: Run Behavior\WriteHtmlCacheBehavior [ RunTime:0.000248s ]
INFO: [ view_filter ] --END-- [ RunTime:0.000279s ]
INFO: [ app_end ] --START--
INFO: Run Behavior\ShowPageTraceBehavior [ RunTime:0.000488s ]
INFO: [ app_end ] --END-- [ RunTime:0.000520s ]

[ 2017-03-10T14:38:18+08:00 ] 127.0.0.1 /index.php/vertical/template/serviceRoute.html
INFO: [ app_init ] --START--
INFO: Run Behavior\BuildLiteBehavior [ RunTime:0.000012s ]
INFO: [ app_init ] --END-- [ RunTime:0.000358s ]
INFO: [ app_begin ] --START--
INFO: Run Behavior\ReadHtmlCacheBehavior [ RunTime:0.000460s ]
INFO: [ app_begin ] --END-- [ RunTime:0.000496s ]
SQL: SHOW COLUMNS FROM `process` [ RunTime:0.0080s ]
SQL: SHOW COLUMNS FROM `restaurant_process` [ RunTime:0.0062s ]
SQL: SELECT * FROM `restaurant_process` WHERE `process_id` NOT IN (4) AND `process_status` = 1 AND `restaurant_id` = 100 AND ( process_id > 0 ) ORDER BY process_id LIMIT 1   [ RunTime:0.0032s ]
SQL: SELECT `process_url` FROM `process` WHERE `process_id` = 1 LIMIT 1   [ RunTime:0.0028s ]
SQL: SHOW COLUMNS FROM `restaurant_page_group` [ RunTime:0.0063s ]
SQL: SELECT `group_id` FROM `restaurant_page_group` WHERE `restaurant_id` = 100 AND `page_screen` = 2 AND `status` = 1 LIMIT 1   [ RunTime:0.0031s ]
SQL: SHOW COLUMNS FROM `group_detail` [ RunTime:0.0071s ]
SQL: SELECT * FROM `group_detail` WHERE `group_id` = 11 LIMIT 1   [ RunTime:0.0032s ]
INFO: [ view_parse ] --START--
INFO: [ template_filter ] --START--
INFO: Run Behavior\ContentReplaceBehavior [ RunTime:0.000048s ]
INFO: [ template_filter ] --END-- [ RunTime:0.000091s ]
INFO: Run Behavior\ParseTemplateBehavior [ RunTime:0.004994s ]
INFO: [ view_parse ] --END-- [ RunTime:0.005034s ]
INFO: [ view_filter ] --START--
INFO: Run Behavior\WriteHtmlCacheBehavior [ RunTime:0.000221s ]
INFO: [ view_filter ] --END-- [ RunTime:0.000249s ]
INFO: [ app_end ] --START--
INFO: Run Behavior\ShowPageTraceBehavior [ RunTime:0.000446s ]
INFO: [ app_end ] --END-- [ RunTime:0.000476s ]

[ 2017-03-10T14:38:18+08:00 ] 127.0.0.1 /index.php/vertical/template/serviceRoute.html
INFO: [ app_init ] --START--
INFO: Run Behavior\BuildLiteBehavior [ RunTime:0.000014s ]
INFO: [ app_init ] --END-- [ RunTime:0.000416s ]
INFO: [ app_begin ] --START--
INFO: Run Behavior\ReadHtmlCacheBehavior [ RunTime:0.000501s ]
INFO: [ app_begin ] --END-- [ RunTime:0.000540s ]
SQL: SHOW COLUMNS FROM `process` [ RunTime:0.0080s ]
SQL: SHOW COLUMNS FROM `restaurant_process` [ RunTime:0.0063s ]
SQL: SELECT * FROM `restaurant_process` WHERE `process_id` NOT IN (4) AND `process_status` = 1 AND `restaurant_id` = 100 AND ( process_id > 0 ) ORDER BY process_id LIMIT 1   [ RunTime:0.0034s ]
SQL: SELECT `process_url` FROM `process` WHERE `process_id` = 1 LIMIT 1   [ RunTime:0.0028s ]
SQL: SHOW COLUMNS FROM `restaurant_page_group` [ RunTime:0.0062s ]
SQL: SELECT `group_id` FROM `restaurant_page_group` WHERE `restaurant_id` = 100 AND `page_screen` = 2 AND `status` = 1 LIMIT 1   [ RunTime:0.0100s ]
SQL: SHOW COLUMNS FROM `group_detail` [ RunTime:0.0068s ]
SQL: SELECT * FROM `group_detail` WHERE `group_id` = 11 LIMIT 1   [ RunTime:0.0055s ]
INFO: [ view_parse ] --START--
INFO: [ template_filter ] --START--
INFO: Run Behavior\ContentReplaceBehavior [ RunTime:0.000045s ]
INFO: [ template_filter ] --END-- [ RunTime:0.000082s ]
INFO: Run Behavior\ParseTemplateBehavior [ RunTime:0.004458s ]
INFO: [ view_parse ] --END-- [ RunTime:0.004500s ]
INFO: [ view_filter ] --START--
INFO: Run Behavior\WriteHtmlCacheBehavior [ RunTime:0.000221s ]
INFO: [ view_filter ] --END-- [ RunTime:0.000249s ]
INFO: [ app_end ] --START--
INFO: Run Behavior\ShowPageTraceBehavior [ RunTime:0.000437s ]
INFO: [ app_end ] --END-- [ RunTime:0.000467s ]

[ 2017-03-10T14:38:19+08:00 ] 127.0.0.1 /index.php/vertical/template/serviceRoute.html
INFO: [ app_init ] --START--
INFO: Run Behavior\BuildLiteBehavior [ RunTime:0.000011s ]
INFO: [ app_init ] --END-- [ RunTime:0.000325s ]
INFO: [ app_begin ] --START--
INFO: Run Behavior\ReadHtmlCacheBehavior [ RunTime:0.000440s ]
INFO: [ app_begin ] --END-- [ RunTime:0.000475s ]
SQL: SHOW COLUMNS FROM `process` [ RunTime:0.0070s ]
SQL: SHOW COLUMNS FROM `restaurant_process` [ RunTime:0.0053s ]
SQL: SELECT * FROM `restaurant_process` WHERE `process_id` NOT IN (4) AND `process_status` = 1 AND `restaurant_id` = 100 AND ( process_id > 0 ) ORDER BY process_id LIMIT 1   [ RunTime:0.0034s ]
SQL: SELECT `process_url` FROM `process` WHERE `process_id` = 1 LIMIT 1   [ RunTime:0.0023s ]
SQL: SHOW COLUMNS FROM `restaurant_page_group` [ RunTime:0.0062s ]
SQL: SELECT `group_id` FROM `restaurant_page_group` WHERE `restaurant_id` = 100 AND `page_screen` = 2 AND `status` = 1 LIMIT 1   [ RunTime:0.0031s ]
SQL: SHOW COLUMNS FROM `group_detail` [ RunTime:0.0072s ]
SQL: SELECT * FROM `group_detail` WHERE `group_id` = 11 LIMIT 1   [ RunTime:0.0030s ]
INFO: [ view_parse ] --START--
INFO: [ template_filter ] --START--
INFO: Run Behavior\ContentReplaceBehavior [ RunTime:0.000047s ]
INFO: [ template_filter ] --END-- [ RunTime:0.000094s ]
INFO: Run Behavior\ParseTemplateBehavior [ RunTime:0.004639s ]
INFO: [ view_parse ] --END-- [ RunTime:0.004679s ]
INFO: [ view_filter ] --START--
INFO: Run Behavior\WriteHtmlCacheBehavior [ RunTime:0.000236s ]
INFO: [ view_filter ] --END-- [ RunTime:0.000263s ]
INFO: [ app_end ] --START--
INFO: Run Behavior\ShowPageTraceBehavior [ RunTime:0.000443s ]
INFO: [ app_end ] --END-- [ RunTime:0.000473s ]

[ 2017-03-10T14:38:20+08:00 ] 127.0.0.1 /index.php/vertical/template/serviceRoute.html
INFO: [ app_init ] --START--
INFO: Run Behavior\BuildLiteBehavior [ RunTime:0.000011s ]
INFO: [ app_init ] --END-- [ RunTime:0.000320s ]
INFO: [ app_begin ] --START--
INFO: Run Behavior\ReadHtmlCacheBehavior [ RunTime:0.000443s ]
INFO: [ app_begin ] --END-- [ RunTime:0.000477s ]
SQL: SHOW COLUMNS FROM `process` [ RunTime:0.0062s ]
SQL: SHOW COLUMNS FROM `restaurant_process` [ RunTime:0.0052s ]
SQL: SELECT * FROM `restaurant_process` WHERE `process_id` NOT IN (4) AND `process_status` = 1 AND `restaurant_id` = 100 AND ( process_id > 0 ) ORDER BY process_id LIMIT 1   [ RunTime:0.0031s ]
SQL: SELECT `process_url` FROM `process` WHERE `process_id` = 1 LIMIT 1   [ RunTime:0.0028s ]
SQL: SHOW COLUMNS FROM `restaurant_page_group` [ RunTime:0.0062s ]
SQL: SELECT `group_id` FROM `restaurant_page_group` WHERE `restaurant_id` = 100 AND `page_screen` = 2 AND `status` = 1 LIMIT 1   [ RunTime:0.0030s ]
SQL: SHOW COLUMNS FROM `group_detail` [ RunTime:0.0067s ]
SQL: SELECT * FROM `group_detail` WHERE `group_id` = 11 LIMIT 1   [ RunTime:0.0030s ]
INFO: [ view_parse ] --START--
INFO: [ template_filter ] --START--
INFO: Run Behavior\ContentReplaceBehavior [ RunTime:0.000046s ]
INFO: [ template_filter ] --END-- [ RunTime:0.000083s ]
INFO: Run Behavior\ParseTemplateBehavior [ RunTime:0.004447s ]
INFO: [ view_parse ] --END-- [ RunTime:0.004488s ]
INFO: [ view_filter ] --START--
INFO: Run Behavior\WriteHtmlCacheBehavior [ RunTime:0.000248s ]
INFO: [ view_filter ] --END-- [ RunTime:0.000277s ]
INFO: [ app_end ] --START--
INFO: Run Behavior\ShowPageTraceBehavior [ RunTime:0.000462s ]
INFO: [ app_end ] --END-- [ RunTime:0.000491s ]

[ 2017-03-10T14:38:23+08:00 ] 127.0.0.1 /index.php/vertical/template/serviceRoute.html
INFO: [ app_init ] --START--
INFO: Run Behavior\BuildLiteBehavior [ RunTime:0.000011s ]
INFO: [ app_init ] --END-- [ RunTime:0.000317s ]
INFO: [ app_begin ] --START--
INFO: Run Behavior\ReadHtmlCacheBehavior [ RunTime:0.000439s ]
INFO: [ app_begin ] --END-- [ RunTime:0.000475s ]
SQL: SHOW COLUMNS FROM `process` [ RunTime:0.0065s ]
SQL: SHOW COLUMNS FROM `restaurant_process` [ RunTime:0.0073s ]
SQL: SELECT * FROM `restaurant_process` WHERE `process_id` NOT IN (4) AND `process_status` = 1 AND `restaurant_id` = 100 AND ( process_id > 0 ) ORDER BY process_id LIMIT 1   [ RunTime:0.0032s ]
SQL: SELECT `process_url` FROM `process` WHERE `process_id` = 1 LIMIT 1   [ RunTime:0.0029s ]
SQL: SHOW COLUMNS FROM `restaurant_page_group` [ RunTime:0.0060s ]
SQL: SELECT `group_id` FROM `restaurant_page_group` WHERE `restaurant_id` = 100 AND `page_screen` = 2 AND `status` = 1 LIMIT 1   [ RunTime:0.0035s ]
SQL: SHOW COLUMNS FROM `group_detail` [ RunTime:0.0073s ]
SQL: SELECT * FROM `group_detail` WHERE `group_id` = 11 LIMIT 1   [ RunTime:0.0053s ]
INFO: [ view_parse ] --START--
INFO: [ template_filter ] --START--
INFO: Run Behavior\ContentReplaceBehavior [ RunTime:0.000049s ]
INFO: [ template_filter ] --END-- [ RunTime:0.000089s ]
INFO: Run Behavior\ParseTemplateBehavior [ RunTime:0.004487s ]
INFO: [ view_parse ] --END-- [ RunTime:0.004525s ]
INFO: [ view_filter ] --START--
INFO: Run Behavior\WriteHtmlCacheBehavior [ RunTime:0.000220s ]
INFO: [ view_filter ] --END-- [ RunTime:0.000248s ]
INFO: [ app_end ] --START--
INFO: Run Behavior\ShowPageTraceBehavior [ RunTime:0.000442s ]
INFO: [ app_end ] --END-- [ RunTime:0.000472s ]

[ 2017-03-10T14:40:23+08:00 ] 127.0.0.1 /index.php/vertical/template/serviceRoute.html
INFO: [ app_init ] --START--
INFO: Run Behavior\BuildLiteBehavior [ RunTime:0.000011s ]
INFO: [ app_init ] --END-- [ RunTime:0.000318s ]
INFO: [ app_begin ] --START--
INFO: Run Behavior\ReadHtmlCacheBehavior [ RunTime:0.000445s ]
INFO: [ app_begin ] --END-- [ RunTime:0.000481s ]
SQL: SHOW COLUMNS FROM `process` [ RunTime:0.0093s ]
SQL: SHOW COLUMNS FROM `restaurant_process` [ RunTime:0.0062s ]
SQL: SELECT * FROM `restaurant_process` WHERE `process_id` NOT IN (4) AND `process_status` = 1 AND `restaurant_id` = 100 AND ( process_id > 0 ) ORDER BY process_id LIMIT 1   [ RunTime:0.0032s ]
SQL: SELECT `process_url` FROM `process` WHERE `process_id` = 1 LIMIT 1   [ RunTime:0.0028s ]
SQL: SHOW COLUMNS FROM `restaurant_page_group` [ RunTime:0.0064s ]
SQL: SELECT `group_id` FROM `restaurant_page_group` WHERE `restaurant_id` = 100 AND `page_screen` = 2 AND `status` = 1 LIMIT 1   [ RunTime:0.0031s ]
SQL: SHOW COLUMNS FROM `group_detail` [ RunTime:0.0065s ]
SQL: SELECT * FROM `group_detail` WHERE `group_id` = 11 LIMIT 1   [ RunTime:0.0029s ]
INFO: [ view_parse ] --START--
INFO: [ template_filter ] --START--
INFO: Run Behavior\ContentReplaceBehavior [ RunTime:0.000051s ]
INFO: [ template_filter ] --END-- [ RunTime:0.000111s ]
INFO: Run Behavior\ParseTemplateBehavior [ RunTime:0.004879s ]
INFO: [ view_parse ] --END-- [ RunTime:0.004921s ]
INFO: [ view_filter ] --START--
INFO: Run Behavior\WriteHtmlCacheBehavior [ RunTime:0.000347s ]
INFO: [ view_filter ] --END-- [ RunTime:0.000391s ]
INFO: [ app_end ] --START--
INFO: Run Behavior\ShowPageTraceBehavior [ RunTime:0.000580s ]
INFO: [ app_end ] --END-- [ RunTime:0.000613s ]

[ 2017-03-10T14:40:28+08:00 ] 127.0.0.1 /index.php/vertical/template/serviceRoute.html
INFO: [ app_init ] --START--
INFO: Run Behavior\BuildLiteBehavior [ RunTime:0.000011s ]
INFO: [ app_init ] --END-- [ RunTime:0.000321s ]
INFO: [ app_begin ] --START--
INFO: Run Behavior\ReadHtmlCacheBehavior [ RunTime:0.000470s ]
INFO: [ app_begin ] --END-- [ RunTime:0.000508s ]
SQL: SHOW COLUMNS FROM `process` [ RunTime:0.0063s ]
SQL: SHOW COLUMNS FROM `restaurant_process` [ RunTime:0.0066s ]
SQL: SELECT * FROM `restaurant_process` WHERE `process_id` NOT IN (4) AND `process_status` = 1 AND `restaurant_id` = 100 AND ( process_id > 0 ) ORDER BY process_id LIMIT 1   [ RunTime:0.0034s ]
SQL: SELECT `process_url` FROM `process` WHERE `process_id` = 1 LIMIT 1   [ RunTime:0.0029s ]
SQL: SHOW COLUMNS FROM `restaurant_page_group` [ RunTime:0.0064s ]
SQL: SELECT `group_id` FROM `restaurant_page_group` WHERE `restaurant_id` = 100 AND `page_screen` = 2 AND `status` = 1 LIMIT 1   [ RunTime:0.0033s ]
SQL: SHOW COLUMNS FROM `group_detail` [ RunTime:0.0070s ]
SQL: SELECT * FROM `group_detail` WHERE `group_id` = 11 LIMIT 1   [ RunTime:0.0034s ]
INFO: [ view_parse ] --START--
INFO: [ template_filter ] --START--
INFO: Run Behavior\ContentReplaceBehavior [ RunTime:0.000052s ]
INFO: [ template_filter ] --END-- [ RunTime:0.000106s ]
INFO: Run Behavior\ParseTemplateBehavior [ RunTime:0.004982s ]
INFO: [ view_parse ] --END-- [ RunTime:0.005027s ]
INFO: [ view_filter ] --START--
INFO: Run Behavior\WriteHtmlCacheBehavior [ RunTime:0.000255s ]
INFO: [ view_filter ] --END-- [ RunTime:0.000286s ]
INFO: [ app_end ] --START--
INFO: Run Behavior\ShowPageTraceBehavior [ RunTime:0.000543s ]
INFO: [ app_end ] --END-- [ RunTime:0.000574s ]

[ 2017-03-10T14:40:28+08:00 ] 127.0.0.1 /index.php/vertical/template/serviceRoute.html
INFO: [ app_init ] --START--
INFO: Run Behavior\BuildLiteBehavior [ RunTime:0.000012s ]
INFO: [ app_init ] --END-- [ RunTime:0.000346s ]
INFO: [ app_begin ] --START--
INFO: Run Behavior\ReadHtmlCacheBehavior [ RunTime:0.000454s ]
INFO: [ app_begin ] --END-- [ RunTime:0.000490s ]
SQL: SHOW COLUMNS FROM `process` [ RunTime:0.0080s ]
SQL: SHOW COLUMNS FROM `restaurant_process` [ RunTime:0.0062s ]
SQL: SELECT * FROM `restaurant_process` WHERE `process_id` NOT IN (4) AND `process_status` = 1 AND `restaurant_id` = 100 AND ( process_id > 0 ) ORDER BY process_id LIMIT 1   [ RunTime:0.0033s ]
SQL: SELECT `process_url` FROM `process` WHERE `process_id` = 1 LIMIT 1   [ RunTime:0.0029s ]
SQL: SHOW COLUMNS FROM `restaurant_page_group` [ RunTime:0.0063s ]
SQL: SELECT `group_id` FROM `restaurant_page_group` WHERE `restaurant_id` = 100 AND `page_screen` = 2 AND `status` = 1 LIMIT 1   [ RunTime:0.0031s ]
SQL: SHOW COLUMNS FROM `group_detail` [ RunTime:0.0063s ]
SQL: SELECT * FROM `group_detail` WHERE `group_id` = 11 LIMIT 1   [ RunTime:0.0063s ]
INFO: [ view_parse ] --START--
INFO: [ template_filter ] --START--
INFO: Run Behavior\ContentReplaceBehavior [ RunTime:0.000046s ]
INFO: [ template_filter ] --END-- [ RunTime:0.000084s ]
INFO: Run Behavior\ParseTemplateBehavior [ RunTime:0.004510s ]
INFO: [ view_parse ] --END-- [ RunTime:0.004548s ]
INFO: [ view_filter ] --START--
INFO: Run Behavior\WriteHtmlCacheBehavior [ RunTime:0.000221s ]
INFO: [ view_filter ] --END-- [ RunTime:0.000249s ]
INFO: [ app_end ] --START--
INFO: Run Behavior\ShowPageTraceBehavior [ RunTime:0.000518s ]
INFO: [ app_end ] --END-- [ RunTime:0.000547s ]

[ 2017-03-10T14:44:02+08:00 ] 127.0.0.1 /index.php//Vertical/Template/serviceRoute/current_action/index
INFO: [ app_init ] --START--
INFO: Run Behavior\BuildLiteBehavior [ RunTime:0.000010s ]
INFO: [ app_init ] --END-- [ RunTime:0.000316s ]
INFO: [ app_begin ] --START--
INFO: Run Behavior\ReadHtmlCacheBehavior [ RunTime:0.000438s ]
INFO: [ app_begin ] --END-- [ RunTime:0.000474s ]
SQL: SHOW COLUMNS FROM `process` [ RunTime:0.0072s ]
SQL: SELECT `process_id`,`sort` FROM `process` WHERE `process_url` = 'index' LIMIT 1   [ RunTime:0.0032s ]
SQL: SHOW COLUMNS FROM `restaurant_process` [ RunTime:0.0092s ]
SQL: SELECT * FROM `restaurant_process` WHERE `process_id` NOT IN (4) AND `process_status` = 1 AND `restaurant_id` = 100 AND ( process_id > 1 ) ORDER BY process_id LIMIT 1   [ RunTime:0.0032s ]
SQL: SELECT `process_url` FROM `process` WHERE `process_id` = 2 LIMIT 1   [ RunTime:0.0028s ]
SQL: SHOW COLUMNS FROM `restaurant_page_group` [ RunTime:0.0062s ]
SQL: SELECT `group_id` FROM `restaurant_page_group` WHERE `restaurant_id` = 100 AND `page_screen` = 2 AND `status` = 1 LIMIT 1   [ RunTime:0.0035s ]
SQL: SHOW COLUMNS FROM `group_detail` [ RunTime:0.0066s ]
SQL: SELECT * FROM `group_detail` WHERE `group_id` = 11 LIMIT 1   [ RunTime:0.0031s ]
INFO: [ view_parse ] --START--
INFO: [ template_filter ] --START--
INFO: Run Behavior\ContentReplaceBehavior [ RunTime:0.000052s ]
INFO: [ template_filter ] --END-- [ RunTime:0.000096s ]
INFO: Run Behavior\ParseTemplateBehavior [ RunTime:0.021481s ]
INFO: [ view_parse ] --END-- [ RunTime:0.021520s ]
INFO: [ view_filter ] --START--
INFO: Run Behavior\WriteHtmlCacheBehavior [ RunTime:0.000224s ]
INFO: [ view_filter ] --END-- [ RunTime:0.000251s ]
INFO: [ app_end ] --START--
INFO: Run Behavior\ShowPageTraceBehavior [ RunTime:0.000433s ]
INFO: [ app_end ] --END-- [ RunTime:0.000463s ]

[ 2017-03-10T14:44:10+08:00 ] 127.0.0.1 /index.php/Vertical/Template/serviceRoute/current_action/index
INFO: [ app_init ] --START--
INFO: Run Behavior\BuildLiteBehavior [ RunTime:0.000012s ]
INFO: [ app_init ] --END-- [ RunTime:0.000365s ]
INFO: [ app_begin ] --START--
INFO: Run Behavior\ReadHtmlCacheBehavior [ RunTime:0.000521s ]
INFO: [ app_begin ] --END-- [ RunTime:0.000556s ]
SQL: SHOW COLUMNS FROM `process` [ RunTime:0.0327s ]
SQL: SELECT `process_id`,`sort` FROM `process` WHERE `process_url` = 'index' LIMIT 1   [ RunTime:0.0028s ]
SQL: SHOW COLUMNS FROM `restaurant_process` [ RunTime:0.0068s ]
SQL: SELECT * FROM `restaurant_process` WHERE `process_id` NOT IN (4) AND `process_status` = 1 AND `restaurant_id` = 100 AND ( process_id > 1 ) ORDER BY process_id LIMIT 1   [ RunTime:0.0031s ]
SQL: SELECT `process_url` FROM `process` WHERE `process_id` = 2 LIMIT 1   [ RunTime:0.0035s ]
SQL: SHOW COLUMNS FROM `restaurant_page_group` [ RunTime:0.0193s ]
SQL: SELECT `group_id` FROM `restaurant_page_group` WHERE `restaurant_id` = 100 AND `page_screen` = 2 AND `status` = 1 LIMIT 1   [ RunTime:0.0032s ]
SQL: SHOW COLUMNS FROM `group_detail` [ RunTime:0.0075s ]
SQL: SELECT * FROM `group_detail` WHERE `group_id` = 11 LIMIT 1   [ RunTime:0.0141s ]
INFO: [ view_parse ] --START--
INFO: [ template_filter ] --START--
INFO: Run Behavior\ContentReplaceBehavior [ RunTime:0.000047s ]
INFO: [ template_filter ] --END-- [ RunTime:0.000091s ]
INFO: Run Behavior\ParseTemplateBehavior [ RunTime:0.005103s ]
INFO: [ view_parse ] --END-- [ RunTime:0.005142s ]
INFO: [ view_filter ] --START--
INFO: Run Behavior\WriteHtmlCacheBehavior [ RunTime:0.000287s ]
INFO: [ view_filter ] --END-- [ RunTime:0.000315s ]
INFO: [ app_end ] --START--
INFO: Run Behavior\ShowPageTraceBehavior [ RunTime:0.000534s ]
INFO: [ app_end ] --END-- [ RunTime:0.000564s ]

[ 2017-03-10T14:45:04+08:00 ] 127.0.0.1 /index.php/Vertical/Template/serviceRoute/current_action/select
INFO: [ app_init ] --START--
INFO: Run Behavior\BuildLiteBehavior [ RunTime:0.000012s ]
INFO: [ app_init ] --END-- [ RunTime:0.000325s ]
INFO: [ app_begin ] --START--
INFO: Run Behavior\ReadHtmlCacheBehavior [ RunTime:0.000519s ]
INFO: [ app_begin ] --END-- [ RunTime:0.000568s ]
SQL: SHOW COLUMNS FROM `process` [ RunTime:0.0065s ]
SQL: SELECT `process_id`,`sort` FROM `process` WHERE `process_url` = 'select' LIMIT 1   [ RunTime:0.0030s ]
SQL: SHOW COLUMNS FROM `restaurant_process` [ RunTime:0.0057s ]
SQL: SELECT * FROM `restaurant_process` WHERE `process_id` NOT IN (4) AND `process_status` = 1 AND `restaurant_id` = 100 AND ( process_id > 2 ) ORDER BY process_id LIMIT 1   [ RunTime:0.0032s ]
SQL: SELECT `process_url` FROM `process` WHERE `process_id` = 3 LIMIT 1   [ RunTime:0.0028s ]
SQL: SHOW COLUMNS FROM `restaurant_page_group` [ RunTime:0.0064s ]
SQL: SELECT `group_id` FROM `restaurant_page_group` WHERE `restaurant_id` = 100 AND `page_screen` = 2 AND `status` = 1 LIMIT 1   [ RunTime:0.0031s ]
SQL: SHOW COLUMNS FROM `group_detail` [ RunTime:0.0065s ]
SQL: SELECT * FROM `group_detail` WHERE `group_id` = 11 LIMIT 1   [ RunTime:0.0033s ]
SQL: SHOW COLUMNS FROM `set` [ RunTime:0.0064s ]
SQL: SELECT `if_open` FROM `set` WHERE `restaurant_id` = 100 AND `type` = 4 LIMIT 1   [ RunTime:0.0029s ]
INFO: [ view_parse ] --START--
INFO: [ template_filter ] --START--
INFO: Run Behavior\ContentReplaceBehavior [ RunTime:0.000077s ]
INFO: [ template_filter ] --END-- [ RunTime:0.000117s ]
INFO: Run Behavior\ParseTemplateBehavior [ RunTime:0.024332s ]
INFO: [ view_parse ] --END-- [ RunTime:0.024379s ]
INFO: [ view_filter ] --START--
INFO: Run Behavior\WriteHtmlCacheBehavior [ RunTime:0.000298s ]
INFO: [ view_filter ] --END-- [ RunTime:0.000326s ]
INFO: [ app_end ] --START--
INFO: Run Behavior\ShowPageTraceBehavior [ RunTime:0.000572s ]
INFO: [ app_end ] --END-- [ RunTime:0.000606s ]

[ 2017-03-10T14:45:15+08:00 ] 127.0.0.1 /index.php/Vertical/Template/scorePromptPage
INFO: [ app_init ] --START--
INFO: Run Behavior\BuildLiteBehavior [ RunTime:0.000010s ]
INFO: [ app_init ] --END-- [ RunTime:0.000324s ]
INFO: [ app_begin ] --START--
INFO: Run Behavior\ReadHtmlCacheBehavior [ RunTime:0.000517s ]
INFO: [ app_begin ] --END-- [ RunTime:0.000553s ]
INFO: [ view_parse ] --START--
INFO: [ template_filter ] --START--
INFO: Run Behavior\ContentReplaceBehavior [ RunTime:0.000050s ]
INFO: [ template_filter ] --END-- [ RunTime:0.000092s ]
INFO: Run Behavior\ParseTemplateBehavior [ RunTime:0.023126s ]
INFO: [ view_parse ] --END-- [ RunTime:0.023165s ]
INFO: [ view_filter ] --START--
INFO: Run Behavior\WriteHtmlCacheBehavior [ RunTime:0.000279s ]
INFO: [ view_filter ] --END-- [ RunTime:0.000307s ]
INFO: [ app_end ] --START--
INFO: Run Behavior\ShowPageTraceBehavior [ RunTime:0.000536s ]
INFO: [ app_end ] --END-- [ RunTime:0.000569s ]

[ 2017-03-10T14:45:18+08:00 ] 127.0.0.1 /index.php/Vertical/Template/serviceRoute
INFO: [ app_init ] --START--
INFO: Run Behavior\BuildLiteBehavior [ RunTime:0.000011s ]
INFO: [ app_init ] --END-- [ RunTime:0.000319s ]
INFO: [ app_begin ] --START--
INFO: Run Behavior\ReadHtmlCacheBehavior [ RunTime:0.000545s ]
INFO: [ app_begin ] --END-- [ RunTime:0.000585s ]
SQL: SHOW COLUMNS FROM `process` [ RunTime:0.0065s ]
SQL: SHOW COLUMNS FROM `restaurant_process` [ RunTime:0.0068s ]
SQL: SELECT * FROM `restaurant_process` WHERE `process_id` NOT IN (4) AND `process_status` = 1 AND `restaurant_id` = 100 AND ( process_id > 0 ) ORDER BY process_id LIMIT 1   [ RunTime:0.0032s ]
SQL: SELECT `process_url` FROM `process` WHERE `process_id` = 1 LIMIT 1   [ RunTime:0.0028s ]
SQL: SHOW COLUMNS FROM `restaurant_page_group` [ RunTime:0.0063s ]
SQL: SELECT `group_id` FROM `restaurant_page_group` WHERE `restaurant_id` = 100 AND `page_screen` = 2 AND `status` = 1 LIMIT 1   [ RunTime:0.0031s ]
SQL: SHOW COLUMNS FROM `group_detail` [ RunTime:0.0078s ]
SQL: SELECT * FROM `group_detail` WHERE `group_id` = 11 LIMIT 1   [ RunTime:0.0032s ]
INFO: [ view_parse ] --START--
INFO: [ template_filter ] --START--
INFO: Run Behavior\ContentReplaceBehavior [ RunTime:0.000048s ]
INFO: [ template_filter ] --END-- [ RunTime:0.000091s ]
INFO: Run Behavior\ParseTemplateBehavior [ RunTime:0.004916s ]
INFO: [ view_parse ] --END-- [ RunTime:0.004954s ]
INFO: [ view_filter ] --START--
INFO: Run Behavior\WriteHtmlCacheBehavior [ RunTime:0.000278s ]
INFO: [ view_filter ] --END-- [ RunTime:0.000307s ]
INFO: [ app_end ] --START--
INFO: Run Behavior\ShowPageTraceBehavior [ RunTime:0.000534s ]
INFO: [ app_end ] --END-- [ RunTime:0.000565s ]

[ 2017-03-10T14:49:07+08:00 ] 127.0.0.1 /index.php/vertical/template/serviceRoute.html
INFO: [ app_init ] --START--
INFO: Run Behavior\BuildLiteBehavior [ RunTime:0.000013s ]
INFO: [ app_init ] --END-- [ RunTime:0.000331s ]
INFO: [ app_begin ] --START--
INFO: Run Behavior\ReadHtmlCacheBehavior [ RunTime:0.000453s ]
INFO: [ app_begin ] --END-- [ RunTime:0.000489s ]
SQL: SHOW COLUMNS FROM `process` [ RunTime:0.0073s ]
SQL: SHOW COLUMNS FROM `restaurant_process` [ RunTime:0.0062s ]
SQL: SELECT * FROM `restaurant_process` WHERE `process_id` NOT IN (4) AND `process_status` = 1 AND `restaurant_id` = 100 AND ( process_id > 0 ) ORDER BY process_id LIMIT 1   [ RunTime:0.0033s ]
SQL: SELECT `process_url` FROM `process` WHERE `process_id` = 1 LIMIT 1   [ RunTime:0.0028s ]
SQL: SHOW COLUMNS FROM `restaurant_page_group` [ RunTime:0.0068s ]
SQL: SELECT `group_id` FROM `restaurant_page_group` WHERE `restaurant_id` = 100 AND `page_screen` = 2 AND `status` = 1 LIMIT 1   [ RunTime:0.0031s ]
SQL: SHOW COLUMNS FROM `group_detail` [ RunTime:0.0065s ]
SQL: SELECT * FROM `group_detail` WHERE `group_id` = 11 LIMIT 1   [ RunTime:0.0030s ]
INFO: [ view_parse ] --START--
INFO: [ template_filter ] --START--
INFO: Run Behavior\ContentReplaceBehavior [ RunTime:0.000054s ]
INFO: [ template_filter ] --END-- [ RunTime:0.000119s ]
INFO: Run Behavior\ParseTemplateBehavior [ RunTime:0.005232s ]
INFO: [ view_parse ] --END-- [ RunTime:0.005275s ]
INFO: [ view_filter ] --START--
INFO: Run Behavior\WriteHtmlCacheBehavior [ RunTime:0.000313s ]
INFO: [ view_filter ] --END-- [ RunTime:0.000342s ]
INFO: [ app_end ] --START--
INFO: Run Behavior\ShowPageTraceBehavior [ RunTime:0.000512s ]
INFO: [ app_end ] --END-- [ RunTime:0.000543s ]

[ 2017-03-10T14:49:09+08:00 ] 127.0.0.1 /index.php/vertical/template/serviceRoute.html
INFO: [ app_init ] --START--
INFO: Run Behavior\BuildLiteBehavior [ RunTime:0.000010s ]
INFO: [ app_init ] --END-- [ RunTime:0.000320s ]
INFO: [ app_begin ] --START--
INFO: Run Behavior\ReadHtmlCacheBehavior [ RunTime:0.000452s ]
INFO: [ app_begin ] --END-- [ RunTime:0.000496s ]
SQL: SHOW COLUMNS FROM `process` [ RunTime:0.0062s ]
SQL: SHOW COLUMNS FROM `restaurant_process` [ RunTime:0.0062s ]
SQL: SELECT * FROM `restaurant_process` WHERE `process_id` NOT IN (4) AND `process_status` = 1 AND `restaurant_id` = 100 AND ( process_id > 0 ) ORDER BY process_id LIMIT 1   [ RunTime:0.0032s ]
SQL: SELECT `process_url` FROM `process` WHERE `process_id` = 1 LIMIT 1   [ RunTime:0.0029s ]
SQL: SHOW COLUMNS FROM `restaurant_page_group` [ RunTime:0.0063s ]
SQL: SELECT `group_id` FROM `restaurant_page_group` WHERE `restaurant_id` = 100 AND `page_screen` = 2 AND `status` = 1 LIMIT 1   [ RunTime:0.0019s ]
SQL: SHOW COLUMNS FROM `group_detail` [ RunTime:0.0092s ]
SQL: SELECT * FROM `group_detail` WHERE `group_id` = 11 LIMIT 1   [ RunTime:0.0031s ]
INFO: [ view_parse ] --START--
INFO: [ template_filter ] --START--
INFO: Run Behavior\ContentReplaceBehavior [ RunTime:0.000052s ]
INFO: [ template_filter ] --END-- [ RunTime:0.000088s ]
INFO: Run Behavior\ParseTemplateBehavior [ RunTime:0.004275s ]
INFO: [ view_parse ] --END-- [ RunTime:0.004312s ]
INFO: [ view_filter ] --START--
INFO: Run Behavior\WriteHtmlCacheBehavior [ RunTime:0.000219s ]
INFO: [ view_filter ] --END-- [ RunTime:0.000247s ]
INFO: [ app_end ] --START--
INFO: Run Behavior\ShowPageTraceBehavior [ RunTime:0.000450s ]
INFO: [ app_end ] --END-- [ RunTime:0.000480s ]

[ 2017-03-10T16:47:15+08:00 ] 127.0.0.1 /index.php/vertical/template/serviceRoute.html
INFO: [ app_init ] --START--
INFO: Run Behavior\BuildLiteBehavior [ RunTime:0.000011s ]
INFO: [ app_init ] --END-- [ RunTime:0.000325s ]
INFO: [ app_begin ] --START--
INFO: Run Behavior\ReadHtmlCacheBehavior [ RunTime:0.000511s ]
INFO: [ app_begin ] --END-- [ RunTime:0.000551s ]
SQL: SHOW COLUMNS FROM `process` [ RunTime:0.0086s ]
SQL: SHOW COLUMNS FROM `restaurant_process` [ RunTime:0.0065s ]
SQL: SELECT * FROM `restaurant_process` WHERE `process_id` NOT IN (4) AND `process_status` = 1 AND `restaurant_id` = 100 AND ( process_id > 0 ) ORDER BY process_id LIMIT 1   [ RunTime:0.0036s ]
SQL: SELECT `process_url` FROM `process` WHERE `process_id` = 1 LIMIT 1   [ RunTime:0.0028s ]
SQL: SHOW COLUMNS FROM `restaurant_page_group` [ RunTime:0.0063s ]
SQL: SELECT `group_id` FROM `restaurant_page_group` WHERE `restaurant_id` = 100 AND `page_screen` = 2 AND `status` = 1 LIMIT 1   [ RunTime:0.0031s ]
SQL: SHOW COLUMNS FROM `group_detail` [ RunTime:0.0093s ]
SQL: SELECT * FROM `group_detail` WHERE `group_id` = 11 LIMIT 1   [ RunTime:0.0036s ]
INFO: [ view_parse ] --START--
INFO: [ template_filter ] --START--
INFO: Run Behavior\ContentReplaceBehavior [ RunTime:0.000045s ]
INFO: [ template_filter ] --END-- [ RunTime:0.000081s ]
INFO: Run Behavior\ParseTemplateBehavior [ RunTime:0.004659s ]
INFO: [ view_parse ] --END-- [ RunTime:0.004697s ]
INFO: [ view_filter ] --START--
INFO: Run Behavior\WriteHtmlCacheBehavior [ RunTime:0.000278s ]
INFO: [ view_filter ] --END-- [ RunTime:0.000307s ]
INFO: [ app_end ] --START--
INFO: Run Behavior\ShowPageTraceBehavior [ RunTime:0.000532s ]
INFO: [ app_end ] --END-- [ RunTime:0.000562s ]

[ 2017-03-10T16:47:16+08:00 ] 127.0.0.1 /index.php/vertical/template/serviceRoute.html
INFO: [ app_init ] --START--
INFO: Run Behavior\BuildLiteBehavior [ RunTime:0.000011s ]
INFO: [ app_init ] --END-- [ RunTime:0.000322s ]
INFO: [ app_begin ] --START--
INFO: Run Behavior\ReadHtmlCacheBehavior [ RunTime:0.000445s ]
INFO: [ app_begin ] --END-- [ RunTime:0.000479s ]
SQL: SHOW COLUMNS FROM `process` [ RunTime:0.0075s ]
SQL: SHOW COLUMNS FROM `restaurant_process` [ RunTime:0.0067s ]
SQL: SELECT * FROM `restaurant_process` WHERE `process_id` NOT IN (4) AND `process_status` = 1 AND `restaurant_id` = 100 AND ( process_id > 0 ) ORDER BY process_id LIMIT 1   [ RunTime:0.0033s ]
SQL: SELECT `process_url` FROM `process` WHERE `process_id` = 1 LIMIT 1   [ RunTime:0.0032s ]
SQL: SHOW COLUMNS FROM `restaurant_page_group` [ RunTime:0.0064s ]
SQL: SELECT `group_id` FROM `restaurant_page_group` WHERE `restaurant_id` = 100 AND `page_screen` = 2 AND `status` = 1 LIMIT 1   [ RunTime:0.0031s ]
SQL: SHOW COLUMNS FROM `group_detail` [ RunTime:0.0067s ]
SQL: SELECT * FROM `group_detail` WHERE `group_id` = 11 LIMIT 1   [ RunTime:0.0033s ]
INFO: [ view_parse ] --START--
INFO: [ template_filter ] --START--
INFO: Run Behavior\ContentReplaceBehavior [ RunTime:0.000044s ]
INFO: [ template_filter ] --END-- [ RunTime:0.000080s ]
INFO: Run Behavior\ParseTemplateBehavior [ RunTime:0.004412s ]
INFO: [ view_parse ] --END-- [ RunTime:0.004449s ]
INFO: [ view_filter ] --START--
INFO: Run Behavior\WriteHtmlCacheBehavior [ RunTime:0.000228s ]
INFO: [ view_filter ] --END-- [ RunTime:0.000256s ]
INFO: [ app_end ] --START--
INFO: Run Behavior\ShowPageTraceBehavior [ RunTime:0.000515s ]
INFO: [ app_end ] --END-- [ RunTime:0.000545s ]

[ 2017-03-10T16:51:43+08:00 ] 127.0.0.1 /index.php/Vertical/Template/scorePromptPage
INFO: [ app_init ] --START--
INFO: Run Behavior\BuildLiteBehavior [ RunTime:0.000012s ]
INFO: [ app_init ] --END-- [ RunTime:0.000355s ]
INFO: [ app_begin ] --START--
INFO: Run Behavior\ReadHtmlCacheBehavior [ RunTime:0.000513s ]
INFO: [ app_begin ] --END-- [ RunTime:0.000548s ]
INFO: [ view_parse ] --START--
INFO: [ template_filter ] --START--
INFO: Run Behavior\ContentReplaceBehavior [ RunTime:0.000048s ]
INFO: [ template_filter ] --END-- [ RunTime:0.000084s ]
INFO: Run Behavior\ParseTemplateBehavior [ RunTime:0.004849s ]
INFO: [ view_parse ] --END-- [ RunTime:0.004888s ]
INFO: [ view_filter ] --START--
INFO: Run Behavior\WriteHtmlCacheBehavior [ RunTime:0.000299s ]
INFO: [ view_filter ] --END-- [ RunTime:0.000327s ]
INFO: [ app_end ] --START--
INFO: Run Behavior\ShowPageTraceBehavior [ RunTime:0.000624s ]
INFO: [ app_end ] --END-- [ RunTime:0.000660s ]

[ 2017-03-10T17:50:49+08:00 ] 127.0.0.1 /index.php/vertical/template/serviceRoute.html
INFO: [ app_init ] --START--
INFO: Run Behavior\BuildLiteBehavior [ RunTime:0.000013s ]
INFO: [ app_init ] --END-- [ RunTime:0.000447s ]
INFO: [ app_begin ] --START--
INFO: Run Behavior\ReadHtmlCacheBehavior [ RunTime:0.000466s ]
INFO: [ app_begin ] --END-- [ RunTime:0.000503s ]
SQL: SHOW COLUMNS FROM `process` [ RunTime:0.0065s ]
SQL: SHOW COLUMNS FROM `restaurant_process` [ RunTime:0.0064s ]
SQL: SELECT * FROM `restaurant_process` WHERE `process_id` NOT IN (4) AND `process_status` = 1 AND `restaurant_id` = 100 AND ( process_id > 0 ) ORDER BY process_id LIMIT 1   [ RunTime:0.0034s ]
SQL: SELECT `process_url` FROM `process` WHERE `process_id` = 1 LIMIT 1   [ RunTime:0.0019s ]
SQL: SHOW COLUMNS FROM `restaurant_page_group` [ RunTime:0.0080s ]
SQL: SELECT `group_id` FROM `restaurant_page_group` WHERE `restaurant_id` = 100 AND `page_screen` = 2 AND `status` = 1 LIMIT 1   [ RunTime:0.0031s ]
SQL: SHOW COLUMNS FROM `group_detail` [ RunTime:0.0066s ]
SQL: SELECT * FROM `group_detail` WHERE `group_id` = 11 LIMIT 1   [ RunTime:0.0031s ]
INFO: [ view_parse ] --START--
INFO: [ template_filter ] --START--
INFO: Run Behavior\ContentReplaceBehavior [ RunTime:0.000044s ]
INFO: [ template_filter ] --END-- [ RunTime:0.000080s ]
INFO: Run Behavior\ParseTemplateBehavior [ RunTime:0.004728s ]
INFO: [ view_parse ] --END-- [ RunTime:0.004766s ]
INFO: [ view_filter ] --START--
INFO: Run Behavior\WriteHtmlCacheBehavior [ RunTime:0.000278s ]
INFO: [ view_filter ] --END-- [ RunTime:0.000308s ]
INFO: [ app_end ] --START--
INFO: Run Behavior\ShowPageTraceBehavior [ RunTime:0.000605s ]
INFO: [ app_end ] --END-- [ RunTime:0.000640s ]

[ 2017-03-10T17:52:41+08:00 ] 127.0.0.1 /index.php/vertical/template/serviceRoute.html
INFO: [ app_init ] --START--
INFO: Run Behavior\BuildLiteBehavior [ RunTime:0.000015s ]
INFO: [ app_init ] --END-- [ RunTime:0.000411s ]
INFO: [ app_begin ] --START--
INFO: Run Behavior\ReadHtmlCacheBehavior [ RunTime:0.000556s ]
INFO: [ app_begin ] --END-- [ RunTime:0.000598s ]

[ 2017-03-10T17:53:01+08:00 ] 127.0.0.1 /index.php/vertical/template/serviceRoute.html
INFO: [ app_init ] --START--
INFO: Run Behavior\BuildLiteBehavior [ RunTime:0.000014s ]
INFO: [ app_init ] --END-- [ RunTime:0.000432s ]
INFO: [ app_begin ] --START--
INFO: Run Behavior\ReadHtmlCacheBehavior [ RunTime:0.000547s ]
INFO: [ app_begin ] --END-- [ RunTime:0.000586s ]

[ 2017-03-10T17:53:21+08:00 ] 127.0.0.1 /index.php/vertical/template/serviceRoute.html
INFO: [ app_init ] --START--
INFO: Run Behavior\BuildLiteBehavior [ RunTime:0.000013s ]
INFO: [ app_init ] --END-- [ RunTime:0.000363s ]
INFO: [ app_begin ] --START--
INFO: Run Behavior\ReadHtmlCacheBehavior [ RunTime:0.000522s ]
INFO: [ app_begin ] --END-- [ RunTime:0.000558s ]

[ 2017-03-10T17:53:24+08:00 ] 127.0.0.1 /index.php/vertical/template/serviceRoute.html
INFO: [ app_init ] --START--
INFO: Run Behavior\BuildLiteBehavior [ RunTime:0.000011s ]
INFO: [ app_init ] --END-- [ RunTime:0.000319s ]
INFO: [ app_begin ] --START--
INFO: Run Behavior\ReadHtmlCacheBehavior [ RunTime:0.000450s ]
INFO: [ app_begin ] --END-- [ RunTime:0.000485s ]

[ 2017-03-10T18:07:18+08:00 ] 127.0.0.1 /index.php/vertical/template/serviceRoute.html
INFO: [ app_init ] --START--
INFO: Run Behavior\BuildLiteBehavior [ RunTime:0.000012s ]
INFO: [ app_init ] --END-- [ RunTime:0.000366s ]
INFO: [ app_begin ] --START--
INFO: Run Behavior\ReadHtmlCacheBehavior [ RunTime:0.000518s ]
INFO: [ app_begin ] --END-- [ RunTime:0.000555s ]
SQL: SHOW COLUMNS FROM `process` [ RunTime:0.0064s ]
SQL: SHOW COLUMNS FROM `restaurant_process` [ RunTime:0.0063s ]
SQL: SELECT * FROM `restaurant_process` WHERE `process_id` NOT IN (4) AND `process_status` = 1 AND `restaurant_id` = 100 AND ( process_id > 0 ) ORDER BY process_id LIMIT 1   [ RunTime:0.0033s ]
SQL: SELECT `process_url` FROM `process` WHERE `process_id` = 1 LIMIT 1   [ RunTime:0.0028s ]
SQL: SHOW COLUMNS FROM `restaurant_page_group` [ RunTime:0.0061s ]
SQL: SELECT `group_id` FROM `restaurant_page_group` WHERE `restaurant_id` = 100 AND `page_screen` = 2 AND `status` = 1 LIMIT 1   [ RunTime:0.0031s ]
SQL: SHOW COLUMNS FROM `group_detail` [ RunTime:0.0065s ]
SQL: SELECT * FROM `group_detail` WHERE `group_id` = 11 LIMIT 1   [ RunTime:0.0030s ]
INFO: [ view_parse ] --START--
INFO: [ template_filter ] --START--
INFO: Run Behavior\ContentReplaceBehavior [ RunTime:0.000047s ]
INFO: [ template_filter ] --END-- [ RunTime:0.000082s ]
INFO: Run Behavior\ParseTemplateBehavior [ RunTime:0.004894s ]
INFO: [ view_parse ] --END-- [ RunTime:0.004935s ]
INFO: [ view_filter ] --START--
INFO: Run Behavior\WriteHtmlCacheBehavior [ RunTime:0.000362s ]
INFO: [ view_filter ] --END-- [ RunTime:0.000391s ]
INFO: [ app_end ] --START--
INFO: Run Behavior\ShowPageTraceBehavior [ RunTime:0.000542s ]
INFO: [ app_end ] --END-- [ RunTime:0.000573s ]

[ 2017-03-10T18:07:49+08:00 ] 127.0.0.1 /index.php/vertical/template/serviceRoute.html
INFO: [ app_init ] --START--
INFO: Run Behavior\BuildLiteBehavior [ RunTime:0.000012s ]
INFO: [ app_init ] --END-- [ RunTime:0.000357s ]
INFO: [ app_begin ] --START--
INFO: Run Behavior\ReadHtmlCacheBehavior [ RunTime:0.000515s ]
INFO: [ app_begin ] --END-- [ RunTime:0.000552s ]

[ 2017-03-10T18:07:51+08:00 ] 127.0.0.1 /index.php/vertical/template/serviceRoute.html
INFO: [ app_init ] --START--
INFO: Run Behavior\BuildLiteBehavior [ RunTime:0.000013s ]
INFO: [ app_init ] --END-- [ RunTime:0.000337s ]
INFO: [ app_begin ] --START--
INFO: Run Behavior\ReadHtmlCacheBehavior [ RunTime:0.000458s ]
INFO: [ app_begin ] --END-- [ RunTime:0.000494s ]

