[ 2017-03-09T16:33:38+08:00 ] 127.0.0.1 /index.php/mobile/member/reg
INFO: [ app_init ] --START--
INFO: Run Behavior\BuildLiteBehavior [ RunTime:0.000011s ]
INFO: [ app_init ] --END-- [ RunTime:0.000396s ]
INFO: [ app_begin ] --START--
INFO: Run Behavior\ReadHtmlCacheBehavior [ RunTime:0.000522s ]
INFO: [ app_begin ] --END-- [ RunTime:0.000558s ]
INFO: [ view_parse ] --START--
INFO: [ template_filter ] --START--
INFO: Run Behavior\ContentReplaceBehavior [ RunTime:0.000051s ]
INFO: [ template_filter ] --END-- [ RunTime:0.000086s ]
NOTIC: [8] Undefined variable: translate E:\yunniu\Application\Runtime\Cache\Mobile\b9a9d60d81d1ab1291fa5c348094b23b.php 第 45 行.
INFO: Run Behavior\ParseTemplateBehavior [ RunTime:0.005609s ]
INFO: [ view_parse ] --END-- [ RunTime:0.005645s ]
INFO: [ view_filter ] --START--
INFO: Run Behavior\WriteHtmlCacheBehavior [ RunTime:0.000304s ]
INFO: [ view_filter ] --END-- [ RunTime:0.000331s ]
INFO: [ app_end ] --START--
INFO: Run Behavior\ShowPageTraceBehavior [ RunTime:0.000503s ]
INFO: [ app_end ] --END-- [ RunTime:0.000534s ]

[ 2017-03-09T16:33:47+08:00 ] 127.0.0.1 /index.php/mobile/member/test
INFO: [ app_init ] --START--
INFO: Run Behavior\BuildLiteBehavior [ RunTime:0.000011s ]
INFO: [ app_init ] --END-- [ RunTime:0.000348s ]
INFO: [ app_begin ] --START--
INFO: Run Behavior\ReadHtmlCacheBehavior [ RunTime:0.000513s ]
INFO: [ app_begin ] --END-- [ RunTime:0.000548s ]

[ 2017-03-09T16:33:47+08:00 ] 127.0.0.1 /index.php/mobile/member/test
INFO: [ app_init ] --START--
INFO: Run Behavior\BuildLiteBehavior [ RunTime:0.000027s ]
INFO: [ app_init ] --END-- [ RunTime:0.000506s ]
INFO: [ app_begin ] --START--
INFO: Run Behavior\ReadHtmlCacheBehavior [ RunTime:0.000446s ]
INFO: [ app_begin ] --END-- [ RunTime:0.000481s ]

[ 2017-03-09T16:37:05+08:00 ] 127.0.0.1 /index.php/mobile/member/index
INFO: [ app_init ] --START--
INFO: Run Behavior\BuildLiteBehavior [ RunTime:0.000013s ]
INFO: [ app_init ] --END-- [ RunTime:0.000426s ]
INFO: [ app_begin ] --START--
INFO: Run Behavior\ReadHtmlCacheBehavior [ RunTime:0.000534s ]
INFO: [ app_begin ] --END-- [ RunTime:0.000571s ]
SQL: SHOW COLUMNS FROM `vip` [ RunTime:0.0074s ]
SQL: SELECT * FROM `vip` WHERE `openid` = 'oToCav5pz2onMKIJro8Bf46Awl6c' LIMIT 1   [ RunTime:0.0033s ]
SQL: SELECT `score` FROM `vip` WHERE `openid` = 'oToCav5pz2onMKIJro8Bf46Awl6c' LIMIT 1   [ RunTime:0.0036s ]
INFO: [ view_parse ] --START--
INFO: [ template_filter ] --START--
INFO: Run Behavior\ContentReplaceBehavior [ RunTime:0.000071s ]
INFO: [ template_filter ] --END-- [ RunTime:0.000131s ]
INFO: Run Behavior\ParseTemplateBehavior [ RunTime:0.005851s ]
INFO: [ view_parse ] --END-- [ RunTime:0.005890s ]
INFO: [ view_filter ] --START--
INFO: Run Behavior\WriteHtmlCacheBehavior [ RunTime:0.000303s ]
INFO: [ view_filter ] --END-- [ RunTime:0.000332s ]
INFO: [ app_end ] --START--
INFO: Run Behavior\ShowPageTraceBehavior [ RunTime:0.000527s ]
INFO: [ app_end ] --END-- [ RunTime:0.000556s ]

[ 2017-03-09T16:37:07+08:00 ] 127.0.0.1 /index.php/mobile/member/index
INFO: [ app_init ] --START--
INFO: Run Behavior\BuildLiteBehavior [ RunTime:0.000012s ]
INFO: [ app_init ] --END-- [ RunTime:0.000350s ]
INFO: [ app_begin ] --START--
INFO: Run Behavior\ReadHtmlCacheBehavior [ RunTime:0.000448s ]
INFO: [ app_begin ] --END-- [ RunTime:0.000484s ]
SQL: SHOW COLUMNS FROM `vip` [ RunTime:0.0073s ]
SQL: SELECT * FROM `vip` WHERE `openid` = 'oToCav5pz2onMKIJro8Bf46Awl6c' LIMIT 1   [ RunTime:0.0031s ]
SQL: SELECT `score` FROM `vip` WHERE `openid` = 'oToCav5pz2onMKIJro8Bf46Awl6c' LIMIT 1   [ RunTime:0.0031s ]
INFO: [ view_parse ] --START--
INFO: [ template_filter ] --START--
INFO: Run Behavior\ContentReplaceBehavior [ RunTime:0.000065s ]
INFO: [ template_filter ] --END-- [ RunTime:0.000120s ]
INFO: Run Behavior\ParseTemplateBehavior [ RunTime:0.004917s ]
INFO: [ view_parse ] --END-- [ RunTime:0.004955s ]
INFO: [ view_filter ] --START--
INFO: Run Behavior\WriteHtmlCacheBehavior [ RunTime:0.000238s ]
INFO: [ view_filter ] --END-- [ RunTime:0.000267s ]
INFO: [ app_end ] --START--
INFO: Run Behavior\ShowPageTraceBehavior [ RunTime:0.000434s ]
INFO: [ app_end ] --END-- [ RunTime:0.000465s ]

[ 2017-03-09T16:37:38+08:00 ] 127.0.0.1 /index.php/Mobile/member/remainder.html
INFO: [ app_init ] --START--
INFO: Run Behavior\BuildLiteBehavior [ RunTime:0.000010s ]
INFO: [ app_init ] --END-- [ RunTime:0.000346s ]
INFO: [ app_begin ] --START--
INFO: Run Behavior\ReadHtmlCacheBehavior [ RunTime:0.000503s ]
INFO: [ app_begin ] --END-- [ RunTime:0.000539s ]
SQL: SHOW COLUMNS FROM `vip` [ RunTime:0.0072s ]
SQL: SELECT `remainder`,`business_id` FROM `vip` WHERE `openid` = 'oToCav5pz2onMKIJro8Bf46Awl6c' LIMIT 1   [ RunTime:0.0039s ]
SQL: SHOW COLUMNS FROM `business_set` [ RunTime:0.0084s ]
SQL: SELECT `if_open` FROM `business_set` WHERE `business_id` = 25 AND `type` = 0 LIMIT 1   [ RunTime:0.0032s ]
SQL: SHOW COLUMNS FROM `all_benefit` [ RunTime:0.0070s ]
SQL: SELECT `account` FROM `all_benefit` WHERE `business_id` = 25 AND `type` = 1 ORDER BY account asc  [ RunTime:0.0021s ]
INFO: [ view_parse ] --START--
INFO: [ template_filter ] --START--
INFO: Run Behavior\ContentReplaceBehavior [ RunTime:0.000064s ]
INFO: [ template_filter ] --END-- [ RunTime:0.000107s ]
INFO: Run Behavior\ParseTemplateBehavior [ RunTime:0.006278s ]
INFO: [ view_parse ] --END-- [ RunTime:0.006321s ]
INFO: [ view_filter ] --START--
INFO: Run Behavior\WriteHtmlCacheBehavior [ RunTime:0.000337s ]
INFO: [ view_filter ] --END-- [ RunTime:0.000365s ]
INFO: [ app_end ] --START--
INFO: Run Behavior\ShowPageTraceBehavior [ RunTime:0.000541s ]
INFO: [ app_end ] --END-- [ RunTime:0.000570s ]

[ 2017-03-09T16:38:46+08:00 ] 127.0.0.1 /index.php/mobile/member/index
INFO: [ app_init ] --START--
INFO: Run Behavior\BuildLiteBehavior [ RunTime:0.000012s ]
INFO: [ app_init ] --END-- [ RunTime:0.000323s ]
INFO: [ app_begin ] --START--
INFO: Run Behavior\ReadHtmlCacheBehavior [ RunTime:0.000444s ]
INFO: [ app_begin ] --END-- [ RunTime:0.000480s ]
SQL: SHOW COLUMNS FROM `vip` [ RunTime:0.0082s ]
SQL: SELECT * FROM `vip` WHERE `openid` = 'oToCav5pz2onMKIJro8Bf46Awl6c' LIMIT 1   [ RunTime:0.0035s ]
SQL: SELECT `score` FROM `vip` WHERE `openid` = 'oToCav5pz2onMKIJro8Bf46Awl6c' LIMIT 1   [ RunTime:0.0028s ]
INFO: [ view_parse ] --START--
INFO: [ template_filter ] --START--
INFO: Run Behavior\ContentReplaceBehavior [ RunTime:0.000049s ]
INFO: [ template_filter ] --END-- [ RunTime:0.000090s ]
INFO: Run Behavior\ParseTemplateBehavior [ RunTime:0.005221s ]
INFO: [ view_parse ] --END-- [ RunTime:0.005258s ]
INFO: [ view_filter ] --START--
INFO: Run Behavior\WriteHtmlCacheBehavior [ RunTime:0.000360s ]
INFO: [ view_filter ] --END-- [ RunTime:0.000390s ]
INFO: [ app_end ] --START--
INFO: Run Behavior\ShowPageTraceBehavior [ RunTime:0.000535s ]
INFO: [ app_end ] --END-- [ RunTime:0.000566s ]

[ 2017-03-09T16:38:48+08:00 ] 127.0.0.1 /index.php/Mobile/member/remainder.html
INFO: [ app_init ] --START--
INFO: Run Behavior\BuildLiteBehavior [ RunTime:0.000011s ]
INFO: [ app_init ] --END-- [ RunTime:0.000319s ]
INFO: [ app_begin ] --START--
INFO: Run Behavior\ReadHtmlCacheBehavior [ RunTime:0.000733s ]
INFO: [ app_begin ] --END-- [ RunTime:0.000773s ]
SQL: SHOW COLUMNS FROM `vip` [ RunTime:0.0073s ]
SQL: SELECT `remainder`,`business_id` FROM `vip` WHERE `openid` = 'oToCav5pz2onMKIJro8Bf46Awl6c' LIMIT 1   [ RunTime:0.0061s ]
SQL: SHOW COLUMNS FROM `business_set` [ RunTime:0.0068s ]
SQL: SELECT `if_open` FROM `business_set` WHERE `business_id` = 25 AND `type` = 0 LIMIT 1   [ RunTime:0.0030s ]
SQL: SHOW COLUMNS FROM `all_benefit` [ RunTime:0.0063s ]
SQL: SELECT `account` FROM `all_benefit` WHERE `business_id` = 25 AND `type` = 1 ORDER BY account asc  [ RunTime:0.0030s ]
INFO: [ view_parse ] --START--
INFO: [ template_filter ] --START--
INFO: Run Behavior\ContentReplaceBehavior [ RunTime:0.000054s ]
INFO: [ template_filter ] --END-- [ RunTime:0.000096s ]
INFO: Run Behavior\ParseTemplateBehavior [ RunTime:0.005684s ]
INFO: [ view_parse ] --END-- [ RunTime:0.005725s ]
INFO: [ view_filter ] --START--
INFO: Run Behavior\WriteHtmlCacheBehavior [ RunTime:0.000298s ]
INFO: [ view_filter ] --END-- [ RunTime:0.000325s ]
INFO: [ app_end ] --START--
INFO: Run Behavior\ShowPageTraceBehavior [ RunTime:0.000507s ]
INFO: [ app_end ] --END-- [ RunTime:0.000537s ]

[ 2017-03-09T16:40:04+08:00 ] 127.0.0.1 /index.php/Mobile/member/remainder.html
INFO: [ app_init ] --START--
INFO: Run Behavior\BuildLiteBehavior [ RunTime:0.000011s ]
INFO: [ app_init ] --END-- [ RunTime:0.000353s ]
INFO: [ app_begin ] --START--
INFO: Run Behavior\ReadHtmlCacheBehavior [ RunTime:0.000512s ]
INFO: [ app_begin ] --END-- [ RunTime:0.000547s ]
SQL: SHOW COLUMNS FROM `vip` [ RunTime:0.0074s ]
SQL: SELECT `remainder`,`business_id` FROM `vip` WHERE `openid` = 'oToCav5pz2onMKIJro8Bf46Awl6c' LIMIT 1   [ RunTime:0.0030s ]
SQL: SHOW COLUMNS FROM `business_set` [ RunTime:0.0063s ]
SQL: SELECT `if_open` FROM `business_set` WHERE `business_id` = 25 AND `type` = 0 LIMIT 1   [ RunTime:0.0033s ]
SQL: SHOW COLUMNS FROM `all_benefit` [ RunTime:0.0068s ]
SQL: SELECT `account` FROM `all_benefit` WHERE `business_id` = 25 AND `type` = 1 ORDER BY account asc  [ RunTime:0.0031s ]
INFO: [ view_parse ] --START--
INFO: [ template_filter ] --START--
INFO: Run Behavior\ContentReplaceBehavior [ RunTime:0.000060s ]
INFO: [ template_filter ] --END-- [ RunTime:0.000120s ]
INFO: Run Behavior\ParseTemplateBehavior [ RunTime:0.005702s ]
INFO: [ view_parse ] --END-- [ RunTime:0.005743s ]
INFO: [ view_filter ] --START--
INFO: Run Behavior\WriteHtmlCacheBehavior [ RunTime:0.000315s ]
INFO: [ view_filter ] --END-- [ RunTime:0.000342s ]
INFO: [ app_end ] --START--
INFO: Run Behavior\ShowPageTraceBehavior [ RunTime:0.000531s ]
INFO: [ app_end ] --END-- [ RunTime:0.000561s ]

[ 2017-03-09T16:40:05+08:00 ] 127.0.0.1 /index.php/Mobile/member/remainder.html
INFO: [ app_init ] --START--
INFO: Run Behavior\BuildLiteBehavior [ RunTime:0.000011s ]
INFO: [ app_init ] --END-- [ RunTime:0.000322s ]
INFO: [ app_begin ] --START--
INFO: Run Behavior\ReadHtmlCacheBehavior [ RunTime:0.000453s ]
INFO: [ app_begin ] --END-- [ RunTime:0.000491s ]
SQL: SHOW COLUMNS FROM `vip` [ RunTime:0.0067s ]
SQL: SELECT `remainder`,`business_id` FROM `vip` WHERE `openid` = 'oToCav5pz2onMKIJro8Bf46Awl6c' LIMIT 1   [ RunTime:0.0032s ]
SQL: SHOW COLUMNS FROM `business_set` [ RunTime:0.0063s ]
SQL: SELECT `if_open` FROM `business_set` WHERE `business_id` = 25 AND `type` = 0 LIMIT 1   [ RunTime:0.0035s ]
SQL: SHOW COLUMNS FROM `all_benefit` [ RunTime:0.0062s ]
SQL: SELECT `account` FROM `all_benefit` WHERE `business_id` = 25 AND `type` = 1 ORDER BY account asc  [ RunTime:0.0044s ]
INFO: [ view_parse ] --START--
INFO: [ template_filter ] --START--
INFO: Run Behavior\ContentReplaceBehavior [ RunTime:0.000050s ]
INFO: [ template_filter ] --END-- [ RunTime:0.000082s ]
INFO: Run Behavior\ParseTemplateBehavior [ RunTime:0.005232s ]
INFO: [ view_parse ] --END-- [ RunTime:0.005270s ]
INFO: [ view_filter ] --START--
INFO: Run Behavior\WriteHtmlCacheBehavior [ RunTime:0.000222s ]
INFO: [ view_filter ] --END-- [ RunTime:0.000249s ]
INFO: [ app_end ] --START--
INFO: Run Behavior\ShowPageTraceBehavior [ RunTime:0.000522s ]
INFO: [ app_end ] --END-- [ RunTime:0.000551s ]

[ 2017-03-09T16:40:08+08:00 ] 127.0.0.1 /index.php/Mobile/member/remainder.html
INFO: [ app_init ] --START--
INFO: Run Behavior\BuildLiteBehavior [ RunTime:0.000011s ]
INFO: [ app_init ] --END-- [ RunTime:0.000317s ]
INFO: [ app_begin ] --START--
INFO: Run Behavior\ReadHtmlCacheBehavior [ RunTime:0.000478s ]
INFO: [ app_begin ] --END-- [ RunTime:0.000512s ]
SQL: SHOW COLUMNS FROM `vip` [ RunTime:0.0073s ]
SQL: SELECT `remainder`,`business_id` FROM `vip` WHERE `openid` = 'oToCav5pz2onMKIJro8Bf46Awl6c' LIMIT 1   [ RunTime:0.0030s ]
SQL: SHOW COLUMNS FROM `business_set` [ RunTime:0.0082s ]
SQL: SELECT `if_open` FROM `business_set` WHERE `business_id` = 25 AND `type` = 0 LIMIT 1   [ RunTime:0.0035s ]
SQL: SHOW COLUMNS FROM `all_benefit` [ RunTime:0.0127s ]
SQL: SELECT `account` FROM `all_benefit` WHERE `business_id` = 25 AND `type` = 1 ORDER BY account asc  [ RunTime:0.0028s ]
INFO: [ view_parse ] --START--
INFO: [ template_filter ] --START--
INFO: Run Behavior\ContentReplaceBehavior [ RunTime:0.000049s ]
INFO: [ template_filter ] --END-- [ RunTime:0.000081s ]
INFO: Run Behavior\ParseTemplateBehavior [ RunTime:0.005106s ]
INFO: [ view_parse ] --END-- [ RunTime:0.005143s ]
INFO: [ view_filter ] --START--
INFO: Run Behavior\WriteHtmlCacheBehavior [ RunTime:0.000221s ]
INFO: [ view_filter ] --END-- [ RunTime:0.000249s ]
INFO: [ app_end ] --START--
INFO: Run Behavior\ShowPageTraceBehavior [ RunTime:0.000508s ]
INFO: [ app_end ] --END-- [ RunTime:0.000538s ]

[ 2017-03-09T16:40:41+08:00 ] 127.0.0.1 /index.php/mobile/member/index
INFO: [ app_init ] --START--
INFO: Run Behavior\BuildLiteBehavior [ RunTime:0.000012s ]
INFO: [ app_init ] --END-- [ RunTime:0.000358s ]
INFO: [ app_begin ] --START--
INFO: Run Behavior\ReadHtmlCacheBehavior [ RunTime:0.000511s ]
INFO: [ app_begin ] --END-- [ RunTime:0.000547s ]
SQL: SHOW COLUMNS FROM `vip` [ RunTime:0.0300s ]
SQL: SELECT * FROM `vip` WHERE `openid` = 'oToCav5pz2onMKIJro8Bf46Awl6c' LIMIT 1   [ RunTime:0.0168s ]
SQL: SELECT `score` FROM `vip` WHERE `openid` = 'oToCav5pz2onMKIJro8Bf46Awl6c' LIMIT 1   [ RunTime:0.0255s ]
INFO: [ view_parse ] --START--
INFO: [ template_filter ] --START--
INFO: Run Behavior\ContentReplaceBehavior [ RunTime:0.000048s ]
INFO: [ template_filter ] --END-- [ RunTime:0.000088s ]
INFO: Run Behavior\ParseTemplateBehavior [ RunTime:0.005584s ]
INFO: [ view_parse ] --END-- [ RunTime:0.005623s ]
INFO: [ view_filter ] --START--
INFO: Run Behavior\WriteHtmlCacheBehavior [ RunTime:0.000328s ]
INFO: [ view_filter ] --END-- [ RunTime:0.000356s ]
INFO: [ app_end ] --START--
INFO: Run Behavior\ShowPageTraceBehavior [ RunTime:0.000527s ]
INFO: [ app_end ] --END-- [ RunTime:0.000558s ]

[ 2017-03-09T16:40:43+08:00 ] 127.0.0.1 /index.php/Mobile/member/remainder.html
INFO: [ app_init ] --START--
INFO: Run Behavior\BuildLiteBehavior [ RunTime:0.000012s ]
INFO: [ app_init ] --END-- [ RunTime:0.000322s ]
INFO: [ app_begin ] --START--
INFO: Run Behavior\ReadHtmlCacheBehavior [ RunTime:0.000523s ]
INFO: [ app_begin ] --END-- [ RunTime:0.000559s ]
SQL: SHOW COLUMNS FROM `vip` [ RunTime:0.0380s ]
SQL: SELECT `remainder`,`business_id` FROM `vip` WHERE `openid` = 'oToCav5pz2onMKIJro8Bf46Awl6c' LIMIT 1   [ RunTime:0.0120s ]
SQL: SHOW COLUMNS FROM `business_set` [ RunTime:0.0271s ]
SQL: SELECT `if_open` FROM `business_set` WHERE `business_id` = 25 AND `type` = 0 LIMIT 1   [ RunTime:0.0209s ]
SQL: SHOW COLUMNS FROM `all_benefit` [ RunTime:0.0377s ]
SQL: SELECT `account` FROM `all_benefit` WHERE `business_id` = 25 AND `type` = 1 ORDER BY account asc  [ RunTime:0.0388s ]
INFO: [ view_parse ] --START--
INFO: [ template_filter ] --START--
INFO: Run Behavior\ContentReplaceBehavior [ RunTime:0.000050s ]
INFO: [ template_filter ] --END-- [ RunTime:0.000082s ]
INFO: Run Behavior\ParseTemplateBehavior [ RunTime:0.005561s ]
INFO: [ view_parse ] --END-- [ RunTime:0.005601s ]
INFO: [ view_filter ] --START--
INFO: Run Behavior\WriteHtmlCacheBehavior [ RunTime:0.000347s ]
INFO: [ view_filter ] --END-- [ RunTime:0.000377s ]
INFO: [ app_end ] --START--
INFO: Run Behavior\ShowPageTraceBehavior [ RunTime:0.000585s ]
INFO: [ app_end ] --END-- [ RunTime:0.000615s ]

[ 2017-03-09T16:41:54+08:00 ] 127.0.0.1 /index.php/Mobile/member/remainder.html
INFO: [ app_init ] --START--
INFO: Run Behavior\BuildLiteBehavior [ RunTime:0.000012s ]
INFO: [ app_init ] --END-- [ RunTime:0.000327s ]
INFO: [ app_begin ] --START--
INFO: Run Behavior\ReadHtmlCacheBehavior [ RunTime:0.000443s ]
INFO: [ app_begin ] --END-- [ RunTime:0.000477s ]
SQL: SHOW COLUMNS FROM `vip` [ RunTime:0.0071s ]
SQL: SELECT `remainder`,`business_id` FROM `vip` WHERE `openid` = 'oToCav5pz2onMKIJro8Bf46Awl6c' LIMIT 1   [ RunTime:0.0030s ]
SQL: SHOW COLUMNS FROM `business_set` [ RunTime:0.0065s ]
SQL: SELECT `if_open` FROM `business_set` WHERE `business_id` = 25 AND `type` = 0 LIMIT 1   [ RunTime:0.0029s ]
SQL: SHOW COLUMNS FROM `all_benefit` [ RunTime:0.0065s ]
SQL: SELECT `account` FROM `all_benefit` WHERE `business_id` = 25 AND `type` = 1 ORDER BY account asc  [ RunTime:0.0034s ]
INFO: [ view_parse ] --START--
INFO: [ template_filter ] --START--
INFO: Run Behavior\ContentReplaceBehavior [ RunTime:0.000054s ]
INFO: [ template_filter ] --END-- [ RunTime:0.000093s ]
INFO: Run Behavior\ParseTemplateBehavior [ RunTime:0.005524s ]
INFO: [ view_parse ] --END-- [ RunTime:0.005561s ]
INFO: [ view_filter ] --START--
INFO: Run Behavior\WriteHtmlCacheBehavior [ RunTime:0.000228s ]
INFO: [ view_filter ] --END-- [ RunTime:0.000255s ]
INFO: [ app_end ] --START--
INFO: Run Behavior\ShowPageTraceBehavior [ RunTime:0.000526s ]
INFO: [ app_end ] --END-- [ RunTime:0.000554s ]

[ 2017-03-09T16:41:55+08:00 ] 127.0.0.1 /index.php/Mobile/member/remainder.html
INFO: [ app_init ] --START--
INFO: Run Behavior\BuildLiteBehavior [ RunTime:0.000010s ]
INFO: [ app_init ] --END-- [ RunTime:0.000317s ]
INFO: [ app_begin ] --START--
INFO: Run Behavior\ReadHtmlCacheBehavior [ RunTime:0.000471s ]
INFO: [ app_begin ] --END-- [ RunTime:0.000506s ]
SQL: SHOW COLUMNS FROM `vip` [ RunTime:0.0068s ]
SQL: SELECT `remainder`,`business_id` FROM `vip` WHERE `openid` = 'oToCav5pz2onMKIJro8Bf46Awl6c' LIMIT 1   [ RunTime:0.0030s ]
SQL: SHOW COLUMNS FROM `business_set` [ RunTime:0.0062s ]
SQL: SELECT `if_open` FROM `business_set` WHERE `business_id` = 25 AND `type` = 0 LIMIT 1   [ RunTime:0.0029s ]
SQL: SHOW COLUMNS FROM `all_benefit` [ RunTime:0.0067s ]
SQL: SELECT `account` FROM `all_benefit` WHERE `business_id` = 25 AND `type` = 1 ORDER BY account asc  [ RunTime:0.0029s ]
INFO: [ view_parse ] --START--
INFO: [ template_filter ] --START--
INFO: Run Behavior\ContentReplaceBehavior [ RunTime:0.000055s ]
INFO: [ template_filter ] --END-- [ RunTime:0.000092s ]
INFO: Run Behavior\ParseTemplateBehavior [ RunTime:0.005377s ]
INFO: [ view_parse ] --END-- [ RunTime:0.005417s ]
INFO: [ view_filter ] --START--
INFO: Run Behavior\WriteHtmlCacheBehavior [ RunTime:0.000237s ]
INFO: [ view_filter ] --END-- [ RunTime:0.000267s ]
INFO: [ app_end ] --START--
INFO: Run Behavior\ShowPageTraceBehavior [ RunTime:0.000535s ]
INFO: [ app_end ] --END-- [ RunTime:0.000565s ]

[ 2017-03-09T16:41:56+08:00 ] 127.0.0.1 /index.php/Mobile/member/remainder.html
INFO: [ app_init ] --START--
INFO: Run Behavior\BuildLiteBehavior [ RunTime:0.000012s ]
INFO: [ app_init ] --END-- [ RunTime:0.000321s ]
INFO: [ app_begin ] --START--
INFO: Run Behavior\ReadHtmlCacheBehavior [ RunTime:0.000443s ]
INFO: [ app_begin ] --END-- [ RunTime:0.000477s ]
SQL: SHOW COLUMNS FROM `vip` [ RunTime:0.0067s ]
SQL: SELECT `remainder`,`business_id` FROM `vip` WHERE `openid` = 'oToCav5pz2onMKIJro8Bf46Awl6c' LIMIT 1   [ RunTime:0.0032s ]
SQL: SHOW COLUMNS FROM `business_set` [ RunTime:0.0063s ]
SQL: SELECT `if_open` FROM `business_set` WHERE `business_id` = 25 AND `type` = 0 LIMIT 1   [ RunTime:0.0040s ]
SQL: SHOW COLUMNS FROM `all_benefit` [ RunTime:0.0063s ]
SQL: SELECT `account` FROM `all_benefit` WHERE `business_id` = 25 AND `type` = 1 ORDER BY account asc  [ RunTime:0.0083s ]
INFO: [ view_parse ] --START--
INFO: [ template_filter ] --START--
INFO: Run Behavior\ContentReplaceBehavior [ RunTime:0.000053s ]
INFO: [ template_filter ] --END-- [ RunTime:0.000100s ]
INFO: Run Behavior\ParseTemplateBehavior [ RunTime:0.005507s ]
INFO: [ view_parse ] --END-- [ RunTime:0.005547s ]
INFO: [ view_filter ] --START--
INFO: Run Behavior\WriteHtmlCacheBehavior [ RunTime:0.000249s ]
INFO: [ view_filter ] --END-- [ RunTime:0.000277s ]
INFO: [ app_end ] --START--
INFO: Run Behavior\ShowPageTraceBehavior [ RunTime:0.000529s ]
INFO: [ app_end ] --END-- [ RunTime:0.000558s ]

[ 2017-03-09T16:42:17+08:00 ] 127.0.0.1 /index.php/Mobile/member/remainder.html
INFO: [ app_init ] --START--
INFO: Run Behavior\BuildLiteBehavior [ RunTime:0.000011s ]
INFO: [ app_init ] --END-- [ RunTime:0.000320s ]
INFO: [ app_begin ] --START--
INFO: Run Behavior\ReadHtmlCacheBehavior [ RunTime:0.000441s ]
INFO: [ app_begin ] --END-- [ RunTime:0.000476s ]
SQL: SHOW COLUMNS FROM `vip` [ RunTime:0.0070s ]
SQL: SELECT `remainder`,`business_id` FROM `vip` WHERE `openid` = 'oToCav5pz2onMKIJro8Bf46Awl6c' LIMIT 1   [ RunTime:0.0031s ]
SQL: SHOW COLUMNS FROM `business_set` [ RunTime:0.0064s ]
SQL: SELECT `if_open` FROM `business_set` WHERE `business_id` = 25 AND `type` = 0 LIMIT 1   [ RunTime:0.0078s ]
SQL: SHOW COLUMNS FROM `all_benefit` [ RunTime:0.0067s ]
SQL: SELECT `account` FROM `all_benefit` WHERE `business_id` = 25 AND `type` = 1 ORDER BY account asc  [ RunTime:0.0032s ]
INFO: [ view_parse ] --START--
INFO: [ template_filter ] --START--
INFO: Run Behavior\ContentReplaceBehavior [ RunTime:0.000052s ]
INFO: [ template_filter ] --END-- [ RunTime:0.000090s ]
INFO: Run Behavior\ParseTemplateBehavior [ RunTime:0.005484s ]
INFO: [ view_parse ] --END-- [ RunTime:0.005523s ]
INFO: [ view_filter ] --START--
INFO: Run Behavior\WriteHtmlCacheBehavior [ RunTime:0.000301s ]
INFO: [ view_filter ] --END-- [ RunTime:0.000329s ]
INFO: [ app_end ] --START--
INFO: Run Behavior\ShowPageTraceBehavior [ RunTime:0.000503s ]
INFO: [ app_end ] --END-- [ RunTime:0.000533s ]

[ 2017-03-09T16:42:18+08:00 ] 127.0.0.1 /index.php/Mobile/member/remainder.html
INFO: [ app_init ] --START--
INFO: Run Behavior\BuildLiteBehavior [ RunTime:0.000012s ]
INFO: [ app_init ] --END-- [ RunTime:0.000320s ]
INFO: [ app_begin ] --START--
INFO: Run Behavior\ReadHtmlCacheBehavior [ RunTime:0.000438s ]
INFO: [ app_begin ] --END-- [ RunTime:0.000472s ]
SQL: SHOW COLUMNS FROM `vip` [ RunTime:0.0071s ]
SQL: SELECT `remainder`,`business_id` FROM `vip` WHERE `openid` = 'oToCav5pz2onMKIJro8Bf46Awl6c' LIMIT 1   [ RunTime:0.0065s ]
SQL: SHOW COLUMNS FROM `business_set` [ RunTime:0.0063s ]
SQL: SELECT `if_open` FROM `business_set` WHERE `business_id` = 25 AND `type` = 0 LIMIT 1   [ RunTime:0.0029s ]
SQL: SHOW COLUMNS FROM `all_benefit` [ RunTime:0.0069s ]
SQL: SELECT `account` FROM `all_benefit` WHERE `business_id` = 25 AND `type` = 1 ORDER BY account asc  [ RunTime:0.0032s ]
INFO: [ view_parse ] --START--
INFO: [ template_filter ] --START--
INFO: Run Behavior\ContentReplaceBehavior [ RunTime:0.000049s ]
INFO: [ template_filter ] --END-- [ RunTime:0.000083s ]
INFO: Run Behavior\ParseTemplateBehavior [ RunTime:0.005258s ]
INFO: [ view_parse ] --END-- [ RunTime:0.005297s ]
INFO: [ view_filter ] --START--
INFO: Run Behavior\WriteHtmlCacheBehavior [ RunTime:0.000297s ]
INFO: [ view_filter ] --END-- [ RunTime:0.000326s ]
INFO: [ app_end ] --START--
INFO: Run Behavior\ShowPageTraceBehavior [ RunTime:0.000501s ]
INFO: [ app_end ] --END-- [ RunTime:0.000530s ]

[ 2017-03-09T16:43:27+08:00 ] 127.0.0.1 /index.php/Mobile/member/remainder.html
INFO: [ app_init ] --START--
INFO: Run Behavior\BuildLiteBehavior [ RunTime:0.000013s ]
INFO: [ app_init ] --END-- [ RunTime:0.000384s ]
INFO: [ app_begin ] --START--
INFO: Run Behavior\ReadHtmlCacheBehavior [ RunTime:0.000523s ]
INFO: [ app_begin ] --END-- [ RunTime:0.000558s ]
SQL: SHOW COLUMNS FROM `vip` [ RunTime:0.0070s ]
SQL: SELECT `remainder`,`business_id` FROM `vip` WHERE `openid` = 'oToCav5pz2onMKIJro8Bf46Awl6c' LIMIT 1   [ RunTime:0.0032s ]
SQL: SHOW COLUMNS FROM `business_set` [ RunTime:0.0062s ]
SQL: SELECT `if_open` FROM `business_set` WHERE `business_id` = 25 AND `type` = 0 LIMIT 1   [ RunTime:0.0030s ]
SQL: SHOW COLUMNS FROM `all_benefit` [ RunTime:0.0095s ]
SQL: SELECT `account` FROM `all_benefit` WHERE `business_id` = 25 AND `type` = 1 ORDER BY account asc  [ RunTime:0.0039s ]
INFO: [ view_parse ] --START--
INFO: [ template_filter ] --START--
INFO: Run Behavior\ContentReplaceBehavior [ RunTime:0.000052s ]
INFO: [ template_filter ] --END-- [ RunTime:0.000092s ]
INFO: Run Behavior\ParseTemplateBehavior [ RunTime:0.005758s ]
INFO: [ view_parse ] --END-- [ RunTime:0.005798s ]
INFO: [ view_filter ] --START--
INFO: Run Behavior\WriteHtmlCacheBehavior [ RunTime:0.000340s ]
INFO: [ view_filter ] --END-- [ RunTime:0.000368s ]
INFO: [ app_end ] --START--
INFO: Run Behavior\ShowPageTraceBehavior [ RunTime:0.000526s ]
INFO: [ app_end ] --END-- [ RunTime:0.000557s ]

[ 2017-03-09T16:43:29+08:00 ] 127.0.0.1 /index.php/Mobile/member/remainder.html
INFO: [ app_init ] --START--
INFO: Run Behavior\BuildLiteBehavior [ RunTime:0.000012s ]
INFO: [ app_init ] --END-- [ RunTime:0.000321s ]
INFO: [ app_begin ] --START--
INFO: Run Behavior\ReadHtmlCacheBehavior [ RunTime:0.000443s ]
INFO: [ app_begin ] --END-- [ RunTime:0.000478s ]
SQL: SHOW COLUMNS FROM `vip` [ RunTime:0.0081s ]
SQL: SELECT `remainder`,`business_id` FROM `vip` WHERE `openid` = 'oToCav5pz2onMKIJro8Bf46Awl6c' LIMIT 1   [ RunTime:0.0028s ]
SQL: SHOW COLUMNS FROM `business_set` [ RunTime:0.0082s ]
SQL: SELECT `if_open` FROM `business_set` WHERE `business_id` = 25 AND `type` = 0 LIMIT 1   [ RunTime:0.0031s ]
SQL: SHOW COLUMNS FROM `all_benefit` [ RunTime:0.0092s ]
SQL: SELECT `account` FROM `all_benefit` WHERE `business_id` = 25 AND `type` = 1 ORDER BY account asc  [ RunTime:0.0035s ]
INFO: [ view_parse ] --START--
INFO: [ template_filter ] --START--
INFO: Run Behavior\ContentReplaceBehavior [ RunTime:0.000051s ]
INFO: [ template_filter ] --END-- [ RunTime:0.000091s ]
INFO: Run Behavior\ParseTemplateBehavior [ RunTime:0.005737s ]
INFO: [ view_parse ] --END-- [ RunTime:0.005777s ]
INFO: [ view_filter ] --START--
INFO: Run Behavior\WriteHtmlCacheBehavior [ RunTime:0.000303s ]
INFO: [ view_filter ] --END-- [ RunTime:0.000331s ]
INFO: [ app_end ] --START--
INFO: Run Behavior\ShowPageTraceBehavior [ RunTime:0.000546s ]
INFO: [ app_end ] --END-- [ RunTime:0.000577s ]

[ 2017-03-09T16:44:03+08:00 ] 127.0.0.1 /index.php/Mobile/member/remainder.html
INFO: [ app_init ] --START--
INFO: Run Behavior\BuildLiteBehavior [ RunTime:0.000011s ]
INFO: [ app_init ] --END-- [ RunTime:0.000352s ]
INFO: [ app_begin ] --START--
INFO: Run Behavior\ReadHtmlCacheBehavior [ RunTime:0.000513s ]
INFO: [ app_begin ] --END-- [ RunTime:0.000548s ]
SQL: SHOW COLUMNS FROM `vip` [ RunTime:0.0070s ]
SQL: SELECT `remainder`,`business_id` FROM `vip` WHERE `openid` = 'oToCav5pz2onMKIJro8Bf46Awl6c' LIMIT 1   [ RunTime:0.0030s ]
SQL: SHOW COLUMNS FROM `business_set` [ RunTime:0.0056s ]
SQL: SELECT `if_open` FROM `business_set` WHERE `business_id` = 25 AND `type` = 0 LIMIT 1   [ RunTime:0.0031s ]
SQL: SHOW COLUMNS FROM `all_benefit` [ RunTime:0.0069s ]
SQL: SELECT `account` FROM `all_benefit` WHERE `business_id` = 25 AND `type` = 1 ORDER BY account asc  [ RunTime:0.0037s ]
INFO: [ view_parse ] --START--
INFO: [ template_filter ] --START--
INFO: Run Behavior\ContentReplaceBehavior [ RunTime:0.000056s ]
INFO: [ template_filter ] --END-- [ RunTime:0.000103s ]
INFO: Run Behavior\ParseTemplateBehavior [ RunTime:0.005737s ]
INFO: [ view_parse ] --END-- [ RunTime:0.005790s ]
INFO: [ view_filter ] --START--
INFO: Run Behavior\WriteHtmlCacheBehavior [ RunTime:0.000418s ]
INFO: [ view_filter ] --END-- [ RunTime:0.000449s ]
INFO: [ app_end ] --START--
INFO: Run Behavior\ShowPageTraceBehavior [ RunTime:0.000516s ]
INFO: [ app_end ] --END-- [ RunTime:0.000548s ]

[ 2017-03-09T16:44:05+08:00 ] 127.0.0.1 /index.php/Mobile/member/remainder.html
INFO: [ app_init ] --START--
INFO: Run Behavior\BuildLiteBehavior [ RunTime:0.000012s ]
INFO: [ app_init ] --END-- [ RunTime:0.000321s ]
INFO: [ app_begin ] --START--
INFO: Run Behavior\ReadHtmlCacheBehavior [ RunTime:0.000441s ]
INFO: [ app_begin ] --END-- [ RunTime:0.000477s ]
SQL: SHOW COLUMNS FROM `vip` [ RunTime:0.0068s ]
SQL: SELECT `remainder`,`business_id` FROM `vip` WHERE `openid` = 'oToCav5pz2onMKIJro8Bf46Awl6c' LIMIT 1   [ RunTime:0.0036s ]
SQL: SHOW COLUMNS FROM `business_set` [ RunTime:0.0063s ]
SQL: SELECT `if_open` FROM `business_set` WHERE `business_id` = 25 AND `type` = 0 LIMIT 1   [ RunTime:0.0029s ]
SQL: SHOW COLUMNS FROM `all_benefit` [ RunTime:0.0063s ]
SQL: SELECT `account` FROM `all_benefit` WHERE `business_id` = 25 AND `type` = 1 ORDER BY account asc  [ RunTime:0.0025s ]
INFO: [ view_parse ] --START--
INFO: [ template_filter ] --START--
INFO: Run Behavior\ContentReplaceBehavior [ RunTime:0.000048s ]
INFO: [ template_filter ] --END-- [ RunTime:0.000080s ]
INFO: Run Behavior\ParseTemplateBehavior [ RunTime:0.005197s ]
INFO: [ view_parse ] --END-- [ RunTime:0.005236s ]
INFO: [ view_filter ] --START--
INFO: Run Behavior\WriteHtmlCacheBehavior [ RunTime:0.000256s ]
INFO: [ view_filter ] --END-- [ RunTime:0.000284s ]
INFO: [ app_end ] --START--
INFO: Run Behavior\ShowPageTraceBehavior [ RunTime:0.000453s ]
INFO: [ app_end ] --END-- [ RunTime:0.000485s ]

[ 2017-03-09T16:48:41+08:00 ] 127.0.0.1 /index.php/Mobile/member/remainder.html
INFO: [ app_init ] --START--
INFO: Run Behavior\BuildLiteBehavior [ RunTime:0.000012s ]
INFO: [ app_init ] --END-- [ RunTime:0.000389s ]
INFO: [ app_begin ] --START--
INFO: Run Behavior\ReadHtmlCacheBehavior [ RunTime:0.000524s ]
INFO: [ app_begin ] --END-- [ RunTime:0.000559s ]
SQL: SHOW COLUMNS FROM `vip` [ RunTime:0.0085s ]
SQL: SELECT `remainder`,`business_id` FROM `vip` WHERE `openid` = 'oToCav5pz2onMKIJro8Bf46Awl6c' LIMIT 1   [ RunTime:0.0033s ]
SQL: SHOW COLUMNS FROM `business_set` [ RunTime:0.0063s ]
SQL: SELECT `if_open` FROM `business_set` WHERE `business_id` = 25 AND `type` = 0 LIMIT 1   [ RunTime:0.0029s ]
SQL: SHOW COLUMNS FROM `all_benefit` [ RunTime:0.0608s ]
SQL: SELECT `account` FROM `all_benefit` WHERE `business_id` = 25 AND `type` = 1 ORDER BY account asc  [ RunTime:0.0032s ]
INFO: [ view_parse ] --START--
INFO: [ template_filter ] --START--
INFO: Run Behavior\ContentReplaceBehavior [ RunTime:0.000053s ]
INFO: [ template_filter ] --END-- [ RunTime:0.000085s ]
INFO: Run Behavior\ParseTemplateBehavior [ RunTime:0.005520s ]
INFO: [ view_parse ] --END-- [ RunTime:0.005558s ]
INFO: [ view_filter ] --START--
INFO: Run Behavior\WriteHtmlCacheBehavior [ RunTime:0.000321s ]
INFO: [ view_filter ] --END-- [ RunTime:0.000348s ]
INFO: [ app_end ] --START--
INFO: Run Behavior\ShowPageTraceBehavior [ RunTime:0.000526s ]
INFO: [ app_end ] --END-- [ RunTime:0.000556s ]

[ 2017-03-09T16:48:43+08:00 ] 127.0.0.1 /index.php/Mobile/member/remainder.html
INFO: [ app_init ] --START--
INFO: Run Behavior\BuildLiteBehavior [ RunTime:0.000011s ]
INFO: [ app_init ] --END-- [ RunTime:0.000328s ]
INFO: [ app_begin ] --START--
INFO: Run Behavior\ReadHtmlCacheBehavior [ RunTime:0.000442s ]
INFO: [ app_begin ] --END-- [ RunTime:0.000477s ]
SQL: SHOW COLUMNS FROM `vip` [ RunTime:0.0069s ]
SQL: SELECT `remainder`,`business_id` FROM `vip` WHERE `openid` = 'oToCav5pz2onMKIJro8Bf46Awl6c' LIMIT 1   [ RunTime:0.0041s ]
SQL: SHOW COLUMNS FROM `business_set` [ RunTime:0.0061s ]
SQL: SELECT `if_open` FROM `business_set` WHERE `business_id` = 25 AND `type` = 0 LIMIT 1   [ RunTime:0.0028s ]
SQL: SHOW COLUMNS FROM `all_benefit` [ RunTime:0.0072s ]
SQL: SELECT `account` FROM `all_benefit` WHERE `business_id` = 25 AND `type` = 1 ORDER BY account asc  [ RunTime:0.0048s ]
INFO: [ view_parse ] --START--
INFO: [ template_filter ] --START--
INFO: Run Behavior\ContentReplaceBehavior [ RunTime:0.000051s ]
INFO: [ template_filter ] --END-- [ RunTime:0.000091s ]
INFO: Run Behavior\ParseTemplateBehavior [ RunTime:0.005507s ]
INFO: [ view_parse ] --END-- [ RunTime:0.005545s ]
INFO: [ view_filter ] --START--
INFO: Run Behavior\WriteHtmlCacheBehavior [ RunTime:0.000320s ]
INFO: [ view_filter ] --END-- [ RunTime:0.000348s ]
INFO: [ app_end ] --START--
INFO: Run Behavior\ShowPageTraceBehavior [ RunTime:0.000516s ]
INFO: [ app_end ] --END-- [ RunTime:0.000546s ]

[ 2017-03-09T17:01:23+08:00 ] 127.0.0.1 /index.php/Mobile/member/remainder.html
INFO: [ app_init ] --START--
INFO: Run Behavior\BuildLiteBehavior [ RunTime:0.000012s ]
INFO: [ app_init ] --END-- [ RunTime:0.000355s ]
INFO: [ app_begin ] --START--
INFO: Run Behavior\ReadHtmlCacheBehavior [ RunTime:0.000518s ]
INFO: [ app_begin ] --END-- [ RunTime:0.000553s ]
SQL: SHOW COLUMNS FROM `vip` [ RunTime:0.0078s ]
SQL: SELECT `remainder`,`business_id` FROM `vip` WHERE `openid` = 'oToCav5pz2onMKIJro8Bf46Awl6c' LIMIT 1   [ RunTime:0.0029s ]
SQL: SHOW COLUMNS FROM `business_set` [ RunTime:0.0066s ]
SQL: SELECT `if_open` FROM `business_set` WHERE `business_id` = 25 AND `type` = 0 LIMIT 1   [ RunTime:0.0040s ]
SQL: SHOW COLUMNS FROM `all_benefit` [ RunTime:0.0064s ]
SQL: SELECT `account` FROM `all_benefit` WHERE `business_id` = 25 AND `type` = 1 ORDER BY account asc  [ RunTime:0.0035s ]
INFO: [ view_parse ] --START--
INFO: [ template_filter ] --START--
INFO: Run Behavior\ContentReplaceBehavior [ RunTime:0.000056s ]
INFO: [ template_filter ] --END-- [ RunTime:0.000095s ]
INFO: Run Behavior\ParseTemplateBehavior [ RunTime:0.005673s ]
INFO: [ view_parse ] --END-- [ RunTime:0.005713s ]
INFO: [ view_filter ] --START--
INFO: Run Behavior\WriteHtmlCacheBehavior [ RunTime:0.000305s ]
INFO: [ view_filter ] --END-- [ RunTime:0.000332s ]
INFO: [ app_end ] --START--
INFO: Run Behavior\ShowPageTraceBehavior [ RunTime:0.000498s ]
INFO: [ app_end ] --END-- [ RunTime:0.000527s ]

[ 2017-03-09T17:01:25+08:00 ] 127.0.0.1 /index.php/Mobile/member/remainder.html
INFO: [ app_init ] --START--
INFO: Run Behavior\BuildLiteBehavior [ RunTime:0.000011s ]
INFO: [ app_init ] --END-- [ RunTime:0.000324s ]
INFO: [ app_begin ] --START--
INFO: Run Behavior\ReadHtmlCacheBehavior [ RunTime:0.000443s ]
INFO: [ app_begin ] --END-- [ RunTime:0.000479s ]
SQL: SHOW COLUMNS FROM `vip` [ RunTime:0.0076s ]
SQL: SELECT `remainder`,`business_id` FROM `vip` WHERE `openid` = 'oToCav5pz2onMKIJro8Bf46Awl6c' LIMIT 1   [ RunTime:0.0035s ]
SQL: SHOW COLUMNS FROM `business_set` [ RunTime:0.0062s ]
SQL: SELECT `if_open` FROM `business_set` WHERE `business_id` = 25 AND `type` = 0 LIMIT 1   [ RunTime:0.0060s ]
SQL: SHOW COLUMNS FROM `all_benefit` [ RunTime:0.0062s ]
SQL: SELECT `account` FROM `all_benefit` WHERE `business_id` = 25 AND `type` = 1 ORDER BY account asc  [ RunTime:0.0029s ]
INFO: [ view_parse ] --START--
INFO: [ template_filter ] --START--
INFO: Run Behavior\ContentReplaceBehavior [ RunTime:0.000052s ]
INFO: [ template_filter ] --END-- [ RunTime:0.000088s ]
INFO: Run Behavior\ParseTemplateBehavior [ RunTime:0.005181s ]
INFO: [ view_parse ] --END-- [ RunTime:0.005221s ]
INFO: [ view_filter ] --START--
INFO: Run Behavior\WriteHtmlCacheBehavior [ RunTime:0.000229s ]
INFO: [ view_filter ] --END-- [ RunTime:0.000257s ]
INFO: [ app_end ] --START--
INFO: Run Behavior\ShowPageTraceBehavior [ RunTime:0.000440s ]
INFO: [ app_end ] --END-- [ RunTime:0.000469s ]

[ 2017-03-09T17:01:26+08:00 ] 127.0.0.1 /index.php/Mobile/member/remainder.html
INFO: [ app_init ] --START--
INFO: Run Behavior\BuildLiteBehavior [ RunTime:0.000010s ]
INFO: [ app_init ] --END-- [ RunTime:0.000318s ]
INFO: [ app_begin ] --START--
INFO: Run Behavior\ReadHtmlCacheBehavior [ RunTime:0.000440s ]
INFO: [ app_begin ] --END-- [ RunTime:0.000474s ]
SQL: SHOW COLUMNS FROM `vip` [ RunTime:0.0068s ]
SQL: SELECT `remainder`,`business_id` FROM `vip` WHERE `openid` = 'oToCav5pz2onMKIJro8Bf46Awl6c' LIMIT 1   [ RunTime:0.0027s ]
SQL: SHOW COLUMNS FROM `business_set` [ RunTime:0.0065s ]
SQL: SELECT `if_open` FROM `business_set` WHERE `business_id` = 25 AND `type` = 0 LIMIT 1   [ RunTime:0.0029s ]
SQL: SHOW COLUMNS FROM `all_benefit` [ RunTime:0.0065s ]
SQL: SELECT `account` FROM `all_benefit` WHERE `business_id` = 25 AND `type` = 1 ORDER BY account asc  [ RunTime:0.0029s ]
INFO: [ view_parse ] --START--
INFO: [ template_filter ] --START--
INFO: Run Behavior\ContentReplaceBehavior [ RunTime:0.000051s ]
INFO: [ template_filter ] --END-- [ RunTime:0.000083s ]
INFO: Run Behavior\ParseTemplateBehavior [ RunTime:0.005092s ]
INFO: [ view_parse ] --END-- [ RunTime:0.005129s ]
INFO: [ view_filter ] --START--
INFO: Run Behavior\WriteHtmlCacheBehavior [ RunTime:0.000221s ]
INFO: [ view_filter ] --END-- [ RunTime:0.000248s ]
INFO: [ app_end ] --START--
INFO: Run Behavior\ShowPageTraceBehavior [ RunTime:0.000432s ]
INFO: [ app_end ] --END-- [ RunTime:0.000461s ]

[ 2017-03-09T17:01:33+08:00 ] 127.0.0.1 /index.php/Mobile/member/remainder.html
INFO: [ app_init ] --START--
INFO: Run Behavior\BuildLiteBehavior [ RunTime:0.000011s ]
INFO: [ app_init ] --END-- [ RunTime:0.000347s ]
INFO: [ app_begin ] --START--
INFO: Run Behavior\ReadHtmlCacheBehavior [ RunTime:0.000504s ]
INFO: [ app_begin ] --END-- [ RunTime:0.000539s ]
SQL: SHOW COLUMNS FROM `vip` [ RunTime:0.0068s ]
SQL: SELECT `remainder`,`business_id` FROM `vip` WHERE `openid` = 'oToCav5pz2onMKIJro8Bf46Awl6c' LIMIT 1   [ RunTime:0.0042s ]
SQL: SHOW COLUMNS FROM `business_set` [ RunTime:0.0063s ]
SQL: SELECT `if_open` FROM `business_set` WHERE `business_id` = 25 AND `type` = 0 LIMIT 1   [ RunTime:0.0029s ]
SQL: SHOW COLUMNS FROM `all_benefit` [ RunTime:0.0064s ]
SQL: SELECT `account` FROM `all_benefit` WHERE `business_id` = 25 AND `type` = 1 ORDER BY account asc  [ RunTime:0.0131s ]
INFO: [ view_parse ] --START--
INFO: [ template_filter ] --START--
INFO: Run Behavior\ContentReplaceBehavior [ RunTime:0.000051s ]
INFO: [ template_filter ] --END-- [ RunTime:0.000086s ]
INFO: Run Behavior\ParseTemplateBehavior [ RunTime:0.005538s ]
INFO: [ view_parse ] --END-- [ RunTime:0.005578s ]
INFO: [ view_filter ] --START--
INFO: Run Behavior\WriteHtmlCacheBehavior [ RunTime:0.000322s ]
INFO: [ view_filter ] --END-- [ RunTime:0.000350s ]
INFO: [ app_end ] --START--
INFO: Run Behavior\ShowPageTraceBehavior [ RunTime:0.000526s ]
INFO: [ app_end ] --END-- [ RunTime:0.000556s ]

[ 2017-03-09T17:01:34+08:00 ] 127.0.0.1 /index.php/Mobile/member/remainder.html
INFO: [ app_init ] --START--
INFO: Run Behavior\BuildLiteBehavior [ RunTime:0.000011s ]
INFO: [ app_init ] --END-- [ RunTime:0.000319s ]
INFO: [ app_begin ] --START--
INFO: Run Behavior\ReadHtmlCacheBehavior [ RunTime:0.000440s ]
INFO: [ app_begin ] --END-- [ RunTime:0.000474s ]
SQL: SHOW COLUMNS FROM `vip` [ RunTime:0.0067s ]
SQL: SELECT `remainder`,`business_id` FROM `vip` WHERE `openid` = 'oToCav5pz2onMKIJro8Bf46Awl6c' LIMIT 1   [ RunTime:0.0029s ]
SQL: SHOW COLUMNS FROM `business_set` [ RunTime:0.0090s ]
SQL: SELECT `if_open` FROM `business_set` WHERE `business_id` = 25 AND `type` = 0 LIMIT 1   [ RunTime:0.0042s ]
SQL: SHOW COLUMNS FROM `all_benefit` [ RunTime:0.0062s ]
SQL: SELECT `account` FROM `all_benefit` WHERE `business_id` = 25 AND `type` = 1 ORDER BY account asc  [ RunTime:0.0031s ]
INFO: [ view_parse ] --START--
INFO: [ template_filter ] --START--
INFO: Run Behavior\ContentReplaceBehavior [ RunTime:0.000056s ]
INFO: [ template_filter ] --END-- [ RunTime:0.000090s ]
INFO: Run Behavior\ParseTemplateBehavior [ RunTime:0.005259s ]
INFO: [ view_parse ] --END-- [ RunTime:0.005299s ]
INFO: [ view_filter ] --START--
INFO: Run Behavior\WriteHtmlCacheBehavior [ RunTime:0.000310s ]
INFO: [ view_filter ] --END-- [ RunTime:0.000337s ]
INFO: [ app_end ] --START--
INFO: Run Behavior\ShowPageTraceBehavior [ RunTime:0.000507s ]
INFO: [ app_end ] --END-- [ RunTime:0.000536s ]

[ 2017-03-09T17:01:34+08:00 ] 127.0.0.1 /index.php/Mobile/member/remainder.html
INFO: [ app_init ] --START--
INFO: Run Behavior\BuildLiteBehavior [ RunTime:0.000010s ]
INFO: [ app_init ] --END-- [ RunTime:0.000317s ]
INFO: [ app_begin ] --START--
INFO: Run Behavior\ReadHtmlCacheBehavior [ RunTime:0.000445s ]
INFO: [ app_begin ] --END-- [ RunTime:0.000477s ]
SQL: SHOW COLUMNS FROM `vip` [ RunTime:0.0082s ]
SQL: SELECT `remainder`,`business_id` FROM `vip` WHERE `openid` = 'oToCav5pz2onMKIJro8Bf46Awl6c' LIMIT 1   [ RunTime:0.0030s ]
SQL: SHOW COLUMNS FROM `business_set` [ RunTime:0.0063s ]
SQL: SELECT `if_open` FROM `business_set` WHERE `business_id` = 25 AND `type` = 0 LIMIT 1   [ RunTime:0.0029s ]
SQL: SHOW COLUMNS FROM `all_benefit` [ RunTime:0.0066s ]
SQL: SELECT `account` FROM `all_benefit` WHERE `business_id` = 25 AND `type` = 1 ORDER BY account asc  [ RunTime:0.0029s ]
INFO: [ view_parse ] --START--
INFO: [ template_filter ] --START--
INFO: Run Behavior\ContentReplaceBehavior [ RunTime:0.000055s ]
INFO: [ template_filter ] --END-- [ RunTime:0.000093s ]
INFO: Run Behavior\ParseTemplateBehavior [ RunTime:0.005316s ]
INFO: [ view_parse ] --END-- [ RunTime:0.005355s ]
INFO: [ view_filter ] --START--
INFO: Run Behavior\WriteHtmlCacheBehavior [ RunTime:0.000313s ]
INFO: [ view_filter ] --END-- [ RunTime:0.000342s ]
INFO: [ app_end ] --START--
INFO: Run Behavior\ShowPageTraceBehavior [ RunTime:0.000515s ]
INFO: [ app_end ] --END-- [ RunTime:0.000545s ]

[ 2017-03-09T17:02:46+08:00 ] 127.0.0.1 /index.php/Mobile/member/remainder.html
INFO: [ app_init ] --START--
INFO: Run Behavior\BuildLiteBehavior [ RunTime:0.000013s ]
INFO: [ app_init ] --END-- [ RunTime:0.000361s ]
INFO: [ app_begin ] --START--
INFO: Run Behavior\ReadHtmlCacheBehavior [ RunTime:0.000666s ]
INFO: [ app_begin ] --END-- [ RunTime:0.000704s ]
SQL: SHOW COLUMNS FROM `vip` [ RunTime:0.0440s ]
SQL: SELECT `remainder`,`business_id` FROM `vip` WHERE `openid` = 'oToCav5pz2onMKIJro8Bf46Awl6c' LIMIT 1   [ RunTime:0.0354s ]
SQL: SHOW COLUMNS FROM `business_set` [ RunTime:0.0202s ]
SQL: SELECT `if_open` FROM `business_set` WHERE `business_id` = 25 AND `type` = 0 LIMIT 1   [ RunTime:0.0177s ]
SQL: SHOW COLUMNS FROM `all_benefit` [ RunTime:0.0084s ]
SQL: SELECT `account` FROM `all_benefit` WHERE `business_id` = 25 AND `type` = 1 ORDER BY account asc  [ RunTime:0.0085s ]
INFO: [ view_parse ] --START--
INFO: [ template_filter ] --START--
INFO: Run Behavior\ContentReplaceBehavior [ RunTime:0.000050s ]
INFO: [ template_filter ] --END-- [ RunTime:0.000082s ]
INFO: Run Behavior\ParseTemplateBehavior [ RunTime:0.005737s ]
INFO: [ view_parse ] --END-- [ RunTime:0.005776s ]
INFO: [ view_filter ] --START--
INFO: Run Behavior\WriteHtmlCacheBehavior [ RunTime:0.000360s ]
INFO: [ view_filter ] --END-- [ RunTime:0.000389s ]
INFO: [ app_end ] --START--
INFO: Run Behavior\ShowPageTraceBehavior [ RunTime:0.000533s ]
INFO: [ app_end ] --END-- [ RunTime:0.000562s ]

[ 2017-03-09T17:02:47+08:00 ] 127.0.0.1 /index.php/Mobile/member/remainder.html
INFO: [ app_init ] --START--
INFO: Run Behavior\BuildLiteBehavior [ RunTime:0.000011s ]
INFO: [ app_init ] --END-- [ RunTime:0.000344s ]
INFO: [ app_begin ] --START--
INFO: Run Behavior\ReadHtmlCacheBehavior [ RunTime:0.000448s ]
INFO: [ app_begin ] --END-- [ RunTime:0.000482s ]
SQL: SHOW COLUMNS FROM `vip` [ RunTime:0.0592s ]
SQL: SELECT `remainder`,`business_id` FROM `vip` WHERE `openid` = 'oToCav5pz2onMKIJro8Bf46Awl6c' LIMIT 1   [ RunTime:0.0550s ]
SQL: SHOW COLUMNS FROM `business_set` [ RunTime:0.0463s ]
SQL: SELECT `if_open` FROM `business_set` WHERE `business_id` = 25 AND `type` = 0 LIMIT 1   [ RunTime:0.0616s ]
SQL: SHOW COLUMNS FROM `all_benefit` [ RunTime:0.0715s ]
SQL: SELECT `account` FROM `all_benefit` WHERE `business_id` = 25 AND `type` = 1 ORDER BY account asc  [ RunTime:0.0480s ]
INFO: [ view_parse ] --START--
INFO: [ template_filter ] --START--
INFO: Run Behavior\ContentReplaceBehavior [ RunTime:0.000050s ]
INFO: [ template_filter ] --END-- [ RunTime:0.000082s ]
INFO: Run Behavior\ParseTemplateBehavior [ RunTime:0.005443s ]
INFO: [ view_parse ] --END-- [ RunTime:0.005482s ]
INFO: [ view_filter ] --START--
INFO: Run Behavior\WriteHtmlCacheBehavior [ RunTime:0.000306s ]
INFO: [ view_filter ] --END-- [ RunTime:0.000333s ]
INFO: [ app_end ] --START--
INFO: Run Behavior\ShowPageTraceBehavior [ RunTime:0.000515s ]
INFO: [ app_end ] --END-- [ RunTime:0.000544s ]

[ 2017-03-09T17:02:48+08:00 ] 127.0.0.1 /index.php/Mobile/member/remainder.html
INFO: [ app_init ] --START--
INFO: Run Behavior\BuildLiteBehavior [ RunTime:0.000011s ]
INFO: [ app_init ] --END-- [ RunTime:0.000343s ]
INFO: [ app_begin ] --START--
INFO: Run Behavior\ReadHtmlCacheBehavior [ RunTime:0.000446s ]
INFO: [ app_begin ] --END-- [ RunTime:0.000481s ]
SQL: SHOW COLUMNS FROM `vip` [ RunTime:0.0176s ]
SQL: SELECT `remainder`,`business_id` FROM `vip` WHERE `openid` = 'oToCav5pz2onMKIJro8Bf46Awl6c' LIMIT 1   [ RunTime:0.0086s ]
SQL: SHOW COLUMNS FROM `business_set` [ RunTime:0.0124s ]
SQL: SELECT `if_open` FROM `business_set` WHERE `business_id` = 25 AND `type` = 0 LIMIT 1   [ RunTime:0.0076s ]
SQL: SHOW COLUMNS FROM `all_benefit` [ RunTime:0.0081s ]
SQL: SELECT `account` FROM `all_benefit` WHERE `business_id` = 25 AND `type` = 1 ORDER BY account asc  [ RunTime:0.0317s ]
INFO: [ view_parse ] --START--
INFO: [ template_filter ] --START--
INFO: Run Behavior\ContentReplaceBehavior [ RunTime:0.000051s ]
INFO: [ template_filter ] --END-- [ RunTime:0.000102s ]
INFO: Run Behavior\ParseTemplateBehavior [ RunTime:0.005602s ]
INFO: [ view_parse ] --END-- [ RunTime:0.005642s ]
INFO: [ view_filter ] --START--
INFO: Run Behavior\WriteHtmlCacheBehavior [ RunTime:0.000343s ]
INFO: [ view_filter ] --END-- [ RunTime:0.000372s ]
INFO: [ app_end ] --START--
INFO: Run Behavior\ShowPageTraceBehavior [ RunTime:0.000578s ]
INFO: [ app_end ] --END-- [ RunTime:0.000608s ]

[ 2017-03-09T17:03:18+08:00 ] 127.0.0.1 /index.php/Mobile/member/remainder.html
INFO: [ app_init ] --START--
INFO: Run Behavior\BuildLiteBehavior [ RunTime:0.000011s ]
INFO: [ app_init ] --END-- [ RunTime:0.000344s ]
INFO: [ app_begin ] --START--
INFO: Run Behavior\ReadHtmlCacheBehavior [ RunTime:0.000503s ]
INFO: [ app_begin ] --END-- [ RunTime:0.000538s ]
SQL: SHOW COLUMNS FROM `vip` [ RunTime:0.0085s ]
SQL: SELECT `remainder`,`business_id` FROM `vip` WHERE `openid` = 'oToCav5pz2onMKIJro8Bf46Awl6c' LIMIT 1   [ RunTime:0.0027s ]
SQL: SHOW COLUMNS FROM `business_set` [ RunTime:0.0065s ]
SQL: SELECT `if_open` FROM `business_set` WHERE `business_id` = 25 AND `type` = 0 LIMIT 1   [ RunTime:0.0040s ]
SQL: SHOW COLUMNS FROM `all_benefit` [ RunTime:0.0066s ]
SQL: SELECT `account` FROM `all_benefit` WHERE `business_id` = 25 AND `type` = 1 ORDER BY account asc  [ RunTime:0.0051s ]
INFO: [ view_parse ] --START--
INFO: [ template_filter ] --START--
INFO: Run Behavior\ContentReplaceBehavior [ RunTime:0.000050s ]
INFO: [ template_filter ] --END-- [ RunTime:0.000083s ]
INFO: Run Behavior\ParseTemplateBehavior [ RunTime:0.005506s ]
INFO: [ view_parse ] --END-- [ RunTime:0.005545s ]
INFO: [ view_filter ] --START--
INFO: Run Behavior\WriteHtmlCacheBehavior [ RunTime:0.000319s ]
INFO: [ view_filter ] --END-- [ RunTime:0.000347s ]
INFO: [ app_end ] --START--
INFO: Run Behavior\ShowPageTraceBehavior [ RunTime:0.000523s ]
INFO: [ app_end ] --END-- [ RunTime:0.000553s ]

[ 2017-03-09T17:03:25+08:00 ] 127.0.0.1 /index.php/Mobile/member/remainder.html
INFO: [ app_init ] --START--
INFO: Run Behavior\BuildLiteBehavior [ RunTime:0.000013s ]
INFO: [ app_init ] --END-- [ RunTime:0.000344s ]
INFO: [ app_begin ] --START--
INFO: Run Behavior\ReadHtmlCacheBehavior [ RunTime:0.000450s ]
INFO: [ app_begin ] --END-- [ RunTime:0.000485s ]
SQL: SHOW COLUMNS FROM `vip` [ RunTime:0.0080s ]
SQL: SELECT `remainder`,`business_id` FROM `vip` WHERE `openid` = 'oToCav5pz2onMKIJro8Bf46Awl6c' LIMIT 1   [ RunTime:0.0077s ]
SQL: SHOW COLUMNS FROM `business_set` [ RunTime:0.0066s ]
SQL: SELECT `if_open` FROM `business_set` WHERE `business_id` = 25 AND `type` = 0 LIMIT 1   [ RunTime:0.0066s ]
SQL: SHOW COLUMNS FROM `all_benefit` [ RunTime:0.0074s ]
SQL: SELECT `account` FROM `all_benefit` WHERE `business_id` = 25 AND `type` = 1 ORDER BY account asc  [ RunTime:0.0032s ]
INFO: [ view_parse ] --START--
INFO: [ template_filter ] --START--
INFO: Run Behavior\ContentReplaceBehavior [ RunTime:0.000051s ]
INFO: [ template_filter ] --END-- [ RunTime:0.000088s ]
INFO: Run Behavior\ParseTemplateBehavior [ RunTime:0.005413s ]
INFO: [ view_parse ] --END-- [ RunTime:0.005451s ]
INFO: [ view_filter ] --START--
INFO: Run Behavior\WriteHtmlCacheBehavior [ RunTime:0.000302s ]
INFO: [ view_filter ] --END-- [ RunTime:0.000330s ]
INFO: [ app_end ] --START--
INFO: Run Behavior\ShowPageTraceBehavior [ RunTime:0.000519s ]
INFO: [ app_end ] --END-- [ RunTime:0.000549s ]

[ 2017-03-09T17:06:28+08:00 ] 127.0.0.1 /index.php/Mobile/member/remainder.html
INFO: [ app_init ] --START--
INFO: Run Behavior\BuildLiteBehavior [ RunTime:0.000011s ]
INFO: [ app_init ] --END-- [ RunTime:0.000356s ]
INFO: [ app_begin ] --START--
INFO: Run Behavior\ReadHtmlCacheBehavior [ RunTime:0.000517s ]
INFO: [ app_begin ] --END-- [ RunTime:0.000552s ]
SQL: SHOW COLUMNS FROM `vip` [ RunTime:0.0068s ]
SQL: SELECT `remainder`,`business_id` FROM `vip` WHERE `openid` = 'oToCav5pz2onMKIJro8Bf46Awl6c' LIMIT 1   [ RunTime:0.0035s ]
SQL: SHOW COLUMNS FROM `business_set` [ RunTime:0.0085s ]
SQL: SELECT `if_open` FROM `business_set` WHERE `business_id` = 25 AND `type` = 0 LIMIT 1   [ RunTime:0.0027s ]
SQL: SHOW COLUMNS FROM `all_benefit` [ RunTime:0.0071s ]
SQL: SELECT `account` FROM `all_benefit` WHERE `business_id` = 25 AND `type` = 1 ORDER BY account asc  [ RunTime:0.0043s ]
INFO: [ view_parse ] --START--
INFO: [ template_filter ] --START--
INFO: Run Behavior\ContentReplaceBehavior [ RunTime:0.000053s ]
INFO: [ template_filter ] --END-- [ RunTime:0.000090s ]
INFO: Run Behavior\ParseTemplateBehavior [ RunTime:0.005773s ]
INFO: [ view_parse ] --END-- [ RunTime:0.005816s ]
INFO: [ view_filter ] --START--
INFO: Run Behavior\WriteHtmlCacheBehavior [ RunTime:0.000363s ]
INFO: [ view_filter ] --END-- [ RunTime:0.000393s ]
INFO: [ app_end ] --START--
INFO: Run Behavior\ShowPageTraceBehavior [ RunTime:0.000557s ]
INFO: [ app_end ] --END-- [ RunTime:0.000588s ]

[ 2017-03-09T17:06:30+08:00 ] 127.0.0.1 /index.php/Mobile/member/remainder.html
INFO: [ app_init ] --START--
INFO: Run Behavior\BuildLiteBehavior [ RunTime:0.000012s ]
INFO: [ app_init ] --END-- [ RunTime:0.000338s ]
INFO: [ app_begin ] --START--
INFO: Run Behavior\ReadHtmlCacheBehavior [ RunTime:0.000447s ]
INFO: [ app_begin ] --END-- [ RunTime:0.000482s ]
SQL: SHOW COLUMNS FROM `vip` [ RunTime:0.0067s ]
SQL: SELECT `remainder`,`business_id` FROM `vip` WHERE `openid` = 'oToCav5pz2onMKIJro8Bf46Awl6c' LIMIT 1   [ RunTime:0.0029s ]
SQL: SHOW COLUMNS FROM `business_set` [ RunTime:0.0070s ]
SQL: SELECT `if_open` FROM `business_set` WHERE `business_id` = 25 AND `type` = 0 LIMIT 1   [ RunTime:0.0029s ]
SQL: SHOW COLUMNS FROM `all_benefit` [ RunTime:0.0065s ]
SQL: SELECT `account` FROM `all_benefit` WHERE `business_id` = 25 AND `type` = 1 ORDER BY account asc  [ RunTime:0.0028s ]
INFO: [ view_parse ] --START--
INFO: [ template_filter ] --START--
INFO: Run Behavior\ContentReplaceBehavior [ RunTime:0.000049s ]
INFO: [ template_filter ] --END-- [ RunTime:0.000082s ]
INFO: Run Behavior\ParseTemplateBehavior [ RunTime:0.005212s ]
INFO: [ view_parse ] --END-- [ RunTime:0.005251s ]
INFO: [ view_filter ] --START--
INFO: Run Behavior\WriteHtmlCacheBehavior [ RunTime:0.000298s ]
INFO: [ view_filter ] --END-- [ RunTime:0.000326s ]
INFO: [ app_end ] --START--
INFO: Run Behavior\ShowPageTraceBehavior [ RunTime:0.000511s ]
INFO: [ app_end ] --END-- [ RunTime:0.000541s ]

[ 2017-03-09T17:06:32+08:00 ] 127.0.0.1 /index.php/Mobile/Member/pre_pay/
INFO: [ app_init ] --START--
INFO: Run Behavior\BuildLiteBehavior [ RunTime:0.000010s ]
INFO: [ app_init ] --END-- [ RunTime:0.000309s ]
INFO: [ app_begin ] --START--
INFO: Run Behavior\ReadHtmlCacheBehavior [ RunTime:0.000434s ]
INFO: [ app_begin ] --END-- [ RunTime:0.000466s ]
SQL: SHOW COLUMNS FROM `prepaid_order` [ RunTime:0.0066s ]
SQL: SELECT COUNT(*) AS tp_count FROM `prepaid_order` WHERE `add_time` BETWEEN 1488988800 AND 1489075199 AND `vip_id` = 16 LIMIT 1   [ RunTime:0.0030s ]
SQL: INSERT INTO `prepaid_order` (`order_sn`,`add_time`,`total_amount`,`vip_id`) VALUES ('DC0001617030917063200001','1489050392','200.00','16') [ RunTime:0.0460s ]

[ 2017-03-09T17:06:32+08:00 ] 127.0.0.1 /index.php/mobile/WxPay/wxPrepaid/order_sn/DC0001617030917063200001/wx_prepaid_flag/weixin
INFO: [ app_init ] --START--
INFO: Run Behavior\BuildLiteBehavior [ RunTime:0.000011s ]
INFO: [ app_init ] --END-- [ RunTime:0.000342s ]
INFO: [ app_begin ] --START--
INFO: Run Behavior\ReadHtmlCacheBehavior [ RunTime:0.000456s ]
INFO: [ app_begin ] --END-- [ RunTime:0.000490s ]

[ 2017-03-09T17:06:46+08:00 ] 127.0.0.1 /index.php/Mobile/Member/pre_pay/
INFO: [ app_init ] --START--
INFO: Run Behavior\BuildLiteBehavior [ RunTime:0.000011s ]
INFO: [ app_init ] --END-- [ RunTime:0.000347s ]
INFO: [ app_begin ] --START--
INFO: Run Behavior\ReadHtmlCacheBehavior [ RunTime:0.000507s ]
INFO: [ app_begin ] --END-- [ RunTime:0.000541s ]
SQL: SHOW COLUMNS FROM `prepaid_order` [ RunTime:0.0068s ]
SQL: SELECT COUNT(*) AS tp_count FROM `prepaid_order` WHERE `add_time` BETWEEN 1488988800 AND 1489075199 AND `vip_id` = 16 LIMIT 1   [ RunTime:0.0032s ]
SQL: INSERT INTO `prepaid_order` (`order_sn`,`add_time`,`total_amount`,`vip_id`) VALUES ('DC0001617030917064600002','1489050406','300.00','16') [ RunTime:0.0656s ]

[ 2017-03-09T17:06:47+08:00 ] 127.0.0.1 /index.php/mobile/WxPay/wxPrepaid/order_sn/DC0001617030917064600002/wx_prepaid_flag/weixin
INFO: [ app_init ] --START--
INFO: Run Behavior\BuildLiteBehavior [ RunTime:0.000012s ]
INFO: [ app_init ] --END-- [ RunTime:0.000431s ]
INFO: [ app_begin ] --START--
INFO: Run Behavior\ReadHtmlCacheBehavior [ RunTime:0.000447s ]
INFO: [ app_begin ] --END-- [ RunTime:0.000481s ]

[ 2017-03-09T17:07:21+08:00 ] 127.0.0.1 /index.php/Mobile/Member/touchBalance/total_money/50.02
INFO: [ app_init ] --START--
INFO: Run Behavior\BuildLiteBehavior [ RunTime:0.000014s ]
INFO: [ app_init ] --END-- [ RunTime:0.000630s ]
INFO: [ app_begin ] --START--
INFO: Run Behavior\ReadHtmlCacheBehavior [ RunTime:0.000485s ]
INFO: [ app_begin ] --END-- [ RunTime:0.000522s ]
SQL: SHOW COLUMNS FROM `order` [ RunTime:0.0071s ]
SQL: SELECT * FROM `order` WHERE `vip_id` = 16 AND `pay_type` = 4 AND `order_status` IN ('3','11','12') AND `pay_time` BETWEEN 1480521600 AND -1 ORDER BY pay_time desc  [ RunTime:0.0272s ]
SQL: SELECT * FROM `order` WHERE `vip_id` = 16 AND `pay_type` = 4 AND `order_status` IN ('3','11','12') AND `pay_time` BETWEEN 1477929600 AND 1480521599 ORDER BY pay_time desc  [ RunTime:0.0214s ]
SQL: SELECT * FROM `order` WHERE `vip_id` = 16 AND `pay_type` = 4 AND `order_status` IN ('3','11','12') AND `pay_time` BETWEEN 1475251200 AND 1477929599 ORDER BY pay_time desc  [ RunTime:0.0177s ]
SQL: SELECT * FROM `order` WHERE `vip_id` = 16 AND `pay_type` = 4 AND `order_status` IN ('3','11','12') AND `pay_time` BETWEEN 1472659200 AND 1475251199 ORDER BY pay_time desc  [ RunTime:0.0186s ]
SQL: SELECT * FROM `order` WHERE `vip_id` = 16 AND `pay_type` = 4 AND `order_status` IN ('3','11','12') AND `pay_time` BETWEEN 1469980800 AND 1472659199 ORDER BY pay_time desc  [ RunTime:0.0173s ]
SQL: SELECT * FROM `order` WHERE `vip_id` = 16 AND `pay_type` = 4 AND `order_status` IN ('3','11','12') AND `pay_time` BETWEEN 1467302400 AND 1469980799 ORDER BY pay_time desc  [ RunTime:0.0182s ]
SQL: SELECT * FROM `order` WHERE `vip_id` = 16 AND `pay_type` = 4 AND `order_status` IN ('3','11','12') AND `pay_time` BETWEEN 1464710400 AND 1467302399 ORDER BY pay_time desc  [ RunTime:0.0172s ]
SQL: SELECT * FROM `order` WHERE `vip_id` = 16 AND `pay_type` = 4 AND `order_status` IN ('3','11','12') AND `pay_time` BETWEEN 1462032000 AND 1464710399 ORDER BY pay_time desc  [ RunTime:0.0170s ]
SQL: SELECT * FROM `order` WHERE `vip_id` = 16 AND `pay_type` = 4 AND `order_status` IN ('3','11','12') AND `pay_time` BETWEEN 1459440000 AND 1462031999 ORDER BY pay_time desc  [ RunTime:0.0174s ]
SQL: SELECT * FROM `order` WHERE `vip_id` = 16 AND `pay_type` = 4 AND `order_status` IN ('3','11','12') AND `pay_time` BETWEEN 1456761600 AND 1459439999 ORDER BY pay_time desc  [ RunTime:0.0172s ]
SQL: SELECT * FROM `order` WHERE `vip_id` = 16 AND `pay_type` = 4 AND `order_status` IN ('3','11','12') AND `pay_time` BETWEEN 1488297600 AND 1490975999 ORDER BY pay_time desc  [ RunTime:0.0173s ]
SQL: SELECT * FROM `order` WHERE `vip_id` = 16 AND `pay_type` = 4 AND `order_status` IN ('3','11','12') AND `pay_time` BETWEEN 1485878400 AND 1488297599 ORDER BY pay_time desc  [ RunTime:0.0172s ]
SQL: SELECT * FROM `order` WHERE `vip_id` = 16 AND `pay_type` = 4 AND `order_status` IN ('3','11','12') AND `pay_time` BETWEEN 1483200000 AND 1485878399 ORDER BY pay_time desc  [ RunTime:0.0172s ]
INFO: [ view_parse ] --START--
INFO: [ template_filter ] --START--
INFO: Run Behavior\ContentReplaceBehavior [ RunTime:0.000042s ]
INFO: [ template_filter ] --END-- [ RunTime:0.000080s ]
INFO: Run Behavior\ParseTemplateBehavior [ RunTime:0.006352s ]
INFO: [ view_parse ] --END-- [ RunTime:0.006393s ]
INFO: [ view_filter ] --START--
INFO: Run Behavior\WriteHtmlCacheBehavior [ RunTime:0.000312s ]
INFO: [ view_filter ] --END-- [ RunTime:0.000340s ]
INFO: [ app_end ] --START--
INFO: Run Behavior\ShowPageTraceBehavior [ RunTime:0.000515s ]
INFO: [ app_end ] --END-- [ RunTime:0.000546s ]

