[ 2017-05-12T19:04:29+08:00 ] 127.0.0.1 /index.php/home/index/index.html
INFO: [ app_init ] --START--
INFO: Run Behavior\BuildLiteBehavior [ RunTime:0.000026s ]
INFO: [ app_init ] --END-- [ RunTime:0.000596s ]
INFO: [ app_begin ] --START--
INFO: Run Behavior\ReadHtmlCacheBehavior [ RunTime:0.000975s ]
INFO: [ app_begin ] --END-- [ RunTime:0.001061s ]
SQL: SHOW COLUMNS FROM `device` [ RunTime:0.0085s ]
SQL: SELECT `code_id`,`device_status` FROM `device` WHERE `device_code` = '666666' LIMIT 1   [ RunTime:0.0010s ]
SQL: SHOW COLUMNS FROM `code` [ RunTime:0.0078s ]
SQL: SELECT * FROM `code` WHERE `code_id` = 260 LIMIT 1   [ RunTime:0.0011s ]
SQL: UPDATE `code` SET `rest_timestamp`='25418862' WHERE `code_id` = 260 [ RunTime:0.7879s ]
SQL: UPDATE `code` SET `last_time`='1494587066' WHERE `code_id` = 260 [ RunTime:0.1413s ]
SQL: SHOW COLUMNS FROM `process` [ RunTime:0.5250s ]
SQL: SHOW COLUMNS FROM `restaurant_process` [ RunTime:0.1668s ]
SQL: SELECT * FROM `restaurant_process` WHERE ( `process_id` > 0 AND `process_id` <> 4  ) AND `process_status` = 1 AND `restaurant_id` = 131 ORDER BY process_id LIMIT 1   [ RunTime:0.1275s ]
SQL: SELECT `process_url` FROM `process` WHERE `process_id` = 1 LIMIT 1   [ RunTime:0.0003s ]
SQL: SHOW COLUMNS FROM `restaurant` [ RunTime:0.0040s ]
SQL: SELECT `advertise_time` FROM `restaurant` WHERE `restaurant_id` = 131 LIMIT 1   [ RunTime:0.0609s ]
SQL: SHOW COLUMNS FROM `advertisement` [ RunTime:0.1556s ]
SQL: SELECT * FROM `advertisement` WHERE `advertisement_type` = 0 AND `restaurant_id` = 131  [ RunTime:0.0011s ]
INFO: [ view_parse ] --START--
INFO: [ template_filter ] --START--
INFO: Run Behavior\ContentReplaceBehavior [ RunTime:0.000109s ]
INFO: [ template_filter ] --END-- [ RunTime:0.000195s ]
INFO: Run Behavior\ParseTemplateBehavior [ RunTime:1.068306s ]
INFO: [ view_parse ] --END-- [ RunTime:1.068502s ]
INFO: [ view_filter ] --START--
INFO: Run Behavior\WriteHtmlCacheBehavior [ RunTime:0.000578s ]
INFO: [ view_filter ] --END-- [ RunTime:0.000709s ]
INFO: [ app_end ] --START--
INFO: Run Behavior\ShowPageTraceBehavior [ RunTime:0.001473s ]
INFO: [ app_end ] --END-- [ RunTime:0.001606s ]

[ 2017-05-12T19:04:36+08:00 ] 127.0.0.1 /index.php/home/index/processRoute/process/index
INFO: [ app_init ] --START--
INFO: Run Behavior\BuildLiteBehavior [ RunTime:0.000017s ]
INFO: [ app_init ] --END-- [ RunTime:0.000352s ]
INFO: [ app_begin ] --START--
INFO: Run Behavior\ReadHtmlCacheBehavior [ RunTime:0.000538s ]
INFO: [ app_begin ] --END-- [ RunTime:0.000591s ]
SQL: SHOW COLUMNS FROM `device` [ RunTime:0.0029s ]
SQL: SELECT `code_id`,`device_status` FROM `device` WHERE `device_code` = '666666' LIMIT 1   [ RunTime:0.0005s ]
SQL: SHOW COLUMNS FROM `code` [ RunTime:0.0032s ]
SQL: SELECT * FROM `code` WHERE `code_id` = 260 LIMIT 1   [ RunTime:0.0007s ]
SQL: UPDATE `code` SET `rest_timestamp`='25418852' WHERE `code_id` = 260 [ RunTime:0.0958s ]
SQL: UPDATE `code` SET `last_time`='1494587076' WHERE `code_id` = 260 [ RunTime:0.0966s ]
SQL: SHOW COLUMNS FROM `process` [ RunTime:0.0061s ]
SQL: SELECT `process_id`,`sort` FROM `process` WHERE `process_url` = 'index' LIMIT 1   [ RunTime:0.0007s ]
SQL: SHOW COLUMNS FROM `restaurant_process` [ RunTime:0.0064s ]
SQL: SELECT * FROM `restaurant_process` WHERE ( `process_id` > '1' AND `process_id` <> 4  ) AND `process_status` = 1 AND `restaurant_id` = 131 ORDER BY process_id LIMIT 1   [ RunTime:0.0315s ]
SQL: SELECT `process_url` FROM `process` WHERE `process_id` = 2 LIMIT 1   [ RunTime:0.0006s ]
SQL: SHOW COLUMNS FROM `restaurant` [ RunTime:0.0089s ]
SQL: SELECT `tplcolor_id` FROM `restaurant` WHERE `restaurant_id` = 131 LIMIT 1   [ RunTime:0.0008s ]
INFO: [ view_parse ] --START--
INFO: [ template_filter ] --START--
INFO: Run Behavior\ContentReplaceBehavior [ RunTime:0.000117s ]
INFO: [ template_filter ] --END-- [ RunTime:0.000208s ]
INFO: Run Behavior\ParseTemplateBehavior [ RunTime:0.240767s ]
INFO: [ view_parse ] --END-- [ RunTime:0.240889s ]
INFO: [ view_filter ] --START--
INFO: Run Behavior\WriteHtmlCacheBehavior [ RunTime:0.000262s ]
INFO: [ view_filter ] --END-- [ RunTime:0.000316s ]
INFO: [ app_end ] --START--
INFO: Run Behavior\ShowPageTraceBehavior [ RunTime:0.000574s ]
INFO: [ app_end ] --END-- [ RunTime:0.000626s ]

