[ 2017-05-06T23:30:44+08:00 ] 127.0.0.1 /index.php/home
INFO: [ app_init ] --START--
INFO: Run Behavior\BuildLiteBehavior [ RunTime:0.000019s ]
INFO: [ app_init ] --END-- [ RunTime:0.000454s ]
INFO: [ app_begin ] --START--
INFO: Run Behavior\ReadHtmlCacheBehavior [ RunTime:0.000852s ]
INFO: [ app_begin ] --END-- [ RunTime:0.000936s ]
INFO: [ view_parse ] --START--
INFO: [ template_filter ] --START--
INFO: Run Behavior\ContentReplaceBehavior [ RunTime:0.000106s ]
INFO: [ template_filter ] --END-- [ RunTime:0.000222s ]
INFO: Run Behavior\ParseTemplateBehavior [ RunTime:0.065897s ]
INFO: [ view_parse ] --END-- [ RunTime:0.065979s ]
INFO: [ view_filter ] --START--
INFO: Run Behavior\WriteHtmlCacheBehavior [ RunTime:0.000332s ]
INFO: [ view_filter ] --END-- [ RunTime:0.000380s ]

[ 2017-05-06T23:35:36+08:00 ] 127.0.0.1 /index.php/home/index/index.html
INFO: [ app_init ] --START--
INFO: Run Behavior\BuildLiteBehavior [ RunTime:0.000017s ]
INFO: [ app_init ] --END-- [ RunTime:0.000387s ]
INFO: [ app_begin ] --START--
INFO: Run Behavior\ReadHtmlCacheBehavior [ RunTime:0.000578s ]
INFO: [ app_begin ] --END-- [ RunTime:0.000630s ]
SQL: SHOW COLUMNS FROM `device` [ RunTime:0.0194s ]
SQL: SELECT `code_id`,`device_status` FROM `device` WHERE `device_code` = '44:04:44:62:9a:b0' LIMIT 1   [ RunTime:0.0005s ]
SQL: SHOW COLUMNS FROM `code` [ RunTime:0.0054s ]
SQL: SELECT * FROM `code` WHERE `code_id` = 575 LIMIT 1   [ RunTime:0.0006s ]
SQL: UPDATE `code` SET `rest_timestamp`='-1152934' WHERE `code_id` = 575 [ RunTime:0.1139s ]
INFO: [ view_parse ] --START--
INFO: [ template_filter ] --START--
INFO: Run Behavior\ContentReplaceBehavior [ RunTime:0.000074s ]
INFO: [ template_filter ] --END-- [ RunTime:0.000143s ]
INFO: Run Behavior\ParseTemplateBehavior [ RunTime:0.006782s ]
INFO: [ view_parse ] --END-- [ RunTime:0.006849s ]
INFO: [ view_filter ] --START--
INFO: Run Behavior\WriteHtmlCacheBehavior [ RunTime:0.000335s ]
INFO: [ view_filter ] --END-- [ RunTime:0.000400s ]

[ 2017-05-06T23:52:04+08:00 ] 127.0.0.1 /index.php
INFO: [ app_init ] --START--
INFO: Run Behavior\BuildLiteBehavior [ RunTime:0.000018s ]
INFO: [ app_init ] --END-- [ RunTime:0.000435s ]
INFO: [ app_begin ] --START--
INFO: Run Behavior\ReadHtmlCacheBehavior [ RunTime:0.000703s ]
INFO: [ app_begin ] --END-- [ RunTime:0.000757s ]
INFO: [ view_parse ] --START--
INFO: [ template_filter ] --START--
INFO: Run Behavior\ContentReplaceBehavior [ RunTime:0.000071s ]
INFO: [ template_filter ] --END-- [ RunTime:0.000146s ]
INFO: Run Behavior\ParseTemplateBehavior [ RunTime:0.009008s ]
INFO: [ view_parse ] --END-- [ RunTime:0.009079s ]
INFO: [ view_filter ] --START--
INFO: Run Behavior\WriteHtmlCacheBehavior [ RunTime:0.000460s ]
INFO: [ view_filter ] --END-- [ RunTime:0.000529s ]

[ 2017-05-06T23:52:07+08:00 ] 127.0.0.1 /index.php/home/index/index.html
INFO: [ app_init ] --START--
INFO: Run Behavior\BuildLiteBehavior [ RunTime:0.000034s ]
INFO: [ app_init ] --END-- [ RunTime:0.000658s ]
INFO: [ app_begin ] --START--
INFO: Run Behavior\ReadHtmlCacheBehavior [ RunTime:0.000633s ]
INFO: [ app_begin ] --END-- [ RunTime:0.000697s ]
SQL: SHOW COLUMNS FROM `device` [ RunTime:0.0051s ]
SQL: SELECT `code_id`,`device_status` FROM `device` WHERE `device_code` = '666666' LIMIT 1   [ RunTime:0.0005s ]
SQL: SHOW COLUMNS FROM `code` [ RunTime:0.0105s ]
SQL: SELECT * FROM `code` WHERE `code_id` = 260 LIMIT 1   [ RunTime:0.0004s ]
SQL: UPDATE `code` SET `rest_timestamp`='25920000' WHERE `code_id` = 260 [ RunTime:0.1204s ]
SQL: UPDATE `code` SET `last_time`='1494085926' WHERE `code_id` = 260 [ RunTime:0.0547s ]
SQL: SHOW COLUMNS FROM `process` [ RunTime:0.0418s ]
SQL: SHOW COLUMNS FROM `restaurant_process` [ RunTime:0.0671s ]
SQL: SELECT * FROM `restaurant_process` WHERE ( `process_id` > 0 AND `process_id` <> 4  ) AND `process_status` = 1 AND `restaurant_id` = 131 ORDER BY process_id LIMIT 1   [ RunTime:0.0174s ]
SQL: SELECT `process_url` FROM `process` WHERE `process_id` = 1 LIMIT 1   [ RunTime:0.0004s ]
SQL: SHOW COLUMNS FROM `restaurant` [ RunTime:0.0052s ]
SQL: SELECT `advertise_time` FROM `restaurant` WHERE `restaurant_id` = 131 LIMIT 1   [ RunTime:0.0004s ]
SQL: SHOW COLUMNS FROM `advertisement` [ RunTime:0.0151s ]
SQL: SELECT * FROM `advertisement` WHERE `advertisement_type` = 0 AND `restaurant_id` = 131  [ RunTime:0.0009s ]
INFO: [ view_parse ] --START--
INFO: [ template_filter ] --START--
INFO: Run Behavior\ContentReplaceBehavior [ RunTime:0.000073s ]
INFO: [ template_filter ] --END-- [ RunTime:0.000145s ]
INFO: Run Behavior\ParseTemplateBehavior [ RunTime:0.008981s ]
INFO: [ view_parse ] --END-- [ RunTime:0.009054s ]
INFO: [ view_filter ] --START--
INFO: Run Behavior\WriteHtmlCacheBehavior [ RunTime:0.000416s ]
INFO: [ view_filter ] --END-- [ RunTime:0.000467s ]
INFO: [ app_end ] --START--
INFO: Run Behavior\ShowPageTraceBehavior [ RunTime:0.000737s ]
INFO: [ app_end ] --END-- [ RunTime:0.000788s ]

[ 2017-05-06T23:52:09+08:00 ] 127.0.0.1 /index.php/home/index/processRoute/process/index
INFO: [ app_init ] --START--
INFO: Run Behavior\BuildLiteBehavior [ RunTime:0.000017s ]
INFO: [ app_init ] --END-- [ RunTime:0.000390s ]
INFO: [ app_begin ] --START--
INFO: Run Behavior\ReadHtmlCacheBehavior [ RunTime:0.000591s ]
INFO: [ app_begin ] --END-- [ RunTime:0.000661s ]
SQL: SHOW COLUMNS FROM `device` [ RunTime:0.0221s ]
SQL: SELECT `code_id`,`device_status` FROM `device` WHERE `device_code` = '666666' LIMIT 1   [ RunTime:0.0005s ]
SQL: SHOW COLUMNS FROM `code` [ RunTime:0.0047s ]
SQL: SELECT * FROM `code` WHERE `code_id` = 260 LIMIT 1   [ RunTime:0.0004s ]
SQL: UPDATE `code` SET `rest_timestamp`='25919997' WHERE `code_id` = 260 [ RunTime:0.0623s ]
SQL: UPDATE `code` SET `last_time`='1494085929' WHERE `code_id` = 260 [ RunTime:0.0271s ]
SQL: SHOW COLUMNS FROM `process` [ RunTime:0.0049s ]
SQL: SELECT `process_id`,`sort` FROM `process` WHERE `process_url` = 'index' LIMIT 1   [ RunTime:0.0004s ]
SQL: SHOW COLUMNS FROM `restaurant_process` [ RunTime:0.0049s ]
SQL: SELECT * FROM `restaurant_process` WHERE ( `process_id` > '1' AND `process_id` <> 4  ) AND `process_status` = 1 AND `restaurant_id` = 131 ORDER BY process_id LIMIT 1   [ RunTime:0.0006s ]
SQL: SELECT `process_url` FROM `process` WHERE `process_id` = 2 LIMIT 1   [ RunTime:0.0003s ]
SQL: SHOW COLUMNS FROM `restaurant` [ RunTime:0.0047s ]
SQL: SELECT `tplcolor_id` FROM `restaurant` WHERE `restaurant_id` = 131 LIMIT 1   [ RunTime:0.0004s ]
INFO: [ view_parse ] --START--
INFO: [ template_filter ] --START--
INFO: Run Behavior\ContentReplaceBehavior [ RunTime:0.000077s ]
INFO: [ template_filter ] --END-- [ RunTime:0.000138s ]
INFO: Run Behavior\ParseTemplateBehavior [ RunTime:0.007018s ]
INFO: [ view_parse ] --END-- [ RunTime:0.007100s ]
INFO: [ view_filter ] --START--
INFO: Run Behavior\WriteHtmlCacheBehavior [ RunTime:0.000278s ]
INFO: [ view_filter ] --END-- [ RunTime:0.000321s ]
INFO: [ app_end ] --START--
INFO: Run Behavior\ShowPageTraceBehavior [ RunTime:0.000558s ]
INFO: [ app_end ] --END-- [ RunTime:0.000602s ]

[ 2017-05-06T23:52:12+08:00 ] 127.0.0.1 /index.php/Home/Index/processRoute/process/select/order_type/2
INFO: [ app_init ] --START--
INFO: Run Behavior\BuildLiteBehavior [ RunTime:0.000016s ]
INFO: [ app_init ] --END-- [ RunTime:0.000425s ]
INFO: [ app_begin ] --START--
INFO: Run Behavior\ReadHtmlCacheBehavior [ RunTime:0.000705s ]
INFO: [ app_begin ] --END-- [ RunTime:0.000761s ]
SQL: SHOW COLUMNS FROM `device` [ RunTime:0.0048s ]
SQL: SELECT `code_id`,`device_status` FROM `device` WHERE `device_code` = '666666' LIMIT 1   [ RunTime:0.0005s ]
SQL: SHOW COLUMNS FROM `code` [ RunTime:0.0044s ]
SQL: SELECT * FROM `code` WHERE `code_id` = 260 LIMIT 1   [ RunTime:0.0004s ]
SQL: UPDATE `code` SET `rest_timestamp`='25919995' WHERE `code_id` = 260 [ RunTime:0.0559s ]
SQL: UPDATE `code` SET `last_time`='1494085932' WHERE `code_id` = 260 [ RunTime:0.0263s ]
SQL: SHOW COLUMNS FROM `process` [ RunTime:0.0056s ]
SQL: SELECT `process_id`,`sort` FROM `process` WHERE `process_url` = 'select' LIMIT 1   [ RunTime:0.0005s ]
SQL: SHOW COLUMNS FROM `restaurant_process` [ RunTime:0.0048s ]
SQL: SELECT * FROM `restaurant_process` WHERE ( `process_id` > '2' AND `process_id` <> 4  ) AND `process_status` = 1 AND `restaurant_id` = 131 ORDER BY process_id LIMIT 1   [ RunTime:0.0006s ]
SQL: SELECT `process_url` FROM `process` WHERE `process_id` = 3 LIMIT 1   [ RunTime:0.0003s ]
SQL: SELECT `process_status` FROM `restaurant_process` WHERE `process_id` = 4 AND `restaurant_id` = 131 LIMIT 1   [ RunTime:0.0008s ]
SQL: SHOW COLUMNS FROM `food_category` [ RunTime:0.0400s ]
SQL: SHOW COLUMNS FROM `category_time` [ RunTime:0.0105s ]
SQL: SELECT * FROM `food_category` WHERE `restaurant_id` = 131 AND `is_timing` = 0 ORDER BY sort asc  [ RunTime:0.0007s ]
SQL: SELECT `food_category_id` FROM `food_category` WHERE `restaurant_id` = 131 AND `is_timing` = 1  [ RunTime:0.0004s ]
SQL: SELECT DISTINCT  `category_id` FROM `category_time` WHERE `time1` < 1494085932 AND `time2` > 1494085932 AND `category_id` IN ('198')  [ RunTime:0.0094s ]
SQL: SHOW COLUMNS FROM `food_category_timing` [ RunTime:0.0061s ]
SQL: SELECT DISTINCT  `food_category_id`,`start_time`,`end_time` FROM `food_category_timing` WHERE `timing_day` LIKE '%6%' AND `food_category_id` IN ('198')  [ RunTime:0.0010s ]
NOTIC: [8] Undefined variable: category_id_list D:\yunniu\yunniu\Application\Home\Controller\IndexController.class.php 第 185 行.
SQL: SHOW COLUMNS FROM `food` [ RunTime:0.0223s ]
SQL: SHOW COLUMNS FROM `food_category_relative` [ RunTime:0.0239s ]
SQL: SELECT `food_id` FROM `food_category_relative` WHERE `food_category_id` = 180  [ RunTime:0.0005s ]
SQL:  select t1.food_num as num from order_food t1 inner join
                        `order` t2 on t1.order_id = t2.order_id and t1.food_id = 475 and t2.order_status in ('3','11','12')
                        and t2.pay_time between 1494000000 and 1494086399 [ RunTime:0.3501s ]
SQL:  select t1.food_num as num from order_food t1 inner join
                        `order` t2 on t1.order_id = t2.order_id and t1.food_id = 476 and t2.order_status in ('3','11','12')
                        and t2.pay_time between 1494000000 and 1494086399 [ RunTime:0.0506s ]
SQL:  select t1.food_num as num from order_food t1 inner join
                        `order` t2 on t1.order_id = t2.order_id and t1.food_id = 479 and t2.order_status in ('3','11','12')
                        and t2.pay_time between 1494000000 and 1494086399 [ RunTime:0.0190s ]
SQL:  select t1.food_num as num from order_food t1 inner join
                        `order` t2 on t1.order_id = t2.order_id and t1.food_id = 483 and t2.order_status in ('3','11','12')
                        and t2.pay_time between 1494000000 and 1494086399 [ RunTime:0.0093s ]
SQL:  select t1.food_num as num from order_food t1 inner join
                        `order` t2 on t1.order_id = t2.order_id and t1.food_id = 484 and t2.order_status in ('3','11','12')
                        and t2.pay_time between 1494000000 and 1494086399 [ RunTime:0.0038s ]
SQL:  select t1.food_num as num from order_food t1 inner join
                        `order` t2 on t1.order_id = t2.order_id and t1.food_id = 565 and t2.order_status in ('3','11','12')
                        and t2.pay_time between 1494000000 and 1494086399 [ RunTime:0.0113s ]
SQL:  select t1.food_num as num from order_food t1 inner join
                        `order` t2 on t1.order_id = t2.order_id and t1.food_id = 474 and t2.order_status in ('3','11','12')
                        and t2.pay_time between 1494000000 and 1494086399 [ RunTime:0.0019s ]
SQL: SELECT `food_id` FROM `food_category_relative` WHERE `food_category_id` = 175  [ RunTime:0.0004s ]
SQL:  select t1.food_num as num from order_food t1 inner join
                        `order` t2 on t1.order_id = t2.order_id and t1.food_id = 436 and t2.order_status in ('3','11','12')
                        and t2.pay_time between 1494000000 and 1494086399 [ RunTime:0.0540s ]
SQL:  select t1.food_num as num from order_food t1 inner join
                        `order` t2 on t1.order_id = t2.order_id and t1.food_id = 438 and t2.order_status in ('3','11','12')
                        and t2.pay_time between 1494000000 and 1494086399 [ RunTime:0.0057s ]
SQL:  select t1.food_num as num from order_food t1 inner join
                        `order` t2 on t1.order_id = t2.order_id and t1.food_id = 439 and t2.order_status in ('3','11','12')
                        and t2.pay_time between 1494000000 and 1494086399 [ RunTime:0.0020s ]
SQL:  select t1.food_num as num from order_food t1 inner join
                        `order` t2 on t1.order_id = t2.order_id and t1.food_id = 440 and t2.order_status in ('3','11','12')
                        and t2.pay_time between 1494000000 and 1494086399 [ RunTime:0.0014s ]
SQL:  select t1.food_num as num from order_food t1 inner join
                        `order` t2 on t1.order_id = t2.order_id and t1.food_id = 443 and t2.order_status in ('3','11','12')
                        and t2.pay_time between 1494000000 and 1494086399 [ RunTime:0.0008s ]
SQL:  select t1.food_num as num from order_food t1 inner join
                        `order` t2 on t1.order_id = t2.order_id and t1.food_id = 444 and t2.order_status in ('3','11','12')
                        and t2.pay_time between 1494000000 and 1494086399 [ RunTime:0.0008s ]
SQL:  select t1.food_num as num from order_food t1 inner join
                        `order` t2 on t1.order_id = t2.order_id and t1.food_id = 445 and t2.order_status in ('3','11','12')
                        and t2.pay_time between 1494000000 and 1494086399 [ RunTime:0.0005s ]
SQL:  select t1.food_num as num from order_food t1 inner join
                        `order` t2 on t1.order_id = t2.order_id and t1.food_id = 433 and t2.order_status in ('3','11','12')
                        and t2.pay_time between 1494000000 and 1494086399 [ RunTime:0.0159s ]
SQL:  select t1.food_num as num from order_food t1 inner join
                        `order` t2 on t1.order_id = t2.order_id and t1.food_id = 434 and t2.order_status in ('3','11','12')
                        and t2.pay_time between 1494000000 and 1494086399 [ RunTime:0.0017s ]
SQL:  select t1.food_num as num from order_food t1 inner join
                        `order` t2 on t1.order_id = t2.order_id and t1.food_id = 567 and t2.order_status in ('3','11','12')
                        and t2.pay_time between 1494000000 and 1494086399 [ RunTime:0.0005s ]
SQL:  select t1.food_num as num from order_food t1 inner join
                        `order` t2 on t1.order_id = t2.order_id and t1.food_id = 568 and t2.order_status in ('3','11','12')
                        and t2.pay_time between 1494000000 and 1494086399 [ RunTime:0.0005s ]
SQL:  select t1.food_num as num from order_food t1 inner join
                        `order` t2 on t1.order_id = t2.order_id and t1.food_id = 575 and t2.order_status in ('3','11','12')
                        and t2.pay_time between 1494000000 and 1494086399 [ RunTime:0.0004s ]
SQL:  select t1.food_num as num from order_food t1 inner join
                        `order` t2 on t1.order_id = t2.order_id and t1.food_id = 446 and t2.order_status in ('3','11','12')
                        and t2.pay_time between 1494000000 and 1494086399 [ RunTime:0.0005s ]
SQL:  select t1.food_num as num from order_food t1 inner join
                        `order` t2 on t1.order_id = t2.order_id and t1.food_id = 565 and t2.order_status in ('3','11','12')
                        and t2.pay_time between 1494000000 and 1494086399 [ RunTime:0.0004s ]
SQL:  select t1.food_num as num from order_food t1 inner join
                        `order` t2 on t1.order_id = t2.order_id and t1.food_id = 442 and t2.order_status in ('3','11','12')
                        and t2.pay_time between 1494000000 and 1494086399 [ RunTime:0.0010s ]
SQL:  select t1.food_num as num from order_food t1 inner join
                        `order` t2 on t1.order_id = t2.order_id and t1.food_id = 435 and t2.order_status in ('3','11','12')
                        and t2.pay_time between 1494000000 and 1494086399 [ RunTime:0.0018s ]
SQL: SELECT `food_id` FROM `food_category_relative` WHERE `food_category_id` = 179  [ RunTime:0.0004s ]
SQL:  select t1.food_num as num from order_food t1 inner join
                        `order` t2 on t1.order_id = t2.order_id and t1.food_id = 468 and t2.order_status in ('3','11','12')
                        and t2.pay_time between 1494000000 and 1494086399 [ RunTime:0.0005s ]
SQL:  select t1.food_num as num from order_food t1 inner join
                        `order` t2 on t1.order_id = t2.order_id and t1.food_id = 469 and t2.order_status in ('3','11','12')
                        and t2.pay_time between 1494000000 and 1494086399 [ RunTime:0.0004s ]
SQL:  select t1.food_num as num from order_food t1 inner join
                        `order` t2 on t1.order_id = t2.order_id and t1.food_id = 470 and t2.order_status in ('3','11','12')
                        and t2.pay_time between 1494000000 and 1494086399 [ RunTime:0.0008s ]
SQL:  select t1.food_num as num from order_food t1 inner join
                        `order` t2 on t1.order_id = t2.order_id and t1.food_id = 471 and t2.order_status in ('3','11','12')
                        and t2.pay_time between 1494000000 and 1494086399 [ RunTime:0.0005s ]
SQL:  select t1.food_num as num from order_food t1 inner join
                        `order` t2 on t1.order_id = t2.order_id and t1.food_id = 472 and t2.order_status in ('3','11','12')
                        and t2.pay_time between 1494000000 and 1494086399 [ RunTime:0.0006s ]
SQL:  select t1.food_num as num from order_food t1 inner join
                        `order` t2 on t1.order_id = t2.order_id and t1.food_id = 473 and t2.order_status in ('3','11','12')
                        and t2.pay_time between 1494000000 and 1494086399 [ RunTime:0.0007s ]
SQL: SELECT `food_id` FROM `food_category_relative` WHERE `food_category_id` = 177  [ RunTime:0.0004s ]
SQL:  select t1.food_num as num from order_food t1 inner join
                        `order` t2 on t1.order_id = t2.order_id and t1.food_id = 465 and t2.order_status in ('3','11','12')
                        and t2.pay_time between 1494000000 and 1494086399 [ RunTime:0.0006s ]
SQL:  select t1.food_num as num from order_food t1 inner join
                        `order` t2 on t1.order_id = t2.order_id and t1.food_id = 466 and t2.order_status in ('3','11','12')
                        and t2.pay_time between 1494000000 and 1494086399 [ RunTime:0.0005s ]
SQL:  select t1.food_num as num from order_food t1 inner join
                        `order` t2 on t1.order_id = t2.order_id and t1.food_id = 467 and t2.order_status in ('3','11','12')
                        and t2.pay_time between 1494000000 and 1494086399 [ RunTime:0.0007s ]
SQL: SELECT `food_id` FROM `food_category_relative` WHERE `food_category_id` = 182  [ RunTime:0.0004s ]
SQL:  select t1.food_num as num from order_food t1 inner join
                        `order` t2 on t1.order_id = t2.order_id and t1.food_id = 494 and t2.order_status in ('3','11','12')
                        and t2.pay_time between 1494000000 and 1494086399 [ RunTime:0.0005s ]
SQL:  select t1.food_num as num from order_food t1 inner join
                        `order` t2 on t1.order_id = t2.order_id and t1.food_id = 495 and t2.order_status in ('3','11','12')
                        and t2.pay_time between 1494000000 and 1494086399 [ RunTime:0.0005s ]
SQL:  select t1.food_num as num from order_food t1 inner join
                        `order` t2 on t1.order_id = t2.order_id and t1.food_id = 498 and t2.order_status in ('3','11','12')
                        and t2.pay_time between 1494000000 and 1494086399 [ RunTime:0.0004s ]
SQL:  select t1.food_num as num from order_food t1 inner join
                        `order` t2 on t1.order_id = t2.order_id and t1.food_id = 499 and t2.order_status in ('3','11','12')
                        and t2.pay_time between 1494000000 and 1494086399 [ RunTime:0.0004s ]
SQL:  select t1.food_num as num from order_food t1 inner join
                        `order` t2 on t1.order_id = t2.order_id and t1.food_id = 491 and t2.order_status in ('3','11','12')
                        and t2.pay_time between 1494000000 and 1494086399 [ RunTime:0.0005s ]
SQL: SELECT `food_id` FROM `food_category_relative` WHERE `food_category_id` = 195  [ RunTime:0.0004s ]
SQL:  select t1.food_num as num from order_food t1 inner join
                        `order` t2 on t1.order_id = t2.order_id and t1.food_id = 539 and t2.order_status in ('3','11','12')
                        and t2.pay_time between 1494000000 and 1494086399 [ RunTime:0.0005s ]
SQL:  select t1.food_num as num from order_food t1 inner join
                        `order` t2 on t1.order_id = t2.order_id and t1.food_id = 540 and t2.order_status in ('3','11','12')
                        and t2.pay_time between 1494000000 and 1494086399 [ RunTime:0.0005s ]
SQL:  select t1.food_num as num from order_food t1 inner join
                        `order` t2 on t1.order_id = t2.order_id and t1.food_id = 543 and t2.order_status in ('3','11','12')
                        and t2.pay_time between 1494000000 and 1494086399 [ RunTime:0.0005s ]
SQL:  select t1.food_num as num from order_food t1 inner join
                        `order` t2 on t1.order_id = t2.order_id and t1.food_id = 544 and t2.order_status in ('3','11','12')
                        and t2.pay_time between 1494000000 and 1494086399 [ RunTime:0.0004s ]
SQL: SELECT `food_id` FROM `food_category_relative` WHERE `food_category_id` = 176  [ RunTime:0.0004s ]
SQL:  select t1.food_num as num from order_food t1 inner join
                        `order` t2 on t1.order_id = t2.order_id and t1.food_id = 447 and t2.order_status in ('3','11','12')
                        and t2.pay_time between 1494000000 and 1494086399 [ RunTime:0.0005s ]
SQL:  select t1.food_num as num from order_food t1 inner join
                        `order` t2 on t1.order_id = t2.order_id and t1.food_id = 448 and t2.order_status in ('3','11','12')
                        and t2.pay_time between 1494000000 and 1494086399 [ RunTime:0.0004s ]
SQL:  select t1.food_num as num from order_food t1 inner join
                        `order` t2 on t1.order_id = t2.order_id and t1.food_id = 449 and t2.order_status in ('3','11','12')
                        and t2.pay_time between 1494000000 and 1494086399 [ RunTime:0.0004s ]
SQL:  select t1.food_num as num from order_food t1 inner join
                        `order` t2 on t1.order_id = t2.order_id and t1.food_id = 450 and t2.order_status in ('3','11','12')
                        and t2.pay_time between 1494000000 and 1494086399 [ RunTime:0.0004s ]
SQL:  select t1.food_num as num from order_food t1 inner join
                        `order` t2 on t1.order_id = t2.order_id and t1.food_id = 451 and t2.order_status in ('3','11','12')
                        and t2.pay_time between 1494000000 and 1494086399 [ RunTime:0.0004s ]
SQL:  select t1.food_num as num from order_food t1 inner join
                        `order` t2 on t1.order_id = t2.order_id and t1.food_id = 452 and t2.order_status in ('3','11','12')
                        and t2.pay_time between 1494000000 and 1494086399 [ RunTime:0.0004s ]
SQL:  select t1.food_num as num from order_food t1 inner join
                        `order` t2 on t1.order_id = t2.order_id and t1.food_id = 453 and t2.order_status in ('3','11','12')
                        and t2.pay_time between 1494000000 and 1494086399 [ RunTime:0.0004s ]
SQL:  select t1.food_num as num from order_food t1 inner join
                        `order` t2 on t1.order_id = t2.order_id and t1.food_id = 454 and t2.order_status in ('3','11','12')
                        and t2.pay_time between 1494000000 and 1494086399 [ RunTime:0.0004s ]
SQL:  select t1.food_num as num from order_food t1 inner join
                        `order` t2 on t1.order_id = t2.order_id and t1.food_id = 455 and t2.order_status in ('3','11','12')
                        and t2.pay_time between 1494000000 and 1494086399 [ RunTime:0.0005s ]
SQL:  select t1.food_num as num from order_food t1 inner join
                        `order` t2 on t1.order_id = t2.order_id and t1.food_id = 456 and t2.order_status in ('3','11','12')
                        and t2.pay_time between 1494000000 and 1494086399 [ RunTime:0.0007s ]
SQL:  select t1.food_num as num from order_food t1 inner join
                        `order` t2 on t1.order_id = t2.order_id and t1.food_id = 457 and t2.order_status in ('3','11','12')
                        and t2.pay_time between 1494000000 and 1494086399 [ RunTime:0.0005s ]
SQL:  select t1.food_num as num from order_food t1 inner join
                        `order` t2 on t1.order_id = t2.order_id and t1.food_id = 458 and t2.order_status in ('3','11','12')
                        and t2.pay_time between 1494000000 and 1494086399 [ RunTime:0.0004s ]
SQL:  select t1.food_num as num from order_food t1 inner join
                        `order` t2 on t1.order_id = t2.order_id and t1.food_id = 459 and t2.order_status in ('3','11','12')
                        and t2.pay_time between 1494000000 and 1494086399 [ RunTime:0.0004s ]
SQL:  select t1.food_num as num from order_food t1 inner join
                        `order` t2 on t1.order_id = t2.order_id and t1.food_id = 460 and t2.order_status in ('3','11','12')
                        and t2.pay_time between 1494000000 and 1494086399 [ RunTime:0.0004s ]
SQL:  select t1.food_num as num from order_food t1 inner join
                        `order` t2 on t1.order_id = t2.order_id and t1.food_id = 461 and t2.order_status in ('3','11','12')
                        and t2.pay_time between 1494000000 and 1494086399 [ RunTime:0.0004s ]
SQL:  select t1.food_num as num from order_food t1 inner join
                        `order` t2 on t1.order_id = t2.order_id and t1.food_id = 462 and t2.order_status in ('3','11','12')
                        and t2.pay_time between 1494000000 and 1494086399 [ RunTime:0.0004s ]
SQL:  select t1.food_num as num from order_food t1 inner join
                        `order` t2 on t1.order_id = t2.order_id and t1.food_id = 463 and t2.order_status in ('3','11','12')
                        and t2.pay_time between 1494000000 and 1494086399 [ RunTime:0.0003s ]
SQL:  select t1.food_num as num from order_food t1 inner join
                        `order` t2 on t1.order_id = t2.order_id and t1.food_id = 464 and t2.order_status in ('3','11','12')
                        and t2.pay_time between 1494000000 and 1494086399 [ RunTime:0.0003s ]
SQL:  select t1.food_num as num from order_food t1 inner join
                        `order` t2 on t1.order_id = t2.order_id and t1.food_id = 530 and t2.order_status in ('3','11','12')
                        and t2.pay_time between 1494000000 and 1494086399 [ RunTime:0.0003s ]
SQL:  select t1.food_num as num from order_food t1 inner join
                        `order` t2 on t1.order_id = t2.order_id and t1.food_id = 575 and t2.order_status in ('3','11','12')
                        and t2.pay_time between 1494000000 and 1494086399 [ RunTime:0.0003s ]
SQL:  select t1.food_num as num from order_food t1 inner join
                        `order` t2 on t1.order_id = t2.order_id and t1.food_id = 446 and t2.order_status in ('3','11','12')
                        and t2.pay_time between 1494000000 and 1494086399 [ RunTime:0.0004s ]
SQL:  select t1.food_num as num from order_food t1 inner join
                        `order` t2 on t1.order_id = t2.order_id and t1.food_id = 580 and t2.order_status in ('3','11','12')
                        and t2.pay_time between 1494000000 and 1494086399 [ RunTime:0.0004s ]
SQL:  select t1.food_num as num from order_food t1 inner join
                        `order` t2 on t1.order_id = t2.order_id and t1.food_id = 581 and t2.order_status in ('3','11','12')
                        and t2.pay_time between 1494000000 and 1494086399 [ RunTime:0.0003s ]
SQL:  select t1.food_num as num from order_food t1 inner join
                        `order` t2 on t1.order_id = t2.order_id and t1.food_id = 582 and t2.order_status in ('3','11','12')
                        and t2.pay_time between 1494000000 and 1494086399 [ RunTime:0.0003s ]
SQL:  select t1.food_num as num from order_food t1 inner join
                        `order` t2 on t1.order_id = t2.order_id and t1.food_id = 583 and t2.order_status in ('3','11','12')
                        and t2.pay_time between 1494000000 and 1494086399 [ RunTime:0.0003s ]
SQL:  select t1.food_num as num from order_food t1 inner join
                        `order` t2 on t1.order_id = t2.order_id and t1.food_id = 584 and t2.order_status in ('3','11','12')
                        and t2.pay_time between 1494000000 and 1494086399 [ RunTime:0.0003s ]
SQL:  select t1.food_num as num from order_food t1 inner join
                        `order` t2 on t1.order_id = t2.order_id and t1.food_id = 585 and t2.order_status in ('3','11','12')
                        and t2.pay_time between 1494000000 and 1494086399 [ RunTime:0.0003s ]
SQL:  select t1.food_num as num from order_food t1 inner join
                        `order` t2 on t1.order_id = t2.order_id and t1.food_id = 574 and t2.order_status in ('3','11','12')
                        and t2.pay_time between 1494000000 and 1494086399 [ RunTime:0.0003s ]
SQL:  select t1.food_num as num from order_food t1 inner join
                        `order` t2 on t1.order_id = t2.order_id and t1.food_id = 565 and t2.order_status in ('3','11','12')
                        and t2.pay_time between 1494000000 and 1494086399 [ RunTime:0.0003s ]
SQL: SELECT * FROM `food` WHERE `is_sale` = 1 AND `food_id` IN ('475','476','479','483','484','565','474','436','438','439','440','443','444','445','433','434','567','568','575','446','565','442','435','468','469','470','471','472','473','465','466','467','494','495','498','499','491','539','540','543','544','447','448','449','450','451','452','453','454','455','456','457','458','459','460','461','462','463','464','530','575','446','580','581','582','583','584','585','574','565') ORDER BY sort asc  [ RunTime:0.0360s ]
SQL: SHOW COLUMNS FROM `prom` [ RunTime:0.0186s ]
SQL: SELECT `prom_price` FROM `prom` WHERE `prom_id` = 544 AND `prom_start_time` < 1494085932 AND `prom_end_time` > 1494085932 LIMIT 1   [ RunTime:0.0004s ]
SQL: SHOW COLUMNS FROM `restaurant` [ RunTime:0.0051s ]
SQL: SELECT `tplcolor_id` FROM `restaurant` WHERE `restaurant_id` = 131 LIMIT 1   [ RunTime:0.0004s ]
INFO: [ view_parse ] --START--
INFO: [ template_filter ] --START--
INFO: Run Behavior\ContentReplaceBehavior [ RunTime:0.000107s ]
INFO: [ template_filter ] --END-- [ RunTime:0.000166s ]
INFO: Run Behavior\ParseTemplateBehavior [ RunTime:0.012976s ]
INFO: [ view_parse ] --END-- [ RunTime:0.013068s ]
INFO: [ view_filter ] --START--
INFO: Run Behavior\WriteHtmlCacheBehavior [ RunTime:0.000375s ]
INFO: [ view_filter ] --END-- [ RunTime:0.000428s ]
INFO: [ app_end ] --START--
INFO: Run Behavior\ShowPageTraceBehavior [ RunTime:0.000784s ]
INFO: [ app_end ] --END-- [ RunTime:0.000848s ]

