[ 2017-05-12T16:54:23+08:00 ] 127.0.0.1 /favicon.ico
INFO: [ app_init ] --START--
INFO: Run Behavior\BuildLiteBehavior [ RunTime:0.000026s ]
INFO: [ app_init ] --END-- [ RunTime:0.000525s ]
ERR: 无法加载模块:Favicon

[ 2017-05-12T16:54:34+08:00 ] 127.0.0.1 /Public/js/skin/default/layer.css?v=3.0.11110
INFO: [ app_init ] --START--
INFO: Run Behavior\BuildLiteBehavior [ RunTime:0.000018s ]
INFO: [ app_init ] --END-- [ RunTime:0.000427s ]
ERR: 无法加载模块:Public

[ 2017-05-12T16:54:35+08:00 ] 127.0.0.1 /Public/js/skin/default/layer.css?v=3.0.11110
INFO: [ app_init ] --START--
INFO: Run Behavior\BuildLiteBehavior [ RunTime:0.000025s ]
INFO: [ app_init ] --END-- [ RunTime:0.000522s ]
ERR: 无法加载模块:Public

[ 2017-05-12T19:02:43+08:00 ] 127.0.0.1 /favicon.ico
INFO: [ app_init ] --START--
INFO: Run Behavior\BuildLiteBehavior [ RunTime:0.000034s ]
INFO: [ app_init ] --END-- [ RunTime:0.001479s ]
ERR: 无法加载模块:Favicon

[ 2017-05-12T19:04:31+08:00 ] 127.0.0.1 /Public/js/skin/default/layer.css?v=3.0.11110
INFO: [ app_init ] --START--
INFO: Run Behavior\BuildLiteBehavior [ RunTime:0.000019s ]
INFO: [ app_init ] --END-- [ RunTime:0.000427s ]
ERR: 无法加载模块:Public

[ 2017-05-12T19:04:36+08:00 ] 127.0.0.1 /Public/js/skin/default/layer.css?v=3.0.11110
INFO: [ app_init ] --START--
INFO: Run Behavior\BuildLiteBehavior [ RunTime:0.000019s ]
INFO: [ app_init ] --END-- [ RunTime:0.000465s ]
ERR: 无法加载模块:Public

[ 2017-05-12T21:05:24+08:00 ] 127.0.0.1 /Public/js/skin/default/layer.css?v=3.0.11110
INFO: [ app_init ] --START--
INFO: Run Behavior\BuildLiteBehavior [ RunTime:0.000029s ]
INFO: [ app_init ] --END-- [ RunTime:0.000599s ]
ERR: 无法加载模块:Public

[ 2017-05-12T21:05:27+08:00 ] 127.0.0.1 /Public/js/skin/default/layer.css?v=3.0.11110
INFO: [ app_init ] --START--
INFO: Run Behavior\BuildLiteBehavior [ RunTime:0.000018s ]
INFO: [ app_init ] --END-- [ RunTime:0.000410s ]
ERR: 无法加载模块:Public

[ 2017-05-12T21:15:49+08:00 ] 127.0.0.1 /Public/js/skin/default/layer.css?v=3.0.11110
INFO: [ app_init ] --START--
INFO: Run Behavior\BuildLiteBehavior [ RunTime:0.000017s ]
INFO: [ app_init ] --END-- [ RunTime:0.000399s ]
ERR: 无法加载模块:Public

[ 2017-05-12T21:15:54+08:00 ] 127.0.0.1 /Public/js/skin/default/layer.css?v=3.0.11110
INFO: [ app_init ] --START--
INFO: Run Behavior\BuildLiteBehavior [ RunTime:0.000017s ]
INFO: [ app_init ] --END-- [ RunTime:0.000372s ]
ERR: 无法加载模块:Public

[ 2017-05-12T21:15:58+08:00 ] 127.0.0.1 /Public/js/skin/default/layer.css?v=3.0.11110
INFO: [ app_init ] --START--
INFO: Run Behavior\BuildLiteBehavior [ RunTime:0.000028s ]
INFO: [ app_init ] --END-- [ RunTime:0.000554s ]
ERR: 无法加载模块:Public

[ 2017-05-12T21:16:00+08:00 ] 127.0.0.1 /Public/js/skin/default/layer.css?v=3.0.11110
INFO: [ app_init ] --START--
INFO: Run Behavior\BuildLiteBehavior [ RunTime:0.000033s ]
INFO: [ app_init ] --END-- [ RunTime:0.000734s ]
ERR: 无法加载模块:Public

[ 2017-05-12T21:24:43+08:00 ] 127.0.0.1 /Public/js/skin/default/layer.css?v=3.0.11110
INFO: [ app_init ] --START--
INFO: Run Behavior\BuildLiteBehavior [ RunTime:0.000089s ]
INFO: [ app_init ] --END-- [ RunTime:0.000989s ]
ERR: 无法加载模块:Public

[ 2017-05-12T21:51:59+08:00 ] 127.0.0.1 /Public/js/skin/default/layer.css?v=3.0.11110
INFO: [ app_init ] --START--
INFO: Run Behavior\BuildLiteBehavior [ RunTime:0.000016s ]
INFO: [ app_init ] --END-- [ RunTime:0.000370s ]
ERR: 无法加载模块:Public

[ 2017-05-12T21:56:28+08:00 ] 127.0.0.1 /Public/js/skin/default/layer.css?v=3.0.11110
INFO: [ app_init ] --START--
INFO: Run Behavior\BuildLiteBehavior [ RunTime:0.000018s ]
INFO: [ app_init ] --END-- [ RunTime:0.000378s ]
ERR: 无法加载模块:Public

[ 2017-05-12T21:58:52+08:00 ] 127.0.0.1 /Public/js/skin/default/layer.css?v=3.0.11110
INFO: [ app_init ] --START--
INFO: Run Behavior\BuildLiteBehavior [ RunTime:0.000018s ]
INFO: [ app_init ] --END-- [ RunTime:0.000406s ]
ERR: 无法加载模块:Public

[ 2017-05-12T22:02:33+08:00 ] 127.0.0.1 /Public/js/skin/default/layer.css?v=3.0.11110
INFO: [ app_init ] --START--
INFO: Run Behavior\BuildLiteBehavior [ RunTime:0.000063s ]
INFO: [ app_init ] --END-- [ RunTime:0.000922s ]
ERR: 无法加载模块:Public

[ 2017-05-12T22:02:35+08:00 ] 127.0.0.1 /Public/js/skin/default/layer.css?v=3.0.11110
INFO: [ app_init ] --START--
INFO: Run Behavior\BuildLiteBehavior [ RunTime:0.000017s ]
INFO: [ app_init ] --END-- [ RunTime:0.000383s ]
ERR: 无法加载模块:Public

[ 2017-05-12T22:44:55+08:00 ] 127.0.0.1 /Public/js/skin/default/layer.css?v=3.0.11110
INFO: [ app_init ] --START--
INFO: Run Behavior\BuildLiteBehavior [ RunTime:0.000016s ]
INFO: [ app_init ] --END-- [ RunTime:0.000418s ]
ERR: 无法加载模块:Public

[ 2017-05-12T22:44:57+08:00 ] 127.0.0.1 /Public/js/skin/default/layer.css?v=3.0.11110
INFO: [ app_init ] --START--
INFO: Run Behavior\BuildLiteBehavior [ RunTime:0.000025s ]
INFO: [ app_init ] --END-- [ RunTime:0.000455s ]
ERR: 无法加载模块:Public

[ 2017-05-12T22:51:16+08:00 ] 127.0.0.1 /Public/js/skin/default/layer.css?v=3.0.11110
INFO: [ app_init ] --START--
INFO: Run Behavior\BuildLiteBehavior [ RunTime:0.000025s ]
INFO: [ app_init ] --END-- [ RunTime:0.000431s ]
ERR: 无法加载模块:Public

