[ 2017-05-07T16:32:45+08:00 ] 127.0.0.1 /Public/js/skin/default/layer.css?v=3.0.11110
INFO: [ app_init ] --START--
INFO: Run Behavior\BuildLiteBehavior [ RunTime:0.000030s ]
INFO: [ app_init ] --END-- [ RunTime:0.000657s ]
ERR: 无法加载模块:Public

[ 2017-05-07T16:32:56+08:00 ] 127.0.0.1 /Public/js/skin/default/layer.css?v=3.0.11110
INFO: [ app_init ] --START--
INFO: Run Behavior\BuildLiteBehavior [ RunTime:0.000027s ]
INFO: [ app_init ] --END-- [ RunTime:0.000700s ]
ERR: 无法加载模块:Public

[ 2017-05-07T16:32:56+08:00 ] 127.0.0.1 /Public/wav/payFinish.wav
INFO: [ app_init ] --START--
INFO: Run Behavior\BuildLiteBehavior [ RunTime:0.000028s ]
INFO: [ app_init ] --END-- [ RunTime:0.000625s ]
ERR: 无法加载模块:Public

[ 2017-05-07T20:40:30+08:00 ] 127.0.0.1 /Public/js/skin/default/layer.css?v=3.0.11110
INFO: [ app_init ] --START--
INFO: Run Behavior\BuildLiteBehavior [ RunTime:0.000019s ]
INFO: [ app_init ] --END-- [ RunTime:0.000473s ]
ERR: 无法加载模块:Public

[ 2017-05-07T20:40:32+08:00 ] 127.0.0.1 /Public/js/skin/default/layer.css?v=3.0.11110
INFO: [ app_init ] --START--
INFO: Run Behavior\BuildLiteBehavior [ RunTime:0.000032s ]
INFO: [ app_init ] --END-- [ RunTime:0.000629s ]
ERR: 无法加载模块:Public

[ 2017-05-07T20:42:43+08:00 ] 127.0.0.1 /Public/js/skin/default/layer.css?v=3.0.11110
INFO: [ app_init ] --START--
INFO: Run Behavior\BuildLiteBehavior [ RunTime:0.000019s ]
INFO: [ app_init ] --END-- [ RunTime:0.000523s ]
ERR: 无法加载模块:Public

[ 2017-05-07T20:42:44+08:00 ] 127.0.0.1 /Public/js/skin/default/layer.css?v=3.0.11110
INFO: [ app_init ] --START--
INFO: Run Behavior\BuildLiteBehavior [ RunTime:0.000032s ]
INFO: [ app_init ] --END-- [ RunTime:0.000655s ]
ERR: 无法加载模块:Public

[ 2017-05-07T20:42:48+08:00 ] 127.0.0.1 /Public/js/skin/default/layer.css?v=3.0.11110
INFO: [ app_init ] --START--
INFO: Run Behavior\BuildLiteBehavior [ RunTime:0.000020s ]
INFO: [ app_init ] --END-- [ RunTime:0.000519s ]
ERR: 无法加载模块:Public

[ 2017-05-07T20:42:49+08:00 ] 127.0.0.1 /Public/js/vip.js,/Public/js/layer.js
INFO: [ app_init ] --START--
INFO: Run Behavior\BuildLiteBehavior [ RunTime:0.000028s ]
INFO: [ app_init ] --END-- [ RunTime:0.000719s ]
ERR: 无法加载模块:Public

[ 2017-05-07T20:42:49+08:00 ] 127.0.0.1 /Public/js/skin/default/layer.css?v=3.0.11110
INFO: [ app_init ] --START--
INFO: Run Behavior\BuildLiteBehavior [ RunTime:0.000018s ]
INFO: [ app_init ] --END-- [ RunTime:0.000437s ]
ERR: 无法加载模块:Public

[ 2017-05-07T20:42:49+08:00 ] 127.0.0.1 /Public/js/vip.js,/Public/js/layer.js
INFO: [ app_init ] --START--
INFO: Run Behavior\BuildLiteBehavior [ RunTime:0.000019s ]
INFO: [ app_init ] --END-- [ RunTime:0.000432s ]
ERR: 无法加载模块:Public

[ 2017-05-07T20:42:53+08:00 ] 127.0.0.1 /Public/js/skin/default/layer.css?v=3.0.11110
INFO: [ app_init ] --START--
INFO: Run Behavior\BuildLiteBehavior [ RunTime:0.000033s ]
INFO: [ app_init ] --END-- [ RunTime:0.000616s ]
ERR: 无法加载模块:Public

[ 2017-05-07T20:42:57+08:00 ] 127.0.0.1 /Public/js/skin/default/layer.css?v=3.0.11110
INFO: [ app_init ] --START--
INFO: Run Behavior\BuildLiteBehavior [ RunTime:0.000030s ]
INFO: [ app_init ] --END-- [ RunTime:0.000475s ]
ERR: 无法加载模块:Public

[ 2017-05-07T20:42:58+08:00 ] 127.0.0.1 /Public/js/vip.js,/Public/js/layer.js
INFO: [ app_init ] --START--
INFO: Run Behavior\BuildLiteBehavior [ RunTime:0.000032s ]
INFO: [ app_init ] --END-- [ RunTime:0.001150s ]
ERR: 无法加载模块:Public

[ 2017-05-07T20:42:58+08:00 ] 127.0.0.1 /Public/js/skin/default/layer.css?v=3.0.11110
INFO: [ app_init ] --START--
INFO: Run Behavior\BuildLiteBehavior [ RunTime:0.000025s ]
INFO: [ app_init ] --END-- [ RunTime:0.000621s ]
ERR: 无法加载模块:Public

[ 2017-05-07T20:42:58+08:00 ] 127.0.0.1 /Public/js/vip.js,/Public/js/layer.js
INFO: [ app_init ] --START--
INFO: Run Behavior\BuildLiteBehavior [ RunTime:0.000027s ]
INFO: [ app_init ] --END-- [ RunTime:0.000573s ]
ERR: 无法加载模块:Public

[ 2017-05-07T20:43:00+08:00 ] 127.0.0.1 /Public/js/skin/default/layer.css?v=3.0.11110
INFO: [ app_init ] --START--
INFO: Run Behavior\BuildLiteBehavior [ RunTime:0.000031s ]
INFO: [ app_init ] --END-- [ RunTime:0.000635s ]
ERR: 无法加载模块:Public

[ 2017-05-07T20:44:10+08:00 ] 127.0.0.1 /Public/js/skin/default/layer.css?v=3.0.11110
INFO: [ app_init ] --START--
INFO: Run Behavior\BuildLiteBehavior [ RunTime:0.000026s ]
INFO: [ app_init ] --END-- [ RunTime:0.000602s ]
ERR: 无法加载模块:Public

[ 2017-05-07T20:44:12+08:00 ] 127.0.0.1 /Public/js/skin/default/layer.css?v=3.0.11110
INFO: [ app_init ] --START--
INFO: Run Behavior\BuildLiteBehavior [ RunTime:0.000029s ]
INFO: [ app_init ] --END-- [ RunTime:0.000675s ]
ERR: 无法加载模块:Public

[ 2017-05-07T20:45:38+08:00 ] 127.0.0.1 /Public/js/skin/default/layer.css?v=3.0.11110
INFO: [ app_init ] --START--
INFO: Run Behavior\BuildLiteBehavior [ RunTime:0.000036s ]
INFO: [ app_init ] --END-- [ RunTime:0.000720s ]
ERR: 无法加载模块:Public

[ 2017-05-07T20:45:57+08:00 ] 127.0.0.1 /Public/js/skin/default/layer.css?v=3.0.11110
INFO: [ app_init ] --START--
INFO: Run Behavior\BuildLiteBehavior [ RunTime:0.000037s ]
INFO: [ app_init ] --END-- [ RunTime:0.000767s ]
ERR: 无法加载模块:Public

[ 2017-05-07T20:46:01+08:00 ] 127.0.0.1 /Public/js/skin/default/layer.css?v=3.0.11110
INFO: [ app_init ] --START--
INFO: Run Behavior\BuildLiteBehavior [ RunTime:0.000030s ]
INFO: [ app_init ] --END-- [ RunTime:0.000624s ]
ERR: 无法加载模块:Public

[ 2017-05-07T20:46:08+08:00 ] 127.0.0.1 /Public/js/skin/default/layer.css?v=3.0.11110
INFO: [ app_init ] --START--
INFO: Run Behavior\BuildLiteBehavior [ RunTime:0.000034s ]
INFO: [ app_init ] --END-- [ RunTime:0.000731s ]
ERR: 无法加载模块:Public

[ 2017-05-07T20:46:11+08:00 ] 127.0.0.1 /Public/js/skin/default/layer.css?v=3.0.11110
INFO: [ app_init ] --START--
INFO: Run Behavior\BuildLiteBehavior [ RunTime:0.000038s ]
INFO: [ app_init ] --END-- [ RunTime:0.000830s ]
ERR: 无法加载模块:Public

[ 2017-05-07T20:46:15+08:00 ] 127.0.0.1 /Public/js/skin/default/layer.css?v=3.0.11110
INFO: [ app_init ] --START--
INFO: Run Behavior\BuildLiteBehavior [ RunTime:0.000019s ]
INFO: [ app_init ] --END-- [ RunTime:0.000441s ]
ERR: 无法加载模块:Public

[ 2017-05-07T20:47:19+08:00 ] 127.0.0.1 /Public/js/skin/default/layer.css?v=3.0.11110
INFO: [ app_init ] --START--
INFO: Run Behavior\BuildLiteBehavior [ RunTime:0.000019s ]
INFO: [ app_init ] --END-- [ RunTime:0.000536s ]
ERR: 无法加载模块:Public

[ 2017-05-07T20:47:22+08:00 ] 127.0.0.1 /Public/js/skin/default/layer.css?v=3.0.11110
INFO: [ app_init ] --START--
INFO: Run Behavior\BuildLiteBehavior [ RunTime:0.000028s ]
INFO: [ app_init ] --END-- [ RunTime:0.000636s ]
ERR: 无法加载模块:Public

[ 2017-05-07T20:47:42+08:00 ] 127.0.0.1 /Public/js/skin/default/layer.css?v=3.0.11110
INFO: [ app_init ] --START--
INFO: Run Behavior\BuildLiteBehavior [ RunTime:0.000018s ]
INFO: [ app_init ] --END-- [ RunTime:0.000434s ]
ERR: 无法加载模块:Public

[ 2017-05-07T20:47:47+08:00 ] 127.0.0.1 /Public/js/skin/default/layer.css?v=3.0.11110
INFO: [ app_init ] --START--
INFO: Run Behavior\BuildLiteBehavior [ RunTime:0.000022s ]
INFO: [ app_init ] --END-- [ RunTime:0.000454s ]
ERR: 无法加载模块:Public

[ 2017-05-07T20:48:07+08:00 ] 127.0.0.1 /Public/js/skin/default/layer.css?v=3.0.11110
INFO: [ app_init ] --START--
INFO: Run Behavior\BuildLiteBehavior [ RunTime:0.000029s ]
INFO: [ app_init ] --END-- [ RunTime:0.000641s ]
ERR: 无法加载模块:Public

[ 2017-05-07T20:48:17+08:00 ] 127.0.0.1 /Public/js/skin/default/layer.css?v=3.0.11110
INFO: [ app_init ] --START--
INFO: Run Behavior\BuildLiteBehavior [ RunTime:0.000020s ]
INFO: [ app_init ] --END-- [ RunTime:0.000439s ]
ERR: 无法加载模块:Public

[ 2017-05-07T20:48:19+08:00 ] 127.0.0.1 /Public/js/skin/default/layer.css?v=3.0.11110
INFO: [ app_init ] --START--
INFO: Run Behavior\BuildLiteBehavior [ RunTime:0.000019s ]
INFO: [ app_init ] --END-- [ RunTime:0.000443s ]
ERR: 无法加载模块:Public

[ 2017-05-07T20:48:29+08:00 ] 127.0.0.1 /Public/js/skin/default/layer.css?v=3.0.11110
INFO: [ app_init ] --START--
INFO: Run Behavior\BuildLiteBehavior [ RunTime:0.000020s ]
INFO: [ app_init ] --END-- [ RunTime:0.000541s ]
ERR: 无法加载模块:Public

[ 2017-05-07T20:49:01+08:00 ] 127.0.0.1 /Public/js/skin/default/layer.css?v=3.0.11110
INFO: [ app_init ] --START--
INFO: Run Behavior\BuildLiteBehavior [ RunTime:0.000020s ]
INFO: [ app_init ] --END-- [ RunTime:0.000490s ]
ERR: 无法加载模块:Public

[ 2017-05-07T20:49:05+08:00 ] 127.0.0.1 /Public/js/skin/default/layer.css?v=3.0.11110
INFO: [ app_init ] --START--
INFO: Run Behavior\BuildLiteBehavior [ RunTime:0.000021s ]
INFO: [ app_init ] --END-- [ RunTime:0.000440s ]
ERR: 无法加载模块:Public

[ 2017-05-07T20:49:09+08:00 ] 127.0.0.1 /Public/js/skin/default/layer.css?v=3.0.11110
INFO: [ app_init ] --START--
INFO: Run Behavior\BuildLiteBehavior [ RunTime:0.000021s ]
INFO: [ app_init ] --END-- [ RunTime:0.000573s ]
ERR: 无法加载模块:Public

[ 2017-05-07T20:49:31+08:00 ] 127.0.0.1 /Public/js/skin/default/layer.css?v=3.0.11110
INFO: [ app_init ] --START--
INFO: Run Behavior\BuildLiteBehavior [ RunTime:0.000033s ]
INFO: [ app_init ] --END-- [ RunTime:0.000721s ]
ERR: 无法加载模块:Public

[ 2017-05-07T20:49:31+08:00 ] 127.0.0.1 /Public/wav/payFinish.wav
INFO: [ app_init ] --START--
INFO: Run Behavior\BuildLiteBehavior [ RunTime:0.000019s ]
INFO: [ app_init ] --END-- [ RunTime:0.000454s ]
ERR: 无法加载模块:Public

[ 2017-05-07T20:49:45+08:00 ] 127.0.0.1 /Public/js/skin/default/layer.css?v=3.0.11110
INFO: [ app_init ] --START--
INFO: Run Behavior\BuildLiteBehavior [ RunTime:0.000027s ]
INFO: [ app_init ] --END-- [ RunTime:0.000711s ]
ERR: 无法加载模块:Public

[ 2017-05-07T20:49:52+08:00 ] 127.0.0.1 /Application/Admin/Uploads/upadvert_heng/588310a86cb9a.jpg
INFO: [ app_init ] --START--
INFO: Run Behavior\BuildLiteBehavior [ RunTime:0.000036s ]
INFO: [ app_init ] --END-- [ RunTime:0.000715s ]
ERR: 无法加载模块:Application

[ 2017-05-07T20:49:52+08:00 ] 127.0.0.1 /Application/Admin/Uploads/upadvert_heng/58980bf02e2d4.jpg
INFO: [ app_init ] --START--
INFO: Run Behavior\BuildLiteBehavior [ RunTime:0.000023s ]
INFO: [ app_init ] --END-- [ RunTime:0.000608s ]
ERR: 无法加载模块:Application

[ 2017-05-07T20:49:53+08:00 ] 127.0.0.1 /Public/js/skin/default/layer.css?v=3.0.11110
INFO: [ app_init ] --START--
INFO: Run Behavior\BuildLiteBehavior [ RunTime:0.000038s ]
INFO: [ app_init ] --END-- [ RunTime:0.000839s ]
ERR: 无法加载模块:Public

[ 2017-05-07T20:49:56+08:00 ] 127.0.0.1 /Public/js/skin/default/layer.css?v=3.0.11110
INFO: [ app_init ] --START--
INFO: Run Behavior\BuildLiteBehavior [ RunTime:0.000021s ]
INFO: [ app_init ] --END-- [ RunTime:0.000562s ]
ERR: 无法加载模块:Public

[ 2017-05-07T20:49:59+08:00 ] 127.0.0.1 /Application/Admin/Uploads/upadvert_heng/588310a86cb9a.jpg
INFO: [ app_init ] --START--
INFO: Run Behavior\BuildLiteBehavior [ RunTime:0.000032s ]
INFO: [ app_init ] --END-- [ RunTime:0.000652s ]
ERR: 无法加载模块:Application

[ 2017-05-07T20:49:59+08:00 ] 127.0.0.1 /Application/Admin/Uploads/upadvert_heng/58980bf02e2d4.jpg
INFO: [ app_init ] --START--
INFO: Run Behavior\BuildLiteBehavior [ RunTime:0.000032s ]
INFO: [ app_init ] --END-- [ RunTime:0.000694s ]
ERR: 无法加载模块:Application

[ 2017-05-07T20:50:00+08:00 ] 127.0.0.1 /Public/js/skin/default/layer.css?v=3.0.11110
INFO: [ app_init ] --START--
INFO: Run Behavior\BuildLiteBehavior [ RunTime:0.000033s ]
INFO: [ app_init ] --END-- [ RunTime:0.000741s ]
ERR: 无法加载模块:Public

[ 2017-05-07T20:50:02+08:00 ] 127.0.0.1 /Public/js/skin/default/layer.css?v=3.0.11110
INFO: [ app_init ] --START--
INFO: Run Behavior\BuildLiteBehavior [ RunTime:0.000029s ]
INFO: [ app_init ] --END-- [ RunTime:0.000693s ]
ERR: 无法加载模块:Public

[ 2017-05-07T20:50:05+08:00 ] 127.0.0.1 /Public/js/skin/default/layer.css?v=3.0.11110
INFO: [ app_init ] --START--
INFO: Run Behavior\BuildLiteBehavior [ RunTime:0.000029s ]
INFO: [ app_init ] --END-- [ RunTime:0.000656s ]
ERR: 无法加载模块:Public

[ 2017-05-07T20:50:05+08:00 ] 127.0.0.1 /Application/Admin/Uploads/upfoodimg/589bc73153603.jpg
INFO: [ app_init ] --START--
INFO: Run Behavior\BuildLiteBehavior [ RunTime:0.000033s ]
INFO: [ app_init ] --END-- [ RunTime:0.000778s ]
ERR: 无法加载模块:Application

[ 2017-05-07T20:50:08+08:00 ] 127.0.0.1 /Application/Admin/Uploads/upadvert_heng/588310a86cb9a.jpg
INFO: [ app_init ] --START--
INFO: Run Behavior\BuildLiteBehavior [ RunTime:0.000028s ]
INFO: [ app_init ] --END-- [ RunTime:0.000643s ]
ERR: 无法加载模块:Application

[ 2017-05-07T20:50:08+08:00 ] 127.0.0.1 /Application/Admin/Uploads/upadvert_heng/58980bf02e2d4.jpg
INFO: [ app_init ] --START--
INFO: Run Behavior\BuildLiteBehavior [ RunTime:0.000031s ]
INFO: [ app_init ] --END-- [ RunTime:0.000704s ]
ERR: 无法加载模块:Application

[ 2017-05-07T20:50:09+08:00 ] 127.0.0.1 /Public/js/skin/default/layer.css?v=3.0.11110
INFO: [ app_init ] --START--
INFO: Run Behavior\BuildLiteBehavior [ RunTime:0.000030s ]
INFO: [ app_init ] --END-- [ RunTime:0.000657s ]
ERR: 无法加载模块:Public

[ 2017-05-07T20:50:14+08:00 ] 127.0.0.1 /Public/js/skin/default/layer.css?v=3.0.11110
INFO: [ app_init ] --START--
INFO: Run Behavior\BuildLiteBehavior [ RunTime:0.000031s ]
INFO: [ app_init ] --END-- [ RunTime:0.000714s ]
ERR: 无法加载模块:Public

[ 2017-05-07T20:50:21+08:00 ] 127.0.0.1 /Application/Admin/Uploads/upfoodimg/589bc73153603.jpg
INFO: [ app_init ] --START--
INFO: Run Behavior\BuildLiteBehavior [ RunTime:0.000026s ]
INFO: [ app_init ] --END-- [ RunTime:0.000618s ]
ERR: 无法加载模块:Application

[ 2017-05-07T20:50:21+08:00 ] 127.0.0.1 /Public/js/skin/default/layer.css?v=3.0.11110
INFO: [ app_init ] --START--
INFO: Run Behavior\BuildLiteBehavior [ RunTime:0.000034s ]
INFO: [ app_init ] --END-- [ RunTime:0.000750s ]
ERR: 无法加载模块:Public

[ 2017-05-07T20:52:07+08:00 ] 127.0.0.1 /Public/js/skin/default/layer.css?v=3.0.11110
INFO: [ app_init ] --START--
INFO: Run Behavior\BuildLiteBehavior [ RunTime:0.000036s ]
INFO: [ app_init ] --END-- [ RunTime:0.000759s ]
ERR: 无法加载模块:Public

[ 2017-05-07T21:00:03+08:00 ] 127.0.0.1 /Public/js/skin/default/layer.css?v=3.0.11110
INFO: [ app_init ] --START--
INFO: Run Behavior\BuildLiteBehavior [ RunTime:0.000035s ]
INFO: [ app_init ] --END-- [ RunTime:0.000758s ]
ERR: 无法加载模块:Public

[ 2017-05-07T21:01:22+08:00 ] 127.0.0.1 /Public/js/skin/default/layer.css?v=3.0.11110
INFO: [ app_init ] --START--
INFO: Run Behavior\BuildLiteBehavior [ RunTime:0.000034s ]
INFO: [ app_init ] --END-- [ RunTime:0.000613s ]
ERR: 无法加载模块:Public

[ 2017-05-07T21:01:25+08:00 ] 127.0.0.1 /Public/js/skin/default/layer.css?v=3.0.11110
INFO: [ app_init ] --START--
INFO: Run Behavior\BuildLiteBehavior [ RunTime:0.000018s ]
INFO: [ app_init ] --END-- [ RunTime:0.000422s ]
ERR: 无法加载模块:Public

[ 2017-05-07T21:01:29+08:00 ] 127.0.0.1 /Public/js/skin/default/layer.css?v=3.0.11110
INFO: [ app_init ] --START--
INFO: Run Behavior\BuildLiteBehavior [ RunTime:0.000028s ]
INFO: [ app_init ] --END-- [ RunTime:0.000451s ]
ERR: 无法加载模块:Public

[ 2017-05-07T21:01:35+08:00 ] 127.0.0.1 /Public/js/skin/default/layer.css?v=3.0.11110
INFO: [ app_init ] --START--
INFO: Run Behavior\BuildLiteBehavior [ RunTime:0.000034s ]
INFO: [ app_init ] --END-- [ RunTime:0.000700s ]
ERR: 无法加载模块:Public

[ 2017-05-07T21:01:38+08:00 ] 127.0.0.1 /Public/js/skin/default/layer.css?v=3.0.11110
INFO: [ app_init ] --START--
INFO: Run Behavior\BuildLiteBehavior [ RunTime:0.000030s ]
INFO: [ app_init ] --END-- [ RunTime:0.000628s ]
ERR: 无法加载模块:Public

[ 2017-05-07T21:01:41+08:00 ] 127.0.0.1 /Public/js/skin/default/layer.css?v=3.0.11110
INFO: [ app_init ] --START--
INFO: Run Behavior\BuildLiteBehavior [ RunTime:0.000040s ]
INFO: [ app_init ] --END-- [ RunTime:0.000809s ]
ERR: 无法加载模块:Public

[ 2017-05-07T21:24:46+08:00 ] 127.0.0.1 /Public/js/skin/default/layer.css?v=3.0.11110
INFO: [ app_init ] --START--
INFO: Run Behavior\BuildLiteBehavior [ RunTime:0.000020s ]
INFO: [ app_init ] --END-- [ RunTime:0.000450s ]
ERR: 无法加载模块:Public

[ 2017-05-07T21:31:04+08:00 ] 127.0.0.1 /Public/js/skin/default/layer.css?v=3.0.11110
INFO: [ app_init ] --START--
INFO: Run Behavior\BuildLiteBehavior [ RunTime:0.000023s ]
INFO: [ app_init ] --END-- [ RunTime:0.000455s ]
ERR: 无法加载模块:Public

[ 2017-05-07T21:34:09+08:00 ] 127.0.0.1 /Public/js/skin/default/layer.css?v=3.0.11110
INFO: [ app_init ] --START--
INFO: Run Behavior\BuildLiteBehavior [ RunTime:0.000023s ]
INFO: [ app_init ] --END-- [ RunTime:0.000641s ]
ERR: 无法加载模块:Public

[ 2017-05-07T21:53:38+08:00 ] 127.0.0.1 /Public/js/skin/default/layer.css?v=3.0.11110
INFO: [ app_init ] --START--
INFO: Run Behavior\BuildLiteBehavior [ RunTime:0.000033s ]
INFO: [ app_init ] --END-- [ RunTime:0.000652s ]
ERR: 无法加载模块:Public

[ 2017-05-07T21:53:54+08:00 ] 127.0.0.1 /Public/js/skin/default/layer.css?v=3.0.11110
INFO: [ app_init ] --START--
INFO: Run Behavior\BuildLiteBehavior [ RunTime:0.000020s ]
INFO: [ app_init ] --END-- [ RunTime:0.000452s ]
ERR: 无法加载模块:Public

[ 2017-05-07T21:54:00+08:00 ] 127.0.0.1 /Public/js/skin/default/layer.css?v=3.0.11110
INFO: [ app_init ] --START--
INFO: Run Behavior\BuildLiteBehavior [ RunTime:0.000035s ]
INFO: [ app_init ] --END-- [ RunTime:0.000724s ]
ERR: 无法加载模块:Public

[ 2017-05-07T21:55:12+08:00 ] 127.0.0.1 /Public/js/skin/default/layer.css?v=3.0.11110
INFO: [ app_init ] --START--
INFO: Run Behavior\BuildLiteBehavior [ RunTime:0.000036s ]
INFO: [ app_init ] --END-- [ RunTime:0.000736s ]
ERR: 无法加载模块:Public

[ 2017-05-07T21:55:15+08:00 ] 127.0.0.1 /Public/js/skin/default/layer.css?v=3.0.11110
INFO: [ app_init ] --START--
INFO: Run Behavior\BuildLiteBehavior [ RunTime:0.000030s ]
INFO: [ app_init ] --END-- [ RunTime:0.000651s ]
ERR: 无法加载模块:Public

[ 2017-05-07T21:58:24+08:00 ] 127.0.0.1 /Public/js/skin/default/layer.css?v=3.0.11110
INFO: [ app_init ] --START--
INFO: Run Behavior\BuildLiteBehavior [ RunTime:0.000032s ]
INFO: [ app_init ] --END-- [ RunTime:0.000625s ]
ERR: 无法加载模块:Public

[ 2017-05-07T22:32:33+08:00 ] 127.0.0.1 /Public/js/skin/default/layer.css?v=3.0.11110
INFO: [ app_init ] --START--
INFO: Run Behavior\BuildLiteBehavior [ RunTime:0.000022s ]
INFO: [ app_init ] --END-- [ RunTime:0.000522s ]
ERR: 无法加载模块:Public

[ 2017-05-07T22:32:58+08:00 ] 127.0.0.1 /Public/js/vip.js,/Public/js/layer.js
INFO: [ app_init ] --START--
INFO: Run Behavior\BuildLiteBehavior [ RunTime:0.000043s ]
INFO: [ app_init ] --END-- [ RunTime:0.000785s ]
ERR: 无法加载模块:Public

[ 2017-05-07T22:32:58+08:00 ] 127.0.0.1 /Public/js/skin/default/layer.css?v=3.0.11110
INFO: [ app_init ] --START--
INFO: Run Behavior\BuildLiteBehavior [ RunTime:0.000032s ]
INFO: [ app_init ] --END-- [ RunTime:0.000625s ]
ERR: 无法加载模块:Public

[ 2017-05-07T22:33:03+08:00 ] 127.0.0.1 /Public/js/skin/default/layer.css?v=3.0.11110
INFO: [ app_init ] --START--
INFO: Run Behavior\BuildLiteBehavior [ RunTime:0.000031s ]
INFO: [ app_init ] --END-- [ RunTime:0.000639s ]
ERR: 无法加载模块:Public

[ 2017-05-07T22:34:30+08:00 ] 127.0.0.1 /Public/js/skin/default/layer.css?v=3.0.11110
INFO: [ app_init ] --START--
INFO: Run Behavior\BuildLiteBehavior [ RunTime:0.000028s ]
INFO: [ app_init ] --END-- [ RunTime:0.000644s ]
ERR: 无法加载模块:Public

[ 2017-05-07T22:38:37+08:00 ] 127.0.0.1 /Public/images/restaurantLogo/2017-03-07/58be79962126b.png
INFO: [ app_init ] --START--
INFO: Run Behavior\BuildLiteBehavior [ RunTime:0.000030s ]
INFO: [ app_init ] --END-- [ RunTime:0.000661s ]
ERR: 无法加载模块:Public

[ 2017-05-07T22:38:37+08:00 ] 127.0.0.1 /Public/js/skin/default/layer.css?v=3.0.11110
INFO: [ app_init ] --START--
INFO: Run Behavior\BuildLiteBehavior [ RunTime:0.000018s ]
INFO: [ app_init ] --END-- [ RunTime:0.000440s ]
ERR: 无法加载模块:Public

[ 2017-05-07T22:39:31+08:00 ] 127.0.0.1 /Public/images/restaurantLogo/2017-03-07/58be79962126b.png
INFO: [ app_init ] --START--
INFO: Run Behavior\BuildLiteBehavior [ RunTime:0.000019s ]
INFO: [ app_init ] --END-- [ RunTime:0.000439s ]
ERR: 无法加载模块:Public

[ 2017-05-07T22:39:31+08:00 ] 127.0.0.1 /Public/js/skin/default/layer.css?v=3.0.11110
INFO: [ app_init ] --START--
INFO: Run Behavior\BuildLiteBehavior [ RunTime:0.000019s ]
INFO: [ app_init ] --END-- [ RunTime:0.000441s ]
ERR: 无法加载模块:Public

[ 2017-05-07T22:39:41+08:00 ] 127.0.0.1 /Application/Admin/Uploads/upadvert_heng/588310a86cb9a.jpg
INFO: [ app_init ] --START--
INFO: Run Behavior\BuildLiteBehavior [ RunTime:0.000051s ]
INFO: [ app_init ] --END-- [ RunTime:0.000908s ]
ERR: 无法加载模块:Application

[ 2017-05-07T22:39:41+08:00 ] 127.0.0.1 /Application/Admin/Uploads/upadvert_heng/58980bf02e2d4.jpg
INFO: [ app_init ] --START--
INFO: Run Behavior\BuildLiteBehavior [ RunTime:0.000034s ]
INFO: [ app_init ] --END-- [ RunTime:0.000882s ]
ERR: 无法加载模块:Application

[ 2017-05-07T22:39:41+08:00 ] 127.0.0.1 /Public/js/skin/default/layer.css?v=3.0.11110
INFO: [ app_init ] --START--
INFO: Run Behavior\BuildLiteBehavior [ RunTime:0.000028s ]
INFO: [ app_init ] --END-- [ RunTime:0.000597s ]
ERR: 无法加载模块:Public

[ 2017-05-07T22:39:41+08:00 ] 127.0.0.1 /Application/Admin/Uploads/upadvert_shu/58ab1176cdb5e.jpg
INFO: [ app_init ] --START--
INFO: Run Behavior\BuildLiteBehavior [ RunTime:0.000032s ]
INFO: [ app_init ] --END-- [ RunTime:0.000699s ]
ERR: 无法加载模块:Application

[ 2017-05-07T22:39:41+08:00 ] 127.0.0.1 /Application/Admin/Uploads/upadvert_showNum/58ab117bea99a.jpg
INFO: [ app_init ] --START--
INFO: Run Behavior\BuildLiteBehavior [ RunTime:0.000036s ]
INFO: [ app_init ] --END-- [ RunTime:0.000666s ]
ERR: 无法加载模块:Application

[ 2017-05-07T22:39:58+08:00 ] 127.0.0.1 /Application/Admin/Uploads/upadvert_heng/588310a86cb9a.jpg
INFO: [ app_init ] --START--
INFO: Run Behavior\BuildLiteBehavior [ RunTime:0.000163s ]
INFO: [ app_init ] --END-- [ RunTime:0.000854s ]
ERR: 无法加载模块:Application

[ 2017-05-07T22:39:58+08:00 ] 127.0.0.1 /Application/Admin/Uploads/upadvert_heng/58980bf02e2d4.jpg
INFO: [ app_init ] --START--
INFO: Run Behavior\BuildLiteBehavior [ RunTime:0.000033s ]
INFO: [ app_init ] --END-- [ RunTime:0.000622s ]
ERR: 无法加载模块:Application

[ 2017-05-07T22:39:58+08:00 ] 127.0.0.1 /Application/Admin/Uploads/upadvert_shu/58ab1176cdb5e.jpg
INFO: [ app_init ] --START--
INFO: Run Behavior\BuildLiteBehavior [ RunTime:0.000031s ]
INFO: [ app_init ] --END-- [ RunTime:0.001038s ]
ERR: 无法加载模块:Application

[ 2017-05-07T22:39:58+08:00 ] 127.0.0.1 /Application/Admin/Uploads/upadvert_showNum/58ab117bea99a.jpg
INFO: [ app_init ] --START--
INFO: Run Behavior\BuildLiteBehavior [ RunTime:0.000036s ]
INFO: [ app_init ] --END-- [ RunTime:0.008978s ]
ERR: 无法加载模块:Application

[ 2017-05-07T22:39:58+08:00 ] 127.0.0.1 /Public/js/skin/default/layer.css?v=3.0.11110
INFO: [ app_init ] --START--
INFO: Run Behavior\BuildLiteBehavior [ RunTime:0.000018s ]
INFO: [ app_init ] --END-- [ RunTime:0.000417s ]
ERR: 无法加载模块:Public

[ 2017-05-07T22:39:59+08:00 ] 127.0.0.1 /Application/Admin/Uploads/uptpl_heng/orderPage99.png
INFO: [ app_init ] --START--
INFO: Run Behavior\BuildLiteBehavior [ RunTime:0.000019s ]
INFO: [ app_init ] --END-- [ RunTime:0.000448s ]
ERR: 无法加载模块:Application

[ 2017-05-07T22:40:00+08:00 ] 127.0.0.1 /Public/js/skin/default/layer.css?v=3.0.11110
INFO: [ app_init ] --START--
INFO: Run Behavior\BuildLiteBehavior [ RunTime:0.000030s ]
INFO: [ app_init ] --END-- [ RunTime:0.000652s ]
ERR: 无法加载模块:Public

[ 2017-05-07T22:40:05+08:00 ] 127.0.0.1 /Public/js/skin/default/layer.css?v=3.0.11110
INFO: [ app_init ] --START--
INFO: Run Behavior\BuildLiteBehavior [ RunTime:0.000029s ]
INFO: [ app_init ] --END-- [ RunTime:0.000684s ]
ERR: 无法加载模块:Public

[ 2017-05-07T22:40:07+08:00 ] 127.0.0.1 /Public/js/skin/default/layer.css?v=3.0.11110
INFO: [ app_init ] --START--
INFO: Run Behavior\BuildLiteBehavior [ RunTime:0.000020s ]
INFO: [ app_init ] --END-- [ RunTime:0.000449s ]
ERR: 无法加载模块:Public

[ 2017-05-07T22:40:12+08:00 ] 127.0.0.1 /Public/js/skin/default/layer.css?v=3.0.11110
INFO: [ app_init ] --START--
INFO: Run Behavior\BuildLiteBehavior [ RunTime:0.000028s ]
INFO: [ app_init ] --END-- [ RunTime:0.000525s ]
ERR: 无法加载模块:Public

[ 2017-05-07T22:40:19+08:00 ] 127.0.0.1 /element-ui@1.1.6/lib/index.js
INFO: [ app_init ] --START--
INFO: Run Behavior\BuildLiteBehavior [ RunTime:0.000031s ]
INFO: [ app_init ] --END-- [ RunTime:0.000617s ]
ERR: 无法加载模块:Element-ui@1.1.6

[ 2017-05-07T22:40:19+08:00 ] 127.0.0.1 /element-ui@1.1.6/lib/theme-default/element.css
INFO: [ app_init ] --START--
INFO: Run Behavior\BuildLiteBehavior [ RunTime:0.000029s ]
INFO: [ app_init ] --END-- [ RunTime:0.001219s ]
ERR: 无法加载模块:Element-ui@1.1.6

[ 2017-05-07T22:40:19+08:00 ] 127.0.0.1 /Public/js/skin/default/layer.css?v=3.0.11110
INFO: [ app_init ] --START--
INFO: Run Behavior\BuildLiteBehavior [ RunTime:0.000018s ]
INFO: [ app_init ] --END-- [ RunTime:0.000425s ]
ERR: 无法加载模块:Public

[ 2017-05-07T22:40:19+08:00 ] 127.0.0.1 /element-ui@1.1.6/lib/index.js
INFO: [ app_init ] --START--
INFO: Run Behavior\BuildLiteBehavior [ RunTime:0.000135s ]
INFO: [ app_init ] --END-- [ RunTime:0.000665s ]
ERR: 无法加载模块:Element-ui@1.1.6

[ 2017-05-07T22:40:21+08:00 ] 127.0.0.1 /Application/Admin/Uploads/qrcode/2017-02-25/181713.png
INFO: [ app_init ] --START--
INFO: Run Behavior\BuildLiteBehavior [ RunTime:0.000028s ]
INFO: [ app_init ] --END-- [ RunTime:0.000601s ]
ERR: 无法加载模块:Application

[ 2017-05-07T22:40:21+08:00 ] 127.0.0.1 /Application/Admin/Uploads/qrcode/2017-02-25/181359.png
INFO: [ app_init ] --START--
INFO: Run Behavior\BuildLiteBehavior [ RunTime:0.000034s ]
INFO: [ app_init ] --END-- [ RunTime:0.000679s ]
ERR: 无法加载模块:Application

[ 2017-05-07T22:40:21+08:00 ] 127.0.0.1 /Application/Admin/Uploads/qrcode/2017-02-25/181204.png
INFO: [ app_init ] --START--
INFO: Run Behavior\BuildLiteBehavior [ RunTime:0.000030s ]
INFO: [ app_init ] --END-- [ RunTime:0.000618s ]
ERR: 无法加载模块:Application

[ 2017-05-07T22:40:21+08:00 ] 127.0.0.1 /Application/Admin/Uploads/qrcode/2017-02-27/180022.png
INFO: [ app_init ] --START--
INFO: Run Behavior\BuildLiteBehavior [ RunTime:0.000031s ]
INFO: [ app_init ] --END-- [ RunTime:0.000720s ]
ERR: 无法加载模块:Application

[ 2017-05-07T22:40:21+08:00 ] 127.0.0.1 /Application/Admin/Uploads/qrcode/2017-02-27/142842.png
INFO: [ app_init ] --START--
INFO: Run Behavior\BuildLiteBehavior [ RunTime:0.000020s ]
INFO: [ app_init ] --END-- [ RunTime:0.000483s ]
ERR: 无法加载模块:Application

[ 2017-05-07T22:40:21+08:00 ] 127.0.0.1 /Public/js/skin/default/layer.css?v=3.0.11110
INFO: [ app_init ] --START--
INFO: Run Behavior\BuildLiteBehavior [ RunTime:0.000035s ]
INFO: [ app_init ] --END-- [ RunTime:0.001110s ]
ERR: 无法加载模块:Public

[ 2017-05-07T22:40:24+08:00 ] 127.0.0.1 /Public/js/skin/default/layer.css?v=3.0.11110
INFO: [ app_init ] --START--
INFO: Run Behavior\BuildLiteBehavior [ RunTime:0.000020s ]
INFO: [ app_init ] --END-- [ RunTime:0.000524s ]
ERR: 无法加载模块:Public

[ 2017-05-07T22:40:33+08:00 ] 127.0.0.1 /Public/js/skin/default/layer.css?v=3.0.11110
INFO: [ app_init ] --START--
INFO: Run Behavior\BuildLiteBehavior [ RunTime:0.000034s ]
INFO: [ app_init ] --END-- [ RunTime:0.000621s ]
ERR: 无法加载模块:Public

[ 2017-05-07T22:40:39+08:00 ] 127.0.0.1 /Public/js/skin/default/layer.css?v=3.0.11110
INFO: [ app_init ] --START--
INFO: Run Behavior\BuildLiteBehavior [ RunTime:0.000017s ]
INFO: [ app_init ] --END-- [ RunTime:0.000418s ]
ERR: 无法加载模块:Public

[ 2017-05-07T22:40:50+08:00 ] 127.0.0.1 /Public/js/skin/default/layer.css?v=3.0.11110
INFO: [ app_init ] --START--
INFO: Run Behavior\BuildLiteBehavior [ RunTime:0.000022s ]
INFO: [ app_init ] --END-- [ RunTime:0.000501s ]
ERR: 无法加载模块:Public

[ 2017-05-07T22:40:53+08:00 ] 127.0.0.1 /Public/js/skin/default/layer.css?v=3.0.11110
INFO: [ app_init ] --START--
INFO: Run Behavior\BuildLiteBehavior [ RunTime:0.000034s ]
INFO: [ app_init ] --END-- [ RunTime:0.000706s ]
ERR: 无法加载模块:Public

[ 2017-05-07T22:41:12+08:00 ] 127.0.0.1 /Public/js/skin/default/layer.css?v=3.0.11110
INFO: [ app_init ] --START--
INFO: Run Behavior\BuildLiteBehavior [ RunTime:0.000053s ]
INFO: [ app_init ] --END-- [ RunTime:0.000935s ]
ERR: 无法加载模块:Public

[ 2017-05-07T22:41:14+08:00 ] 127.0.0.1 /Public/js/skin/default/layer.css?v=3.0.11110
INFO: [ app_init ] --START--
INFO: Run Behavior\BuildLiteBehavior [ RunTime:0.000020s ]
INFO: [ app_init ] --END-- [ RunTime:0.000474s ]
ERR: 无法加载模块:Public

[ 2017-05-07T22:41:16+08:00 ] 127.0.0.1 /Public/js/skin/default/layer.css?v=3.0.11110
INFO: [ app_init ] --START--
INFO: Run Behavior\BuildLiteBehavior [ RunTime:0.000034s ]
INFO: [ app_init ] --END-- [ RunTime:0.000660s ]
ERR: 无法加载模块:Public

[ 2017-05-07T22:41:26+08:00 ] 127.0.0.1 /Public/js/skin/default/layer.css?v=3.0.11110
INFO: [ app_init ] --START--
INFO: Run Behavior\BuildLiteBehavior [ RunTime:0.000018s ]
INFO: [ app_init ] --END-- [ RunTime:0.000419s ]
ERR: 无法加载模块:Public

[ 2017-05-07T22:41:27+08:00 ] 127.0.0.1 /Public/js/skin/default/layer.css?v=3.0.11110
INFO: [ app_init ] --START--
INFO: Run Behavior\BuildLiteBehavior [ RunTime:0.000028s ]
INFO: [ app_init ] --END-- [ RunTime:0.000593s ]
ERR: 无法加载模块:Public

[ 2017-05-07T22:41:28+08:00 ] 127.0.0.1 /Public/js/vip.js,/Public/js/layer.js
INFO: [ app_init ] --START--
INFO: Run Behavior\BuildLiteBehavior [ RunTime:0.000037s ]
INFO: [ app_init ] --END-- [ RunTime:0.000657s ]
ERR: 无法加载模块:Public

blic

[ 2017-05-07T22:41:31+08:00 ] 127.0.0.1 /Public/js/skin/default/layer.css?v=3.0.11110
INFO: [ app_init ] --START--
INFO: Run Behavior\BuildLiteBehavior [ RunTime:0.000028s ]
INFO: [ app_init ] --END-- [ RunTime:0.000451s ]
ERR: 无法加载模块:Public

[ 2017-05-07T22:41:50+08:00 ] 127.0.0.1 /Public/images/restaurantLogo/2017-03-07/58be79962126b.png
INFO: [ app_init ] --START--
INFO: Run Behavior\BuildLiteBehavior [ RunTime:0.000033s ]
INFO: [ app_init ] --END-- [ RunTime:0.000708s ]
ERR: 无法加载模块:Public

[ 2017-05-07T22:41:50+08:00 ] 127.0.0.1 /Public/js/skin/default/layer.css?v=3.0.11110
INFO: [ app_init ] --START--
INFO: Run Behavior\BuildLiteBehavior [ RunTime:0.000032s ]
INFO: [ app_init ] --END-- [ RunTime:0.000705s ]
ERR: 无法加载模块:Public

[ 2017-05-07T22:42:00+08:00 ] 127.0.0.1 /Application/Admin/Uploads/upadvert_heng/588310a86cb9a.jpg
INFO: [ app_init ] --START--
INFO: Run Behavior\BuildLiteBehavior [ RunTime:0.000029s ]
INFO: [ app_init ] --END-- [ RunTime:0.000608s ]
ERR: 无法加载模块:Application

[ 2017-05-07T22:42:00+08:00 ] 127.0.0.1 /Application/Admin/Uploads/upadvert_heng/58980bf02e2d4.jpg
INFO: [ app_init ] --START--
INFO: Run Behavior\BuildLiteBehavior [ RunTime:0.000029s ]
INFO: [ app_init ] --END-- [ RunTime:0.000612s ]
ERR: 无法加载模块:Application

[ 2017-05-07T22:42:00+08:00 ] 127.0.0.1 /Application/Admin/Uploads/upadvert_shu/58ab1176cdb5e.jpg
INFO: [ app_init ] --START--
INFO: Run Behavior\BuildLiteBehavior [ RunTime:0.000019s ]
INFO: [ app_init ] --END-- [ RunTime:0.000430s ]
ERR: 无法加载模块:Application

[ 2017-05-07T22:42:00+08:00 ] 127.0.0.1 /Application/Admin/Uploads/upadvert_showNum/58ab117bea99a.jpg
INFO: [ app_init ] --START--
INFO: Run Behavior\BuildLiteBehavior [ RunTime:0.000026s ]
INFO: [ app_init ] --END-- [ RunTime:0.000579s ]
ERR: 无法加载模块:Application

[ 2017-05-07T22:42:00+08:00 ] 127.0.0.1 /Public/js/skin/default/layer.css?v=3.0.11110
INFO: [ app_init ] --START--
INFO: Run Behavior\BuildLiteBehavior [ RunTime:0.000018s ]
INFO: [ app_init ] --END-- [ RunTime:0.000449s ]
ERR: 无法加载模块:Public

[ 2017-05-07T22:42:05+08:00 ] 127.0.0.1 /Application/Admin/Uploads/uptpl_heng/orderPage99.png
INFO: [ app_init ] --START--
INFO: Run Behavior\BuildLiteBehavior [ RunTime:0.000031s ]
INFO: [ app_init ] --END-- [ RunTime:0.000711s ]
ERR: 无法加载模块:Application

[ 2017-05-07T22:42:05+08:00 ] 127.0.0.1 /Public/js/skin/default/layer.css?v=3.0.11110
INFO: [ app_init ] --START--
INFO: Run Behavior\BuildLiteBehavior [ RunTime:0.000033s ]
INFO: [ app_init ] --END-- [ RunTime:0.000716s ]
ERR: 无法加载模块:Public

[ 2017-05-07T22:42:12+08:00 ] 127.0.0.1 /Public/js/skin/default/layer.css?v=3.0.11110
INFO: [ app_init ] --START--
INFO: Run Behavior\BuildLiteBehavior [ RunTime:0.000035s ]
INFO: [ app_init ] --END-- [ RunTime:0.000782s ]
ERR: 无法加载模块:Public

[ 2017-05-07T22:42:18+08:00 ] 127.0.0.1 /Public/js/skin/default/layer.css?v=3.0.11110
INFO: [ app_init ] --START--
INFO: Run Behavior\BuildLiteBehavior [ RunTime:0.000019s ]
INFO: [ app_init ] --END-- [ RunTime:0.000458s ]
ERR: 无法加载模块:Public

[ 2017-05-07T22:42:32+08:00 ] 127.0.0.1 /Public/js/skin/default/layer.css?v=3.0.11110
INFO: [ app_init ] --START--
INFO: Run Behavior\BuildLiteBehavior [ RunTime:0.000034s ]
INFO: [ app_init ] --END-- [ RunTime:0.000709s ]
ERR: 无法加载模块:Public

[ 2017-05-07T22:42:34+08:00 ] 127.0.0.1 /Public/js/skin/default/layer.css?v=3.0.11110
INFO: [ app_init ] --START--
INFO: Run Behavior\BuildLiteBehavior [ RunTime:0.000029s ]
INFO: [ app_init ] --END-- [ RunTime:0.000473s ]
ERR: 无法加载模块:Public

[ 2017-05-07T22:42:54+08:00 ] 127.0.0.1 /Public/js/skin/default/layer.css?v=3.0.11110
INFO: [ app_init ] --START--
INFO: Run Behavior\BuildLiteBehavior [ RunTime:0.000021s ]
INFO: [ app_init ] --END-- [ RunTime:0.000521s ]
ERR: 无法加载模块:Public

[ 2017-05-07T22:43:03+08:00 ] 127.0.0.1 /Public/js/skin/default/layer.css?v=3.0.11110
INFO: [ app_init ] --START--
INFO: Run Behavior\BuildLiteBehavior [ RunTime:0.000038s ]
INFO: [ app_init ] --END-- [ RunTime:0.000748s ]
ERR: 无法加载模块:Public

[ 2017-05-07T22:46:18+08:00 ] 127.0.0.1 /Public/js/skin/default/layer.css?v=3.0.11110
INFO: [ app_init ] --START--
INFO: Run Behavior\BuildLiteBehavior [ RunTime:0.000019s ]
INFO: [ app_init ] --END-- [ RunTime:0.000453s ]
ERR: 无法加载模块:Public

[ 2017-05-07T22:47:33+08:00 ] 127.0.0.1 /Public/js/skin/default/layer.css?v=3.0.11110
INFO: [ app_init ] --START--
INFO: Run Behavior\BuildLiteBehavior [ RunTime:0.000031s ]
INFO: [ app_init ] --END-- [ RunTime:0.000490s ]
ERR: 无法加载模块:Public

[ 2017-05-07T22:47:40+08:00 ] 127.0.0.1 /Public/js/skin/default/layer.css?v=3.0.11110
INFO: [ app_init ] --START--
INFO: Run Behavior\BuildLiteBehavior [ RunTime:0.000022s ]
INFO: [ app_init ] --END-- [ RunTime:0.000630s ]
ERR: 无法加载模块:Public

[ 2017-05-07T22:47:42+08:00 ] 127.0.0.1 /Public/js/skin/default/layer.css?v=3.0.11110
INFO: [ app_init ] --START--
INFO: Run Behavior\BuildLiteBehavior [ RunTime:0.000047s ]
INFO: [ app_init ] --END-- [ RunTime:0.000872s ]
ERR: 无法加载模块:Public

[ 2017-05-07T22:47:48+08:00 ] 127.0.0.1 /Public/js/skin/default/layer.css?v=3.0.11110
INFO: [ app_init ] --START--
INFO: Run Behavior\BuildLiteBehavior [ RunTime:0.000019s ]
INFO: [ app_init ] --END-- [ RunTime:0.000507s ]
ERR: 无法加载模块:Public

[ 2017-05-07T22:48:57+08:00 ] 127.0.0.1 /Public/js/skin/default/layer.css?v=3.0.11110
INFO: [ app_init ] --START--
INFO: Run Behavior\BuildLiteBehavior [ RunTime:0.000032s ]
INFO: [ app_init ] --END-- [ RunTime:0.000724s ]
ERR: 无法加载模块:Public

[ 2017-05-07T22:51:07+08:00 ] 127.0.0.1 /Public/js/skin/default/layer.css?v=3.0.11110
INFO: [ app_init ] --START--
INFO: Run Behavior\BuildLiteBehavior [ RunTime:0.000027s ]
INFO: [ app_init ] --END-- [ RunTime:0.000662s ]
ERR: 无法加载模块:Public

[ 2017-05-07T22:53:24+08:00 ] 127.0.0.1 /Public/js/skin/default/layer.css?v=3.0.11110
INFO: [ app_init ] --START--
INFO: Run Behavior\BuildLiteBehavior [ RunTime:0.000047s ]
INFO: [ app_init ] --END-- [ RunTime:0.000791s ]
ERR: 无法加载模块:Public

[ 2017-05-07T23:07:05+08:00 ] 127.0.0.1 /Public/js/skin/default/layer.css?v=3.0.11110
INFO: [ app_init ] --START--
INFO: Run Behavior\BuildLiteBehavior [ RunTime:0.000046s ]
INFO: [ app_init ] --END-- [ RunTime:0.000813s ]
ERR: 无法加载模块:Public

