[ 2017-03-13T09:11:05+08:00 ] 127.0.0.1 /favicon.ico
INFO: [ app_init ] --START--
INFO: Run Behavior\BuildLiteBehavior [ RunTime:0.000012s ]
INFO: [ app_init ] --END-- [ RunTime:0.000335s ]
ERR: 无法加载模块:Favicon

[ 2017-03-13T09:11:43+08:00 ] 127.0.0.1 /Public/js/skin/default/layer.css?v=3.0.11110
INFO: [ app_init ] --START--
INFO: Run Behavior\BuildLiteBehavior [ RunTime:0.000011s ]
INFO: [ app_init ] --END-- [ RunTime:0.000316s ]
ERR: 无法加载模块:Public

[ 2017-03-13T09:11:43+08:00 ] 127.0.0.1 /Public/js/skin/default/layer.css?v=3.0.11110
INFO: [ app_init ] --START--
INFO: Run Behavior\BuildLiteBehavior [ RunTime:0.000011s ]
INFO: [ app_init ] --END-- [ RunTime:0.000322s ]
ERR: 无法加载模块:Public

[ 2017-03-13T09:11:45+08:00 ] 127.0.0.1 /Public/js/skin/default/layer.css?v=3.0.11110
INFO: [ app_init ] --START--
INFO: Run Behavior\BuildLiteBehavior [ RunTime:0.000012s ]
INFO: [ app_init ] --END-- [ RunTime:0.000354s ]
ERR: 无法加载模块:Public

[ 2017-03-13T09:11:45+08:00 ] 127.0.0.1 /Public/js/vip.js,/Public/js/layer.js
INFO: [ app_init ] --START--
INFO: Run Behavior\BuildLiteBehavior [ RunTime:0.000012s ]
INFO: [ app_init ] --END-- [ RunTime:0.000329s ]
ERR: 无法加载模块:Public

[ 2017-03-13T09:11:45+08:00 ] 127.0.0.1 /Public/js/skin/default/layer.css?v=3.0.11110
INFO: [ app_init ] --START--
INFO: Run Behavior\BuildLiteBehavior [ RunTime:0.000017s ]
INFO: [ app_init ] --END-- [ RunTime:0.000522s ]
ERR: 无法加载模块:Public

[ 2017-03-13T09:11:54+08:00 ] 127.0.0.1 /Public/js/skin/default/layer.css?v=3.0.11110
INFO: [ app_init ] --START--
INFO: Run Behavior\BuildLiteBehavior [ RunTime:0.000015s ]
INFO: [ app_init ] --END-- [ RunTime:0.000484s ]
ERR: 无法加载模块:Public

[ 2017-03-13T09:11:55+08:00 ] 127.0.0.1 /Public/js/skin/default/layer.css?v=3.0.11110
INFO: [ app_init ] --START--
INFO: Run Behavior\BuildLiteBehavior [ RunTime:0.000021s ]
INFO: [ app_init ] --END-- [ RunTime:0.000421s ]
ERR: 无法加载模块:Public

[ 2017-03-13T09:11:55+08:00 ] 127.0.0.1 /Public/js/vip.js,/Public/js/layer.js
INFO: [ app_init ] --START--
INFO: Run Behavior\BuildLiteBehavior [ RunTime:0.000013s ]
INFO: [ app_init ] --END-- [ RunTime:0.000372s ]
ERR: 无法加载模块:Public

[ 2017-03-13T09:11:55+08:00 ] 127.0.0.1 /Public/js/skin/default/layer.css?v=3.0.11110
INFO: [ app_init ] --START--
INFO: Run Behavior\BuildLiteBehavior [ RunTime:0.000013s ]
INFO: [ app_init ] --END-- [ RunTime:0.000358s ]
ERR: 无法加载模块:Public

[ 2017-03-13T09:12:09+08:00 ] 127.0.0.1 /Public/js/skin/default/layer.css?v=3.0.11110
INFO: [ app_init ] --START--
INFO: Run Behavior\BuildLiteBehavior [ RunTime:0.000016s ]
INFO: [ app_init ] --END-- [ RunTime:0.000511s ]
ERR: 无法加载模块:Public

[ 2017-03-13T09:17:59+08:00 ] 127.0.0.1 /Public/js/skin/default/layer.css?v=3.0.11110
INFO: [ app_init ] --START--
INFO: Run Behavior\BuildLiteBehavior [ RunTime:0.000012s ]
INFO: [ app_init ] --END-- [ RunTime:0.000404s ]
ERR: 无法加载模块:Public

[ 2017-03-13T09:17:59+08:00 ] 127.0.0.1 /Public/js/skin/default/layer.css?v=3.0.11110
INFO: [ app_init ] --START--
INFO: Run Behavior\BuildLiteBehavior [ RunTime:0.000020s ]
INFO: [ app_init ] --END-- [ RunTime:0.000436s ]
ERR: 无法加载模块:Public

[ 2017-03-13T09:18:00+08:00 ] 127.0.0.1 /Public/js/skin/default/layer.css?v=3.0.11110
INFO: [ app_init ] --START--
INFO: Run Behavior\BuildLiteBehavior [ RunTime:0.000014s ]
INFO: [ app_init ] --END-- [ RunTime:0.000363s ]
ERR: 无法加载模块:Public

[ 2017-03-13T09:18:00+08:00 ] 127.0.0.1 /Public/js/skin/default/layer.css?v=3.0.11110
INFO: [ app_init ] --START--
INFO: Run Behavior\BuildLiteBehavior [ RunTime:0.000023s ]
INFO: [ app_init ] --END-- [ RunTime:0.000473s ]
ERR: 无法加载模块:Public

[ 2017-03-13T09:18:01+08:00 ] 127.0.0.1 /Public/js/skin/default/layer.css?v=3.0.11110
INFO: [ app_init ] --START--
INFO: Run Behavior\BuildLiteBehavior [ RunTime:0.000013s ]
INFO: [ app_init ] --END-- [ RunTime:0.000415s ]
ERR: 无法加载模块:Public

[ 2017-03-13T09:18:01+08:00 ] 127.0.0.1 /Public/js/vip.js,/Public/js/layer.js
INFO: [ app_init ] --START--
INFO: Run Behavior\BuildLiteBehavior [ RunTime:0.000013s ]
INFO: [ app_init ] --END-- [ RunTime:0.000324s ]
ERR: 无法加载模块:Public

[ 2017-03-13T09:18:01+08:00 ] 127.0.0.1 /Public/js/skin/default/layer.css?v=3.0.11110
INFO: [ app_init ] --START--
INFO: Run Behavior\BuildLiteBehavior [ RunTime:0.000013s ]
INFO: [ app_init ] --END-- [ RunTime:0.000503s ]
ERR: 无法加载模块:Public

[ 2017-03-13T09:18:12+08:00 ] 127.0.0.1 /Public/js/skin/default/layer.css?v=3.0.11110
INFO: [ app_init ] --START--
INFO: Run Behavior\BuildLiteBehavior [ RunTime:0.000013s ]
INFO: [ app_init ] --END-- [ RunTime:0.000355s ]
ERR: 无法加载模块:Public

[ 2017-03-13T09:18:24+08:00 ] 127.0.0.1 /Public/js/skin/default/layer.css?v=3.0.11110
INFO: [ app_init ] --START--
INFO: Run Behavior\BuildLiteBehavior [ RunTime:0.000012s ]
INFO: [ app_init ] --END-- [ RunTime:0.000322s ]
ERR: 无法加载模块:Public

[ 2017-03-13T09:18:30+08:00 ] 127.0.0.1 /Public/js/skin/default/layer.css?v=3.0.11110
INFO: [ app_init ] --START--
INFO: Run Behavior\BuildLiteBehavior [ RunTime:0.000012s ]
INFO: [ app_init ] --END-- [ RunTime:0.000350s ]
ERR: 无法加载模块:Public

[ 2017-03-13T09:18:30+08:00 ] 127.0.0.1 /Public/js/skin/default/layer.css?v=3.0.11110
INFO: [ app_init ] --START--
INFO: Run Behavior\BuildLiteBehavior [ RunTime:0.000012s ]
INFO: [ app_init ] --END-- [ RunTime:0.000336s ]
ERR: 无法加载模块:Public

[ 2017-03-13T09:18:40+08:00 ] 127.0.0.1 /Public/js/skin/default/layer.css?v=3.0.11110
INFO: [ app_init ] --START--
INFO: Run Behavior\BuildLiteBehavior [ RunTime:0.000027s ]
INFO: [ app_init ] --END-- [ RunTime:0.000429s ]
ERR: 无法加载模块:Public

[ 2017-03-13T09:18:41+08:00 ] 127.0.0.1 /Public/js/vip.js,/Public/js/layer.js
INFO: [ app_init ] --START--
INFO: Run Behavior\BuildLiteBehavior [ RunTime:0.000016s ]
INFO: [ app_init ] --END-- [ RunTime:0.000813s ]
ERR: 无法加载模块:Public

[ 2017-03-13T09:18:41+08:00 ] 127.0.0.1 /Public/js/skin/default/layer.css?v=3.0.11110
INFO: [ app_init ] --START--
INFO: Run Behavior\BuildLiteBehavior [ RunTime:0.000013s ]
INFO: [ app_init ] --END-- [ RunTime:0.000337s ]
ERR: 无法加载模块:Public

[ 2017-03-13T09:18:41+08:00 ] 127.0.0.1 /Public/js/vip.js,/Public/js/layer.js
INFO: [ app_init ] --START--
INFO: Run Behavior\BuildLiteBehavior [ RunTime:0.000012s ]
INFO: [ app_init ] --END-- [ RunTime:0.000339s ]
ERR: 无法加载模块:Public

[ 2017-03-13T09:18:50+08:00 ] 127.0.0.1 /Public/js/skin/default/layer.css?v=3.0.11110
INFO: [ app_init ] --START--
INFO: Run Behavior\BuildLiteBehavior [ RunTime:0.000016s ]
INFO: [ app_init ] --END-- [ RunTime:0.000382s ]
ERR: 无法加载模块:Public

[ 2017-03-13T09:23:41+08:00 ] 127.0.0.1 /Public/js/skin/default/layer.css?v=3.0.11110
INFO: [ app_init ] --START--
INFO: Run Behavior\BuildLiteBehavior [ RunTime:0.000015s ]
INFO: [ app_init ] --END-- [ RunTime:0.000404s ]
ERR: 无法加载模块:Public

[ 2017-03-13T09:25:54+08:00 ] 127.0.0.1 /Public/js/skin/default/layer.css?v=3.0.11110
INFO: [ app_init ] --START--
INFO: Run Behavior\BuildLiteBehavior [ RunTime:0.000014s ]
INFO: [ app_init ] --END-- [ RunTime:0.000466s ]
ERR: 无法加载模块:Public

[ 2017-03-13T09:29:27+08:00 ] 127.0.0.1 /Public/js/skin/default/layer.css?v=3.0.11110
INFO: [ app_init ] --START--
INFO: Run Behavior\BuildLiteBehavior [ RunTime:0.000013s ]
INFO: [ app_init ] --END-- [ RunTime:0.000376s ]
ERR: 无法加载模块:Public

[ 2017-03-13T09:30:12+08:00 ] 127.0.0.1 /Public/js/skin/default/layer.css?v=3.0.11110
INFO: [ app_init ] --START--
INFO: Run Behavior\BuildLiteBehavior [ RunTime:0.000023s ]
INFO: [ app_init ] --END-- [ RunTime:0.000621s ]
ERR: 无法加载模块:Public

[ 2017-03-13T09:31:45+08:00 ] 127.0.0.1 /Public/js/skin/default/layer.css?v=3.0.11110
INFO: [ app_init ] --START--
INFO: Run Behavior\BuildLiteBehavior [ RunTime:0.000013s ]
INFO: [ app_init ] --END-- [ RunTime:0.000432s ]
ERR: 无法加载模块:Public

[ 2017-03-13T09:33:58+08:00 ] 127.0.0.1 /Public/js/skin/default/layer.css?v=3.0.11110
INFO: [ app_init ] --START--
INFO: Run Behavior\BuildLiteBehavior [ RunTime:0.000012s ]
INFO: [ app_init ] --END-- [ RunTime:0.000358s ]
ERR: 无法加载模块:Public

[ 2017-03-13T09:35:20+08:00 ] 127.0.0.1 /Public/js/skin/default/layer.css?v=3.0.11110
INFO: [ app_init ] --START--
INFO: Run Behavior\BuildLiteBehavior [ RunTime:0.000015s ]
INFO: [ app_init ] --END-- [ RunTime:0.000514s ]
ERR: 无法加载模块:Public

[ 2017-03-13T09:36:07+08:00 ] 127.0.0.1 /Public/js/skin/default/layer.css?v=3.0.11110
INFO: [ app_init ] --START--
INFO: Run Behavior\BuildLiteBehavior [ RunTime:0.000064s ]
INFO: [ app_init ] --END-- [ RunTime:0.000974s ]
ERR: 无法加载模块:Public

[ 2017-03-13T09:36:25+08:00 ] 127.0.0.1 /Public/js/skin/default/layer.css?v=3.0.11110
INFO: [ app_init ] --START--
INFO: Run Behavior\BuildLiteBehavior [ RunTime:0.000013s ]
INFO: [ app_init ] --END-- [ RunTime:0.000412s ]
ERR: 无法加载模块:Public

[ 2017-03-13T09:36:42+08:00 ] 127.0.0.1 /Public/js/skin/default/layer.css?v=3.0.11110
INFO: [ app_init ] --START--
INFO: Run Behavior\BuildLiteBehavior [ RunTime:0.000013s ]
INFO: [ app_init ] --END-- [ RunTime:0.000401s ]
ERR: 无法加载模块:Public

[ 2017-03-13T09:36:51+08:00 ] 127.0.0.1 /Public/js/skin/default/layer.css?v=3.0.11110
INFO: [ app_init ] --START--
INFO: Run Behavior\BuildLiteBehavior [ RunTime:0.000013s ]
INFO: [ app_init ] --END-- [ RunTime:0.000337s ]
ERR: 无法加载模块:Public

[ 2017-03-13T09:36:51+08:00 ] 127.0.0.1 /Public/js/skin/default/layer.css?v=3.0.11110
INFO: [ app_init ] --START--
INFO: Run Behavior\BuildLiteBehavior [ RunTime:0.000014s ]
INFO: [ app_init ] --END-- [ RunTime:0.000451s ]
ERR: 无法加载模块:Public

[ 2017-03-13T09:36:53+08:00 ] 127.0.0.1 /Public/js/skin/default/layer.css?v=3.0.11110
INFO: [ app_init ] --START--
INFO: Run Behavior\BuildLiteBehavior [ RunTime:0.000012s ]
INFO: [ app_init ] --END-- [ RunTime:0.000345s ]
ERR: 无法加载模块:Public

[ 2017-03-13T09:36:53+08:00 ] 127.0.0.1 /Public/js/vip.js,/Public/js/layer.js
INFO: [ app_init ] --START--
INFO: Run Behavior\BuildLiteBehavior [ RunTime:0.000014s ]
INFO: [ app_init ] --END-- [ RunTime:0.000354s ]
ERR: 无法加载模块:Public

[ 2017-03-13T09:36:53+08:00 ] 127.0.0.1 /Public/js/skin/default/layer.css?v=3.0.11110
INFO: [ app_init ] --START--
INFO: Run Behavior\BuildLiteBehavior [ RunTime:0.000012s ]
INFO: [ app_init ] --END-- [ RunTime:0.000341s ]
ERR: 无法加载模块:Public

[ 2017-03-13T09:36:53+08:00 ] 127.0.0.1 /Public/js/vip.js,/Public/js/layer.js
INFO: [ app_init ] --START--
INFO: Run Behavior\BuildLiteBehavior [ RunTime:0.000012s ]
INFO: [ app_init ] --END-- [ RunTime:0.000322s ]
ERR: 无法加载模块:Public

[ 2017-03-13T09:36:56+08:00 ] 127.0.0.1 /Public/js/skin/default/layer.css?v=3.0.11110
INFO: [ app_init ] --START--
INFO: Run Behavior\BuildLiteBehavior [ RunTime:0.000013s ]
INFO: [ app_init ] --END-- [ RunTime:0.000352s ]
ERR: 无法加载模块:Public

[ 2017-03-13T09:41:22+08:00 ] 127.0.0.1 /Public/js/maps/swiper.jquery.min.js.map
INFO: [ app_init ] --START--
INFO: Run Behavior\BuildLiteBehavior [ RunTime:0.000013s ]
INFO: [ app_init ] --END-- [ RunTime:0.000385s ]
ERR: 无法加载模块:Public

[ 2017-03-13T09:41:32+08:00 ] 127.0.0.1 /Public/js/maps/swiper.jquery.min.js.map
INFO: [ app_init ] --START--
INFO: Run Behavior\BuildLiteBehavior [ RunTime:0.000015s ]
INFO: [ app_init ] --END-- [ RunTime:0.000385s ]
ERR: 无法加载模块:Public

[ 2017-03-13T09:41:33+08:00 ] 127.0.0.1 /Public/js/maps/swiper.jquery.min.js.map
INFO: [ app_init ] --START--
INFO: Run Behavior\BuildLiteBehavior [ RunTime:0.000016s ]
INFO: [ app_init ] --END-- [ RunTime:0.000420s ]
ERR: 无法加载模块:Public

[ 2017-03-13T09:41:36+08:00 ] 127.0.0.1 /Public/js/maps/swiper.jquery.min.js.map
INFO: [ app_init ] --START--
INFO: Run Behavior\BuildLiteBehavior [ RunTime:0.000026s ]
INFO: [ app_init ] --END-- [ RunTime:0.000932s ]
ERR: 无法加载模块:Public

[ 2017-03-13T09:41:36+08:00 ] 127.0.0.1 /Public/js/maps/swiper.jquery.min.js.map
INFO: [ app_init ] --START--
INFO: Run Behavior\BuildLiteBehavior [ RunTime:0.000013s ]
INFO: [ app_init ] --END-- [ RunTime:0.000338s ]
ERR: 无法加载模块:Public

[ 2017-03-13T09:41:37+08:00 ] 127.0.0.1 /Public/js/maps/swiper.jquery.min.js.map
INFO: [ app_init ] --START--
INFO: Run Behavior\BuildLiteBehavior [ RunTime:0.000018s ]
INFO: [ app_init ] --END-- [ RunTime:0.000453s ]
ERR: 无法加载模块:Public

[ 2017-03-13T09:41:37+08:00 ] 127.0.0.1 /Public/js/maps/swiper.jquery.min.js.map
INFO: [ app_init ] --START--
INFO: Run Behavior\BuildLiteBehavior [ RunTime:0.000013s ]
INFO: [ app_init ] --END-- [ RunTime:0.000340s ]
ERR: 无法加载模块:Public

[ 2017-03-13T09:41:38+08:00 ] 127.0.0.1 /Public/js/maps/swiper.jquery.min.js.map
INFO: [ app_init ] --START--
INFO: Run Behavior\BuildLiteBehavior [ RunTime:0.000025s ]
INFO: [ app_init ] --END-- [ RunTime:0.000415s ]
ERR: 无法加载模块:Public

[ 2017-03-13T09:41:38+08:00 ] 127.0.0.1 /Public/js/maps/swiper.jquery.min.js.map
INFO: [ app_init ] --START--
INFO: Run Behavior\BuildLiteBehavior [ RunTime:0.000014s ]
INFO: [ app_init ] --END-- [ RunTime:0.000458s ]
ERR: 无法加载模块:Public

[ 2017-03-13T09:41:38+08:00 ] 127.0.0.1 /Public/js/maps/swiper.jquery.min.js.map
INFO: [ app_init ] --START--
INFO: Run Behavior\BuildLiteBehavior [ RunTime:0.000058s ]
INFO: [ app_init ] --END-- [ RunTime:0.000591s ]
ERR: 无法加载模块:Public

[ 2017-03-13T09:41:39+08:00 ] 127.0.0.1 /Public/js/maps/swiper.jquery.min.js.map
INFO: [ app_init ] --START--
INFO: Run Behavior\BuildLiteBehavior [ RunTime:0.000024s ]
INFO: [ app_init ] --END-- [ RunTime:0.000395s ]
ERR: 无法加载模块:Public

[ 2017-03-13T09:41:39+08:00 ] 127.0.0.1 /Public/js/maps/swiper.jquery.min.js.map
INFO: [ app_init ] --START--
INFO: Run Behavior\BuildLiteBehavior [ RunTime:0.000025s ]
INFO: [ app_init ] --END-- [ RunTime:0.000636s ]
ERR: 无法加载模块:Public

[ 2017-03-13T09:41:40+08:00 ] 127.0.0.1 /Public/js/maps/swiper.jquery.min.js.map
INFO: [ app_init ] --START--
INFO: Run Behavior\BuildLiteBehavior [ RunTime:0.000027s ]
INFO: [ app_init ] --END-- [ RunTime:0.000430s ]
ERR: 无法加载模块:Public

[ 2017-03-13T09:41:40+08:00 ] 127.0.0.1 /Public/js/maps/swiper.jquery.min.js.map
INFO: [ app_init ] --START--
INFO: Run Behavior\BuildLiteBehavior [ RunTime:0.000012s ]
INFO: [ app_init ] --END-- [ RunTime:0.000359s ]
ERR: 无法加载模块:Public

[ 2017-03-13T09:41:41+08:00 ] 127.0.0.1 /Public/js/maps/swiper.jquery.min.js.map
INFO: [ app_init ] --START--
INFO: Run Behavior\BuildLiteBehavior [ RunTime:0.000022s ]
INFO: [ app_init ] --END-- [ RunTime:0.000580s ]
ERR: 无法加载模块:Public

[ 2017-03-13T09:41:41+08:00 ] 127.0.0.1 /Public/js/maps/swiper.jquery.min.js.map
INFO: [ app_init ] --START--
INFO: Run Behavior\BuildLiteBehavior [ RunTime:0.000015s ]
INFO: [ app_init ] --END-- [ RunTime:0.000356s ]
ERR: 无法加载模块:Public

[ 2017-03-13T09:41:48+08:00 ] 127.0.0.1 /Public/js/maps/swiper.jquery.min.js.map
INFO: [ app_init ] --START--
INFO: Run Behavior\BuildLiteBehavior [ RunTime:0.000016s ]
INFO: [ app_init ] --END-- [ RunTime:0.000453s ]
ERR: 无法加载模块:Public

[ 2017-03-13T09:41:49+08:00 ] 127.0.0.1 /Public/js/maps/swiper.jquery.min.js.map
INFO: [ app_init ] --START--
INFO: Run Behavior\BuildLiteBehavior [ RunTime:0.000012s ]
INFO: [ app_init ] --END-- [ RunTime:0.000375s ]
ERR: 无法加载模块:Public

[ 2017-03-13T09:41:52+08:00 ] 127.0.0.1 /Public/js/maps/swiper.jquery.min.js.map
INFO: [ app_init ] --START--
INFO: Run Behavior\BuildLiteBehavior [ RunTime:0.000013s ]
INFO: [ app_init ] --END-- [ RunTime:0.000343s ]
ERR: 无法加载模块:Public

[ 2017-03-13T09:41:57+08:00 ] 127.0.0.1 /Public/js/maps/swiper.jquery.min.js.map
INFO: [ app_init ] --START--
INFO: Run Behavior\BuildLiteBehavior [ RunTime:0.000014s ]
INFO: [ app_init ] --END-- [ RunTime:0.000348s ]
ERR: 无法加载模块:Public

[ 2017-03-13T09:42:04+08:00 ] 127.0.0.1 /Public/Uploads/Goods_desc/2017-03-06/58bcb8fde91ef.jpg
INFO: [ app_init ] --START--
INFO: Run Behavior\BuildLiteBehavior [ RunTime:0.000034s ]
INFO: [ app_init ] --END-- [ RunTime:0.000453s ]
ERR: 无法加载模块:Public

[ 2017-03-13T09:42:13+08:00 ] 127.0.0.1 /Public/Uploads/Goods_desc/2017-03-06/58bcb8fde91ef.jpg
INFO: [ app_init ] --START--
INFO: Run Behavior\BuildLiteBehavior [ RunTime:0.000012s ]
INFO: [ app_init ] --END-- [ RunTime:0.000339s ]
ERR: 无法加载模块:Public

[ 2017-03-13T09:42:13+08:00 ] 127.0.0.1 /Public/js/maps/swiper.jquery.min.js.map
INFO: [ app_init ] --START--
INFO: Run Behavior\BuildLiteBehavior [ RunTime:0.000017s ]
INFO: [ app_init ] --END-- [ RunTime:0.000409s ]
ERR: 无法加载模块:Public

[ 2017-03-13T09:42:17+08:00 ] 127.0.0.1 /Public/js/maps/swiper.jquery.min.js.map
INFO: [ app_init ] --START--
INFO: Run Behavior\BuildLiteBehavior [ RunTime:0.000039s ]
INFO: [ app_init ] --END-- [ RunTime:0.000720s ]
ERR: 无法加载模块:Public

[ 2017-03-13T09:42:30+08:00 ] 127.0.0.1 /Public/js/maps/swiper.jquery.min.js.map
INFO: [ app_init ] --START--
INFO: Run Behavior\BuildLiteBehavior [ RunTime:0.000012s ]
INFO: [ app_init ] --END-- [ RunTime:0.000361s ]
ERR: 无法加载模块:Public

[ 2017-03-13T09:42:39+08:00 ] 127.0.0.1 /Public/js/maps/swiper.jquery.min.js.map
INFO: [ app_init ] --START--
INFO: Run Behavior\BuildLiteBehavior [ RunTime:0.000015s ]
INFO: [ app_init ] --END-- [ RunTime:0.000410s ]
ERR: 无法加载模块:Public

[ 2017-03-13T09:42:55+08:00 ] 127.0.0.1 /Public/Uploads/Goods_desc/2017-03-06/58bcb8fde91ef.jpg
INFO: [ app_init ] --START--
INFO: Run Behavior\BuildLiteBehavior [ RunTime:0.000015s ]
INFO: [ app_init ] --END-- [ RunTime:0.000475s ]
ERR: 无法加载模块:Public

[ 2017-03-13T09:43:03+08:00 ] 127.0.0.1 /Public/js/maps/swiper.jquery.min.js.map
INFO: [ app_init ] --START--
INFO: Run Behavior\BuildLiteBehavior [ RunTime:0.000017s ]
INFO: [ app_init ] --END-- [ RunTime:0.000405s ]
ERR: 无法加载模块:Public

[ 2017-03-13T09:43:11+08:00 ] 127.0.0.1 /Public/js/maps/swiper.jquery.min.js.map
INFO: [ app_init ] --START--
INFO: Run Behavior\BuildLiteBehavior [ RunTime:0.000026s ]
INFO: [ app_init ] --END-- [ RunTime:0.000530s ]
ERR: 无法加载模块:Public

[ 2017-03-13T09:43:12+08:00 ] 127.0.0.1 /Public/js/maps/swiper.jquery.min.js.map
INFO: [ app_init ] --START--
INFO: Run Behavior\BuildLiteBehavior [ RunTime:0.000031s ]
INFO: [ app_init ] --END-- [ RunTime:0.000496s ]
ERR: 无法加载模块:Public

[ 2017-03-13T09:43:13+08:00 ] 127.0.0.1 /Public/js/maps/swiper.jquery.min.js.map
INFO: [ app_init ] --START--
INFO: Run Behavior\BuildLiteBehavior [ RunTime:0.000014s ]
INFO: [ app_init ] --END-- [ RunTime:0.000517s ]
ERR: 无法加载模块:Public

[ 2017-03-13T09:43:14+08:00 ] 127.0.0.1 /Public/js/maps/swiper.jquery.min.js.map
INFO: [ app_init ] --START--
INFO: Run Behavior\BuildLiteBehavior [ RunTime:0.000014s ]
INFO: [ app_init ] --END-- [ RunTime:0.000425s ]
ERR: 无法加载模块:Public

[ 2017-03-13T09:43:48+08:00 ] 127.0.0.1 /Public/js/maps/swiper.jquery.min.js.map
INFO: [ app_init ] --START--
INFO: Run Behavior\BuildLiteBehavior [ RunTime:0.000015s ]
INFO: [ app_init ] --END-- [ RunTime:0.000431s ]
ERR: 无法加载模块:Public

[ 2017-03-13T09:43:59+08:00 ] 127.0.0.1 /Public/js/skin/default/layer.css?v=3.0.11110
INFO: [ app_init ] --START--
INFO: Run Behavior\BuildLiteBehavior [ RunTime:0.000021s ]
INFO: [ app_init ] --END-- [ RunTime:0.000467s ]
ERR: 无法加载模块:Public

[ 2017-03-13T09:44:00+08:00 ] 127.0.0.1 /Public/Uploads/Goods_desc/2017-03-13/58c5f9485f9d7.jpg
INFO: [ app_init ] --START--
INFO: Run Behavior\BuildLiteBehavior [ RunTime:0.000014s ]
INFO: [ app_init ] --END-- [ RunTime:0.000369s ]
ERR: 无法加载模块:Public

[ 2017-03-13T09:44:11+08:00 ] 127.0.0.1 /Public/Uploads/Goods_desc/2017-03-13/58c5f9485f9d7.jpg
INFO: [ app_init ] --START--
INFO: Run Behavior\BuildLiteBehavior [ RunTime:0.000013s ]
INFO: [ app_init ] --END-- [ RunTime:0.000344s ]
ERR: 无法加载模块:Public

[ 2017-03-13T09:44:11+08:00 ] 127.0.0.1 /Public/Uploads/Goods_desc/2017-03-13/58c5f9485f9d7.jpg
INFO: [ app_init ] --START--
INFO: Run Behavior\BuildLiteBehavior [ RunTime:0.000040s ]
INFO: [ app_init ] --END-- [ RunTime:0.000765s ]
ERR: 无法加载模块:Public

[ 2017-03-13T09:44:11+08:00 ] 127.0.0.1 /Public/js/maps/swiper.jquery.min.js.map
INFO: [ app_init ] --START--
INFO: Run Behavior\BuildLiteBehavior [ RunTime:0.000016s ]
INFO: [ app_init ] --END-- [ RunTime:0.000370s ]
ERR: 无法加载模块:Public

[ 2017-03-13T09:45:16+08:00 ] 127.0.0.1 /Public/js/skin/default/layer.css?v=3.0.11110
INFO: [ app_init ] --START--
INFO: Run Behavior\BuildLiteBehavior [ RunTime:0.000017s ]
INFO: [ app_init ] --END-- [ RunTime:0.000418s ]
ERR: 无法加载模块:Public

[ 2017-03-13T09:45:16+08:00 ] 127.0.0.1 /Public/js/skin/default/layer.css?v=3.0.11110
INFO: [ app_init ] --START--
INFO: Run Behavior\BuildLiteBehavior [ RunTime:0.000012s ]
INFO: [ app_init ] --END-- [ RunTime:0.000370s ]
ERR: 无法加载模块:Public

[ 2017-03-13T09:45:17+08:00 ] 127.0.0.1 /Public/js/skin/default/layer.css?v=3.0.11110
INFO: [ app_init ] --START--
INFO: Run Behavior\BuildLiteBehavior [ RunTime:0.000027s ]
INFO: [ app_init ] --END-- [ RunTime:0.000521s ]
ERR: 无法加载模块:Public

[ 2017-03-13T09:45:17+08:00 ] 127.0.0.1 /Public/js/vip.js,/Public/js/layer.js
INFO: [ app_init ] --START--
INFO: Run Behavior\BuildLiteBehavior [ RunTime:0.000013s ]
INFO: [ app_init ] --END-- [ RunTime:0.000383s ]
ERR: 无法加载模块:Public

[ 2017-03-13T09:45:17+08:00 ] 127.0.0.1 /Public/js/skin/default/layer.css?v=3.0.11110
INFO: [ app_init ] --START--
INFO: Run Behavior\BuildLiteBehavior [ RunTime:0.000013s ]
INFO: [ app_init ] --END-- [ RunTime:0.000379s ]
ERR: 无法加载模块:Public

[ 2017-03-13T09:45:18+08:00 ] 127.0.0.1 /Public/js/vip.js,/Public/js/layer.js
INFO: [ app_init ] --START--
INFO: Run Behavior\BuildLiteBehavior [ RunTime:0.000013s ]
INFO: [ app_init ] --END-- [ RunTime:0.000366s ]
ERR: 无法加载模块:Public

[ 2017-03-13T09:45:19+08:00 ] 127.0.0.1 /Public/js/skin/default/layer.css?v=3.0.11110
INFO: [ app_init ] --START--
INFO: Run Behavior\BuildLiteBehavior [ RunTime:0.000013s ]
INFO: [ app_init ] --END-- [ RunTime:0.000383s ]
ERR: 无法加载模块:Public

[ 2017-03-13T09:45:24+08:00 ] 127.0.0.1 /Public/css/icon.png
INFO: [ app_init ] --START--
INFO: Run Behavior\BuildLiteBehavior [ RunTime:0.000013s ]
INFO: [ app_init ] --END-- [ RunTime:0.000431s ]
ERR: 无法加载模块:Public

[ 2017-03-13T09:45:47+08:00 ] 127.0.0.1 /Public/js/maps/swiper.jquery.min.js.map
INFO: [ app_init ] --START--
INFO: Run Behavior\BuildLiteBehavior [ RunTime:0.000023s ]
INFO: [ app_init ] --END-- [ RunTime:0.000393s ]
ERR: 无法加载模块:Public

[ 2017-03-13T09:45:55+08:00 ] 127.0.0.1 /Public/Uploads/Goods_desc/2017-03-13/58c5f9c4cdf89.jpg
INFO: [ app_init ] --START--
INFO: Run Behavior\BuildLiteBehavior [ RunTime:0.000016s ]
INFO: [ app_init ] --END-- [ RunTime:0.000493s ]
ERR: 无法加载模块:Public

[ 2017-03-13T09:45:55+08:00 ] 127.0.0.1 /Public/js/maps/swiper.jquery.min.js.map
INFO: [ app_init ] --START--
INFO: Run Behavior\BuildLiteBehavior [ RunTime:0.000012s ]
INFO: [ app_init ] --END-- [ RunTime:0.000326s ]
ERR: 无法加载模块:Public

[ 2017-03-13T09:45:57+08:00 ] 127.0.0.1 /Public/Uploads/Goods_desc/2017-03-13/58c5f9c4cdf89.jpg
INFO: [ app_init ] --START--
INFO: Run Behavior\BuildLiteBehavior [ RunTime:0.000012s ]
INFO: [ app_init ] --END-- [ RunTime:0.000328s ]
ERR: 无法加载模块:Public

[ 2017-03-13T09:45:57+08:00 ] 127.0.0.1 /Public/js/maps/swiper.jquery.min.js.map
INFO: [ app_init ] --START--
INFO: Run Behavior\BuildLiteBehavior [ RunTime:0.000016s ]
INFO: [ app_init ] --END-- [ RunTime:0.000364s ]
ERR: 无法加载模块:Public

[ 2017-03-13T09:45:58+08:00 ] 127.0.0.1 /Public/Uploads/Goods_desc/2017-03-13/58c5f9c4cdf89.jpg
INFO: [ app_init ] --START--
INFO: Run Behavior\BuildLiteBehavior [ RunTime:0.000016s ]
INFO: [ app_init ] --END-- [ RunTime:0.000375s ]
ERR: 无法加载模块:Public

[ 2017-03-13T09:45:58+08:00 ] 127.0.0.1 /Public/js/maps/swiper.jquery.min.js.map
INFO: [ app_init ] --START--
INFO: Run Behavior\BuildLiteBehavior [ RunTime:0.000014s ]
INFO: [ app_init ] --END-- [ RunTime:0.000345s ]
ERR: 无法加载模块:Public

[ 2017-03-13T09:46:49+08:00 ] 127.0.0.1 /Public/js/skin/default/layer.css?v=3.0.11110
INFO: [ app_init ] --START--
INFO: Run Behavior\BuildLiteBehavior [ RunTime:0.000012s ]
INFO: [ app_init ] --END-- [ RunTime:0.000354s ]
ERR: 无法加载模块:Public

[ 2017-03-13T09:46:50+08:00 ] 127.0.0.1 /Public/js/skin/default/layer.css?v=3.0.11110
INFO: [ app_init ] --START--
INFO: Run Behavior\BuildLiteBehavior [ RunTime:0.000012s ]
INFO: [ app_init ] --END-- [ RunTime:0.000341s ]
ERR: 无法加载模块:Public

[ 2017-03-13T09:46:51+08:00 ] 127.0.0.1 /Public/js/skin/default/layer.css?v=3.0.11110
INFO: [ app_init ] --START--
INFO: Run Behavior\BuildLiteBehavior [ RunTime:0.000012s ]
INFO: [ app_init ] --END-- [ RunTime:0.000352s ]
ERR: 无法加载模块:Public

[ 2017-03-13T09:46:51+08:00 ] 127.0.0.1 /Public/js/vip.js,/Public/js/layer.js
INFO: [ app_init ] --START--
INFO: Run Behavior\BuildLiteBehavior [ RunTime:0.000013s ]
INFO: [ app_init ] --END-- [ RunTime:0.000352s ]
ERR: 无法加载模块:Public

[ 2017-03-13T09:46:51+08:00 ] 127.0.0.1 /Public/js/skin/default/layer.css?v=3.0.11110
INFO: [ app_init ] --START--
INFO: Run Behavior\BuildLiteBehavior [ RunTime:0.000013s ]
INFO: [ app_init ] --END-- [ RunTime:0.000365s ]
ERR: 无法加载模块:Public

[ 2017-03-13T09:46:51+08:00 ] 127.0.0.1 /Public/js/vip.js,/Public/js/layer.js
INFO: [ app_init ] --START--
INFO: Run Behavior\BuildLiteBehavior [ RunTime:0.000016s ]
INFO: [ app_init ] --END-- [ RunTime:0.000439s ]
ERR: 无法加载模块:Public

[ 2017-03-13T09:46:53+08:00 ] 127.0.0.1 /Public/js/skin/default/layer.css?v=3.0.11110
INFO: [ app_init ] --START--
INFO: Run Behavior\BuildLiteBehavior [ RunTime:0.000013s ]
INFO: [ app_init ] --END-- [ RunTime:0.000337s ]
ERR: 无法加载模块:Public

[ 2017-03-13T09:47:10+08:00 ] 127.0.0.1 /Public/css/icon.png
INFO: [ app_init ] --START--
INFO: Run Behavior\BuildLiteBehavior [ RunTime:0.000014s ]
INFO: [ app_init ] --END-- [ RunTime:0.000564s ]
ERR: 无法加载模块:Public

[ 2017-03-13T09:47:36+08:00 ] 127.0.0.1 /Public/Uploads/Goods_desc/2017-03-13/58c5fa2e3d361.jpg
INFO: [ app_init ] --START--
INFO: Run Behavior\BuildLiteBehavior [ RunTime:0.000013s ]
INFO: [ app_init ] --END-- [ RunTime:0.000571s ]
ERR: 无法加载模块:Public

[ 2017-03-13T09:51:42+08:00 ] 127.0.0.1 /Public/js/skin/default/layer.css?v=3.0.11110
INFO: [ app_init ] --START--
INFO: Run Behavior\BuildLiteBehavior [ RunTime:0.000013s ]
INFO: [ app_init ] --END-- [ RunTime:0.000380s ]
ERR: 无法加载模块:Public

[ 2017-03-13T09:51:54+08:00 ] 127.0.0.1 /Public/js/skin/default/layer.css?v=3.0.11110
INFO: [ app_init ] --START--
INFO: Run Behavior\BuildLiteBehavior [ RunTime:0.000012s ]
INFO: [ app_init ] --END-- [ RunTime:0.000343s ]
ERR: 无法加载模块:Public

[ 2017-03-13T09:51:54+08:00 ] 127.0.0.1 /Public/css/icon.png
INFO: [ app_init ] --START--
INFO: Run Behavior\BuildLiteBehavior [ RunTime:0.000022s ]
INFO: [ app_init ] --END-- [ RunTime:0.000526s ]
ERR: 无法加载模块:Public

[ 2017-03-13T09:54:24+08:00 ] 127.0.0.1 /Public/js/skin/default/layer.css?v=3.0.11110
INFO: [ app_init ] --START--
INFO: Run Behavior\BuildLiteBehavior [ RunTime:0.000014s ]
INFO: [ app_init ] --END-- [ RunTime:0.000372s ]
ERR: 无法加载模块:Public

[ 2017-03-13T09:54:46+08:00 ] 127.0.0.1 /Public/js/skin/default/layer.css?v=3.0.11110
INFO: [ app_init ] --START--
INFO: Run Behavior\BuildLiteBehavior [ RunTime:0.000013s ]
INFO: [ app_init ] --END-- [ RunTime:0.000341s ]
ERR: 无法加载模块:Public

[ 2017-03-13T10:00:32+08:00 ] 127.0.0.1 /Public/js/skin/default/layer.css?v=3.0.11110
INFO: [ app_init ] --START--
INFO: Run Behavior\BuildLiteBehavior [ RunTime:0.000043s ]
INFO: [ app_init ] --END-- [ RunTime:0.000530s ]
ERR: 无法加载模块:Public

[ 2017-03-13T10:01:17+08:00 ] 127.0.0.1 /Public/js/skin/default/layer.css?v=3.0.11110
INFO: [ app_init ] --START--
INFO: Run Behavior\BuildLiteBehavior [ RunTime:0.000013s ]
INFO: [ app_init ] --END-- [ RunTime:0.000398s ]
ERR: 无法加载模块:Public

[ 2017-03-13T10:01:33+08:00 ] 127.0.0.1 /Public/js/skin/default/layer.css?v=3.0.11110
INFO: [ app_init ] --START--
INFO: Run Behavior\BuildLiteBehavior [ RunTime:0.000015s ]
INFO: [ app_init ] --END-- [ RunTime:0.000479s ]
ERR: 无法加载模块:Public

[ 2017-03-13T10:03:20+08:00 ] 127.0.0.1 /Public/js/skin/default/layer.css?v=3.0.11110
INFO: [ app_init ] --START--
INFO: Run Behavior\BuildLiteBehavior [ RunTime:0.000013s ]
INFO: [ app_init ] --END-- [ RunTime:0.000478s ]
ERR: 无法加载模块:Public

[ 2017-03-13T10:03:51+08:00 ] 127.0.0.1 /Public/js/skin/default/layer.css?v=3.0.11110
INFO: [ app_init ] --START--
INFO: Run Behavior\BuildLiteBehavior [ RunTime:0.000016s ]
INFO: [ app_init ] --END-- [ RunTime:0.000464s ]
ERR: 无法加载模块:Public

[ 2017-03-13T10:05:02+08:00 ] 127.0.0.1 /Public/js/skin/default/layer.css?v=3.0.11110
INFO: [ app_init ] --START--
INFO: Run Behavior\BuildLiteBehavior [ RunTime:0.000011s ]
INFO: [ app_init ] --END-- [ RunTime:0.000375s ]
ERR: 无法加载模块:Public

[ 2017-03-13T10:18:19+08:00 ] 127.0.0.1 /Public/js/skin/default/layer.css?v=3.0.11110
INFO: [ app_init ] --START--
INFO: Run Behavior\BuildLiteBehavior [ RunTime:0.000015s ]
INFO: [ app_init ] --END-- [ RunTime:0.000427s ]
ERR: 无法加载模块:Public

[ 2017-03-13T10:18:23+08:00 ] 127.0.0.1 /Public/js/skin/default/layer.css?v=3.0.11110
INFO: [ app_init ] --START--
INFO: Run Behavior\BuildLiteBehavior [ RunTime:0.000015s ]
INFO: [ app_init ] --END-- [ RunTime:0.000534s ]
ERR: 无法加载模块:Public

[ 2017-03-13T10:18:32+08:00 ] 127.0.0.1 /Public/js/skin/default/layer.css?v=3.0.11110
INFO: [ app_init ] --START--
INFO: Run Behavior\BuildLiteBehavior [ RunTime:0.000013s ]
INFO: [ app_init ] --END-- [ RunTime:0.000366s ]
ERR: 无法加载模块:Public

[ 2017-03-13T10:18:57+08:00 ] 127.0.0.1 /Public/js/maps/swiper.jquery.min.js.map
INFO: [ app_init ] --START--
INFO: Run Behavior\BuildLiteBehavior [ RunTime:0.000014s ]
INFO: [ app_init ] --END-- [ RunTime:0.000383s ]
ERR: 无法加载模块:Public

[ 2017-03-13T10:19:05+08:00 ] 127.0.0.1 /Public/js/maps/swiper.jquery.min.js.map
INFO: [ app_init ] --START--
INFO: Run Behavior\BuildLiteBehavior [ RunTime:0.000039s ]
INFO: [ app_init ] --END-- [ RunTime:0.000867s ]
ERR: 无法加载模块:Public

[ 2017-03-13T10:19:07+08:00 ] 127.0.0.1 /Public/js/maps/swiper.jquery.min.js.map
INFO: [ app_init ] --START--
INFO: Run Behavior\BuildLiteBehavior [ RunTime:0.000018s ]
INFO: [ app_init ] --END-- [ RunTime:0.000730s ]
ERR: 无法加载模块:Public

[ 2017-03-13T10:19:08+08:00 ] 127.0.0.1 /Public/js/maps/swiper.jquery.min.js.map
INFO: [ app_init ] --START--
INFO: Run Behavior\BuildLiteBehavior [ RunTime:0.000015s ]
INFO: [ app_init ] --END-- [ RunTime:0.000516s ]
ERR: 无法加载模块:Public

[ 2017-03-13T10:19:09+08:00 ] 127.0.0.1 /Public/js/maps/swiper.jquery.min.js.map
INFO: [ app_init ] --START--
INFO: Run Behavior\BuildLiteBehavior [ RunTime:0.000015s ]
INFO: [ app_init ] --END-- [ RunTime:0.000439s ]
ERR: 无法加载模块:Public

[ 2017-03-13T10:19:10+08:00 ] 127.0.0.1 /Public/js/maps/swiper.jquery.min.js.map
INFO: [ app_init ] --START--
INFO: Run Behavior\BuildLiteBehavior [ RunTime:0.000013s ]
INFO: [ app_init ] --END-- [ RunTime:0.000393s ]
ERR: 无法加载模块:Public

[ 2017-03-13T10:19:36+08:00 ] 127.0.0.1 /Public/js/skin/default/layer.css?v=3.0.11110
INFO: [ app_init ] --START--
INFO: Run Behavior\BuildLiteBehavior [ RunTime:0.000016s ]
INFO: [ app_init ] --END-- [ RunTime:0.000456s ]
ERR: 无法加载模块:Public

[ 2017-03-13T10:19:36+08:00 ] 127.0.0.1 /Public/js/skin/default/layer.css?v=3.0.11110
INFO: [ app_init ] --START--
INFO: Run Behavior\BuildLiteBehavior [ RunTime:0.000016s ]
INFO: [ app_init ] --END-- [ RunTime:0.000567s ]
ERR: 无法加载模块:Public

[ 2017-03-13T10:19:37+08:00 ] 127.0.0.1 /Public/js/skin/default/layer.css?v=3.0.11110
INFO: [ app_init ] --START--
INFO: Run Behavior\BuildLiteBehavior [ RunTime:0.000014s ]
INFO: [ app_init ] --END-- [ RunTime:0.000379s ]
ERR: 无法加载模块:Public

[ 2017-03-13T10:19:37+08:00 ] 127.0.0.1 /Public/js/skin/default/layer.css?v=3.0.11110
INFO: [ app_init ] --START--
INFO: Run Behavior\BuildLiteBehavior [ RunTime:0.000013s ]
INFO: [ app_init ] --END-- [ RunTime:0.000407s ]
ERR: 无法加载模块:Public

[ 2017-03-13T10:19:38+08:00 ] 127.0.0.1 /Public/js/skin/default/layer.css?v=3.0.11110
INFO: [ app_init ] --START--
INFO: Run Behavior\BuildLiteBehavior [ RunTime:0.000013s ]
INFO: [ app_init ] --END-- [ RunTime:0.000517s ]
ERR: 无法加载模块:Public

[ 2017-03-13T10:19:38+08:00 ] 127.0.0.1 /Public/js/vip.js,/Public/js/layer.js
INFO: [ app_init ] --START--
INFO: Run Behavior\BuildLiteBehavior [ RunTime:0.000016s ]
INFO: [ app_init ] --END-- [ RunTime:0.000442s ]
ERR: 无法加载模块:Public

[ 2017-03-13T10:19:38+08:00 ] 127.0.0.1 /Public/js/skin/default/layer.css?v=3.0.11110
INFO: [ app_init ] --START--
INFO: Run Behavior\BuildLiteBehavior [ RunTime:0.000014s ]
INFO: [ app_init ] --END-- [ RunTime:0.000348s ]
ERR: 无法加载模块:Public

[ 2017-03-13T10:19:38+08:00 ] 127.0.0.1 /Public/js/vip.js,/Public/js/layer.js
INFO: [ app_init ] --START--
INFO: Run Behavior\BuildLiteBehavior [ RunTime:0.000012s ]
INFO: [ app_init ] --END-- [ RunTime:0.000389s ]
ERR: 无法加载模块:Public

[ 2017-03-13T10:19:41+08:00 ] 127.0.0.1 /Public/js/skin/default/layer.css?v=3.0.11110
INFO: [ app_init ] --START--
INFO: Run Behavior\BuildLiteBehavior [ RunTime:0.000016s ]
INFO: [ app_init ] --END-- [ RunTime:0.000419s ]
ERR: 无法加载模块:Public

[ 2017-03-13T10:19:53+08:00 ] 127.0.0.1 /Public/js/maps/swiper.jquery.min.js.map
INFO: [ app_init ] --START--
INFO: Run Behavior\BuildLiteBehavior [ RunTime:0.000056s ]
INFO: [ app_init ] --END-- [ RunTime:0.001210s ]
ERR: 无法加载模块:Public

[ 2017-03-13T10:19:56+08:00 ] 127.0.0.1 /Public/Uploads/Goods_desc/2017-03-13/58c6018b8c2c9.jpg
INFO: [ app_init ] --START--
INFO: Run Behavior\BuildLiteBehavior [ RunTime:0.000012s ]
INFO: [ app_init ] --END-- [ RunTime:0.000328s ]
ERR: 无法加载模块:Public

[ 2017-03-13T10:19:56+08:00 ] 127.0.0.1 /Public/js/maps/swiper.jquery.min.js.map
INFO: [ app_init ] --START--
INFO: Run Behavior\BuildLiteBehavior [ RunTime:0.000014s ]
INFO: [ app_init ] --END-- [ RunTime:0.000373s ]
ERR: 无法加载模块:Public

[ 2017-03-13T10:19:58+08:00 ] 127.0.0.1 /Public/Uploads/Goods_desc/2017-03-13/58c6018b8c2c9.jpg
INFO: [ app_init ] --START--
INFO: Run Behavior\BuildLiteBehavior [ RunTime:0.000013s ]
INFO: [ app_init ] --END-- [ RunTime:0.000339s ]
ERR: 无法加载模块:Public

[ 2017-03-13T10:19:58+08:00 ] 127.0.0.1 /Public/js/maps/swiper.jquery.min.js.map
INFO: [ app_init ] --START--
INFO: Run Behavior\BuildLiteBehavior [ RunTime:0.000013s ]
INFO: [ app_init ] --END-- [ RunTime:0.000394s ]
ERR: 无法加载模块:Public

[ 2017-03-13T10:48:28+08:00 ] 127.0.0.1 /Public/Uploads/Goods_desc/2017-03-13/58c6018b8c2c9.jpg
INFO: [ app_init ] --START--
INFO: Run Behavior\BuildLiteBehavior [ RunTime:0.000015s ]
INFO: [ app_init ] --END-- [ RunTime:0.000401s ]
ERR: 无法加载模块:Public

[ 2017-03-13T10:48:28+08:00 ] 127.0.0.1 /Public/js/maps/swiper.jquery.min.js.map
INFO: [ app_init ] --START--
INFO: Run Behavior\BuildLiteBehavior [ RunTime:0.000015s ]
INFO: [ app_init ] --END-- [ RunTime:0.000438s ]
ERR: 无法加载模块:Public

[ 2017-03-13T10:48:38+08:00 ] 127.0.0.1 /Public/Uploads/Goods_desc/2017-03-13/58c6018b8c2c9.jpg
INFO: [ app_init ] --START--
INFO: Run Behavior\BuildLiteBehavior [ RunTime:0.000045s ]
INFO: [ app_init ] --END-- [ RunTime:0.000477s ]
ERR: 无法加载模块:Public

[ 2017-03-13T10:48:38+08:00 ] 127.0.0.1 /Public/js/maps/swiper.jquery.min.js.map
INFO: [ app_init ] --START--
INFO: Run Behavior\BuildLiteBehavior [ RunTime:0.000012s ]
INFO: [ app_init ] --END-- [ RunTime:0.000334s ]
ERR: 无法加载模块:Public

[ 2017-03-13T10:48:49+08:00 ] 127.0.0.1 /Public/Uploads/Goods_desc/2017-03-13/58c6018b8c2c9.jpg
INFO: [ app_init ] --START--
INFO: Run Behavior\BuildLiteBehavior [ RunTime:0.000051s ]
INFO: [ app_init ] --END-- [ RunTime:0.000684s ]
ERR: 无法加载模块:Public

[ 2017-03-13T10:48:49+08:00 ] 127.0.0.1 /Public/js/maps/swiper.jquery.min.js.map
INFO: [ app_init ] --START--
INFO: Run Behavior\BuildLiteBehavior [ RunTime:0.000037s ]
INFO: [ app_init ] --END-- [ RunTime:0.000664s ]
ERR: 无法加载模块:Public

[ 2017-03-13T10:49:31+08:00 ] 127.0.0.1 /Public/js/skin/default/layer.css?v=3.0.11110
INFO: [ app_init ] --START--
INFO: Run Behavior\BuildLiteBehavior [ RunTime:0.000014s ]
INFO: [ app_init ] --END-- [ RunTime:0.000349s ]
ERR: 无法加载模块:Public

[ 2017-03-13T10:49:31+08:00 ] 127.0.0.1 /Public/js/skin/default/layer.css?v=3.0.11110
INFO: [ app_init ] --START--
INFO: Run Behavior\BuildLiteBehavior [ RunTime:0.000012s ]
INFO: [ app_init ] --END-- [ RunTime:0.000348s ]
ERR: 无法加载模块:Public

[ 2017-03-13T10:49:33+08:00 ] 127.0.0.1 /Public/js/skin/default/layer.css?v=3.0.11110
INFO: [ app_init ] --START--
INFO: Run Behavior\BuildLiteBehavior [ RunTime:0.000013s ]
INFO: [ app_init ] --END-- [ RunTime:0.000370s ]
ERR: 无法加载模块:Public

[ 2017-03-13T10:49:33+08:00 ] 127.0.0.1 /Public/js/vip.js,/Public/js/layer.js
INFO: [ app_init ] --START--
INFO: Run Behavior\BuildLiteBehavior [ RunTime:0.000012s ]
INFO: [ app_init ] --END-- [ RunTime:0.000330s ]
ERR: 无法加载模块:Public

[ 2017-03-13T10:49:33+08:00 ] 127.0.0.1 /Public/js/skin/default/layer.css?v=3.0.11110
INFO: [ app_init ] --START--
INFO: Run Behavior\BuildLiteBehavior [ RunTime:0.000024s ]
INFO: [ app_init ] --END-- [ RunTime:0.000452s ]
ERR: 无法加载模块:Public

[ 2017-03-13T10:49:33+08:00 ] 127.0.0.1 /Public/js/vip.js,/Public/js/layer.js
INFO: [ app_init ] --START--
INFO: Run Behavior\BuildLiteBehavior [ RunTime:0.000016s ]
INFO: [ app_init ] --END-- [ RunTime:0.000382s ]
ERR: 无法加载模块:Public

[ 2017-03-13T10:49:35+08:00 ] 127.0.0.1 /Public/js/skin/default/layer.css?v=3.0.11110
INFO: [ app_init ] --START--
INFO: Run Behavior\BuildLiteBehavior [ RunTime:0.000013s ]
INFO: [ app_init ] --END-- [ RunTime:0.000342s ]
ERR: 无法加载模块:Public

[ 2017-03-13T10:49:38+08:00 ] 127.0.0.1 /Public/Uploads/Goods_desc/2017-03-13/58c6018b8c2c9.jpg
INFO: [ app_init ] --START--
INFO: Run Behavior\BuildLiteBehavior [ RunTime:0.000012s ]
INFO: [ app_init ] --END-- [ RunTime:0.000335s ]
ERR: 无法加载模块:Public

[ 2017-03-13T10:49:51+08:00 ] 127.0.0.1 /Public/js/maps/swiper.jquery.min.js.map
INFO: [ app_init ] --START--
INFO: Run Behavior\BuildLiteBehavior [ RunTime:0.000045s ]
INFO: [ app_init ] --END-- [ RunTime:0.000863s ]
ERR: 无法加载模块:Public

[ 2017-03-13T10:49:58+08:00 ] 127.0.0.1 /Public/js/maps/swiper.jquery.min.js.map
INFO: [ app_init ] --START--
INFO: Run Behavior\BuildLiteBehavior [ RunTime:0.000012s ]
INFO: [ app_init ] --END-- [ RunTime:0.000406s ]
ERR: 无法加载模块:Public

[ 2017-03-13T10:50:01+08:00 ] 127.0.0.1 /Public/js/maps/swiper.jquery.min.js.map
INFO: [ app_init ] --START--
INFO: Run Behavior\BuildLiteBehavior [ RunTime:0.000012s ]
INFO: [ app_init ] --END-- [ RunTime:0.000400s ]
ERR: 无法加载模块:Public

[ 2017-03-13T10:50:17+08:00 ] 127.0.0.1 /Public/js/maps/swiper.jquery.min.js.map
INFO: [ app_init ] --START--
INFO: Run Behavior\BuildLiteBehavior [ RunTime:0.000016s ]
INFO: [ app_init ] --END-- [ RunTime:0.000851s ]
ERR: 无法加载模块:Public

[ 2017-03-13T11:58:20+08:00 ] 127.0.0.1 /Public/js/skin/default/layer.css?v=3.0.11110
INFO: [ app_init ] --START--
INFO: Run Behavior\BuildLiteBehavior [ RunTime:0.000014s ]
INFO: [ app_init ] --END-- [ RunTime:0.000469s ]
ERR: 无法加载模块:Public

[ 2017-03-13T11:58:24+08:00 ] 127.0.0.1 /Public/js/skin/default/layer.css?v=3.0.11110
INFO: [ app_init ] --START--
INFO: Run Behavior\BuildLiteBehavior [ RunTime:0.000011s ]
INFO: [ app_init ] --END-- [ RunTime:0.000350s ]
ERR: 无法加载模块:Public

[ 2017-03-13T11:58:30+08:00 ] 127.0.0.1 /Public/js/skin/default/layer.css?v=3.0.11110
INFO: [ app_init ] --START--
INFO: Run Behavior\BuildLiteBehavior [ RunTime:0.000015s ]
INFO: [ app_init ] --END-- [ RunTime:0.000410s ]
ERR: 无法加载模块:Public

[ 2017-03-13T11:58:30+08:00 ] 127.0.0.1 /Public/js/vip.js,/Public/js/layer.js
INFO: [ app_init ] --START--
INFO: Run Behavior\BuildLiteBehavior [ RunTime:0.000011s ]
INFO: [ app_init ] --END-- [ RunTime:0.000334s ]
ERR: 无法加载模块:Public

[ 2017-03-13T11:58:30+08:00 ] 127.0.0.1 /Public/js/skin/default/layer.css?v=3.0.11110
INFO: [ app_init ] --START--
INFO: Run Behavior\BuildLiteBehavior [ RunTime:0.000013s ]
INFO: [ app_init ] --END-- [ RunTime:0.000375s ]
ERR: 无法加载模块:Public

[ 2017-03-13T12:00:29+08:00 ] 127.0.0.1 /Public/js/skin/default/layer.css?v=3.0.11110
INFO: [ app_init ] --START--
INFO: Run Behavior\BuildLiteBehavior [ RunTime:0.000022s ]
INFO: [ app_init ] --END-- [ RunTime:0.000497s ]
ERR: 无法加载模块:Public

[ 2017-03-13T12:00:31+08:00 ] 127.0.0.1 /Public/js/skin/default/layer.css?v=3.0.11110
INFO: [ app_init ] --START--
INFO: Run Behavior\BuildLiteBehavior [ RunTime:0.000014s ]
INFO: [ app_init ] --END-- [ RunTime:0.000403s ]
ERR: 无法加载模块:Public

[ 2017-03-13T12:00:46+08:00 ] 127.0.0.1 /Public/js/skin/default/layer.css?v=3.0.11110
INFO: [ app_init ] --START--
INFO: Run Behavior\BuildLiteBehavior [ RunTime:0.000014s ]
INFO: [ app_init ] --END-- [ RunTime:0.000604s ]
ERR: 无法加载模块:Public

[ 2017-03-13T12:00:51+08:00 ] 127.0.0.1 /Public/js/skin/default/layer.css?v=3.0.11110
INFO: [ app_init ] --START--
INFO: Run Behavior\BuildLiteBehavior [ RunTime:0.000014s ]
INFO: [ app_init ] --END-- [ RunTime:0.000389s ]
ERR: 无法加载模块:Public

[ 2017-03-13T16:30:37+08:00 ] 127.0.0.1 /Public/js/skin/default/layer.css?v=3.0.11110
INFO: [ app_init ] --START--
INFO: Run Behavior\BuildLiteBehavior [ RunTime:0.000013s ]
INFO: [ app_init ] --END-- [ RunTime:0.000432s ]
ERR: 无法加载模块:Public

[ 2017-03-13T16:30:38+08:00 ] 127.0.0.1 /Public/js/vip.js,/Public/js/layer.js
INFO: [ app_init ] --START--
INFO: Run Behavior\BuildLiteBehavior [ RunTime:0.000014s ]
INFO: [ app_init ] --END-- [ RunTime:0.000501s ]
ERR: 无法加载模块:Public

[ 2017-03-13T16:30:38+08:00 ] 127.0.0.1 /Public/js/skin/default/layer.css?v=3.0.11110
INFO: [ app_init ] --START--
INFO: Run Behavior\BuildLiteBehavior [ RunTime:0.000017s ]
INFO: [ app_init ] --END-- [ RunTime:0.000446s ]
ERR: 无法加载模块:Public

[ 2017-03-13T16:45:16+08:00 ] 127.0.0.1 /Public/js/skin/default/layer.css?v=3.0.11110
INFO: [ app_init ] --START--
INFO: Run Behavior\BuildLiteBehavior [ RunTime:0.000015s ]
INFO: [ app_init ] --END-- [ RunTime:0.000422s ]
ERR: 无法加载模块:Public

[ 2017-03-13T16:55:29+08:00 ] 127.0.0.1 /Public/js/skin/default/layer.css?v=3.0.11110
INFO: [ app_init ] --START--
INFO: Run Behavior\BuildLiteBehavior [ RunTime:0.000013s ]
INFO: [ app_init ] --END-- [ RunTime:0.000433s ]
ERR: 无法加载模块:Public

[ 2017-03-13T16:55:32+08:00 ] 127.0.0.1 /Public/js/skin/default/layer.css?v=3.0.11110
INFO: [ app_init ] --START--
INFO: Run Behavior\BuildLiteBehavior [ RunTime:0.000011s ]
INFO: [ app_init ] --END-- [ RunTime:0.000367s ]
ERR: 无法加载模块:Public

[ 2017-03-13T16:55:35+08:00 ] 127.0.0.1 /Public/js/skin/default/layer.css?v=3.0.11110
INFO: [ app_init ] --START--
INFO: Run Behavior\BuildLiteBehavior [ RunTime:0.000013s ]
INFO: [ app_init ] --END-- [ RunTime:0.000371s ]
ERR: 无法加载模块:Public

[ 2017-03-13T16:55:37+08:00 ] 127.0.0.1 /Public/js/jquery.pagination.js
INFO: [ app_init ] --START--
INFO: Run Behavior\BuildLiteBehavior [ RunTime:0.000016s ]
INFO: [ app_init ] --END-- [ RunTime:0.000453s ]
ERR: 无法加载模块:Public

[ 2017-03-13T16:55:37+08:00 ] 127.0.0.1 /Public/js/skin/default/layer.css?v=3.0.11110
INFO: [ app_init ] --START--
INFO: Run Behavior\BuildLiteBehavior [ RunTime:0.000012s ]
INFO: [ app_init ] --END-- [ RunTime:0.000398s ]
ERR: 无法加载模块:Public

[ 2017-03-13T16:55:38+08:00 ] 127.0.0.1 /Public/js/skin/default/layer.css?v=3.0.11110
INFO: [ app_init ] --START--
INFO: Run Behavior\BuildLiteBehavior [ RunTime:0.000018s ]
INFO: [ app_init ] --END-- [ RunTime:0.000386s ]
ERR: 无法加载模块:Public

[ 2017-03-13T16:55:39+08:00 ] 127.0.0.1 /Public/js/skin/default/layer.css?v=3.0.11110
INFO: [ app_init ] --START--
INFO: Run Behavior\BuildLiteBehavior [ RunTime:0.000027s ]
INFO: [ app_init ] --END-- [ RunTime:0.000661s ]
ERR: 无法加载模块:Public

[ 2017-03-13T16:58:39+08:00 ] 127.0.0.1 /Public/js/skin/default/layer.css?v=3.0.11110
INFO: [ app_init ] --START--
INFO: Run Behavior\BuildLiteBehavior [ RunTime:0.000040s ]
INFO: [ app_init ] --END-- [ RunTime:0.000589s ]
ERR: 无法加载模块:Public

[ 2017-03-13T16:58:51+08:00 ] 127.0.0.1 /Public/js/skin/default/layer.css?v=3.0.11110
INFO: [ app_init ] --START--
INFO: Run Behavior\BuildLiteBehavior [ RunTime:0.000029s ]
INFO: [ app_init ] --END-- [ RunTime:0.000617s ]
ERR: 无法加载模块:Public

