[ 2017-03-10T14:31:05+08:00 ] 127.0.0.1 /index.php/api/Advertisement/getAdvertisementList/advertisement_type/1
INFO: [ app_init ] --START--
INFO: Run Behavior\BuildLiteBehavior [ RunTime:0.000013s ]
INFO: [ app_init ] --END-- [ RunTime:0.000342s ]
INFO: [ app_begin ] --START--
INFO: Run Behavior\ReadHtmlCacheBehavior [ RunTime:0.000487s ]
INFO: [ app_begin ] --END-- [ RunTime:0.000524s ]

[ 2017-03-10T14:31:15+08:00 ] 127.0.0.1 /index.php/api/Advertisement/getAdvertisementList/advertisement_type/1
INFO: [ app_init ] --START--
INFO: Run Behavior\BuildLiteBehavior [ RunTime:0.000013s ]
INFO: [ app_init ] --END-- [ RunTime:0.000362s ]
INFO: [ app_begin ] --START--
INFO: Run Behavior\ReadHtmlCacheBehavior [ RunTime:0.000458s ]
INFO: [ app_begin ] --END-- [ RunTime:0.000490s ]

[ 2017-03-10T14:31:17+08:00 ] 127.0.0.1 /index.php/api/Advertisement/getAdvertisementList/advertisement_type/1
INFO: [ app_init ] --START--
INFO: Run Behavior\BuildLiteBehavior [ RunTime:0.000011s ]
INFO: [ app_init ] --END-- [ RunTime:0.000323s ]
INFO: [ app_begin ] --START--
INFO: Run Behavior\ReadHtmlCacheBehavior [ RunTime:0.000513s ]
INFO: [ app_begin ] --END-- [ RunTime:0.000552s ]

[ 2017-03-10T14:31:39+08:00 ] 127.0.0.1 /index.php/api/Advertisement/getAdvertisementList/advertisement_type/1
INFO: [ app_init ] --START--
INFO: Run Behavior\BuildLiteBehavior [ RunTime:0.000014s ]
INFO: [ app_init ] --END-- [ RunTime:0.000360s ]
INFO: [ app_begin ] --START--
INFO: Run Behavior\ReadHtmlCacheBehavior [ RunTime:0.000484s ]
INFO: [ app_begin ] --END-- [ RunTime:0.000519s ]

[ 2017-03-10T14:33:13+08:00 ] 127.0.0.1 /index.php/api/Advertisement/getAdvertisementList/advertisement_type/1
INFO: [ app_init ] --START--
INFO: Run Behavior\BuildLiteBehavior [ RunTime:0.000012s ]
INFO: [ app_init ] --END-- [ RunTime:0.000340s ]
INFO: [ app_begin ] --START--
INFO: Run Behavior\ReadHtmlCacheBehavior [ RunTime:0.000462s ]
INFO: [ app_begin ] --END-- [ RunTime:0.000495s ]

[ 2017-03-10T14:33:14+08:00 ] 127.0.0.1 /index.php/api/Advertisement/getAdvertisementList/advertisement_type/1
INFO: [ app_init ] --START--
INFO: Run Behavior\BuildLiteBehavior [ RunTime:0.000013s ]
INFO: [ app_init ] --END-- [ RunTime:0.000410s ]
INFO: [ app_begin ] --START--
INFO: Run Behavior\ReadHtmlCacheBehavior [ RunTime:0.000509s ]
INFO: [ app_begin ] --END-- [ RunTime:0.000545s ]

[ 2017-03-10T14:33:23+08:00 ] 127.0.0.1 /index.php/api/Advertisement/getAdvertisementList/advertisement_type/1
INFO: [ app_init ] --START--
INFO: Run Behavior\BuildLiteBehavior [ RunTime:0.000012s ]
INFO: [ app_init ] --END-- [ RunTime:0.000362s ]
INFO: [ app_begin ] --START--
INFO: Run Behavior\ReadHtmlCacheBehavior [ RunTime:0.000481s ]
INFO: [ app_begin ] --END-- [ RunTime:0.000515s ]

[ 2017-03-10T14:33:24+08:00 ] 127.0.0.1 /index.php/api/Advertisement/getAdvertisementList/advertisement_type/1
INFO: [ app_init ] --START--
INFO: Run Behavior\BuildLiteBehavior [ RunTime:0.000013s ]
INFO: [ app_init ] --END-- [ RunTime:0.000339s ]
INFO: [ app_begin ] --START--
INFO: Run Behavior\ReadHtmlCacheBehavior [ RunTime:0.000456s ]
INFO: [ app_begin ] --END-- [ RunTime:0.000489s ]

[ 2017-03-10T14:33:25+08:00 ] 127.0.0.1 /index.php/api/Advertisement/getAdvertisementList/advertisement_type/1
INFO: [ app_init ] --START--
INFO: Run Behavior\BuildLiteBehavior [ RunTime:0.000012s ]
INFO: [ app_init ] --END-- [ RunTime:0.000330s ]
INFO: [ app_begin ] --START--
INFO: Run Behavior\ReadHtmlCacheBehavior [ RunTime:0.000463s ]
INFO: [ app_begin ] --END-- [ RunTime:0.000495s ]

[ 2017-03-10T14:34:46+08:00 ] 127.0.0.1 /index.php/api/Advertisement/getAdvertisementList/advertisement_type/1
INFO: [ app_init ] --START--
INFO: Run Behavior\BuildLiteBehavior [ RunTime:0.000013s ]
INFO: [ app_init ] --END-- [ RunTime:0.000334s ]
INFO: [ app_begin ] --START--
INFO: Run Behavior\ReadHtmlCacheBehavior [ RunTime:0.000453s ]
INFO: [ app_begin ] --END-- [ RunTime:0.000487s ]

[ 2017-03-10T14:34:49+08:00 ] 127.0.0.1 /index.php/api/Advertisement/getAdvertisementList/advertisement_type/1
INFO: [ app_init ] --START--
INFO: Run Behavior\BuildLiteBehavior [ RunTime:0.000015s ]
INFO: [ app_init ] --END-- [ RunTime:0.000343s ]
INFO: [ app_begin ] --START--
INFO: Run Behavior\ReadHtmlCacheBehavior [ RunTime:0.000451s ]
INFO: [ app_begin ] --END-- [ RunTime:0.000484s ]

[ 2017-03-10T14:34:50+08:00 ] 127.0.0.1 /index.php/api/Advertisement/getAdvertisementList/advertisement_type/1
INFO: [ app_init ] --START--
INFO: Run Behavior\BuildLiteBehavior [ RunTime:0.000013s ]
INFO: [ app_init ] --END-- [ RunTime:0.000328s ]
INFO: [ app_begin ] --START--
INFO: Run Behavior\ReadHtmlCacheBehavior [ RunTime:0.000453s ]
INFO: [ app_begin ] --END-- [ RunTime:0.000485s ]

[ 2017-03-10T14:34:53+08:00 ] 127.0.0.1 /index.php/api/Advertisement/getAdvertisementList/advertisement_type/1
INFO: [ app_init ] --START--
INFO: Run Behavior\BuildLiteBehavior [ RunTime:0.000012s ]
INFO: [ app_init ] --END-- [ RunTime:0.000332s ]
INFO: [ app_begin ] --START--
INFO: Run Behavior\ReadHtmlCacheBehavior [ RunTime:0.001158s ]
INFO: [ app_begin ] --END-- [ RunTime:0.001277s ]

[ 2017-03-10T14:34:54+08:00 ] 127.0.0.1 /index.php/api/Advertisement/getAdvertisementList/advertisement_type/1
INFO: [ app_init ] --START--
INFO: Run Behavior\BuildLiteBehavior [ RunTime:0.000013s ]
INFO: [ app_init ] --END-- [ RunTime:0.000379s ]
INFO: [ app_begin ] --START--
INFO: Run Behavior\ReadHtmlCacheBehavior [ RunTime:0.000672s ]
INFO: [ app_begin ] --END-- [ RunTime:0.000732s ]

[ 2017-03-10T14:38:14+08:00 ] 127.0.0.1 /index.php/api/Advertisement/getAdvertisementList/advertisement_type/1
INFO: [ app_init ] --START--
INFO: Run Behavior\BuildLiteBehavior [ RunTime:0.000014s ]
INFO: [ app_init ] --END-- [ RunTime:0.000352s ]
INFO: [ app_begin ] --START--
INFO: Run Behavior\ReadHtmlCacheBehavior [ RunTime:0.000474s ]
INFO: [ app_begin ] --END-- [ RunTime:0.000509s ]

[ 2017-03-10T14:38:15+08:00 ] 127.0.0.1 /index.php/api/Advertisement/getAdvertisementList/advertisement_type/1
INFO: [ app_init ] --START--
INFO: Run Behavior\BuildLiteBehavior [ RunTime:0.000011s ]
INFO: [ app_init ] --END-- [ RunTime:0.000328s ]
INFO: [ app_begin ] --START--
INFO: Run Behavior\ReadHtmlCacheBehavior [ RunTime:0.000455s ]
INFO: [ app_begin ] --END-- [ RunTime:0.000486s ]

[ 2017-03-10T14:38:18+08:00 ] 127.0.0.1 /index.php/api/Advertisement/getAdvertisementList/advertisement_type/1
INFO: [ app_init ] --START--
INFO: Run Behavior\BuildLiteBehavior [ RunTime:0.000012s ]
INFO: [ app_init ] --END-- [ RunTime:0.000323s ]
INFO: [ app_begin ] --START--
INFO: Run Behavior\ReadHtmlCacheBehavior [ RunTime:0.000446s ]
INFO: [ app_begin ] --END-- [ RunTime:0.000477s ]

[ 2017-03-10T14:38:18+08:00 ] 127.0.0.1 /index.php/api/Advertisement/getAdvertisementList/advertisement_type/1
INFO: [ app_init ] --START--
INFO: Run Behavior\BuildLiteBehavior [ RunTime:0.000012s ]
INFO: [ app_init ] --END-- [ RunTime:0.000331s ]
INFO: [ app_begin ] --START--
INFO: Run Behavior\ReadHtmlCacheBehavior [ RunTime:0.000454s ]
INFO: [ app_begin ] --END-- [ RunTime:0.000486s ]

[ 2017-03-10T14:38:18+08:00 ] 127.0.0.1 /index.php/api/Advertisement/getAdvertisementList/advertisement_type/1
INFO: [ app_init ] --START--
INFO: Run Behavior\BuildLiteBehavior [ RunTime:0.000012s ]
INFO: [ app_init ] --END-- [ RunTime:0.000333s ]
INFO: [ app_begin ] --START--
INFO: Run Behavior\ReadHtmlCacheBehavior [ RunTime:0.000452s ]
INFO: [ app_begin ] --END-- [ RunTime:0.000484s ]

[ 2017-03-10T14:38:19+08:00 ] 127.0.0.1 /index.php/api/Advertisement/getAdvertisementList/advertisement_type/1
INFO: [ app_init ] --START--
INFO: Run Behavior\BuildLiteBehavior [ RunTime:0.000012s ]
INFO: [ app_init ] --END-- [ RunTime:0.000338s ]
INFO: [ app_begin ] --START--
INFO: Run Behavior\ReadHtmlCacheBehavior [ RunTime:0.000453s ]
INFO: [ app_begin ] --END-- [ RunTime:0.000485s ]

[ 2017-03-10T14:38:20+08:00 ] 127.0.0.1 /index.php/api/Advertisement/getAdvertisementList/advertisement_type/1
INFO: [ app_init ] --START--
INFO: Run Behavior\BuildLiteBehavior [ RunTime:0.000013s ]
INFO: [ app_init ] --END-- [ RunTime:0.000330s ]
INFO: [ app_begin ] --START--
INFO: Run Behavior\ReadHtmlCacheBehavior [ RunTime:0.000459s ]
INFO: [ app_begin ] --END-- [ RunTime:0.000492s ]

[ 2017-03-10T14:38:23+08:00 ] 127.0.0.1 /index.php/api/Advertisement/getAdvertisementList/advertisement_type/1
INFO: [ app_init ] --START--
INFO: Run Behavior\BuildLiteBehavior [ RunTime:0.000018s ]
INFO: [ app_init ] --END-- [ RunTime:0.000563s ]
INFO: [ app_begin ] --START--
INFO: Run Behavior\ReadHtmlCacheBehavior [ RunTime:0.000665s ]
INFO: [ app_begin ] --END-- [ RunTime:0.000709s ]

[ 2017-03-10T14:40:23+08:00 ] 127.0.0.1 /index.php/api/Advertisement/getAdvertisementList/advertisement_type/1
INFO: [ app_init ] --START--
INFO: Run Behavior\BuildLiteBehavior [ RunTime:0.000012s ]
INFO: [ app_init ] --END-- [ RunTime:0.000351s ]
INFO: [ app_begin ] --START--
INFO: Run Behavior\ReadHtmlCacheBehavior [ RunTime:0.000469s ]
INFO: [ app_begin ] --END-- [ RunTime:0.000505s ]

[ 2017-03-10T14:40:28+08:00 ] 127.0.0.1 /index.php/api/Advertisement/getAdvertisementList/advertisement_type/1
INFO: [ app_init ] --START--
INFO: Run Behavior\BuildLiteBehavior [ RunTime:0.000014s ]
INFO: [ app_init ] --END-- [ RunTime:0.000489s ]
INFO: [ app_begin ] --START--
INFO: Run Behavior\ReadHtmlCacheBehavior [ RunTime:0.000548s ]
INFO: [ app_begin ] --END-- [ RunTime:0.000588s ]

[ 2017-03-10T14:40:28+08:00 ] 127.0.0.1 /index.php/api/Advertisement/getAdvertisementList/advertisement_type/1
INFO: [ app_init ] --START--
INFO: Run Behavior\BuildLiteBehavior [ RunTime:0.000012s ]
INFO: [ app_init ] --END-- [ RunTime:0.000326s ]
INFO: [ app_begin ] --START--
INFO: Run Behavior\ReadHtmlCacheBehavior [ RunTime:0.000448s ]
INFO: [ app_begin ] --END-- [ RunTime:0.000479s ]

[ 2017-03-10T14:45:05+08:00 ] 127.0.0.1 /index.php/api/order/getOrderPageInfo
INFO: [ app_init ] --START--
INFO: Run Behavior\BuildLiteBehavior [ RunTime:0.000013s ]
INFO: [ app_init ] --END-- [ RunTime:0.000342s ]
INFO: [ app_begin ] --START--
INFO: Run Behavior\ReadHtmlCacheBehavior [ RunTime:0.000639s ]
INFO: [ app_begin ] --END-- [ RunTime:0.000677s ]
SQL: SHOW COLUMNS FROM `device` [ RunTime:0.0068s ]
SQL: SELECT `code_id`,`device_status` FROM `device` WHERE `device_code` = '44:04:44:62:9a:b0' LIMIT 1   [ RunTime:0.0033s ]
SQL: SHOW COLUMNS FROM `code` [ RunTime:0.0068s ]
SQL: SELECT * FROM `code` WHERE `code_id` = 235 LIMIT 1   [ RunTime:0.0030s ]
SQL: UPDATE `code` SET `rest_timestamp`='2330946' WHERE `code_id` = 235 [ RunTime:0.0591s ]
SQL: UPDATE `code` SET `last_time`='1489128304' WHERE `code_id` = 235 [ RunTime:0.0248s ]
SQL: SHOW COLUMNS FROM `food_category` [ RunTime:0.0068s ]
SQL: SHOW COLUMNS FROM `category_time` [ RunTime:0.0064s ]
SQL: SELECT * FROM `food_category` WHERE `restaurant_id` = 100 AND `is_timing` = 0 ORDER BY sort asc  [ RunTime:0.0030s ]
SQL: SELECT `food_category_id` FROM `food_category` WHERE `restaurant_id` = 100 AND `is_timing` = 1  [ RunTime:0.0029s ]
SQL: SELECT DISTINCT  `category_id` FROM `category_time` WHERE `time1` < 1489128304 AND `time2` > 1489128304 AND `category_id` IN ('83','153')  [ RunTime:0.0030s ]
SQL: SHOW COLUMNS FROM `food_category_timing` [ RunTime:0.0063s ]
SQL: SELECT DISTINCT  `food_category_id`,`start_time`,`end_time` FROM `food_category_timing` WHERE `timing_day` LIKE '%5%' AND `food_category_id` IN ('83','153')  [ RunTime:0.0034s ]
NOTIC: [8] Undefined variable: category_id_list E:\yunniu\Application\Api\Controller\OrderController.class.php 第 64 行.
SQL: SELECT * FROM `food_category` WHERE `food_category_id` IN ('83') ORDER BY sort asc  [ RunTime:0.0030s ]
SQL: SHOW COLUMNS FROM `food` [ RunTime:0.0075s ]
SQL: SHOW COLUMNS FROM `prom` [ RunTime:0.0065s ]
SQL: SHOW COLUMNS FROM `food_category_relative` [ RunTime:0.0081s ]
SQL: SELECT `food_id` FROM `food_category_relative` WHERE `food_category_id` = 120  [ RunTime:0.0030s ]
SQL: SELECT * FROM `food` WHERE `is_sale` = 1 AND `food_id` IN ('217','221','220','219','218','222','205','206','399','485','486','493','497')  [ RunTime:0.0041s ]
SQL: SHOW COLUMNS FROM `attribute_type` [ RunTime:0.0067s ]
SQL: SELECT * FROM `attribute_type` WHERE `food_id` = 205  [ RunTime:0.0038s ]
SQL: SHOW COLUMNS FROM `food_attribute` [ RunTime:0.0064s ]
SQL: SELECT * FROM `food_attribute` WHERE `attribute_type_id` = 351  [ RunTime:0.0051s ]
SQL: SELECT * FROM `food_attribute` WHERE `attribute_type_id` = 447  [ RunTime:0.0031s ]
SQL: SELECT * FROM `food_attribute` WHERE `attribute_type_id` = 448  [ RunTime:0.0030s ]
SQL: SELECT * FROM `attribute_type` WHERE `food_id` = 206  [ RunTime:0.0041s ]
SQL: SELECT * FROM `food_attribute` WHERE `attribute_type_id` = 353  [ RunTime:0.0030s ]
SQL: SELECT * FROM `food_attribute` WHERE `attribute_type_id` = 449  [ RunTime:0.0033s ]
SQL: SELECT * FROM `attribute_type` WHERE `food_id` = 217  [ RunTime:0.0040s ]
SQL: SELECT * FROM `food_attribute` WHERE `attribute_type_id` = 230  [ RunTime:0.0031s ]
SQL: SELECT * FROM `attribute_type` WHERE `food_id` = 218  [ RunTime:0.0041s ]
SQL: SELECT * FROM `food_attribute` WHERE `attribute_type_id` = 357  [ RunTime:0.0031s ]
SQL: SELECT * FROM `attribute_type` WHERE `food_id` = 219  [ RunTime:0.0038s ]
SQL: SELECT * FROM `food_attribute` WHERE `attribute_type_id` = 356  [ RunTime:0.0031s ]
SQL: SELECT * FROM `attribute_type` WHERE `food_id` = 220  [ RunTime:0.0041s ]
SQL: SELECT * FROM `food_attribute` WHERE `attribute_type_id` = 355  [ RunTime:0.0031s ]
SQL: SELECT * FROM `attribute_type` WHERE `food_id` = 221  [ RunTime:0.0041s ]
SQL: SELECT * FROM `food_attribute` WHERE `attribute_type_id` = 354  [ RunTime:0.0031s ]
SQL: SELECT * FROM `attribute_type` WHERE `food_id` = 222  [ RunTime:0.0041s ]
SQL: SELECT * FROM `food_attribute` WHERE `attribute_type_id` = 352  [ RunTime:0.0031s ]
SQL: SELECT * FROM `attribute_type` WHERE `food_id` = 399  [ RunTime:0.0034s ]
SQL: SELECT * FROM `attribute_type` WHERE `food_id` = 485  [ RunTime:0.0044s ]
SQL: SELECT `prom_price` FROM `prom` WHERE `prom_id` = 486 AND `prom_start_time` < 1489128305 AND `prom_end_time` > 1489128305 LIMIT 1   [ RunTime:0.0041s ]
SQL: SELECT * FROM `attribute_type` WHERE `food_id` = 486  [ RunTime:0.0041s ]
SQL: SELECT `prom_price` FROM `prom` WHERE `prom_id` = 493 AND `prom_start_time` < 1489128305 AND `prom_end_time` > 1489128305 LIMIT 1   [ RunTime:0.0041s ]
SQL: SELECT * FROM `attribute_type` WHERE `food_id` = 493  [ RunTime:0.0045s ]
SQL: SELECT `prom_price` FROM `prom` WHERE `prom_id` = 497 AND `prom_start_time` < 1489128305 AND `prom_end_time` > 1489128305 LIMIT 1   [ RunTime:0.0030s ]
SQL: SELECT * FROM `attribute_type` WHERE `food_id` = 497  [ RunTime:0.0040s ]
SQL: SELECT `food_id` FROM `food_category_relative` WHERE `food_category_id` = 80  [ RunTime:0.0030s ]
SQL: SELECT * FROM `food` WHERE `is_sale` = 1 AND `food_id` IN ('194','202','199','200','204','488','489','490','496','500','503','506','195','201')  [ RunTime:0.0038s ]
SQL: SELECT * FROM `attribute_type` WHERE `food_id` = 194  [ RunTime:0.0039s ]
SQL: SELECT * FROM `food_attribute` WHERE `attribute_type_id` = 345  [ RunTime:0.0031s ]
SQL: SELECT * FROM `attribute_type` WHERE `food_id` = 195  [ RunTime:0.0045s ]
SQL: SELECT * FROM `food_attribute` WHERE `attribute_type_id` = 346  [ RunTime:0.0031s ]
SQL: SELECT * FROM `attribute_type` WHERE `food_id` = 199  [ RunTime:0.0044s ]
SQL: SELECT * FROM `food_attribute` WHERE `attribute_type_id` = 347  [ RunTime:0.0031s ]
SQL: SELECT * FROM `attribute_type` WHERE `food_id` = 200  [ RunTime:0.0041s ]
SQL: SELECT * FROM `food_attribute` WHERE `attribute_type_id` = 1010  [ RunTime:0.0030s ]
SQL: SELECT * FROM `attribute_type` WHERE `food_id` = 201  [ RunTime:0.0046s ]
SQL: SELECT * FROM `food_attribute` WHERE `attribute_type_id` = 350  [ RunTime:0.0031s ]
SQL: SELECT * FROM `food_attribute` WHERE `attribute_type_id` = 1009  [ RunTime:0.0033s ]
SQL: SELECT * FROM `attribute_type` WHERE `food_id` = 202  [ RunTime:0.0041s ]
SQL: SELECT * FROM `attribute_type` WHERE `food_id` = 204  [ RunTime:0.0041s ]
SQL: SELECT * FROM `food_attribute` WHERE `attribute_type_id` = 348  [ RunTime:0.0031s ]
SQL: SELECT `prom_price` FROM `prom` WHERE `prom_id` = 488 AND `prom_start_time` < 1489128305 AND `prom_end_time` > 1489128305 LIMIT 1   [ RunTime:0.0027s ]
SQL: SELECT * FROM `attribute_type` WHERE `food_id` = 488  [ RunTime:0.0043s ]
SQL: SELECT `prom_price` FROM `prom` WHERE `prom_id` = 489 AND `prom_start_time` < 1489128305 AND `prom_end_time` > 1489128305 LIMIT 1   [ RunTime:0.0032s ]
SQL: SELECT * FROM `attribute_type` WHERE `food_id` = 489  [ RunTime:0.0041s ]
SQL: SELECT `prom_price` FROM `prom` WHERE `prom_id` = 490 AND `prom_start_time` < 1489128305 AND `prom_end_time` > 1489128305 LIMIT 1   [ RunTime:0.0040s ]
SQL: SELECT * FROM `attribute_type` WHERE `food_id` = 490  [ RunTime:0.0041s ]
SQL: SELECT `prom_price` FROM `prom` WHERE `prom_id` = 496 AND `prom_start_time` < 1489128305 AND `prom_end_time` > 1489128305 LIMIT 1   [ RunTime:0.0030s ]
SQL: SELECT * FROM `attribute_type` WHERE `food_id` = 496  [ RunTime:0.0041s ]
SQL: SELECT `prom_price` FROM `prom` WHERE `prom_id` = 500 AND `prom_start_time` < 1489128305 AND `prom_end_time` > 1489128305 LIMIT 1   [ RunTime:0.0028s ]
SQL: SELECT * FROM `attribute_type` WHERE `food_id` = 500  [ RunTime:0.0041s ]
SQL: SELECT * FROM `attribute_type` WHERE `food_id` = 503  [ RunTime:0.0051s ]
SQL: SELECT `prom_price` FROM `prom` WHERE `prom_id` = 506 AND `prom_start_time` < 1489128305 AND `prom_end_time` > 1489128305 LIMIT 1   [ RunTime:0.0029s ]
SQL: SELECT * FROM `attribute_type` WHERE `food_id` = 506  [ RunTime:0.0070s ]
SQL: SELECT `food_id` FROM `food_category_relative` WHERE `food_category_id` = 152  [ RunTime:0.0031s ]
SQL: SELECT * FROM `food` WHERE `is_sale` = 1 AND `food_id` IN ('337','338','339','340','336','341','342','343','344','345','347','348','349','350','351','352','353','354','355','356','346','505')  [ RunTime:0.0040s ]
SQL: SELECT * FROM `attribute_type` WHERE `food_id` = 336  [ RunTime:0.0034s ]
SQL: SELECT * FROM `food_attribute` WHERE `attribute_type_id` = 423  [ RunTime:0.0031s ]
SQL: SELECT * FROM `attribute_type` WHERE `food_id` = 337  [ RunTime:0.0040s ]
SQL: SELECT * FROM `food_attribute` WHERE `attribute_type_id` = 424  [ RunTime:0.0030s ]
SQL: SELECT * FROM `attribute_type` WHERE `food_id` = 338  [ RunTime:0.0040s ]
SQL: SELECT * FROM `attribute_type` WHERE `food_id` = 339  [ RunTime:0.0041s ]
SQL: SELECT * FROM `food_attribute` WHERE `attribute_type_id` = 427  [ RunTime:0.0031s ]
SQL: SELECT * FROM `food_attribute` WHERE `attribute_type_id` = 677  [ RunTime:0.0030s ]
SQL: SELECT * FROM `food_attribute` WHERE `attribute_type_id` = 678  [ RunTime:0.0031s ]
SQL: SELECT * FROM `food_attribute` WHERE `attribute_type_id` = 679  [ RunTime:0.0030s ]
SQL: SELECT * FROM `food_attribute` WHERE `attribute_type_id` = 680  [ RunTime:0.0031s ]
SQL: SELECT * FROM `food_attribute` WHERE `attribute_type_id` = 681  [ RunTime:0.0031s ]
SQL: SELECT * FROM `attribute_type` WHERE `food_id` = 340  [ RunTime:0.0044s ]
SQL: SELECT * FROM `attribute_type` WHERE `food_id` = 341  [ RunTime:0.0123s ]
SQL: SELECT * FROM `food_attribute` WHERE `attribute_type_id` = 429  [ RunTime:0.0031s ]
SQL: SELECT * FROM `attribute_type` WHERE `food_id` = 342  [ RunTime:0.0045s ]
SQL: SELECT * FROM `food_attribute` WHERE `attribute_type_id` = 430  [ RunTime:0.0031s ]
SQL: SELECT * FROM `attribute_type` WHERE `food_id` = 343  [ RunTime:0.0049s ]
SQL: SELECT * FROM `attribute_type` WHERE `food_id` = 344  [ RunTime:0.0041s ]
SQL: SELECT * FROM `food_attribute` WHERE `attribute_type_id` = 432  [ RunTime:0.0033s ]
SQL: SELECT * FROM `attribute_type` WHERE `food_id` = 345  [ RunTime:0.0041s ]
SQL: SELECT * FROM `food_attribute` WHERE `attribute_type_id` = 452  [ RunTime:0.0049s ]
SQL: SELECT * FROM `food_attribute` WHERE `attribute_type_id` = 453  [ RunTime:0.0031s ]
SQL: SELECT * FROM `attribute_type` WHERE `food_id` = 346  [ RunTime:0.0040s ]
SQL: SELECT * FROM `food_attribute` WHERE `attribute_type_id` = 434  [ RunTime:0.0033s ]
SQL: SELECT * FROM `attribute_type` WHERE `food_id` = 347  [ RunTime:0.0040s ]
SQL: SELECT * FROM `food_attribute` WHERE `attribute_type_id` = 435  [ RunTime:0.0030s ]
SQL: SELECT * FROM `attribute_type` WHERE `food_id` = 348  [ RunTime:0.0040s ]
SQL: SELECT * FROM `food_attribute` WHERE `attribute_type_id` = 436  [ RunTime:0.0033s ]
SQL: SELECT * FROM `attribute_type` WHERE `food_id` = 349  [ RunTime:0.0041s ]
SQL: SELECT * FROM `food_attribute` WHERE `attribute_type_id` = 437  [ RunTime:0.0031s ]
SQL: SELECT * FROM `attribute_type` WHERE `food_id` = 350  [ RunTime:0.0041s ]
SQL: SELECT * FROM `food_attribute` WHERE `attribute_type_id` = 438  [ RunTime:0.0038s ]
SQL: SELECT * FROM `attribute_type` WHERE `food_id` = 351  [ RunTime:0.0040s ]
SQL: SELECT * FROM `food_attribute` WHERE `attribute_type_id` = 439  [ RunTime:0.0031s ]
SQL: SELECT * FROM `attribute_type` WHERE `food_id` = 352  [ RunTime:0.0041s ]
SQL: SELECT * FROM `food_attribute` WHERE `attribute_type_id` = 440  [ RunTime:0.0030s ]
SQL: SELECT * FROM `attribute_type` WHERE `food_id` = 353  [ RunTime:0.0044s ]
SQL: SELECT * FROM `food_attribute` WHERE `attribute_type_id` = 441  [ RunTime:0.0030s ]
SQL: SELECT * FROM `attribute_type` WHERE `food_id` = 354  [ RunTime:0.0074s ]
SQL: SELECT * FROM `food_attribute` WHERE `attribute_type_id` = 442  [ RunTime:0.0031s ]
SQL: SELECT * FROM `attribute_type` WHERE `food_id` = 355  [ RunTime:0.0041s ]
SQL: SELECT * FROM `food_attribute` WHERE `attribute_type_id` = 443  [ RunTime:0.0050s ]
SQL: SELECT * FROM `attribute_type` WHERE `food_id` = 356  [ RunTime:0.0041s ]
SQL: SELECT * FROM `food_attribute` WHERE `attribute_type_id` = 444  [ RunTime:0.0031s ]
SQL: SELECT `prom_price` FROM `prom` WHERE `prom_id` = 505 AND `prom_start_time` < 1489128305 AND `prom_end_time` > 1489128305 LIMIT 1   [ RunTime:0.0029s ]
SQL: SELECT * FROM `attribute_type` WHERE `food_id` = 505  [ RunTime:0.0041s ]
SQL: SELECT `food_id` FROM `food_category_relative` WHERE `food_category_id` = 84  [ RunTime:0.0041s ]
SQL: SELECT * FROM `food` WHERE `is_sale` = 1 AND `food_id` IN ('233','227','228','232','231','230','229','288')  [ RunTime:0.0033s ]
SQL: SELECT * FROM `attribute_type` WHERE `food_id` = 227  [ RunTime:0.0033s ]
SQL: SELECT * FROM `attribute_type` WHERE `food_id` = 228  [ RunTime:0.0041s ]
SQL: SELECT * FROM `attribute_type` WHERE `food_id` = 229  [ RunTime:0.0040s ]
SQL: SELECT * FROM `attribute_type` WHERE `food_id` = 230  [ RunTime:0.0040s ]
SQL: SELECT * FROM `attribute_type` WHERE `food_id` = 231  [ RunTime:0.0040s ]
SQL: SELECT * FROM `food_attribute` WHERE `attribute_type_id` = 451  [ RunTime:0.0031s ]
SQL: SELECT * FROM `attribute_type` WHERE `food_id` = 232  [ RunTime:0.0040s ]
SQL: SELECT * FROM `attribute_type` WHERE `food_id` = 233  [ RunTime:0.0040s ]
SQL: SELECT `food_id` FROM `food_category_relative` WHERE `food_category_id` = 154  [ RunTime:0.0083s ]
SQL: SELECT * FROM `food` WHERE `is_sale` = 1 AND `food_id` IN ('400','401')  [ RunTime:0.0028s ]
SQL: SELECT * FROM `attribute_type` WHERE `food_id` = 400  [ RunTime:0.0035s ]
SQL: SELECT * FROM `food_attribute` WHERE `attribute_type_id` = 546  [ RunTime:0.0033s ]
SQL: SELECT * FROM `food_attribute` WHERE `attribute_type_id` = 547  [ RunTime:0.0030s ]
SQL: SELECT * FROM `food_attribute` WHERE `attribute_type_id` = 548  [ RunTime:0.0031s ]
SQL: SELECT * FROM `attribute_type` WHERE `food_id` = 401  [ RunTime:0.0041s ]
SQL: SELECT * FROM `food_attribute` WHERE `attribute_type_id` = 549  [ RunTime:0.0030s ]
SQL: SELECT * FROM `food_attribute` WHERE `attribute_type_id` = 550  [ RunTime:0.0046s ]
SQL: SELECT * FROM `food_attribute` WHERE `attribute_type_id` = 551  [ RunTime:0.0032s ]
SQL: SELECT `food_id` FROM `food_category_relative` WHERE `food_category_id` = 155  [ RunTime:0.0029s ]
SQL: SELECT * FROM `food` WHERE `is_sale` = 1 AND `food_id` IN ('402','403')  [ RunTime:0.0049s ]
SQL: SELECT * FROM `attribute_type` WHERE `food_id` = 402  [ RunTime:0.0041s ]
SQL: SELECT * FROM `food_attribute` WHERE `attribute_type_id` = 552  [ RunTime:0.0030s ]
SQL: SELECT * FROM `food_attribute` WHERE `attribute_type_id` = 553  [ RunTime:0.0032s ]
SQL: SELECT * FROM `food_attribute` WHERE `attribute_type_id` = 554  [ RunTime:0.0032s ]
SQL: SELECT * FROM `attribute_type` WHERE `food_id` = 403  [ RunTime:0.0049s ]
SQL: SELECT * FROM `food_attribute` WHERE `attribute_type_id` = 555  [ RunTime:0.0018s ]
SQL: SELECT * FROM `food_attribute` WHERE `attribute_type_id` = 556  [ RunTime:0.0018s ]
SQL: SELECT * FROM `food_attribute` WHERE `attribute_type_id` = 557  [ RunTime:0.0031s ]
SQL: SELECT `food_id` FROM `food_category_relative` WHERE `food_category_id` = 83  [ RunTime:0.0030s ]
SQL: SELECT * FROM `food` WHERE `is_sale` = 1 AND `food_id` IN ('223','224','273','279','289','290','297','203','195')  [ RunTime:0.0034s ]
SQL: SELECT * FROM `attribute_type` WHERE `food_id` = 195  [ RunTime:0.0034s ]
SQL: SELECT * FROM `food_attribute` WHERE `attribute_type_id` = 346  [ RunTime:0.0031s ]
SQL: SELECT `prom_price` FROM `prom` WHERE `prom_id` = 203 AND `prom_start_time` < 1489128305 AND `prom_end_time` > 1489128305 LIMIT 1   [ RunTime:0.0031s ]
SQL: SELECT * FROM `attribute_type` WHERE `food_id` = 203  [ RunTime:0.0040s ]
SQL: SELECT * FROM `food_attribute` WHERE `attribute_type_id` = 358  [ RunTime:0.0030s ]
SQL: SELECT * FROM `attribute_type` WHERE `food_id` = 223  [ RunTime:0.0040s ]
SQL: SELECT * FROM `food_attribute` WHERE `attribute_type_id` = 359  [ RunTime:0.0030s ]
SQL: SELECT * FROM `attribute_type` WHERE `food_id` = 224  [ RunTime:0.0041s ]
SQL: SELECT * FROM `food_attribute` WHERE `attribute_type_id` = 360  [ RunTime:0.0031s ]
SQL: SELECT * FROM `attribute_type` WHERE `food_id` = 289  [ RunTime:0.0041s ]
SQL: SELECT * FROM `food_attribute` WHERE `attribute_type_id` = 365  [ RunTime:0.0030s ]
SQL: SELECT * FROM `food_attribute` WHERE `attribute_type_id` = 366  [ RunTime:0.0031s ]
SQL: SELECT * FROM `attribute_type` WHERE `food_id` = 290  [ RunTime:0.0040s ]
SQL: SELECT * FROM `food_attribute` WHERE `attribute_type_id` = 367  [ RunTime:0.0031s ]
SQL: SELECT * FROM `attribute_type` WHERE `food_id` = 297  [ RunTime:0.0040s ]
SQL: SELECT * FROM `food_attribute` WHERE `attribute_type_id` = 369  [ RunTime:0.0041s ]

[ 2017-03-10T14:45:18+08:00 ] 127.0.0.1 /index.php/api/Advertisement/getAdvertisementList/advertisement_type/1
INFO: [ app_init ] --START--
INFO: Run Behavior\BuildLiteBehavior [ RunTime:0.000012s ]
INFO: [ app_init ] --END-- [ RunTime:0.000341s ]
INFO: [ app_begin ] --START--
INFO: Run Behavior\ReadHtmlCacheBehavior [ RunTime:0.000543s ]
INFO: [ app_begin ] --END-- [ RunTime:0.000580s ]

[ 2017-03-10T14:45:22+08:00 ] 127.0.0.1 /index.php/api/order/getOrderPageInfo
INFO: [ app_init ] --START--
INFO: Run Behavior\BuildLiteBehavior [ RunTime:0.000011s ]
INFO: [ app_init ] --END-- [ RunTime:0.000340s ]
INFO: [ app_begin ] --START--
INFO: Run Behavior\ReadHtmlCacheBehavior [ RunTime:0.000448s ]
INFO: [ app_begin ] --END-- [ RunTime:0.000482s ]
SQL: SHOW COLUMNS FROM `device` [ RunTime:0.0068s ]
SQL: SELECT `code_id`,`device_status` FROM `device` WHERE `device_code` = '44:04:44:62:9a:b0' LIMIT 1   [ RunTime:0.0031s ]
SQL: SHOW COLUMNS FROM `code` [ RunTime:0.0070s ]
SQL: SELECT * FROM `code` WHERE `code_id` = 235 LIMIT 1   [ RunTime:0.0037s ]
SQL: UPDATE `code` SET `rest_timestamp`='2330928' WHERE `code_id` = 235 [ RunTime:0.0333s ]
SQL: UPDATE `code` SET `last_time`='1489128322' WHERE `code_id` = 235 [ RunTime:0.0289s ]
SQL: SHOW COLUMNS FROM `food_category` [ RunTime:0.0064s ]
SQL: SHOW COLUMNS FROM `category_time` [ RunTime:0.0062s ]
SQL: SELECT * FROM `food_category` WHERE `restaurant_id` = 100 AND `is_timing` = 0 ORDER BY sort asc  [ RunTime:0.0031s ]
SQL: SELECT `food_category_id` FROM `food_category` WHERE `restaurant_id` = 100 AND `is_timing` = 1  [ RunTime:0.0029s ]
SQL: SELECT DISTINCT  `category_id` FROM `category_time` WHERE `time1` < 1489128322 AND `time2` > 1489128322 AND `category_id` IN ('83','153')  [ RunTime:0.0032s ]
SQL: SHOW COLUMNS FROM `food_category_timing` [ RunTime:0.0062s ]
SQL: SELECT DISTINCT  `food_category_id`,`start_time`,`end_time` FROM `food_category_timing` WHERE `timing_day` LIKE '%5%' AND `food_category_id` IN ('83','153')  [ RunTime:0.0078s ]
NOTIC: [8] Undefined variable: category_id_list E:\yunniu\Application\Api\Controller\OrderController.class.php 第 64 行.
SQL: SELECT * FROM `food_category` WHERE `food_category_id` IN ('83') ORDER BY sort asc  [ RunTime:0.0033s ]
SQL: SHOW COLUMNS FROM `food` [ RunTime:0.0066s ]
SQL: SHOW COLUMNS FROM `prom` [ RunTime:0.0067s ]
SQL: SHOW COLUMNS FROM `food_category_relative` [ RunTime:0.0062s ]
SQL: SELECT `food_id` FROM `food_category_relative` WHERE `food_category_id` = 120  [ RunTime:0.0035s ]
SQL: SELECT * FROM `food` WHERE `is_sale` = 1 AND `food_id` IN ('217','221','220','219','218','222','205','206','399','485','486','493','497')  [ RunTime:0.0075s ]
SQL: SHOW COLUMNS FROM `attribute_type` [ RunTime:0.0063s ]
SQL: SELECT * FROM `attribute_type` WHERE `food_id` = 205  [ RunTime:0.0041s ]
SQL: SHOW COLUMNS FROM `food_attribute` [ RunTime:0.0068s ]
SQL: SELECT * FROM `food_attribute` WHERE `attribute_type_id` = 351  [ RunTime:0.0031s ]
SQL: SELECT * FROM `food_attribute` WHERE `attribute_type_id` = 447  [ RunTime:0.0031s ]
SQL: SELECT * FROM `food_attribute` WHERE `attribute_type_id` = 448  [ RunTime:0.0051s ]
SQL: SELECT * FROM `attribute_type` WHERE `food_id` = 206  [ RunTime:0.0044s ]
SQL: SELECT * FROM `food_attribute` WHERE `attribute_type_id` = 353  [ RunTime:0.0032s ]
SQL: SELECT * FROM `food_attribute` WHERE `attribute_type_id` = 449  [ RunTime:0.0032s ]
SQL: SELECT * FROM `attribute_type` WHERE `food_id` = 217  [ RunTime:0.0040s ]
SQL: SELECT * FROM `food_attribute` WHERE `attribute_type_id` = 230  [ RunTime:0.0031s ]
SQL: SELECT * FROM `attribute_type` WHERE `food_id` = 218  [ RunTime:0.0048s ]
SQL: SELECT * FROM `food_attribute` WHERE `attribute_type_id` = 357  [ RunTime:0.0031s ]
SQL: SELECT * FROM `attribute_type` WHERE `food_id` = 219  [ RunTime:0.0040s ]
SQL: SELECT * FROM `food_attribute` WHERE `attribute_type_id` = 356  [ RunTime:0.0054s ]
SQL: SELECT * FROM `attribute_type` WHERE `food_id` = 220  [ RunTime:0.0061s ]
SQL: SELECT * FROM `food_attribute` WHERE `attribute_type_id` = 355  [ RunTime:0.0031s ]
SQL: SELECT * FROM `attribute_type` WHERE `food_id` = 221  [ RunTime:0.0041s ]
SQL: SELECT * FROM `food_attribute` WHERE `attribute_type_id` = 354  [ RunTime:0.0031s ]
SQL: SELECT * FROM `attribute_type` WHERE `food_id` = 222  [ RunTime:0.0041s ]
SQL: SELECT * FROM `food_attribute` WHERE `attribute_type_id` = 352  [ RunTime:0.0031s ]
SQL: SELECT * FROM `attribute_type` WHERE `food_id` = 399  [ RunTime:0.0040s ]
SQL: SELECT * FROM `attribute_type` WHERE `food_id` = 485  [ RunTime:0.0046s ]
SQL: SELECT `prom_price` FROM `prom` WHERE `prom_id` = 486 AND `prom_start_time` < 1489128322 AND `prom_end_time` > 1489128322 LIMIT 1   [ RunTime:0.0037s ]
SQL: SELECT * FROM `attribute_type` WHERE `food_id` = 486  [ RunTime:0.0041s ]
SQL: SELECT `prom_price` FROM `prom` WHERE `prom_id` = 493 AND `prom_start_time` < 1489128322 AND `prom_end_time` > 1489128322 LIMIT 1   [ RunTime:0.0029s ]
SQL: SELECT * FROM `attribute_type` WHERE `food_id` = 493  [ RunTime:0.0043s ]
SQL: SELECT `prom_price` FROM `prom` WHERE `prom_id` = 497 AND `prom_start_time` < 1489128322 AND `prom_end_time` > 1489128322 LIMIT 1   [ RunTime:0.0028s ]
SQL: SELECT * FROM `attribute_type` WHERE `food_id` = 497  [ RunTime:0.0041s ]
SQL: SELECT `food_id` FROM `food_category_relative` WHERE `food_category_id` = 80  [ RunTime:0.0029s ]
SQL: SELECT * FROM `food` WHERE `is_sale` = 1 AND `food_id` IN ('194','202','199','200','204','488','489','490','496','500','503','506','195','201')  [ RunTime:0.0034s ]
SQL: SELECT * FROM `attribute_type` WHERE `food_id` = 194  [ RunTime:0.0034s ]
SQL: SELECT * FROM `food_attribute` WHERE `attribute_type_id` = 345  [ RunTime:0.0018s ]
SQL: SELECT * FROM `attribute_type` WHERE `food_id` = 195  [ RunTime:0.0041s ]
SQL: SELECT * FROM `food_attribute` WHERE `attribute_type_id` = 346  [ RunTime:0.0034s ]
SQL: SELECT * FROM `attribute_type` WHERE `food_id` = 199  [ RunTime:0.0040s ]
SQL: SELECT * FROM `food_attribute` WHERE `attribute_type_id` = 347  [ RunTime:0.0031s ]
SQL: SELECT * FROM `attribute_type` WHERE `food_id` = 200  [ RunTime:0.0041s ]
SQL: SELECT * FROM `food_attribute` WHERE `attribute_type_id` = 1010  [ RunTime:0.0030s ]
SQL: SELECT * FROM `attribute_type` WHERE `food_id` = 201  [ RunTime:0.0041s ]
SQL: SELECT * FROM `food_attribute` WHERE `attribute_type_id` = 350  [ RunTime:0.0032s ]
SQL: SELECT * FROM `food_attribute` WHERE `attribute_type_id` = 1009  [ RunTime:0.0031s ]
SQL: SELECT * FROM `attribute_type` WHERE `food_id` = 202  [ RunTime:0.0054s ]
SQL: SELECT * FROM `attribute_type` WHERE `food_id` = 204  [ RunTime:0.0041s ]
SQL: SELECT * FROM `food_attribute` WHERE `attribute_type_id` = 348  [ RunTime:0.0031s ]
SQL: SELECT `prom_price` FROM `prom` WHERE `prom_id` = 488 AND `prom_start_time` < 1489128322 AND `prom_end_time` > 1489128322 LIMIT 1   [ RunTime:0.0029s ]
SQL: SELECT * FROM `attribute_type` WHERE `food_id` = 488  [ RunTime:0.0041s ]
SQL: SELECT `prom_price` FROM `prom` WHERE `prom_id` = 489 AND `prom_start_time` < 1489128322 AND `prom_end_time` > 1489128322 LIMIT 1   [ RunTime:0.0029s ]
SQL: SELECT * FROM `attribute_type` WHERE `food_id` = 489  [ RunTime:0.0040s ]
SQL: SELECT `prom_price` FROM `prom` WHERE `prom_id` = 490 AND `prom_start_time` < 1489128322 AND `prom_end_time` > 1489128322 LIMIT 1   [ RunTime:0.0028s ]
SQL: SELECT * FROM `attribute_type` WHERE `food_id` = 490  [ RunTime:0.0069s ]
SQL: SELECT `prom_price` FROM `prom` WHERE `prom_id` = 496 AND `prom_start_time` < 1489128322 AND `prom_end_time` > 1489128322 LIMIT 1   [ RunTime:0.0029s ]
SQL: SELECT * FROM `attribute_type` WHERE `food_id` = 496  [ RunTime:0.0042s ]
SQL: SELECT `prom_price` FROM `prom` WHERE `prom_id` = 500 AND `prom_start_time` < 1489128322 AND `prom_end_time` > 1489128322 LIMIT 1   [ RunTime:0.0030s ]
SQL: SELECT * FROM `attribute_type` WHERE `food_id` = 500  [ RunTime:0.0041s ]
SQL: SELECT * FROM `attribute_type` WHERE `food_id` = 503  [ RunTime:0.0040s ]
SQL: SELECT `prom_price` FROM `prom` WHERE `prom_id` = 506 AND `prom_start_time` < 1489128322 AND `prom_end_time` > 1489128322 LIMIT 1   [ RunTime:0.0028s ]
SQL: SELECT * FROM `attribute_type` WHERE `food_id` = 506  [ RunTime:0.0040s ]
SQL: SELECT `food_id` FROM `food_category_relative` WHERE `food_category_id` = 152  [ RunTime:0.0043s ]
SQL: SELECT * FROM `food` WHERE `is_sale` = 1 AND `food_id` IN ('337','338','339','340','336','341','342','343','344','345','347','348','349','350','351','352','353','354','355','356','346','505')  [ RunTime:0.0036s ]
SQL: SELECT * FROM `attribute_type` WHERE `food_id` = 336  [ RunTime:0.0034s ]
SQL: SELECT * FROM `food_attribute` WHERE `attribute_type_id` = 423  [ RunTime:0.0028s ]
SQL: SELECT * FROM `attribute_type` WHERE `food_id` = 337  [ RunTime:0.0044s ]
SQL: SELECT * FROM `food_attribute` WHERE `attribute_type_id` = 424  [ RunTime:0.0030s ]
SQL: SELECT * FROM `attribute_type` WHERE `food_id` = 338  [ RunTime:0.0040s ]
SQL: SELECT * FROM `attribute_type` WHERE `food_id` = 339  [ RunTime:0.0041s ]
SQL: SELECT * FROM `food_attribute` WHERE `attribute_type_id` = 427  [ RunTime:0.0031s ]
SQL: SELECT * FROM `food_attribute` WHERE `attribute_type_id` = 677  [ RunTime:0.0030s ]
SQL: SELECT * FROM `food_attribute` WHERE `attribute_type_id` = 678  [ RunTime:0.0031s ]
SQL: SELECT * FROM `food_attribute` WHERE `attribute_type_id` = 679  [ RunTime:0.0030s ]
SQL: SELECT * FROM `food_attribute` WHERE `attribute_type_id` = 680  [ RunTime:0.0030s ]
SQL: SELECT * FROM `food_attribute` WHERE `attribute_type_id` = 681  [ RunTime:0.0030s ]
SQL: SELECT * FROM `attribute_type` WHERE `food_id` = 340  [ RunTime:0.0040s ]
SQL: SELECT * FROM `attribute_type` WHERE `food_id` = 341  [ RunTime:0.0041s ]
SQL: SELECT * FROM `food_attribute` WHERE `attribute_type_id` = 429  [ RunTime:0.0030s ]
SQL: SELECT * FROM `attribute_type` WHERE `food_id` = 342  [ RunTime:0.0040s ]
SQL: SELECT * FROM `food_attribute` WHERE `attribute_type_id` = 430  [ RunTime:0.0030s ]
SQL: SELECT * FROM `attribute_type` WHERE `food_id` = 343  [ RunTime:0.0058s ]
SQL: SELECT * FROM `attribute_type` WHERE `food_id` = 344  [ RunTime:0.0053s ]
SQL: SELECT * FROM `food_attribute` WHERE `attribute_type_id` = 432  [ RunTime:0.0030s ]
SQL: SELECT * FROM `attribute_type` WHERE `food_id` = 345  [ RunTime:0.0041s ]
SQL: SELECT * FROM `food_attribute` WHERE `attribute_type_id` = 452  [ RunTime:0.0031s ]
SQL: SELECT * FROM `food_attribute` WHERE `attribute_type_id` = 453  [ RunTime:0.0031s ]
SQL: SELECT * FROM `attribute_type` WHERE `food_id` = 346  [ RunTime:0.0040s ]
SQL: SELECT * FROM `food_attribute` WHERE `attribute_type_id` = 434  [ RunTime:0.0030s ]
SQL: SELECT * FROM `attribute_type` WHERE `food_id` = 347  [ RunTime:0.0061s ]
SQL: SELECT * FROM `food_attribute` WHERE `attribute_type_id` = 435  [ RunTime:0.0023s ]
SQL: SELECT * FROM `attribute_type` WHERE `food_id` = 348  [ RunTime:0.0040s ]
SQL: SELECT * FROM `food_attribute` WHERE `attribute_type_id` = 436  [ RunTime:0.0030s ]
SQL: SELECT * FROM `attribute_type` WHERE `food_id` = 349  [ RunTime:0.0041s ]
SQL: SELECT * FROM `food_attribute` WHERE `attribute_type_id` = 437  [ RunTime:0.0031s ]
SQL: SELECT * FROM `attribute_type` WHERE `food_id` = 350  [ RunTime:0.0041s ]
SQL: SELECT * FROM `food_attribute` WHERE `attribute_type_id` = 438  [ RunTime:0.0031s ]
SQL: SELECT * FROM `attribute_type` WHERE `food_id` = 351  [ RunTime:0.0040s ]
SQL: SELECT * FROM `food_attribute` WHERE `attribute_type_id` = 439  [ RunTime:0.0031s ]
SQL: SELECT * FROM `attribute_type` WHERE `food_id` = 352  [ RunTime:0.0041s ]
SQL: SELECT * FROM `food_attribute` WHERE `attribute_type_id` = 440  [ RunTime:0.0031s ]
SQL: SELECT * FROM `attribute_type` WHERE `food_id` = 353  [ RunTime:0.0041s ]
SQL: SELECT * FROM `food_attribute` WHERE `attribute_type_id` = 441  [ RunTime:0.0031s ]
SQL: SELECT * FROM `attribute_type` WHERE `food_id` = 354  [ RunTime:0.0042s ]
SQL: SELECT * FROM `food_attribute` WHERE `attribute_type_id` = 442  [ RunTime:0.0031s ]
SQL: SELECT * FROM `attribute_type` WHERE `food_id` = 355  [ RunTime:0.0041s ]
SQL: SELECT * FROM `food_attribute` WHERE `attribute_type_id` = 443  [ RunTime:0.0031s ]
SQL: SELECT * FROM `attribute_type` WHERE `food_id` = 356  [ RunTime:0.0040s ]
SQL: SELECT * FROM `food_attribute` WHERE `attribute_type_id` = 444  [ RunTime:0.0090s ]
SQL: SELECT `prom_price` FROM `prom` WHERE `prom_id` = 505 AND `prom_start_time` < 1489128322 AND `prom_end_time` > 1489128322 LIMIT 1   [ RunTime:0.0033s ]
SQL: SELECT * FROM `attribute_type` WHERE `food_id` = 505  [ RunTime:0.0041s ]
SQL: SELECT `food_id` FROM `food_category_relative` WHERE `food_category_id` = 84  [ RunTime:0.0033s ]
SQL: SELECT * FROM `food` WHERE `is_sale` = 1 AND `food_id` IN ('233','227','228','232','231','230','229','288')  [ RunTime:0.0034s ]
SQL: SELECT * FROM `attribute_type` WHERE `food_id` = 227  [ RunTime:0.0034s ]
SQL: SELECT * FROM `attribute_type` WHERE `food_id` = 228  [ RunTime:0.0041s ]
SQL: SELECT * FROM `attribute_type` WHERE `food_id` = 229  [ RunTime:0.0060s ]
SQL: SELECT * FROM `attribute_type` WHERE `food_id` = 230  [ RunTime:0.0040s ]
SQL: SELECT * FROM `attribute_type` WHERE `food_id` = 231  [ RunTime:0.0042s ]
SQL: SELECT * FROM `food_attribute` WHERE `attribute_type_id` = 451  [ RunTime:0.0036s ]
SQL: SELECT * FROM `attribute_type` WHERE `food_id` = 232  [ RunTime:0.0040s ]
SQL: SELECT * FROM `attribute_type` WHERE `food_id` = 233  [ RunTime:0.0040s ]
SQL: SELECT `food_id` FROM `food_category_relative` WHERE `food_category_id` = 154  [ RunTime:0.0029s ]
SQL: SELECT * FROM `food` WHERE `is_sale` = 1 AND `food_id` IN ('400','401')  [ RunTime:0.0032s ]
SQL: SELECT * FROM `attribute_type` WHERE `food_id` = 400  [ RunTime:0.0041s ]
SQL: SELECT * FROM `food_attribute` WHERE `attribute_type_id` = 546  [ RunTime:0.0031s ]
SQL: SELECT * FROM `food_attribute` WHERE `attribute_type_id` = 547  [ RunTime:0.0033s ]
SQL: SELECT * FROM `food_attribute` WHERE `attribute_type_id` = 548  [ RunTime:0.0031s ]
SQL: SELECT * FROM `attribute_type` WHERE `food_id` = 401  [ RunTime:0.0041s ]
SQL: SELECT * FROM `food_attribute` WHERE `attribute_type_id` = 549  [ RunTime:0.0033s ]
SQL: SELECT * FROM `food_attribute` WHERE `attribute_type_id` = 550  [ RunTime:0.0030s ]
SQL: SELECT * FROM `food_attribute` WHERE `attribute_type_id` = 551  [ RunTime:0.0030s ]
SQL: SELECT `food_id` FROM `food_category_relative` WHERE `food_category_id` = 155  [ RunTime:0.0029s ]
SQL: SELECT * FROM `food` WHERE `is_sale` = 1 AND `food_id` IN ('402','403')  [ RunTime:0.0032s ]
SQL: SELECT * FROM `attribute_type` WHERE `food_id` = 402  [ RunTime:0.0041s ]
SQL: SELECT * FROM `food_attribute` WHERE `attribute_type_id` = 552  [ RunTime:0.0054s ]
SQL: SELECT * FROM `food_attribute` WHERE `attribute_type_id` = 553  [ RunTime:0.0030s ]
SQL: SELECT * FROM `food_attribute` WHERE `attribute_type_id` = 554  [ RunTime:0.0031s ]
SQL: SELECT * FROM `attribute_type` WHERE `food_id` = 403  [ RunTime:0.0041s ]
SQL: SELECT * FROM `food_attribute` WHERE `attribute_type_id` = 555  [ RunTime:0.0030s ]
SQL: SELECT * FROM `food_attribute` WHERE `attribute_type_id` = 556  [ RunTime:0.0050s ]
SQL: SELECT * FROM `food_attribute` WHERE `attribute_type_id` = 557  [ RunTime:0.0032s ]
SQL: SELECT `food_id` FROM `food_category_relative` WHERE `food_category_id` = 83  [ RunTime:0.0029s ]
SQL: SELECT * FROM `food` WHERE `is_sale` = 1 AND `food_id` IN ('223','224','273','279','289','290','297','203','195')  [ RunTime:0.0052s ]
SQL: SELECT * FROM `attribute_type` WHERE `food_id` = 195  [ RunTime:0.0034s ]
SQL: SELECT * FROM `food_attribute` WHERE `attribute_type_id` = 346  [ RunTime:0.0036s ]
SQL: SELECT `prom_price` FROM `prom` WHERE `prom_id` = 203 AND `prom_start_time` < 1489128322 AND `prom_end_time` > 1489128322 LIMIT 1   [ RunTime:0.0033s ]
SQL: SELECT * FROM `attribute_type` WHERE `food_id` = 203  [ RunTime:0.0041s ]
SQL: SELECT * FROM `food_attribute` WHERE `attribute_type_id` = 358  [ RunTime:0.0031s ]
SQL: SELECT * FROM `attribute_type` WHERE `food_id` = 223  [ RunTime:0.0040s ]
SQL: SELECT * FROM `food_attribute` WHERE `attribute_type_id` = 359  [ RunTime:0.0031s ]
SQL: SELECT * FROM `attribute_type` WHERE `food_id` = 224  [ RunTime:0.0044s ]
SQL: SELECT * FROM `food_attribute` WHERE `attribute_type_id` = 360  [ RunTime:0.0032s ]
SQL: SELECT * FROM `attribute_type` WHERE `food_id` = 289  [ RunTime:0.0043s ]
SQL: SELECT * FROM `food_attribute` WHERE `attribute_type_id` = 365  [ RunTime:0.0031s ]
SQL: SELECT * FROM `food_attribute` WHERE `attribute_type_id` = 366  [ RunTime:0.0031s ]
SQL: SELECT * FROM `attribute_type` WHERE `food_id` = 290  [ RunTime:0.0040s ]
SQL: SELECT * FROM `food_attribute` WHERE `attribute_type_id` = 367  [ RunTime:0.0030s ]
SQL: SELECT * FROM `attribute_type` WHERE `food_id` = 297  [ RunTime:0.0038s ]
SQL: SELECT * FROM `food_attribute` WHERE `attribute_type_id` = 369  [ RunTime:0.0031s ]

[ 2017-03-10T14:49:08+08:00 ] 127.0.0.1 /index.php/api/Advertisement/getAdvertisementList/advertisement_type/1
INFO: [ app_init ] --START--
INFO: Run Behavior\BuildLiteBehavior [ RunTime:0.000011s ]
INFO: [ app_init ] --END-- [ RunTime:0.000324s ]
INFO: [ app_begin ] --START--
INFO: Run Behavior\ReadHtmlCacheBehavior [ RunTime:0.000465s ]
INFO: [ app_begin ] --END-- [ RunTime:0.000499s ]

[ 2017-03-10T14:49:09+08:00 ] 127.0.0.1 /index.php/api/Advertisement/getAdvertisementList/advertisement_type/1
INFO: [ app_init ] --START--
INFO: Run Behavior\BuildLiteBehavior [ RunTime:0.000012s ]
INFO: [ app_init ] --END-- [ RunTime:0.000339s ]
INFO: [ app_begin ] --START--
INFO: Run Behavior\ReadHtmlCacheBehavior [ RunTime:0.000467s ]
INFO: [ app_begin ] --END-- [ RunTime:0.000502s ]

[ 2017-03-10T16:47:15+08:00 ] 127.0.0.1 /index.php/api/Advertisement/getAdvertisementList/advertisement_type/1
INFO: [ app_init ] --START--
INFO: Run Behavior\BuildLiteBehavior [ RunTime:0.000012s ]
INFO: [ app_init ] --END-- [ RunTime:0.000325s ]
INFO: [ app_begin ] --START--
INFO: Run Behavior\ReadHtmlCacheBehavior [ RunTime:0.000464s ]
INFO: [ app_begin ] --END-- [ RunTime:0.000499s ]

[ 2017-03-10T16:47:16+08:00 ] 127.0.0.1 /index.php/api/Advertisement/getAdvertisementList/advertisement_type/1
INFO: [ app_init ] --START--
INFO: Run Behavior\BuildLiteBehavior [ RunTime:0.000011s ]
INFO: [ app_init ] --END-- [ RunTime:0.000326s ]
INFO: [ app_begin ] --START--
INFO: Run Behavior\ReadHtmlCacheBehavior [ RunTime:0.000460s ]
INFO: [ app_begin ] --END-- [ RunTime:0.000496s ]

[ 2017-03-10T16:51:47+08:00 ] 127.0.0.1 /index.php/api/order/getOrderPageInfo
INFO: [ app_init ] --START--
INFO: Run Behavior\BuildLiteBehavior [ RunTime:0.000013s ]
INFO: [ app_init ] --END-- [ RunTime:0.000349s ]
INFO: [ app_begin ] --START--
INFO: Run Behavior\ReadHtmlCacheBehavior [ RunTime:0.000572s ]
INFO: [ app_begin ] --END-- [ RunTime:0.000610s ]
SQL: SHOW COLUMNS FROM `device` [ RunTime:0.0068s ]
SQL: SELECT `code_id`,`device_status` FROM `device` WHERE `device_code` = '44:04:44:62:9a:b0' LIMIT 1   [ RunTime:0.0030s ]
SQL: SHOW COLUMNS FROM `code` [ RunTime:0.0084s ]
SQL: SELECT * FROM `code` WHERE `code_id` = 235 LIMIT 1   [ RunTime:0.0031s ]
SQL: UPDATE `code` SET `rest_timestamp`='2323343' WHERE `code_id` = 235 [ RunTime:0.0371s ]
SQL: UPDATE `code` SET `last_time`='1489135907' WHERE `code_id` = 235 [ RunTime:0.0271s ]
SQL: SHOW COLUMNS FROM `food_category` [ RunTime:0.0066s ]
SQL: SHOW COLUMNS FROM `category_time` [ RunTime:0.0068s ]
SQL: SELECT * FROM `food_category` WHERE `restaurant_id` = 100 AND `is_timing` = 0 ORDER BY sort asc  [ RunTime:0.0039s ]
SQL: SELECT `food_category_id` FROM `food_category` WHERE `restaurant_id` = 100 AND `is_timing` = 1  [ RunTime:0.0029s ]
SQL: SELECT DISTINCT  `category_id` FROM `category_time` WHERE `time1` < 1489135907 AND `time2` > 1489135907 AND `category_id` IN ('83','153')  [ RunTime:0.0028s ]
SQL: SHOW COLUMNS FROM `food_category_timing` [ RunTime:0.0054s ]
SQL: SELECT DISTINCT  `food_category_id`,`start_time`,`end_time` FROM `food_category_timing` WHERE `timing_day` LIKE '%5%' AND `food_category_id` IN ('83','153')  [ RunTime:0.0036s ]
NOTIC: [8] Undefined variable: category_id_list E:\yunniu\Application\Api\Controller\OrderController.class.php 第 64 行.
SQL: SELECT * FROM `food_category` WHERE `food_category_id` IN ('83') ORDER BY sort asc  [ RunTime:0.0030s ]
SQL: SHOW COLUMNS FROM `food` [ RunTime:0.0069s ]
SQL: SHOW COLUMNS FROM `prom` [ RunTime:0.0078s ]
SQL: SHOW COLUMNS FROM `food_category_relative` [ RunTime:0.0064s ]
SQL: SELECT `food_id` FROM `food_category_relative` WHERE `food_category_id` = 120  [ RunTime:0.0080s ]
SQL: SELECT * FROM `food` WHERE `is_sale` = 1 AND `food_id` IN ('217','221','220','219','218','222','205','206','399','485','486','493','497')  [ RunTime:0.0036s ]
SQL: SHOW COLUMNS FROM `attribute_type` [ RunTime:0.0069s ]
SQL: SELECT * FROM `attribute_type` WHERE `food_id` = 205  [ RunTime:0.0042s ]
SQL: SHOW COLUMNS FROM `food_attribute` [ RunTime:0.0069s ]
SQL: SELECT * FROM `food_attribute` WHERE `attribute_type_id` = 351  [ RunTime:0.0032s ]
SQL: SELECT * FROM `food_attribute` WHERE `attribute_type_id` = 447  [ RunTime:0.0031s ]
SQL: SELECT * FROM `food_attribute` WHERE `attribute_type_id` = 448  [ RunTime:0.0030s ]
SQL: SELECT * FROM `attribute_type` WHERE `food_id` = 206  [ RunTime:0.0043s ]
SQL: SELECT * FROM `food_attribute` WHERE `attribute_type_id` = 353  [ RunTime:0.0031s ]
SQL: SELECT * FROM `food_attribute` WHERE `attribute_type_id` = 449  [ RunTime:0.0032s ]
SQL: SELECT * FROM `attribute_type` WHERE `food_id` = 217  [ RunTime:0.0041s ]
SQL: SELECT * FROM `food_attribute` WHERE `attribute_type_id` = 230  [ RunTime:0.0031s ]
SQL: SELECT * FROM `attribute_type` WHERE `food_id` = 218  [ RunTime:0.0041s ]
SQL: SELECT * FROM `food_attribute` WHERE `attribute_type_id` = 357  [ RunTime:0.0032s ]
SQL: SELECT * FROM `attribute_type` WHERE `food_id` = 219  [ RunTime:0.0041s ]
SQL: SELECT * FROM `food_attribute` WHERE `attribute_type_id` = 356  [ RunTime:0.0052s ]
SQL: SELECT * FROM `attribute_type` WHERE `food_id` = 220  [ RunTime:0.0041s ]
SQL: SELECT * FROM `food_attribute` WHERE `attribute_type_id` = 355  [ RunTime:0.0031s ]
SQL: SELECT * FROM `attribute_type` WHERE `food_id` = 221  [ RunTime:0.0041s ]
SQL: SELECT * FROM `food_attribute` WHERE `attribute_type_id` = 354  [ RunTime:0.0031s ]
SQL: SELECT * FROM `attribute_type` WHERE `food_id` = 222  [ RunTime:0.0041s ]
SQL: SELECT * FROM `food_attribute` WHERE `attribute_type_id` = 352  [ RunTime:0.0031s ]
SQL: SELECT * FROM `attribute_type` WHERE `food_id` = 399  [ RunTime:0.0043s ]
SQL: SELECT * FROM `attribute_type` WHERE `food_id` = 485  [ RunTime:0.0081s ]
SQL: SELECT `prom_price` FROM `prom` WHERE `prom_id` = 486 AND `prom_start_time` < 1489135907 AND `prom_end_time` > 1489135907 LIMIT 1   [ RunTime:0.0029s ]
SQL: SELECT * FROM `attribute_type` WHERE `food_id` = 486  [ RunTime:0.0041s ]
SQL: SELECT `prom_price` FROM `prom` WHERE `prom_id` = 493 AND `prom_start_time` < 1489135907 AND `prom_end_time` > 1489135907 LIMIT 1   [ RunTime:0.0035s ]
SQL: SELECT * FROM `attribute_type` WHERE `food_id` = 493  [ RunTime:0.0042s ]
SQL: SELECT `prom_price` FROM `prom` WHERE `prom_id` = 497 AND `prom_start_time` < 1489135907 AND `prom_end_time` > 1489135907 LIMIT 1   [ RunTime:0.0029s ]
SQL: SELECT * FROM `attribute_type` WHERE `food_id` = 497  [ RunTime:0.0041s ]
SQL: SELECT `food_id` FROM `food_category_relative` WHERE `food_category_id` = 80  [ RunTime:0.0051s ]
SQL: SELECT * FROM `food` WHERE `is_sale` = 1 AND `food_id` IN ('194','202','199','200','204','488','489','490','496','500','503','506','195','201')  [ RunTime:0.0035s ]
SQL: SELECT * FROM `attribute_type` WHERE `food_id` = 194  [ RunTime:0.0042s ]
SQL: SELECT * FROM `food_attribute` WHERE `attribute_type_id` = 345  [ RunTime:0.0031s ]
SQL: SELECT * FROM `attribute_type` WHERE `food_id` = 195  [ RunTime:0.0041s ]
SQL: SELECT * FROM `food_attribute` WHERE `attribute_type_id` = 346  [ RunTime:0.0033s ]
SQL: SELECT * FROM `attribute_type` WHERE `food_id` = 199  [ RunTime:0.0041s ]
SQL: SELECT * FROM `food_attribute` WHERE `attribute_type_id` = 347  [ RunTime:0.0034s ]
SQL: SELECT * FROM `attribute_type` WHERE `food_id` = 200  [ RunTime:0.0041s ]
SQL: SELECT * FROM `food_attribute` WHERE `attribute_type_id` = 1010  [ RunTime:0.0030s ]
SQL: SELECT * FROM `attribute_type` WHERE `food_id` = 201  [ RunTime:0.0056s ]
SQL: SELECT * FROM `food_attribute` WHERE `attribute_type_id` = 350  [ RunTime:0.0032s ]
SQL: SELECT * FROM `food_attribute` WHERE `attribute_type_id` = 1009  [ RunTime:0.0038s ]
SQL: SELECT * FROM `attribute_type` WHERE `food_id` = 202  [ RunTime:0.0041s ]
SQL: SELECT * FROM `attribute_type` WHERE `food_id` = 204  [ RunTime:0.0041s ]
SQL: SELECT * FROM `food_attribute` WHERE `attribute_type_id` = 348  [ RunTime:0.0036s ]
SQL: SELECT `prom_price` FROM `prom` WHERE `prom_id` = 488 AND `prom_start_time` < 1489135907 AND `prom_end_time` > 1489135907 LIMIT 1   [ RunTime:0.0029s ]
SQL: SELECT * FROM `attribute_type` WHERE `food_id` = 488  [ RunTime:0.0045s ]
SQL: SELECT `prom_price` FROM `prom` WHERE `prom_id` = 489 AND `prom_start_time` < 1489135907 AND `prom_end_time` > 1489135907 LIMIT 1   [ RunTime:0.0056s ]
SQL: SELECT * FROM `attribute_type` WHERE `food_id` = 489  [ RunTime:0.0052s ]
SQL: SELECT `prom_price` FROM `prom` WHERE `prom_id` = 490 AND `prom_start_time` < 1489135907 AND `prom_end_time` > 1489135907 LIMIT 1   [ RunTime:0.0029s ]
SQL: SELECT * FROM `attribute_type` WHERE `food_id` = 490  [ RunTime:0.0035s ]
SQL: SELECT `prom_price` FROM `prom` WHERE `prom_id` = 496 AND `prom_start_time` < 1489135907 AND `prom_end_time` > 1489135907 LIMIT 1   [ RunTime:0.0029s ]
SQL: SELECT * FROM `attribute_type` WHERE `food_id` = 496  [ RunTime:0.0041s ]
SQL: SELECT `prom_price` FROM `prom` WHERE `prom_id` = 500 AND `prom_start_time` < 1489135907 AND `prom_end_time` > 1489135907 LIMIT 1   [ RunTime:0.0029s ]
SQL: SELECT * FROM `attribute_type` WHERE `food_id` = 500  [ RunTime:0.0048s ]
SQL: SELECT * FROM `attribute_type` WHERE `food_id` = 503  [ RunTime:0.0042s ]
SQL: SELECT `prom_price` FROM `prom` WHERE `prom_id` = 506 AND `prom_start_time` < 1489135907 AND `prom_end_time` > 1489135907 LIMIT 1   [ RunTime:0.0031s ]
SQL: SELECT * FROM `attribute_type` WHERE `food_id` = 506  [ RunTime:0.0041s ]
SQL: SELECT `food_id` FROM `food_category_relative` WHERE `food_category_id` = 152  [ RunTime:0.0030s ]
SQL: SELECT * FROM `food` WHERE `is_sale` = 1 AND `food_id` IN ('337','338','339','340','336','341','342','343','344','345','347','348','349','350','351','352','353','354','355','356','346','505')  [ RunTime:0.0035s ]
SQL: SELECT * FROM `attribute_type` WHERE `food_id` = 336  [ RunTime:0.0037s ]
SQL: SELECT * FROM `food_attribute` WHERE `attribute_type_id` = 423  [ RunTime:0.0025s ]
SQL: SELECT * FROM `attribute_type` WHERE `food_id` = 337  [ RunTime:0.0042s ]
SQL: SELECT * FROM `food_attribute` WHERE `attribute_type_id` = 424  [ RunTime:0.0031s ]
SQL: SELECT * FROM `attribute_type` WHERE `food_id` = 338  [ RunTime:0.0041s ]
SQL: SELECT * FROM `attribute_type` WHERE `food_id` = 339  [ RunTime:0.0059s ]
SQL: SELECT * FROM `food_attribute` WHERE `attribute_type_id` = 427  [ RunTime:0.0031s ]
SQL: SELECT * FROM `food_attribute` WHERE `attribute_type_id` = 677  [ RunTime:0.0032s ]
SQL: SELECT * FROM `food_attribute` WHERE `attribute_type_id` = 678  [ RunTime:0.0031s ]
SQL: SELECT * FROM `food_attribute` WHERE `attribute_type_id` = 679  [ RunTime:0.0030s ]
SQL: SELECT * FROM `food_attribute` WHERE `attribute_type_id` = 680  [ RunTime:0.0030s ]
SQL: SELECT * FROM `food_attribute` WHERE `attribute_type_id` = 681  [ RunTime:0.0031s ]
SQL: SELECT * FROM `attribute_type` WHERE `food_id` = 340  [ RunTime:0.0044s ]
SQL: SELECT * FROM `attribute_type` WHERE `food_id` = 341  [ RunTime:0.0045s ]
SQL: SELECT * FROM `food_attribute` WHERE `attribute_type_id` = 429  [ RunTime:0.0041s ]
SQL: SELECT * FROM `attribute_type` WHERE `food_id` = 342  [ RunTime:0.0052s ]
SQL: SELECT * FROM `food_attribute` WHERE `attribute_type_id` = 430  [ RunTime:0.0031s ]
SQL: SELECT * FROM `attribute_type` WHERE `food_id` = 343  [ RunTime:0.0041s ]
SQL: SELECT * FROM `attribute_type` WHERE `food_id` = 344  [ RunTime:0.0048s ]
SQL: SELECT * FROM `food_attribute` WHERE `attribute_type_id` = 432  [ RunTime:0.0033s ]
SQL: SELECT * FROM `attribute_type` WHERE `food_id` = 345  [ RunTime:0.0041s ]
SQL: SELECT * FROM `food_attribute` WHERE `attribute_type_id` = 452  [ RunTime:0.0031s ]
SQL: SELECT * FROM `food_attribute` WHERE `attribute_type_id` = 453  [ RunTime:0.0310s ]
SQL: SELECT * FROM `attribute_type` WHERE `food_id` = 346  [ RunTime:0.0038s ]
SQL: SELECT * FROM `food_attribute` WHERE `attribute_type_id` = 434  [ RunTime:0.0045s ]
SQL: SELECT * FROM `attribute_type` WHERE `food_id` = 347  [ RunTime:0.0041s ]
SQL: SELECT * FROM `food_attribute` WHERE `attribute_type_id` = 435  [ RunTime:0.0033s ]
SQL: SELECT * FROM `attribute_type` WHERE `food_id` = 348  [ RunTime:0.0045s ]
SQL: SELECT * FROM `food_attribute` WHERE `attribute_type_id` = 436  [ RunTime:0.0033s ]
SQL: SELECT * FROM `attribute_type` WHERE `food_id` = 349  [ RunTime:0.0070s ]
SQL: SELECT * FROM `food_attribute` WHERE `attribute_type_id` = 437  [ RunTime:0.0033s ]
SQL: SELECT * FROM `attribute_type` WHERE `food_id` = 350  [ RunTime:0.0070s ]
SQL: SELECT * FROM `food_attribute` WHERE `attribute_type_id` = 438  [ RunTime:0.0049s ]
SQL: SELECT * FROM `attribute_type` WHERE `food_id` = 351  [ RunTime:0.0040s ]
SQL: SELECT * FROM `food_attribute` WHERE `attribute_type_id` = 439  [ RunTime:0.0052s ]
SQL: SELECT * FROM `attribute_type` WHERE `food_id` = 352  [ RunTime:0.0043s ]
SQL: SELECT * FROM `food_attribute` WHERE `attribute_type_id` = 440  [ RunTime:0.0031s ]
SQL: SELECT * FROM `attribute_type` WHERE `food_id` = 353  [ RunTime:0.0040s ]
SQL: SELECT * FROM `food_attribute` WHERE `attribute_type_id` = 441  [ RunTime:0.0030s ]
SQL: SELECT * FROM `attribute_type` WHERE `food_id` = 354  [ RunTime:0.0041s ]
SQL: SELECT * FROM `food_attribute` WHERE `attribute_type_id` = 442  [ RunTime:0.0031s ]
SQL: SELECT * FROM `attribute_type` WHERE `food_id` = 355  [ RunTime:0.0041s ]
SQL: SELECT * FROM `food_attribute` WHERE `attribute_type_id` = 443  [ RunTime:0.0031s ]
SQL: SELECT * FROM `attribute_type` WHERE `food_id` = 356  [ RunTime:0.0040s ]
SQL: SELECT * FROM `food_attribute` WHERE `attribute_type_id` = 444  [ RunTime:0.0032s ]
SQL: SELECT `prom_price` FROM `prom` WHERE `prom_id` = 505 AND `prom_start_time` < 1489135907 AND `prom_end_time` > 1489135907 LIMIT 1   [ RunTime:0.0029s ]
SQL: SELECT * FROM `attribute_type` WHERE `food_id` = 505  [ RunTime:0.0042s ]
SQL: SELECT `food_id` FROM `food_category_relative` WHERE `food_category_id` = 84  [ RunTime:0.0042s ]
SQL: SELECT * FROM `food` WHERE `is_sale` = 1 AND `food_id` IN ('233','227','228','232','231','230','229','288')  [ RunTime:0.0045s ]
SQL: SELECT * FROM `attribute_type` WHERE `food_id` = 227  [ RunTime:0.0034s ]
SQL: SELECT * FROM `attribute_type` WHERE `food_id` = 228  [ RunTime:0.0041s ]
SQL: SELECT * FROM `attribute_type` WHERE `food_id` = 229  [ RunTime:0.0044s ]
SQL: SELECT * FROM `attribute_type` WHERE `food_id` = 230  [ RunTime:0.0043s ]
SQL: SELECT * FROM `attribute_type` WHERE `food_id` = 231  [ RunTime:0.0041s ]
SQL: SELECT * FROM `food_attribute` WHERE `attribute_type_id` = 451  [ RunTime:0.0032s ]
SQL: SELECT * FROM `attribute_type` WHERE `food_id` = 232  [ RunTime:0.0041s ]
SQL: SELECT * FROM `attribute_type` WHERE `food_id` = 233  [ RunTime:0.0043s ]
SQL: SELECT `food_id` FROM `food_category_relative` WHERE `food_category_id` = 154  [ RunTime:0.0045s ]
SQL: SELECT * FROM `food` WHERE `is_sale` = 1 AND `food_id` IN ('400','401')  [ RunTime:0.0033s ]
SQL: SELECT * FROM `attribute_type` WHERE `food_id` = 400  [ RunTime:0.0041s ]
SQL: SELECT * FROM `food_attribute` WHERE `attribute_type_id` = 546  [ RunTime:0.0032s ]
SQL: SELECT * FROM `food_attribute` WHERE `attribute_type_id` = 547  [ RunTime:0.0031s ]
SQL: SELECT * FROM `food_attribute` WHERE `attribute_type_id` = 548  [ RunTime:0.0032s ]
SQL: SELECT * FROM `attribute_type` WHERE `food_id` = 401  [ RunTime:0.0041s ]
SQL: SELECT * FROM `food_attribute` WHERE `attribute_type_id` = 549  [ RunTime:0.0033s ]
SQL: SELECT * FROM `food_attribute` WHERE `attribute_type_id` = 550  [ RunTime:0.0031s ]
SQL: SELECT * FROM `food_attribute` WHERE `attribute_type_id` = 551  [ RunTime:0.0033s ]
SQL: SELECT `food_id` FROM `food_category_relative` WHERE `food_category_id` = 155  [ RunTime:0.0044s ]
SQL: SELECT * FROM `food` WHERE `is_sale` = 1 AND `food_id` IN ('402','403')  [ RunTime:0.0033s ]
SQL: SELECT * FROM `attribute_type` WHERE `food_id` = 402  [ RunTime:0.0043s ]
SQL: SELECT * FROM `food_attribute` WHERE `attribute_type_id` = 552  [ RunTime:0.0050s ]
SQL: SELECT * FROM `food_attribute` WHERE `attribute_type_id` = 553  [ RunTime:0.0031s ]
SQL: SELECT * FROM `food_attribute` WHERE `attribute_type_id` = 554  [ RunTime:0.0031s ]
SQL: SELECT * FROM `attribute_type` WHERE `food_id` = 403  [ RunTime:0.0054s ]
SQL: SELECT * FROM `food_attribute` WHERE `attribute_type_id` = 555  [ RunTime:0.0055s ]
SQL: SELECT * FROM `food_attribute` WHERE `attribute_type_id` = 556  [ RunTime:0.0031s ]
SQL: SELECT * FROM `food_attribute` WHERE `attribute_type_id` = 557  [ RunTime:0.0033s ]
SQL: SELECT `food_id` FROM `food_category_relative` WHERE `food_category_id` = 83  [ RunTime:0.0030s ]
SQL: SELECT * FROM `food` WHERE `is_sale` = 1 AND `food_id` IN ('223','224','273','279','289','290','297','203','195')  [ RunTime:0.0035s ]
SQL: SELECT * FROM `attribute_type` WHERE `food_id` = 195  [ RunTime:0.0037s ]
SQL: SELECT * FROM `food_attribute` WHERE `attribute_type_id` = 346  [ RunTime:0.0031s ]
SQL: SELECT `prom_price` FROM `prom` WHERE `prom_id` = 203 AND `prom_start_time` < 1489135907 AND `prom_end_time` > 1489135907 LIMIT 1   [ RunTime:0.0032s ]
SQL: SELECT * FROM `attribute_type` WHERE `food_id` = 203  [ RunTime:0.0045s ]
SQL: SELECT * FROM `food_attribute` WHERE `attribute_type_id` = 358  [ RunTime:0.0039s ]
SQL: SELECT * FROM `attribute_type` WHERE `food_id` = 223  [ RunTime:0.0059s ]
SQL: SELECT * FROM `food_attribute` WHERE `attribute_type_id` = 359  [ RunTime:0.0031s ]
SQL: SELECT * FROM `attribute_type` WHERE `food_id` = 224  [ RunTime:0.0047s ]
SQL: SELECT * FROM `food_attribute` WHERE `attribute_type_id` = 360  [ RunTime:0.0031s ]
SQL: SELECT * FROM `attribute_type` WHERE `food_id` = 289  [ RunTime:0.0047s ]
SQL: SELECT * FROM `food_attribute` WHERE `attribute_type_id` = 365  [ RunTime:0.0031s ]
SQL: SELECT * FROM `food_attribute` WHERE `attribute_type_id` = 366  [ RunTime:0.0031s ]
SQL: SELECT * FROM `attribute_type` WHERE `food_id` = 290  [ RunTime:0.0041s ]
SQL: SELECT * FROM `food_attribute` WHERE `attribute_type_id` = 367  [ RunTime:0.0031s ]
SQL: SELECT * FROM `attribute_type` WHERE `food_id` = 297  [ RunTime:0.0041s ]
SQL: SELECT * FROM `food_attribute` WHERE `attribute_type_id` = 369  [ RunTime:0.0031s ]

[ 2017-03-10T17:50:49+08:00 ] 127.0.0.1 /index.php/api/Advertisement/getAdvertisementList/advertisement_type/1
INFO: [ app_init ] --START--
INFO: Run Behavior\BuildLiteBehavior [ RunTime:0.000015s ]
INFO: [ app_init ] --END-- [ RunTime:0.000439s ]
INFO: [ app_begin ] --START--
INFO: Run Behavior\ReadHtmlCacheBehavior [ RunTime:0.000553s ]
INFO: [ app_begin ] --END-- [ RunTime:0.000588s ]

[ 2017-03-10T18:07:18+08:00 ] 127.0.0.1 /index.php/api/Advertisement/getAdvertisementList/advertisement_type/1
INFO: [ app_init ] --START--
INFO: Run Behavior\BuildLiteBehavior [ RunTime:0.000015s ]
INFO: [ app_init ] --END-- [ RunTime:0.000403s ]
INFO: [ app_begin ] --START--
INFO: Run Behavior\ReadHtmlCacheBehavior [ RunTime:0.000592s ]
INFO: [ app_begin ] --END-- [ RunTime:0.000640s ]

