[ 2017-03-27T09:37:36+08:00 ] 127.0.0.1 /index.php/api/advertisement/getAdvertisementList
INFO: [ app_init ] --START--
INFO: Run Behavior\BuildLiteBehavior [ RunTime:0.000010s ]
INFO: [ app_init ] --END-- [ RunTime:0.000344s ]
INFO: [ app_begin ] --START--
INFO: Run Behavior\ReadHtmlCacheBehavior [ RunTime:0.000505s ]
INFO: [ app_begin ] --END-- [ RunTime:0.000541s ]

[ 2017-03-27T09:38:02+08:00 ] 127.0.0.1 /index.php/api/advertisement/getAdvertisementList
INFO: [ app_init ] --START--
INFO: Run Behavior\BuildLiteBehavior [ RunTime:0.000012s ]
INFO: [ app_init ] --END-- [ RunTime:0.000336s ]
INFO: [ app_begin ] --START--
INFO: Run Behavior\ReadHtmlCacheBehavior [ RunTime:0.000462s ]
INFO: [ app_begin ] --END-- [ RunTime:0.000497s ]

[ 2017-03-27T09:38:03+08:00 ] 127.0.0.1 /index.php/api/advertisement/getAdvertisementList
INFO: [ app_init ] --START--
INFO: Run Behavior\BuildLiteBehavior [ RunTime:0.000010s ]
INFO: [ app_init ] --END-- [ RunTime:0.000324s ]
INFO: [ app_begin ] --START--
INFO: Run Behavior\ReadHtmlCacheBehavior [ RunTime:0.000463s ]
INFO: [ app_begin ] --END-- [ RunTime:0.000501s ]

[ 2017-03-27T09:38:04+08:00 ] 127.0.0.1 /index.php/api/advertisement/getAdvertisementList
INFO: [ app_init ] --START--
INFO: Run Behavior\BuildLiteBehavior [ RunTime:0.000011s ]
INFO: [ app_init ] --END-- [ RunTime:0.000317s ]
INFO: [ app_begin ] --START--
INFO: Run Behavior\ReadHtmlCacheBehavior [ RunTime:0.000438s ]
INFO: [ app_begin ] --END-- [ RunTime:0.000473s ]

[ 2017-03-27T09:38:04+08:00 ] 127.0.0.1 /index.php/api/advertisement/getAdvertisementList
INFO: [ app_init ] --START--
INFO: Run Behavior\BuildLiteBehavior [ RunTime:0.000012s ]
INFO: [ app_init ] --END-- [ RunTime:0.000323s ]
INFO: [ app_begin ] --START--
INFO: Run Behavior\ReadHtmlCacheBehavior [ RunTime:0.000445s ]
INFO: [ app_begin ] --END-- [ RunTime:0.000479s ]

[ 2017-03-27T09:38:04+08:00 ] 127.0.0.1 /index.php/api/advertisement/getAdvertisementList
INFO: [ app_init ] --START--
INFO: Run Behavior\BuildLiteBehavior [ RunTime:0.000011s ]
INFO: [ app_init ] --END-- [ RunTime:0.000318s ]
INFO: [ app_begin ] --START--
INFO: Run Behavior\ReadHtmlCacheBehavior [ RunTime:0.000439s ]
INFO: [ app_begin ] --END-- [ RunTime:0.000473s ]

[ 2017-03-27T09:38:04+08:00 ] 127.0.0.1 /index.php/api/advertisement/getAdvertisementList
INFO: [ app_init ] --START--
INFO: Run Behavior\BuildLiteBehavior [ RunTime:0.000011s ]
INFO: [ app_init ] --END-- [ RunTime:0.000319s ]
INFO: [ app_begin ] --START--
INFO: Run Behavior\ReadHtmlCacheBehavior [ RunTime:0.000485s ]
INFO: [ app_begin ] --END-- [ RunTime:0.000520s ]

[ 2017-03-27T09:38:39+08:00 ] 127.0.0.1 /index.php/api/Advertisement/getAdvertisementList
INFO: [ app_init ] --START--
INFO: Run Behavior\BuildLiteBehavior [ RunTime:0.000011s ]
INFO: [ app_init ] --END-- [ RunTime:0.000312s ]
INFO: [ app_begin ] --START--
INFO: Run Behavior\ReadHtmlCacheBehavior [ RunTime:0.000442s ]
INFO: [ app_begin ] --END-- [ RunTime:0.000477s ]

[ 2017-03-27T09:38:57+08:00 ] 127.0.0.1 /index.php/Api/Advertisement/getAdvertisementList
INFO: [ app_init ] --START--
INFO: Run Behavior\BuildLiteBehavior [ RunTime:0.000012s ]
INFO: [ app_init ] --END-- [ RunTime:0.000329s ]
INFO: [ app_begin ] --START--
INFO: Run Behavior\ReadHtmlCacheBehavior [ RunTime:0.000438s ]
INFO: [ app_begin ] --END-- [ RunTime:0.000472s ]

[ 2017-03-27T09:38:59+08:00 ] 127.0.0.1 /index.php/Api/Advertisement/getAdvertisementList
INFO: [ app_init ] --START--
INFO: Run Behavior\BuildLiteBehavior [ RunTime:0.000011s ]
INFO: [ app_init ] --END-- [ RunTime:0.000317s ]
INFO: [ app_begin ] --START--
INFO: Run Behavior\ReadHtmlCacheBehavior [ RunTime:0.000440s ]
INFO: [ app_begin ] --END-- [ RunTime:0.000475s ]

[ 2017-03-27T16:32:33+08:00 ] 127.0.0.1 /index.php/api/client/pay_type
INFO: [ app_init ] --START--
INFO: Run Behavior\BuildLiteBehavior [ RunTime:0.000011s ]
INFO: [ app_init ] --END-- [ RunTime:0.000388s ]
INFO: [ app_begin ] --START--
INFO: Run Behavior\ReadHtmlCacheBehavior [ RunTime:0.000504s ]
INFO: [ app_begin ] --END-- [ RunTime:0.000541s ]
ERR: 无法加载控制器:Client

[ 2017-03-27T16:33:24+08:00 ] 127.0.0.1 /index.php/api/client/pay_type
INFO: [ app_init ] --START--
INFO: Run Behavior\BuildLiteBehavior [ RunTime:0.000012s ]
INFO: [ app_init ] --END-- [ RunTime:0.000370s ]
INFO: [ app_begin ] --START--
INFO: Run Behavior\ReadHtmlCacheBehavior [ RunTime:0.000513s ]
INFO: [ app_begin ] --END-- [ RunTime:0.000549s ]
ERR: 无法加载控制器:Client

[ 2017-03-27T16:35:07+08:00 ] 127.0.0.1 /index.php/api/client/pay_type
INFO: [ app_init ] --START--
INFO: Run Behavior\BuildLiteBehavior [ RunTime:0.000013s ]
INFO: [ app_init ] --END-- [ RunTime:0.000382s ]
INFO: [ app_begin ] --START--
INFO: Run Behavior\ReadHtmlCacheBehavior [ RunTime:0.000524s ]
INFO: [ app_begin ] --END-- [ RunTime:0.000559s ]
ERR: 无法加载控制器:Client

[ 2017-03-27T16:35:09+08:00 ] 127.0.0.1 /index.php/api/client/pay_type
INFO: [ app_init ] --START--
INFO: Run Behavior\BuildLiteBehavior [ RunTime:0.000012s ]
INFO: [ app_init ] --END-- [ RunTime:0.000321s ]
INFO: [ app_begin ] --START--
INFO: Run Behavior\ReadHtmlCacheBehavior [ RunTime:0.000439s ]
INFO: [ app_begin ] --END-- [ RunTime:0.000474s ]
ERR: 无法加载控制器:Client

[ 2017-03-27T16:35:09+08:00 ] 127.0.0.1 /index.php/api/client/pay_type
INFO: [ app_init ] --START--
INFO: Run Behavior\BuildLiteBehavior [ RunTime:0.000011s ]
INFO: [ app_init ] --END-- [ RunTime:0.000326s ]
INFO: [ app_begin ] --START--
INFO: Run Behavior\ReadHtmlCacheBehavior [ RunTime:0.000606s ]
INFO: [ app_begin ] --END-- [ RunTime:0.000664s ]
ERR: 无法加载控制器:Client

[ 2017-03-27T16:35:10+08:00 ] 127.0.0.1 /index.php/api/client/pay_type
INFO: [ app_init ] --START--
INFO: Run Behavior\BuildLiteBehavior [ RunTime:0.000023s ]
INFO: [ app_init ] --END-- [ RunTime:0.000372s ]
INFO: [ app_begin ] --START--
INFO: Run Behavior\ReadHtmlCacheBehavior [ RunTime:0.000447s ]
INFO: [ app_begin ] --END-- [ RunTime:0.000482s ]
ERR: 无法加载控制器:Client

[ 2017-03-27T16:35:10+08:00 ] 127.0.0.1 /index.php/api/client/pay_type
INFO: [ app_init ] --START--
INFO: Run Behavior\BuildLiteBehavior [ RunTime:0.000011s ]
INFO: [ app_init ] --END-- [ RunTime:0.000318s ]
INFO: [ app_begin ] --START--
INFO: Run Behavior\ReadHtmlCacheBehavior [ RunTime:0.000443s ]
INFO: [ app_begin ] --END-- [ RunTime:0.000479s ]
ERR: 无法加载控制器:Client

[ 2017-03-27T16:35:10+08:00 ] 127.0.0.1 /index.php/api/client/pay_type
INFO: [ app_init ] --START--
INFO: Run Behavior\BuildLiteBehavior [ RunTime:0.000010s ]
INFO: [ app_init ] --END-- [ RunTime:0.000314s ]
INFO: [ app_begin ] --START--
INFO: Run Behavior\ReadHtmlCacheBehavior [ RunTime:0.000465s ]
INFO: [ app_begin ] --END-- [ RunTime:0.000503s ]
ERR: 无法加载控制器:Client

[ 2017-03-27T16:36:44+08:00 ] 127.0.0.1 /index.php/Api/Client/pay_type
INFO: [ app_init ] --START--
INFO: Run Behavior\BuildLiteBehavior [ RunTime:0.000011s ]
INFO: [ app_init ] --END-- [ RunTime:0.000322s ]
INFO: [ app_begin ] --START--
INFO: Run Behavior\ReadHtmlCacheBehavior [ RunTime:0.000444s ]
INFO: [ app_begin ] --END-- [ RunTime:0.000478s ]
ERR: 无法加载控制器:Client

[ 2017-03-27T16:36:46+08:00 ] 127.0.0.1 /index.php/api/client/pay_type
INFO: [ app_init ] --START--
INFO: Run Behavior\BuildLiteBehavior [ RunTime:0.000010s ]
INFO: [ app_init ] --END-- [ RunTime:0.000314s ]
INFO: [ app_begin ] --START--
INFO: Run Behavior\ReadHtmlCacheBehavior [ RunTime:0.000441s ]
INFO: [ app_begin ] --END-- [ RunTime:0.000475s ]
ERR: 无法加载控制器:Client

[ 2017-03-27T16:36:46+08:00 ] 127.0.0.1 /index.php/api/client/pay_type
INFO: [ app_init ] --START--
INFO: Run Behavior\BuildLiteBehavior [ RunTime:0.000011s ]
INFO: [ app_init ] --END-- [ RunTime:0.000321s ]
INFO: [ app_begin ] --START--
INFO: Run Behavior\ReadHtmlCacheBehavior [ RunTime:0.000471s ]
INFO: [ app_begin ] --END-- [ RunTime:0.000505s ]
ERR: 无法加载控制器:Client

[ 2017-03-27T16:36:47+08:00 ] 127.0.0.1 /index.php/api/client/pay_type
INFO: [ app_init ] --START--
INFO: Run Behavior\BuildLiteBehavior [ RunTime:0.000022s ]
INFO: [ app_init ] --END-- [ RunTime:0.000387s ]
INFO: [ app_begin ] --START--
INFO: Run Behavior\ReadHtmlCacheBehavior [ RunTime:0.000474s ]
INFO: [ app_begin ] --END-- [ RunTime:0.000509s ]
ERR: 无法加载控制器:Client

[ 2017-03-27T16:36:47+08:00 ] 127.0.0.1 /index.php/api/client/pay_type
INFO: [ app_init ] --START--
INFO: Run Behavior\BuildLiteBehavior [ RunTime:0.000012s ]
INFO: [ app_init ] --END-- [ RunTime:0.000340s ]
INFO: [ app_begin ] --START--
INFO: Run Behavior\ReadHtmlCacheBehavior [ RunTime:0.000450s ]
INFO: [ app_begin ] --END-- [ RunTime:0.000484s ]
ERR: 无法加载控制器:Client

[ 2017-03-27T16:36:47+08:00 ] 127.0.0.1 /index.php/api/client/pay_type
INFO: [ app_init ] --START--
INFO: Run Behavior\BuildLiteBehavior [ RunTime:0.000010s ]
INFO: [ app_init ] --END-- [ RunTime:0.000311s ]
INFO: [ app_begin ] --START--
INFO: Run Behavior\ReadHtmlCacheBehavior [ RunTime:0.000440s ]
INFO: [ app_begin ] --END-- [ RunTime:0.000474s ]
ERR: 无法加载控制器:Client

[ 2017-03-27T16:38:21+08:00 ] 127.0.0.1 /index.php/api/client/pay_type
INFO: [ app_init ] --START--
INFO: Run Behavior\BuildLiteBehavior [ RunTime:0.000014s ]
INFO: [ app_init ] --END-- [ RunTime:0.000479s ]
INFO: [ app_begin ] --START--
INFO: Run Behavior\ReadHtmlCacheBehavior [ RunTime:0.000603s ]
INFO: [ app_begin ] --END-- [ RunTime:0.000649s ]
ERR: 无法加载控制器:Client

[ 2017-03-27T16:52:48+08:00 ] 127.0.0.1 /index.php/api/client/pay_type
INFO: [ app_init ] --START--
INFO: Run Behavior\BuildLiteBehavior [ RunTime:0.000012s ]
INFO: [ app_init ] --END-- [ RunTime:0.000355s ]
INFO: [ app_begin ] --START--
INFO: Run Behavior\ReadHtmlCacheBehavior [ RunTime:0.000509s ]
INFO: [ app_begin ] --END-- [ RunTime:0.000545s ]
ERR: 无法加载控制器:Client

[ 2017-03-27T16:52:50+08:00 ] 127.0.0.1 /index.php/api/client/pay_type
INFO: [ app_init ] --START--
INFO: Run Behavior\BuildLiteBehavior [ RunTime:0.000011s ]
INFO: [ app_init ] --END-- [ RunTime:0.000318s ]
INFO: [ app_begin ] --START--
INFO: Run Behavior\ReadHtmlCacheBehavior [ RunTime:0.000438s ]
INFO: [ app_begin ] --END-- [ RunTime:0.000473s ]
ERR: 无法加载控制器:Client

[ 2017-03-27T16:52:50+08:00 ] 127.0.0.1 /index.php/api/client/pay_type
INFO: [ app_init ] --START--
INFO: Run Behavior\BuildLiteBehavior [ RunTime:0.000011s ]
INFO: [ app_init ] --END-- [ RunTime:0.000346s ]
INFO: [ app_begin ] --START--
INFO: Run Behavior\ReadHtmlCacheBehavior [ RunTime:0.000453s ]
INFO: [ app_begin ] --END-- [ RunTime:0.000489s ]
ERR: 无法加载控制器:Client

[ 2017-03-27T16:52:51+08:00 ] 127.0.0.1 /index.php/api/client/pay_type
INFO: [ app_init ] --START--
INFO: Run Behavior\BuildLiteBehavior [ RunTime:0.000012s ]
INFO: [ app_init ] --END-- [ RunTime:0.000332s ]
INFO: [ app_begin ] --START--
INFO: Run Behavior\ReadHtmlCacheBehavior [ RunTime:0.000475s ]
INFO: [ app_begin ] --END-- [ RunTime:0.000512s ]
ERR: 无法加载控制器:Client

[ 2017-03-27T16:52:51+08:00 ] 127.0.0.1 /index.php/api/client/pay_type
INFO: [ app_init ] --START--
INFO: Run Behavior\BuildLiteBehavior [ RunTime:0.000011s ]
INFO: [ app_init ] --END-- [ RunTime:0.000314s ]
INFO: [ app_begin ] --START--
INFO: Run Behavior\ReadHtmlCacheBehavior [ RunTime:0.000439s ]
INFO: [ app_begin ] --END-- [ RunTime:0.000473s ]
ERR: 无法加载控制器:Client

[ 2017-03-27T16:52:51+08:00 ] 127.0.0.1 /index.php/api/client/pay_type
INFO: [ app_init ] --START--
INFO: Run Behavior\BuildLiteBehavior [ RunTime:0.000011s ]
INFO: [ app_init ] --END-- [ RunTime:0.000323s ]
INFO: [ app_begin ] --START--
INFO: Run Behavior\ReadHtmlCacheBehavior [ RunTime:0.000439s ]
INFO: [ app_begin ] --END-- [ RunTime:0.000474s ]
ERR: 无法加载控制器:Client

[ 2017-03-27T16:52:51+08:00 ] 127.0.0.1 /index.php/api/client/pay_type
INFO: [ app_init ] --START--
INFO: Run Behavior\BuildLiteBehavior [ RunTime:0.000010s ]
INFO: [ app_init ] --END-- [ RunTime:0.000314s ]
INFO: [ app_begin ] --START--
INFO: Run Behavior\ReadHtmlCacheBehavior [ RunTime:0.000453s ]
INFO: [ app_begin ] --END-- [ RunTime:0.000491s ]
ERR: 无法加载控制器:Client

[ 2017-03-27T16:52:51+08:00 ] 127.0.0.1 /index.php/api/client/pay_type
INFO: [ app_init ] --START--
INFO: Run Behavior\BuildLiteBehavior [ RunTime:0.000011s ]
INFO: [ app_init ] --END-- [ RunTime:0.000315s ]
INFO: [ app_begin ] --START--
INFO: Run Behavior\ReadHtmlCacheBehavior [ RunTime:0.000461s ]
INFO: [ app_begin ] --END-- [ RunTime:0.000499s ]
ERR: 无法加载控制器:Client

[ 2017-03-27T16:54:42+08:00 ] 127.0.0.1 /index.php/api/client/pay_type
INFO: [ app_init ] --START--
INFO: Run Behavior\BuildLiteBehavior [ RunTime:0.000011s ]
INFO: [ app_init ] --END-- [ RunTime:0.000344s ]
INFO: [ app_begin ] --START--
INFO: Run Behavior\ReadHtmlCacheBehavior [ RunTime:0.000504s ]
INFO: [ app_begin ] --END-- [ RunTime:0.000539s ]
ERR: 无法加载控制器:Client

[ 2017-03-27T16:55:18+08:00 ] 127.0.0.1 /index.php/api/order/getOrderPageInfo
INFO: [ app_init ] --START--
INFO: Run Behavior\BuildLiteBehavior [ RunTime:0.000012s ]
INFO: [ app_init ] --END-- [ RunTime:0.000348s ]
INFO: [ app_begin ] --START--
INFO: Run Behavior\ReadHtmlCacheBehavior [ RunTime:0.000457s ]
INFO: [ app_begin ] --END-- [ RunTime:0.000494s ]

[ 2017-03-27T16:58:02+08:00 ] 127.0.0.1 /index.php/api/client/pay_type
INFO: [ app_init ] --START--
INFO: Run Behavior\BuildLiteBehavior [ RunTime:0.000011s ]
INFO: [ app_init ] --END-- [ RunTime:0.000354s ]
INFO: [ app_begin ] --START--
INFO: Run Behavior\ReadHtmlCacheBehavior [ RunTime:0.000526s ]
INFO: [ app_begin ] --END-- [ RunTime:0.000561s ]
NOTIC: [8] Undefined index: s_num E:\yunniu\Application\Api\Controller\ClientController.class.php 第 95 行.
NOTIC: [8] Undefined index: s_num E:\yunniu\Application\Api\Controller\ClientController.class.php 第 97 行.
NOTIC: [8] Undefined index: s_num E:\yunniu\Application\Api\Controller\ClientController.class.php 第 99 行.
NOTIC: [8] Undefined index: s_num E:\yunniu\Application\Api\Controller\ClientController.class.php 第 95 行.
NOTIC: [8] Undefined index: s_num E:\yunniu\Application\Api\Controller\ClientController.class.php 第 97 行.
NOTIC: [8] Undefined index: s_num E:\yunniu\Application\Api\Controller\ClientController.class.php 第 99 行.
NOTIC: [8] Undefined index: s_num E:\yunniu\Application\Api\Controller\ClientController.class.php 第 95 行.
NOTIC: [8] Undefined index: s_num E:\yunniu\Application\Api\Controller\ClientController.class.php 第 97 行.
NOTIC: [8] Undefined index: s_num E:\yunniu\Application\Api\Controller\ClientController.class.php 第 99 行.
NOTIC: [8] Undefined index: s_num E:\yunniu\Application\Api\Controller\ClientController.class.php 第 95 行.
NOTIC: [8] Undefined index: s_num E:\yunniu\Application\Api\Controller\ClientController.class.php 第 97 行.
NOTIC: [8] Undefined index: s_num E:\yunniu\Application\Api\Controller\ClientController.class.php 第 99 行.
INFO: [ app_end ] --START--
INFO: Run Behavior\ShowPageTraceBehavior [ RunTime:0.000510s ]
INFO: [ app_end ] --END-- [ RunTime:0.000545s ]

[ 2017-03-27T16:58:27+08:00 ] 127.0.0.1 /index.php/api/client/pay_type
INFO: [ app_init ] --START--
INFO: Run Behavior\BuildLiteBehavior [ RunTime:0.000011s ]
INFO: [ app_init ] --END-- [ RunTime:0.000331s ]
INFO: [ app_begin ] --START--
INFO: Run Behavior\ReadHtmlCacheBehavior [ RunTime:0.000502s ]
INFO: [ app_begin ] --END-- [ RunTime:0.000554s ]
NOTIC: [8] Undefined index: s_num E:\yunniu\Application\Api\Controller\ClientController.class.php 第 95 行.
NOTIC: [8] Undefined index: s_num E:\yunniu\Application\Api\Controller\ClientController.class.php 第 97 行.
NOTIC: [8] Undefined index: s_num E:\yunniu\Application\Api\Controller\ClientController.class.php 第 99 行.
NOTIC: [8] Undefined index: s_num E:\yunniu\Application\Api\Controller\ClientController.class.php 第 95 行.
NOTIC: [8] Undefined index: s_num E:\yunniu\Application\Api\Controller\ClientController.class.php 第 97 行.
NOTIC: [8] Undefined index: s_num E:\yunniu\Application\Api\Controller\ClientController.class.php 第 99 行.
NOTIC: [8] Undefined index: s_num E:\yunniu\Application\Api\Controller\ClientController.class.php 第 95 行.
NOTIC: [8] Undefined index: s_num E:\yunniu\Application\Api\Controller\ClientController.class.php 第 97 行.
NOTIC: [8] Undefined index: s_num E:\yunniu\Application\Api\Controller\ClientController.class.php 第 99 行.
NOTIC: [8] Undefined index: s_num E:\yunniu\Application\Api\Controller\ClientController.class.php 第 95 行.
NOTIC: [8] Undefined index: s_num E:\yunniu\Application\Api\Controller\ClientController.class.php 第 97 行.
NOTIC: [8] Undefined index: s_num E:\yunniu\Application\Api\Controller\ClientController.class.php 第 99 行.
INFO: [ app_end ] --START--
INFO: Run Behavior\ShowPageTraceBehavior [ RunTime:0.000476s ]
INFO: [ app_end ] --END-- [ RunTime:0.000514s ]

[ 2017-03-27T16:58:27+08:00 ] 127.0.0.1 /index.php/api/client/pay_type
INFO: [ app_init ] --START--
INFO: Run Behavior\BuildLiteBehavior [ RunTime:0.000014s ]
INFO: [ app_init ] --END-- [ RunTime:0.000366s ]
INFO: [ app_begin ] --START--
INFO: Run Behavior\ReadHtmlCacheBehavior [ RunTime:0.000500s ]
INFO: [ app_begin ] --END-- [ RunTime:0.000539s ]
NOTIC: [8] Undefined index: s_num E:\yunniu\Application\Api\Controller\ClientController.class.php 第 95 行.
NOTIC: [8] Undefined index: s_num E:\yunniu\Application\Api\Controller\ClientController.class.php 第 97 行.
NOTIC: [8] Undefined index: s_num E:\yunniu\Application\Api\Controller\ClientController.class.php 第 99 行.
NOTIC: [8] Undefined index: s_num E:\yunniu\Application\Api\Controller\ClientController.class.php 第 95 行.
NOTIC: [8] Undefined index: s_num E:\yunniu\Application\Api\Controller\ClientController.class.php 第 97 行.
NOTIC: [8] Undefined index: s_num E:\yunniu\Application\Api\Controller\ClientController.class.php 第 99 行.
NOTIC: [8] Undefined index: s_num E:\yunniu\Application\Api\Controller\ClientController.class.php 第 95 行.
NOTIC: [8] Undefined index: s_num E:\yunniu\Application\Api\Controller\ClientController.class.php 第 97 行.
NOTIC: [8] Undefined index: s_num E:\yunniu\Application\Api\Controller\ClientController.class.php 第 99 行.
NOTIC: [8] Undefined index: s_num E:\yunniu\Application\Api\Controller\ClientController.class.php 第 95 行.
NOTIC: [8] Undefined index: s_num E:\yunniu\Application\Api\Controller\ClientController.class.php 第 97 行.
NOTIC: [8] Undefined index: s_num E:\yunniu\Application\Api\Controller\ClientController.class.php 第 99 行.
INFO: [ app_end ] --START--
INFO: Run Behavior\ShowPageTraceBehavior [ RunTime:0.000466s ]
INFO: [ app_end ] --END-- [ RunTime:0.000500s ]

[ 2017-03-27T16:58:28+08:00 ] 127.0.0.1 /index.php/api/client/pay_type
INFO: [ app_init ] --START--
INFO: Run Behavior\BuildLiteBehavior [ RunTime:0.000011s ]
INFO: [ app_init ] --END-- [ RunTime:0.000320s ]
INFO: [ app_begin ] --START--
INFO: Run Behavior\ReadHtmlCacheBehavior [ RunTime:0.000456s ]
INFO: [ app_begin ] --END-- [ RunTime:0.000489s ]
NOTIC: [8] Undefined index: s_num E:\yunniu\Application\Api\Controller\ClientController.class.php 第 95 行.
NOTIC: [8] Undefined index: s_num E:\yunniu\Application\Api\Controller\ClientController.class.php 第 97 行.
NOTIC: [8] Undefined index: s_num E:\yunniu\Application\Api\Controller\ClientController.class.php 第 99 行.
NOTIC: [8] Undefined index: s_num E:\yunniu\Application\Api\Controller\ClientController.class.php 第 95 行.
NOTIC: [8] Undefined index: s_num E:\yunniu\Application\Api\Controller\ClientController.class.php 第 97 行.
NOTIC: [8] Undefined index: s_num E:\yunniu\Application\Api\Controller\ClientController.class.php 第 99 行.
NOTIC: [8] Undefined index: s_num E:\yunniu\Application\Api\Controller\ClientController.class.php 第 95 行.
NOTIC: [8] Undefined index: s_num E:\yunniu\Application\Api\Controller\ClientController.class.php 第 97 行.
NOTIC: [8] Undefined index: s_num E:\yunniu\Application\Api\Controller\ClientController.class.php 第 99 行.
NOTIC: [8] Undefined index: s_num E:\yunniu\Application\Api\Controller\ClientController.class.php 第 95 行.
NOTIC: [8] Undefined index: s_num E:\yunniu\Application\Api\Controller\ClientController.class.php 第 97 行.
NOTIC: [8] Undefined index: s_num E:\yunniu\Application\Api\Controller\ClientController.class.php 第 99 行.
INFO: [ app_end ] --START--
INFO: Run Behavior\ShowPageTraceBehavior [ RunTime:0.000522s ]
INFO: [ app_end ] --END-- [ RunTime:0.000559s ]

[ 2017-03-27T16:58:28+08:00 ] 127.0.0.1 /index.php/api/client/pay_type
INFO: [ app_init ] --START--
INFO: Run Behavior\BuildLiteBehavior [ RunTime:0.000011s ]
INFO: [ app_init ] --END-- [ RunTime:0.000330s ]
INFO: [ app_begin ] --START--
INFO: Run Behavior\ReadHtmlCacheBehavior [ RunTime:0.000446s ]
INFO: [ app_begin ] --END-- [ RunTime:0.000480s ]
NOTIC: [8] Undefined index: s_num E:\yunniu\Application\Api\Controller\ClientController.class.php 第 95 行.
NOTIC: [8] Undefined index: s_num E:\yunniu\Application\Api\Controller\ClientController.class.php 第 97 行.
NOTIC: [8] Undefined index: s_num E:\yunniu\Application\Api\Controller\ClientController.class.php 第 99 行.
NOTIC: [8] Undefined index: s_num E:\yunniu\Application\Api\Controller\ClientController.class.php 第 95 行.
NOTIC: [8] Undefined index: s_num E:\yunniu\Application\Api\Controller\ClientController.class.php 第 97 行.
NOTIC: [8] Undefined index: s_num E:\yunniu\Application\Api\Controller\ClientController.class.php 第 99 行.
NOTIC: [8] Undefined index: s_num E:\yunniu\Application\Api\Controller\ClientController.class.php 第 95 行.
NOTIC: [8] Undefined index: s_num E:\yunniu\Application\Api\Controller\ClientController.class.php 第 97 行.
NOTIC: [8] Undefined index: s_num E:\yunniu\Application\Api\Controller\ClientController.class.php 第 99 行.
NOTIC: [8] Undefined index: s_num E:\yunniu\Application\Api\Controller\ClientController.class.php 第 95 行.
NOTIC: [8] Undefined index: s_num E:\yunniu\Application\Api\Controller\ClientController.class.php 第 97 行.
NOTIC: [8] Undefined index: s_num E:\yunniu\Application\Api\Controller\ClientController.class.php 第 99 行.
INFO: [ app_end ] --START--
INFO: Run Behavior\ShowPageTraceBehavior [ RunTime:0.000448s ]
INFO: [ app_end ] --END-- [ RunTime:0.000480s ]

[ 2017-03-27T16:58:28+08:00 ] 127.0.0.1 /index.php/api/client/pay_type
INFO: [ app_init ] --START--
INFO: Run Behavior\BuildLiteBehavior [ RunTime:0.000011s ]
INFO: [ app_init ] --END-- [ RunTime:0.000327s ]
INFO: [ app_begin ] --START--
INFO: Run Behavior\ReadHtmlCacheBehavior [ RunTime:0.000465s ]
INFO: [ app_begin ] --END-- [ RunTime:0.000502s ]
NOTIC: [8] Undefined index: s_num E:\yunniu\Application\Api\Controller\ClientController.class.php 第 95 行.
NOTIC: [8] Undefined index: s_num E:\yunniu\Application\Api\Controller\ClientController.class.php 第 97 行.
NOTIC: [8] Undefined index: s_num E:\yunniu\Application\Api\Controller\ClientController.class.php 第 99 行.
NOTIC: [8] Undefined index: s_num E:\yunniu\Application\Api\Controller\ClientController.class.php 第 95 行.
NOTIC: [8] Undefined index: s_num E:\yunniu\Application\Api\Controller\ClientController.class.php 第 97 行.
NOTIC: [8] Undefined index: s_num E:\yunniu\Application\Api\Controller\ClientController.class.php 第 99 行.
NOTIC: [8] Undefined index: s_num E:\yunniu\Application\Api\Controller\ClientController.class.php 第 95 行.
NOTIC: [8] Undefined index: s_num E:\yunniu\Application\Api\Controller\ClientController.class.php 第 97 行.
NOTIC: [8] Undefined index: s_num E:\yunniu\Application\Api\Controller\ClientController.class.php 第 99 行.
NOTIC: [8] Undefined index: s_num E:\yunniu\Application\Api\Controller\ClientController.class.php 第 95 行.
NOTIC: [8] Undefined index: s_num E:\yunniu\Application\Api\Controller\ClientController.class.php 第 97 行.
NOTIC: [8] Undefined index: s_num E:\yunniu\Application\Api\Controller\ClientController.class.php 第 99 行.
INFO: [ app_end ] --START--
INFO: Run Behavior\ShowPageTraceBehavior [ RunTime:0.000463s ]
INFO: [ app_end ] --END-- [ RunTime:0.000498s ]

[ 2017-03-27T16:58:28+08:00 ] 127.0.0.1 /index.php/api/client/pay_type
INFO: [ app_init ] --START--
INFO: Run Behavior\BuildLiteBehavior [ RunTime:0.000011s ]
INFO: [ app_init ] --END-- [ RunTime:0.000313s ]
INFO: [ app_begin ] --START--
INFO: Run Behavior\ReadHtmlCacheBehavior [ RunTime:0.000439s ]
INFO: [ app_begin ] --END-- [ RunTime:0.000473s ]
NOTIC: [8] Undefined index: s_num E:\yunniu\Application\Api\Controller\ClientController.class.php 第 95 行.
NOTIC: [8] Undefined index: s_num E:\yunniu\Application\Api\Controller\ClientController.class.php 第 97 行.
NOTIC: [8] Undefined index: s_num E:\yunniu\Application\Api\Controller\ClientController.class.php 第 99 行.
NOTIC: [8] Undefined index: s_num E:\yunniu\Application\Api\Controller\ClientController.class.php 第 95 行.
NOTIC: [8] Undefined index: s_num E:\yunniu\Application\Api\Controller\ClientController.class.php 第 97 行.
NOTIC: [8] Undefined index: s_num E:\yunniu\Application\Api\Controller\ClientController.class.php 第 99 行.
NOTIC: [8] Undefined index: s_num E:\yunniu\Application\Api\Controller\ClientController.class.php 第 95 行.
NOTIC: [8] Undefined index: s_num E:\yunniu\Application\Api\Controller\ClientController.class.php 第 97 行.
NOTIC: [8] Undefined index: s_num E:\yunniu\Application\Api\Controller\ClientController.class.php 第 99 行.
NOTIC: [8] Undefined index: s_num E:\yunniu\Application\Api\Controller\ClientController.class.php 第 95 行.
NOTIC: [8] Undefined index: s_num E:\yunniu\Application\Api\Controller\ClientController.class.php 第 97 行.
NOTIC: [8] Undefined index: s_num E:\yunniu\Application\Api\Controller\ClientController.class.php 第 99 行.
INFO: [ app_end ] --START--
INFO: Run Behavior\ShowPageTraceBehavior [ RunTime:0.000448s ]
INFO: [ app_end ] --END-- [ RunTime:0.000480s ]

[ 2017-03-27T16:58:29+08:00 ] 127.0.0.1 /index.php/api/client/pay_type
INFO: [ app_init ] --START--
INFO: Run Behavior\BuildLiteBehavior [ RunTime:0.000011s ]
INFO: [ app_init ] --END-- [ RunTime:0.000317s ]
INFO: [ app_begin ] --START--
INFO: Run Behavior\ReadHtmlCacheBehavior [ RunTime:0.000443s ]
INFO: [ app_begin ] --END-- [ RunTime:0.000478s ]
NOTIC: [8] Undefined index: s_num E:\yunniu\Application\Api\Controller\ClientController.class.php 第 95 行.
NOTIC: [8] Undefined index: s_num E:\yunniu\Application\Api\Controller\ClientController.class.php 第 97 行.
NOTIC: [8] Undefined index: s_num E:\yunniu\Application\Api\Controller\ClientController.class.php 第 99 行.
NOTIC: [8] Undefined index: s_num E:\yunniu\Application\Api\Controller\ClientController.class.php 第 95 行.
NOTIC: [8] Undefined index: s_num E:\yunniu\Application\Api\Controller\ClientController.class.php 第 97 行.
NOTIC: [8] Undefined index: s_num E:\yunniu\Application\Api\Controller\ClientController.class.php 第 99 行.
NOTIC: [8] Undefined index: s_num E:\yunniu\Application\Api\Controller\ClientController.class.php 第 95 行.
NOTIC: [8] Undefined index: s_num E:\yunniu\Application\Api\Controller\ClientController.class.php 第 97 行.
NOTIC: [8] Undefined index: s_num E:\yunniu\Application\Api\Controller\ClientController.class.php 第 99 行.
NOTIC: [8] Undefined index: s_num E:\yunniu\Application\Api\Controller\ClientController.class.php 第 95 行.
NOTIC: [8] Undefined index: s_num E:\yunniu\Application\Api\Controller\ClientController.class.php 第 97 行.
NOTIC: [8] Undefined index: s_num E:\yunniu\Application\Api\Controller\ClientController.class.php 第 99 行.
INFO: [ app_end ] --START--
INFO: Run Behavior\ShowPageTraceBehavior [ RunTime:0.000478s ]
INFO: [ app_end ] --END-- [ RunTime:0.000511s ]

[ 2017-03-27T16:58:29+08:00 ] 127.0.0.1 /index.php/api/client/pay_type
INFO: [ app_init ] --START--
INFO: Run Behavior\BuildLiteBehavior [ RunTime:0.000012s ]
INFO: [ app_init ] --END-- [ RunTime:0.000362s ]
INFO: [ app_begin ] --START--
INFO: Run Behavior\ReadHtmlCacheBehavior [ RunTime:0.000461s ]
INFO: [ app_begin ] --END-- [ RunTime:0.000498s ]
NOTIC: [8] Undefined index: s_num E:\yunniu\Application\Api\Controller\ClientController.class.php 第 95 行.
NOTIC: [8] Undefined index: s_num E:\yunniu\Application\Api\Controller\ClientController.class.php 第 97 行.
NOTIC: [8] Undefined index: s_num E:\yunniu\Application\Api\Controller\ClientController.class.php 第 99 行.
NOTIC: [8] Undefined index: s_num E:\yunniu\Application\Api\Controller\ClientController.class.php 第 95 行.
NOTIC: [8] Undefined index: s_num E:\yunniu\Application\Api\Controller\ClientController.class.php 第 97 行.
NOTIC: [8] Undefined index: s_num E:\yunniu\Application\Api\Controller\ClientController.class.php 第 99 行.
NOTIC: [8] Undefined index: s_num E:\yunniu\Application\Api\Controller\ClientController.class.php 第 95 行.
NOTIC: [8] Undefined index: s_num E:\yunniu\Application\Api\Controller\ClientController.class.php 第 97 行.
NOTIC: [8] Undefined index: s_num E:\yunniu\Application\Api\Controller\ClientController.class.php 第 99 行.
NOTIC: [8] Undefined index: s_num E:\yunniu\Application\Api\Controller\ClientController.class.php 第 95 行.
NOTIC: [8] Undefined index: s_num E:\yunniu\Application\Api\Controller\ClientController.class.php 第 97 行.
NOTIC: [8] Undefined index: s_num E:\yunniu\Application\Api\Controller\ClientController.class.php 第 99 行.
INFO: [ app_end ] --START--
INFO: Run Behavior\ShowPageTraceBehavior [ RunTime:0.000446s ]
INFO: [ app_end ] --END-- [ RunTime:0.000490s ]

[ 2017-03-27T16:58:29+08:00 ] 127.0.0.1 /index.php/api/client/pay_type
INFO: [ app_init ] --START--
INFO: Run Behavior\BuildLiteBehavior [ RunTime:0.000012s ]
INFO: [ app_init ] --END-- [ RunTime:0.000325s ]
INFO: [ app_begin ] --START--
INFO: Run Behavior\ReadHtmlCacheBehavior [ RunTime:0.000461s ]
INFO: [ app_begin ] --END-- [ RunTime:0.000495s ]
NOTIC: [8] Undefined index: s_num E:\yunniu\Application\Api\Controller\ClientController.class.php 第 95 行.
NOTIC: [8] Undefined index: s_num E:\yunniu\Application\Api\Controller\ClientController.class.php 第 97 行.
NOTIC: [8] Undefined index: s_num E:\yunniu\Application\Api\Controller\ClientController.class.php 第 99 行.
NOTIC: [8] Undefined index: s_num E:\yunniu\Application\Api\Controller\ClientController.class.php 第 95 行.
NOTIC: [8] Undefined index: s_num E:\yunniu\Application\Api\Controller\ClientController.class.php 第 97 行.
NOTIC: [8] Undefined index: s_num E:\yunniu\Application\Api\Controller\ClientController.class.php 第 99 行.
NOTIC: [8] Undefined index: s_num E:\yunniu\Application\Api\Controller\ClientController.class.php 第 95 行.
NOTIC: [8] Undefined index: s_num E:\yunniu\Application\Api\Controller\ClientController.class.php 第 97 行.
NOTIC: [8] Undefined index: s_num E:\yunniu\Application\Api\Controller\ClientController.class.php 第 99 行.
NOTIC: [8] Undefined index: s_num E:\yunniu\Application\Api\Controller\ClientController.class.php 第 95 行.
NOTIC: [8] Undefined index: s_num E:\yunniu\Application\Api\Controller\ClientController.class.php 第 97 行.
NOTIC: [8] Undefined index: s_num E:\yunniu\Application\Api\Controller\ClientController.class.php 第 99 行.
INFO: [ app_end ] --START--
INFO: Run Behavior\ShowPageTraceBehavior [ RunTime:0.000614s ]
INFO: [ app_end ] --END-- [ RunTime:0.000659s ]

[ 2017-03-27T16:58:29+08:00 ] 127.0.0.1 /index.php/api/client/pay_type
INFO: [ app_init ] --START--
INFO: Run Behavior\BuildLiteBehavior [ RunTime:0.000012s ]
INFO: [ app_init ] --END-- [ RunTime:0.000319s ]
INFO: [ app_begin ] --START--
INFO: Run Behavior\ReadHtmlCacheBehavior [ RunTime:0.000442s ]
INFO: [ app_begin ] --END-- [ RunTime:0.000476s ]
NOTIC: [8] Undefined index: s_num E:\yunniu\Application\Api\Controller\ClientController.class.php 第 95 行.
NOTIC: [8] Undefined index: s_num E:\yunniu\Application\Api\Controller\ClientController.class.php 第 97 行.
NOTIC: [8] Undefined index: s_num E:\yunniu\Application\Api\Controller\ClientController.class.php 第 99 行.
NOTIC: [8] Undefined index: s_num E:\yunniu\Application\Api\Controller\ClientController.class.php 第 95 行.
NOTIC: [8] Undefined index: s_num E:\yunniu\Application\Api\Controller\ClientController.class.php 第 97 行.
NOTIC: [8] Undefined index: s_num E:\yunniu\Application\Api\Controller\ClientController.class.php 第 99 行.
NOTIC: [8] Undefined index: s_num E:\yunniu\Application\Api\Controller\ClientController.class.php 第 95 行.
NOTIC: [8] Undefined index: s_num E:\yunniu\Application\Api\Controller\ClientController.class.php 第 97 行.
NOTIC: [8] Undefined index: s_num E:\yunniu\Application\Api\Controller\ClientController.class.php 第 99 行.
NOTIC: [8] Undefined index: s_num E:\yunniu\Application\Api\Controller\ClientController.class.php 第 95 行.
NOTIC: [8] Undefined index: s_num E:\yunniu\Application\Api\Controller\ClientController.class.php 第 97 行.
NOTIC: [8] Undefined index: s_num E:\yunniu\Application\Api\Controller\ClientController.class.php 第 99 行.
INFO: [ app_end ] --START--
INFO: Run Behavior\ShowPageTraceBehavior [ RunTime:0.000447s ]
INFO: [ app_end ] --END-- [ RunTime:0.000478s ]

[ 2017-03-27T16:58:54+08:00 ] 127.0.0.1 /index.php/api/client/pay_type
INFO: [ app_init ] --START--
INFO: Run Behavior\BuildLiteBehavior [ RunTime:0.000011s ]
INFO: [ app_init ] --END-- [ RunTime:0.000318s ]
INFO: [ app_begin ] --START--
INFO: Run Behavior\ReadHtmlCacheBehavior [ RunTime:0.000452s ]
INFO: [ app_begin ] --END-- [ RunTime:0.000485s ]
NOTIC: [8] Undefined index: s_num E:\yunniu\Application\Api\Controller\ClientController.class.php 第 95 行.
NOTIC: [8] Undefined index: s_num E:\yunniu\Application\Api\Controller\ClientController.class.php 第 97 行.
NOTIC: [8] Undefined index: s_num E:\yunniu\Application\Api\Controller\ClientController.class.php 第 99 行.
NOTIC: [8] Undefined index: s_num E:\yunniu\Application\Api\Controller\ClientController.class.php 第 102 行.
NOTIC: [8] Undefined index: s_num E:\yunniu\Application\Api\Controller\ClientController.class.php 第 95 行.
NOTIC: [8] Undefined index: s_num E:\yunniu\Application\Api\Controller\ClientController.class.php 第 97 行.
NOTIC: [8] Undefined index: s_num E:\yunniu\Application\Api\Controller\ClientController.class.php 第 99 行.
NOTIC: [8] Undefined index: s_num E:\yunniu\Application\Api\Controller\ClientController.class.php 第 102 行.
NOTIC: [8] Undefined index: s_num E:\yunniu\Application\Api\Controller\ClientController.class.php 第 95 行.
NOTIC: [8] Undefined index: s_num E:\yunniu\Application\Api\Controller\ClientController.class.php 第 97 行.
NOTIC: [8] Undefined index: s_num E:\yunniu\Application\Api\Controller\ClientController.class.php 第 99 行.
NOTIC: [8] Undefined index: s_num E:\yunniu\Application\Api\Controller\ClientController.class.php 第 102 行.
NOTIC: [8] Undefined index: s_num E:\yunniu\Application\Api\Controller\ClientController.class.php 第 95 行.
NOTIC: [8] Undefined index: s_num E:\yunniu\Application\Api\Controller\ClientController.class.php 第 97 行.
NOTIC: [8] Undefined index: s_num E:\yunniu\Application\Api\Controller\ClientController.class.php 第 99 行.
NOTIC: [8] Undefined index: s_num E:\yunniu\Application\Api\Controller\ClientController.class.php 第 102 行.
INFO: [ app_end ] --START--
INFO: Run Behavior\ShowPageTraceBehavior [ RunTime:0.000446s ]
INFO: [ app_end ] --END-- [ RunTime:0.000478s ]

[ 2017-03-27T16:59:02+08:00 ] 127.0.0.1 /index.php/api/client/pay_type
INFO: [ app_init ] --START--
INFO: Run Behavior\BuildLiteBehavior [ RunTime:0.000009s ]
INFO: [ app_init ] --END-- [ RunTime:0.000311s ]
INFO: [ app_begin ] --START--
INFO: Run Behavior\ReadHtmlCacheBehavior [ RunTime:0.000468s ]
INFO: [ app_begin ] --END-- [ RunTime:0.000505s ]
NOTIC: [8] Undefined index: s_num E:\yunniu\Application\Api\Controller\ClientController.class.php 第 95 行.
NOTIC: [8] Undefined index: s_num E:\yunniu\Application\Api\Controller\ClientController.class.php 第 97 行.
NOTIC: [8] Undefined index: s_num E:\yunniu\Application\Api\Controller\ClientController.class.php 第 99 行.
NOTIC: [8] Undefined index: s_num E:\yunniu\Application\Api\Controller\ClientController.class.php 第 102 行.
NOTIC: [8] Undefined index: s_num E:\yunniu\Application\Api\Controller\ClientController.class.php 第 95 行.
NOTIC: [8] Undefined index: s_num E:\yunniu\Application\Api\Controller\ClientController.class.php 第 97 行.
NOTIC: [8] Undefined index: s_num E:\yunniu\Application\Api\Controller\ClientController.class.php 第 99 行.
NOTIC: [8] Undefined index: s_num E:\yunniu\Application\Api\Controller\ClientController.class.php 第 102 行.
NOTIC: [8] Undefined index: s_num E:\yunniu\Application\Api\Controller\ClientController.class.php 第 95 行.
NOTIC: [8] Undefined index: s_num E:\yunniu\Application\Api\Controller\ClientController.class.php 第 97 行.
NOTIC: [8] Undefined index: s_num E:\yunniu\Application\Api\Controller\ClientController.class.php 第 99 行.
NOTIC: [8] Undefined index: s_num E:\yunniu\Application\Api\Controller\ClientController.class.php 第 102 行.
NOTIC: [8] Undefined index: s_num E:\yunniu\Application\Api\Controller\ClientController.class.php 第 95 行.
NOTIC: [8] Undefined index: s_num E:\yunniu\Application\Api\Controller\ClientController.class.php 第 97 行.
NOTIC: [8] Undefined index: s_num E:\yunniu\Application\Api\Controller\ClientController.class.php 第 99 行.
NOTIC: [8] Undefined index: s_num E:\yunniu\Application\Api\Controller\ClientController.class.php 第 102 行.
INFO: [ app_end ] --START--
INFO: Run Behavior\ShowPageTraceBehavior [ RunTime:0.000444s ]
INFO: [ app_end ] --END-- [ RunTime:0.000478s ]

[ 2017-03-27T16:59:03+08:00 ] 127.0.0.1 /index.php/api/client/pay_type
INFO: [ app_init ] --START--
INFO: Run Behavior\BuildLiteBehavior [ RunTime:0.000010s ]
INFO: [ app_init ] --END-- [ RunTime:0.000314s ]
INFO: [ app_begin ] --START--
INFO: Run Behavior\ReadHtmlCacheBehavior [ RunTime:0.000437s ]
INFO: [ app_begin ] --END-- [ RunTime:0.000470s ]
NOTIC: [8] Undefined index: s_num E:\yunniu\Application\Api\Controller\ClientController.class.php 第 95 行.
NOTIC: [8] Undefined index: s_num E:\yunniu\Application\Api\Controller\ClientController.class.php 第 97 行.
NOTIC: [8] Undefined index: s_num E:\yunniu\Application\Api\Controller\ClientController.class.php 第 99 行.
NOTIC: [8] Undefined index: s_num E:\yunniu\Application\Api\Controller\ClientController.class.php 第 102 行.
NOTIC: [8] Undefined index: s_num E:\yunniu\Application\Api\Controller\ClientController.class.php 第 95 行.
NOTIC: [8] Undefined index: s_num E:\yunniu\Application\Api\Controller\ClientController.class.php 第 97 行.
NOTIC: [8] Undefined index: s_num E:\yunniu\Application\Api\Controller\ClientController.class.php 第 99 行.
NOTIC: [8] Undefined index: s_num E:\yunniu\Application\Api\Controller\ClientController.class.php 第 102 行.
NOTIC: [8] Undefined index: s_num E:\yunniu\Application\Api\Controller\ClientController.class.php 第 95 行.
NOTIC: [8] Undefined index: s_num E:\yunniu\Application\Api\Controller\ClientController.class.php 第 97 行.
NOTIC: [8] Undefined index: s_num E:\yunniu\Application\Api\Controller\ClientController.class.php 第 99 行.
NOTIC: [8] Undefined index: s_num E:\yunniu\Application\Api\Controller\ClientController.class.php 第 102 行.
NOTIC: [8] Undefined index: s_num E:\yunniu\Application\Api\Controller\ClientController.class.php 第 95 行.
NOTIC: [8] Undefined index: s_num E:\yunniu\Application\Api\Controller\ClientController.class.php 第 97 行.
NOTIC: [8] Undefined index: s_num E:\yunniu\Application\Api\Controller\ClientController.class.php 第 99 行.
NOTIC: [8] Undefined index: s_num E:\yunniu\Application\Api\Controller\ClientController.class.php 第 102 行.
INFO: [ app_end ] --START--
INFO: Run Behavior\ShowPageTraceBehavior [ RunTime:0.000445s ]
INFO: [ app_end ] --END-- [ RunTime:0.000476s ]

[ 2017-03-27T16:59:03+08:00 ] 127.0.0.1 /index.php/api/client/pay_type
INFO: [ app_init ] --START--
INFO: Run Behavior\BuildLiteBehavior [ RunTime:0.000020s ]
INFO: [ app_init ] --END-- [ RunTime:0.000405s ]
INFO: [ app_begin ] --START--
INFO: Run Behavior\ReadHtmlCacheBehavior [ RunTime:0.000515s ]
INFO: [ app_begin ] --END-- [ RunTime:0.000554s ]
NOTIC: [8] Undefined index: s_num E:\yunniu\Application\Api\Controller\ClientController.class.php 第 95 行.
NOTIC: [8] Undefined index: s_num E:\yunniu\Application\Api\Controller\ClientController.class.php 第 97 行.
NOTIC: [8] Undefined index: s_num E:\yunniu\Application\Api\Controller\ClientController.class.php 第 99 行.
NOTIC: [8] Undefined index: s_num E:\yunniu\Application\Api\Controller\ClientController.class.php 第 102 行.
NOTIC: [8] Undefined index: s_num E:\yunniu\Application\Api\Controller\ClientController.class.php 第 95 行.
NOTIC: [8] Undefined index: s_num E:\yunniu\Application\Api\Controller\ClientController.class.php 第 97 行.
NOTIC: [8] Undefined index: s_num E:\yunniu\Application\Api\Controller\ClientController.class.php 第 99 行.
NOTIC: [8] Undefined index: s_num E:\yunniu\Application\Api\Controller\ClientController.class.php 第 102 行.
NOTIC: [8] Undefined index: s_num E:\yunniu\Application\Api\Controller\ClientController.class.php 第 95 行.
NOTIC: [8] Undefined index: s_num E:\yunniu\Application\Api\Controller\ClientController.class.php 第 97 行.
NOTIC: [8] Undefined index: s_num E:\yunniu\Application\Api\Controller\ClientController.class.php 第 99 行.
NOTIC: [8] Undefined index: s_num E:\yunniu\Application\Api\Controller\ClientController.class.php 第 102 行.
NOTIC: [8] Undefined index: s_num E:\yunniu\Application\Api\Controller\ClientController.class.php 第 95 行.
NOTIC: [8] Undefined index: s_num E:\yunniu\Application\Api\Controller\ClientController.class.php 第 97 行.
NOTIC: [8] Undefined index: s_num E:\yunniu\Application\Api\Controller\ClientController.class.php 第 99 行.
NOTIC: [8] Undefined index: s_num E:\yunniu\Application\Api\Controller\ClientController.class.php 第 102 行.
INFO: [ app_end ] --START--
INFO: Run Behavior\ShowPageTraceBehavior [ RunTime:0.000509s ]
INFO: [ app_end ] --END-- [ RunTime:0.000555s ]

[ 2017-03-27T16:59:03+08:00 ] 127.0.0.1 /index.php/api/client/pay_type
INFO: [ app_init ] --START--
INFO: Run Behavior\BuildLiteBehavior [ RunTime:0.000011s ]
INFO: [ app_init ] --END-- [ RunTime:0.000319s ]
INFO: [ app_begin ] --START--
INFO: Run Behavior\ReadHtmlCacheBehavior [ RunTime:0.000467s ]
INFO: [ app_begin ] --END-- [ RunTime:0.000502s ]
NOTIC: [8] Undefined index: s_num E:\yunniu\Application\Api\Controller\ClientController.class.php 第 95 行.
NOTIC: [8] Undefined index: s_num E:\yunniu\Application\Api\Controller\ClientController.class.php 第 97 行.
NOTIC: [8] Undefined index: s_num E:\yunniu\Application\Api\Controller\ClientController.class.php 第 99 行.
NOTIC: [8] Undefined index: s_num E:\yunniu\Application\Api\Controller\ClientController.class.php 第 102 行.
NOTIC: [8] Undefined index: s_num E:\yunniu\Application\Api\Controller\ClientController.class.php 第 95 行.
NOTIC: [8] Undefined index: s_num E:\yunniu\Application\Api\Controller\ClientController.class.php 第 97 行.
NOTIC: [8] Undefined index: s_num E:\yunniu\Application\Api\Controller\ClientController.class.php 第 99 行.
NOTIC: [8] Undefined index: s_num E:\yunniu\Application\Api\Controller\ClientController.class.php 第 102 行.
NOTIC: [8] Undefined index: s_num E:\yunniu\Application\Api\Controller\ClientController.class.php 第 95 行.
NOTIC: [8] Undefined index: s_num E:\yunniu\Application\Api\Controller\ClientController.class.php 第 97 行.
NOTIC: [8] Undefined index: s_num E:\yunniu\Application\Api\Controller\ClientController.class.php 第 99 行.
NOTIC: [8] Undefined index: s_num E:\yunniu\Application\Api\Controller\ClientController.class.php 第 102 行.
NOTIC: [8] Undefined index: s_num E:\yunniu\Application\Api\Controller\ClientController.class.php 第 95 行.
NOTIC: [8] Undefined index: s_num E:\yunniu\Application\Api\Controller\ClientController.class.php 第 97 行.
NOTIC: [8] Undefined index: s_num E:\yunniu\Application\Api\Controller\ClientController.class.php 第 99 行.
NOTIC: [8] Undefined index: s_num E:\yunniu\Application\Api\Controller\ClientController.class.php 第 102 行.
INFO: [ app_end ] --START--
INFO: Run Behavior\ShowPageTraceBehavior [ RunTime:0.000451s ]
INFO: [ app_end ] --END-- [ RunTime:0.000483s ]

[ 2017-03-27T16:59:03+08:00 ] 127.0.0.1 /index.php/api/client/pay_type
INFO: [ app_init ] --START--
INFO: Run Behavior\BuildLiteBehavior [ RunTime:0.000011s ]
INFO: [ app_init ] --END-- [ RunTime:0.000311s ]
INFO: [ app_begin ] --START--
INFO: Run Behavior\ReadHtmlCacheBehavior [ RunTime:0.001511s ]
INFO: [ app_begin ] --END-- [ RunTime:0.001577s ]
NOTIC: [8] Undefined index: s_num E:\yunniu\Application\Api\Controller\ClientController.class.php 第 95 行.
NOTIC: [8] Undefined index: s_num E:\yunniu\Application\Api\Controller\ClientController.class.php 第 97 行.
NOTIC: [8] Undefined index: s_num E:\yunniu\Application\Api\Controller\ClientController.class.php 第 99 行.
NOTIC: [8] Undefined index: s_num E:\yunniu\Application\Api\Controller\ClientController.class.php 第 102 行.
NOTIC: [8] Undefined index: s_num E:\yunniu\Application\Api\Controller\ClientController.class.php 第 95 行.
NOTIC: [8] Undefined index: s_num E:\yunniu\Application\Api\Controller\ClientController.class.php 第 97 行.
NOTIC: [8] Undefined index: s_num E:\yunniu\Application\Api\Controller\ClientController.class.php 第 99 行.
NOTIC: [8] Undefined index: s_num E:\yunniu\Application\Api\Controller\ClientController.class.php 第 102 行.
NOTIC: [8] Undefined index: s_num E:\yunniu\Application\Api\Controller\ClientController.class.php 第 95 行.
NOTIC: [8] Undefined index: s_num E:\yunniu\Application\Api\Controller\ClientController.class.php 第 97 行.
NOTIC: [8] Undefined index: s_num E:\yunniu\Application\Api\Controller\ClientController.class.php 第 99 行.
NOTIC: [8] Undefined index: s_num E:\yunniu\Application\Api\Controller\ClientController.class.php 第 102 行.
NOTIC: [8] Undefined index: s_num E:\yunniu\Application\Api\Controller\ClientController.class.php 第 95 行.
NOTIC: [8] Undefined index: s_num E:\yunniu\Application\Api\Controller\ClientController.class.php 第 97 行.
NOTIC: [8] Undefined index: s_num E:\yunniu\Application\Api\Controller\ClientController.class.php 第 99 行.
NOTIC: [8] Undefined index: s_num E:\yunniu\Application\Api\Controller\ClientController.class.php 第 102 行.
INFO: [ app_end ] --START--
INFO: Run Behavior\ShowPageTraceBehavior [ RunTime:0.000546s ]
INFO: [ app_end ] --END-- [ RunTime:0.000591s ]

[ 2017-03-27T17:01:22+08:00 ] 127.0.0.1 /index.php/api/client/pay_type
INFO: [ app_init ] --START--
INFO: Run Behavior\BuildLiteBehavior [ RunTime:0.000013s ]
INFO: [ app_init ] --END-- [ RunTime:0.000352s ]
INFO: [ app_begin ] --START--
INFO: Run Behavior\ReadHtmlCacheBehavior [ RunTime:0.000524s ]
INFO: [ app_begin ] --END-- [ RunTime:0.000562s ]
SQL: SHOW COLUMNS FROM `pay_select` [ RunTime:0.0173s ]
SQL: SELECT * FROM `pay_select` WHERE `restaurant_id` = 131  [ RunTime:0.0028s ]
INFO: [ app_end ] --START--
INFO: Run Behavior\ShowPageTraceBehavior [ RunTime:0.000656s ]
INFO: [ app_end ] --END-- [ RunTime:0.000691s ]

[ 2017-03-27T17:01:47+08:00 ] 127.0.0.1 /index.php/api/client/pay_type
INFO: [ app_init ] --START--
INFO: Run Behavior\BuildLiteBehavior [ RunTime:0.000012s ]
INFO: [ app_init ] --END-- [ RunTime:0.000355s ]
INFO: [ app_begin ] --START--
INFO: Run Behavior\ReadHtmlCacheBehavior [ RunTime:0.000542s ]
INFO: [ app_begin ] --END-- [ RunTime:0.000579s ]
SQL: SHOW COLUMNS FROM `pay_select` [ RunTime:0.0059s ]
SQL: SELECT * FROM `pay_select` WHERE `restaurant_id` = 131  [ RunTime:0.0038s ]
INFO: [ app_end ] --START--
INFO: Run Behavior\ShowPageTraceBehavior [ RunTime:0.000620s ]
INFO: [ app_end ] --END-- [ RunTime:0.000654s ]

[ 2017-03-27T17:01:47+08:00 ] 127.0.0.1 /index.php/api/client/pay_type
INFO: [ app_init ] --START--
INFO: Run Behavior\BuildLiteBehavior [ RunTime:0.000037s ]
INFO: [ app_init ] --END-- [ RunTime:0.000601s ]
INFO: [ app_begin ] --START--
INFO: Run Behavior\ReadHtmlCacheBehavior [ RunTime:0.000541s ]
INFO: [ app_begin ] --END-- [ RunTime:0.000577s ]
SQL: SHOW COLUMNS FROM `pay_select` [ RunTime:0.0065s ]
SQL: SELECT * FROM `pay_select` WHERE `restaurant_id` = 131  [ RunTime:0.0038s ]
INFO: [ app_end ] --START--
INFO: Run Behavior\ShowPageTraceBehavior [ RunTime:0.000677s ]
INFO: [ app_end ] --END-- [ RunTime:0.000717s ]

[ 2017-03-27T17:01:48+08:00 ] 127.0.0.1 /index.php/api/client/pay_type
INFO: [ app_init ] --START--
INFO: Run Behavior\BuildLiteBehavior [ RunTime:0.000010s ]
INFO: [ app_init ] --END-- [ RunTime:0.000315s ]
INFO: [ app_begin ] --START--
INFO: Run Behavior\ReadHtmlCacheBehavior [ RunTime:0.000438s ]
INFO: [ app_begin ] --END-- [ RunTime:0.000472s ]
SQL: SHOW COLUMNS FROM `pay_select` [ RunTime:0.0065s ]
SQL: SELECT * FROM `pay_select` WHERE `restaurant_id` = 131  [ RunTime:0.0037s ]
INFO: [ app_end ] --START--
INFO: Run Behavior\ShowPageTraceBehavior [ RunTime:0.000547s ]
INFO: [ app_end ] --END-- [ RunTime:0.000582s ]

[ 2017-03-27T17:01:48+08:00 ] 127.0.0.1 /index.php/api/client/pay_type
INFO: [ app_init ] --START--
INFO: Run Behavior\BuildLiteBehavior [ RunTime:0.000014s ]
INFO: [ app_init ] --END-- [ RunTime:0.000356s ]
INFO: [ app_begin ] --START--
INFO: Run Behavior\ReadHtmlCacheBehavior [ RunTime:0.000491s ]
INFO: [ app_begin ] --END-- [ RunTime:0.000529s ]
SQL: SHOW COLUMNS FROM `pay_select` [ RunTime:0.0110s ]
SQL: SELECT * FROM `pay_select` WHERE `restaurant_id` = 131  [ RunTime:0.0038s ]
INFO: [ app_end ] --START--
INFO: Run Behavior\ShowPageTraceBehavior [ RunTime:0.000639s ]
INFO: [ app_end ] --END-- [ RunTime:0.000678s ]

[ 2017-03-27T17:01:48+08:00 ] 127.0.0.1 /index.php/api/client/pay_type
INFO: [ app_init ] --START--
INFO: Run Behavior\BuildLiteBehavior [ RunTime:0.000011s ]
INFO: [ app_init ] --END-- [ RunTime:0.000330s ]
INFO: [ app_begin ] --START--
INFO: Run Behavior\ReadHtmlCacheBehavior [ RunTime:0.000447s ]
INFO: [ app_begin ] --END-- [ RunTime:0.000481s ]
SQL: SHOW COLUMNS FROM `pay_select` [ RunTime:0.0046s ]
SQL: SELECT * FROM `pay_select` WHERE `restaurant_id` = 131  [ RunTime:0.0035s ]
INFO: [ app_end ] --START--
INFO: Run Behavior\ShowPageTraceBehavior [ RunTime:0.000578s ]
INFO: [ app_end ] --END-- [ RunTime:0.000613s ]

[ 2017-03-27T17:02:53+08:00 ] 127.0.0.1 /index.php/api/client/pay_type
INFO: [ app_init ] --START--
INFO: Run Behavior\BuildLiteBehavior [ RunTime:0.000012s ]
INFO: [ app_init ] --END-- [ RunTime:0.000332s ]
INFO: [ app_begin ] --START--
INFO: Run Behavior\ReadHtmlCacheBehavior [ RunTime:0.000440s ]
INFO: [ app_begin ] --END-- [ RunTime:0.000474s ]
SQL: SHOW COLUMNS FROM `pay_select` [ RunTime:0.0067s ]
SQL: SELECT * FROM `pay_select` WHERE `restaurant_id` = 131  [ RunTime:0.0038s ]

[ 2017-03-27T17:02:54+08:00 ] 127.0.0.1 /index.php/api/client/pay_type
INFO: [ app_init ] --START--
INFO: Run Behavior\BuildLiteBehavior [ RunTime:0.000013s ]
INFO: [ app_init ] --END-- [ RunTime:0.000371s ]
INFO: [ app_begin ] --START--
INFO: Run Behavior\ReadHtmlCacheBehavior [ RunTime:0.000469s ]
INFO: [ app_begin ] --END-- [ RunTime:0.000507s ]
SQL: SHOW COLUMNS FROM `pay_select` [ RunTime:0.0065s ]
SQL: SELECT * FROM `pay_select` WHERE `restaurant_id` = 131  [ RunTime:0.0038s ]

[ 2017-03-27T17:04:14+08:00 ] 127.0.0.1 /index.php/api/client/pay_type
INFO: [ app_init ] --START--
INFO: Run Behavior\BuildLiteBehavior [ RunTime:0.000014s ]
INFO: [ app_init ] --END-- [ RunTime:0.000571s ]
INFO: [ app_begin ] --START--
INFO: Run Behavior\ReadHtmlCacheBehavior [ RunTime:0.000547s ]
INFO: [ app_begin ] --END-- [ RunTime:0.000584s ]
SQL: SHOW COLUMNS FROM `pay_select` [ RunTime:0.0078s ]
SQL: SELECT * FROM `pay_select` WHERE `restaurant_id` = 131  [ RunTime:0.0038s ]
INFO: [ app_end ] --START--
INFO: Run Behavior\ShowPageTraceBehavior [ RunTime:0.000659s ]
INFO: [ app_end ] --END-- [ RunTime:0.000695s ]

[ 2017-03-27T17:04:15+08:00 ] 127.0.0.1 /index.php/api/client/pay_type
INFO: [ app_init ] --START--
INFO: Run Behavior\BuildLiteBehavior [ RunTime:0.000011s ]
INFO: [ app_init ] --END-- [ RunTime:0.000321s ]
INFO: [ app_begin ] --START--
INFO: Run Behavior\ReadHtmlCacheBehavior [ RunTime:0.000439s ]
INFO: [ app_begin ] --END-- [ RunTime:0.000474s ]
SQL: SHOW COLUMNS FROM `pay_select` [ RunTime:0.0069s ]
SQL: SELECT * FROM `pay_select` WHERE `restaurant_id` = 131  [ RunTime:0.0037s ]
INFO: [ app_end ] --START--
INFO: Run Behavior\ShowPageTraceBehavior [ RunTime:0.000566s ]
INFO: [ app_end ] --END-- [ RunTime:0.000599s ]

[ 2017-03-27T17:04:15+08:00 ] 127.0.0.1 /index.php/api/client/pay_type
INFO: [ app_init ] --START--
INFO: Run Behavior\BuildLiteBehavior [ RunTime:0.000011s ]
INFO: [ app_init ] --END-- [ RunTime:0.000359s ]
INFO: [ app_begin ] --START--
INFO: Run Behavior\ReadHtmlCacheBehavior [ RunTime:0.000507s ]
INFO: [ app_begin ] --END-- [ RunTime:0.000550s ]
SQL: SHOW COLUMNS FROM `pay_select` [ RunTime:0.0064s ]
SQL: SELECT * FROM `pay_select` WHERE `restaurant_id` = 131  [ RunTime:0.0037s ]
INFO: [ app_end ] --START--
INFO: Run Behavior\ShowPageTraceBehavior [ RunTime:0.000566s ]
INFO: [ app_end ] --END-- [ RunTime:0.000600s ]

[ 2017-03-27T17:05:00+08:00 ] 127.0.0.1 /index.php/api/client/pay_type
INFO: [ app_init ] --START--
INFO: Run Behavior\BuildLiteBehavior [ RunTime:0.000014s ]
INFO: [ app_init ] --END-- [ RunTime:0.000357s ]
INFO: [ app_begin ] --START--
INFO: Run Behavior\ReadHtmlCacheBehavior [ RunTime:0.000520s ]
INFO: [ app_begin ] --END-- [ RunTime:0.000557s ]
SQL: SHOW COLUMNS FROM `pay_select` [ RunTime:0.0065s ]
SQL: SELECT * FROM `pay_select` WHERE `restaurant_id` = 131  [ RunTime:0.0038s ]
INFO: [ app_end ] --START--
INFO: Run Behavior\ShowPageTraceBehavior [ RunTime:0.000589s ]
INFO: [ app_end ] --END-- [ RunTime:0.000625s ]

[ 2017-03-27T17:05:01+08:00 ] 127.0.0.1 /index.php/api/client/pay_type
INFO: [ app_init ] --START--
INFO: Run Behavior\BuildLiteBehavior [ RunTime:0.000011s ]
INFO: [ app_init ] --END-- [ RunTime:0.000313s ]
INFO: [ app_begin ] --START--
INFO: Run Behavior\ReadHtmlCacheBehavior [ RunTime:0.000437s ]
INFO: [ app_begin ] --END-- [ RunTime:0.000471s ]
SQL: SHOW COLUMNS FROM `pay_select` [ RunTime:0.0065s ]
SQL: SELECT * FROM `pay_select` WHERE `restaurant_id` = 131  [ RunTime:0.0037s ]
INFO: [ app_end ] --START--
INFO: Run Behavior\ShowPageTraceBehavior [ RunTime:0.000585s ]
INFO: [ app_end ] --END-- [ RunTime:0.000620s ]

[ 2017-03-27T17:05:01+08:00 ] 127.0.0.1 /index.php/api/client/pay_type
INFO: [ app_init ] --START--
INFO: Run Behavior\BuildLiteBehavior [ RunTime:0.000011s ]
INFO: [ app_init ] --END-- [ RunTime:0.000321s ]
INFO: [ app_begin ] --START--
INFO: Run Behavior\ReadHtmlCacheBehavior [ RunTime:0.000440s ]
INFO: [ app_begin ] --END-- [ RunTime:0.000475s ]
SQL: SHOW COLUMNS FROM `pay_select` [ RunTime:0.0065s ]
SQL: SELECT * FROM `pay_select` WHERE `restaurant_id` = 131  [ RunTime:0.0038s ]
INFO: [ app_end ] --START--
INFO: Run Behavior\ShowPageTraceBehavior [ RunTime:0.000591s ]
INFO: [ app_end ] --END-- [ RunTime:0.000628s ]

[ 2017-03-27T17:05:01+08:00 ] 127.0.0.1 /index.php/api/client/pay_type
INFO: [ app_init ] --START--
INFO: Run Behavior\BuildLiteBehavior [ RunTime:0.000011s ]
INFO: [ app_init ] --END-- [ RunTime:0.000320s ]
INFO: [ app_begin ] --START--
INFO: Run Behavior\ReadHtmlCacheBehavior [ RunTime:0.000439s ]
INFO: [ app_begin ] --END-- [ RunTime:0.000473s ]
SQL: SHOW COLUMNS FROM `pay_select` [ RunTime:0.0064s ]
SQL: SELECT * FROM `pay_select` WHERE `restaurant_id` = 131  [ RunTime:0.0038s ]
INFO: [ app_end ] --START--
INFO: Run Behavior\ShowPageTraceBehavior [ RunTime:0.000650s ]
INFO: [ app_end ] --END-- [ RunTime:0.000697s ]

[ 2017-03-27T17:05:01+08:00 ] 127.0.0.1 /index.php/api/client/pay_type
INFO: [ app_init ] --START--
INFO: Run Behavior\BuildLiteBehavior [ RunTime:0.000012s ]
INFO: [ app_init ] --END-- [ RunTime:0.000323s ]
INFO: [ app_begin ] --START--
INFO: Run Behavior\ReadHtmlCacheBehavior [ RunTime:0.000438s ]
INFO: [ app_begin ] --END-- [ RunTime:0.000473s ]
SQL: SHOW COLUMNS FROM `pay_select` [ RunTime:0.0073s ]
SQL: SELECT * FROM `pay_select` WHERE `restaurant_id` = 131  [ RunTime:0.0037s ]
INFO: [ app_end ] --START--
INFO: Run Behavior\ShowPageTraceBehavior [ RunTime:0.000566s ]
INFO: [ app_end ] --END-- [ RunTime:0.000600s ]

[ 2017-03-27T17:05:03+08:00 ] 127.0.0.1 /index.php/api/client/pay_type
INFO: [ app_init ] --START--
INFO: Run Behavior\BuildLiteBehavior [ RunTime:0.000010s ]
INFO: [ app_init ] --END-- [ RunTime:0.000316s ]
INFO: [ app_begin ] --START--
INFO: Run Behavior\ReadHtmlCacheBehavior [ RunTime:0.000438s ]
INFO: [ app_begin ] --END-- [ RunTime:0.000472s ]
SQL: SHOW COLUMNS FROM `pay_select` [ RunTime:0.0069s ]
SQL: SELECT * FROM `pay_select` WHERE `restaurant_id` = 131  [ RunTime:0.0037s ]
INFO: [ app_end ] --START--
INFO: Run Behavior\ShowPageTraceBehavior [ RunTime:0.000589s ]
INFO: [ app_end ] --END-- [ RunTime:0.000625s ]

[ 2017-03-27T17:05:03+08:00 ] 127.0.0.1 /index.php/api/client/pay_type
INFO: [ app_init ] --START--
INFO: Run Behavior\BuildLiteBehavior [ RunTime:0.000012s ]
INFO: [ app_init ] --END-- [ RunTime:0.000408s ]
INFO: [ app_begin ] --START--
INFO: Run Behavior\ReadHtmlCacheBehavior [ RunTime:0.000496s ]
INFO: [ app_begin ] --END-- [ RunTime:0.000534s ]
SQL: SHOW COLUMNS FROM `pay_select` [ RunTime:0.0103s ]
SQL: SELECT * FROM `pay_select` WHERE `restaurant_id` = 131  [ RunTime:0.0030s ]
INFO: [ app_end ] --START--
INFO: Run Behavior\ShowPageTraceBehavior [ RunTime:0.000588s ]
INFO: [ app_end ] --END-- [ RunTime:0.000624s ]

[ 2017-03-27T17:06:55+08:00 ] 127.0.0.1 /index.php/api/client/pay_type
INFO: [ app_init ] --START--
INFO: Run Behavior\BuildLiteBehavior [ RunTime:0.000026s ]
INFO: [ app_init ] --END-- [ RunTime:0.000445s ]
INFO: [ app_begin ] --START--
INFO: Run Behavior\ReadHtmlCacheBehavior [ RunTime:0.000710s ]
INFO: [ app_begin ] --END-- [ RunTime:0.000757s ]

[ 2017-03-27T17:06:56+08:00 ] 127.0.0.1 /index.php/api/client/pay_type
INFO: [ app_init ] --START--
INFO: Run Behavior\BuildLiteBehavior [ RunTime:0.000014s ]
INFO: [ app_init ] --END-- [ RunTime:0.000383s ]
INFO: [ app_begin ] --START--
INFO: Run Behavior\ReadHtmlCacheBehavior [ RunTime:0.000459s ]
INFO: [ app_begin ] --END-- [ RunTime:0.000494s ]

