[ 2017-03-11T11:37:27+08:00 ] 127.0.0.1 /index.php/admin/Index/
INFO: [ app_init ] --START--
INFO: Run Behavior\BuildLiteBehavior [ RunTime:0.000011s ]
INFO: [ app_init ] --END-- [ RunTime:0.000321s ]
INFO: [ app_begin ] --START--
INFO: Run Behavior\ReadHtmlCacheBehavior [ RunTime:0.000522s ]
INFO: [ app_begin ] --END-- [ RunTime:0.000558s ]

[ 2017-03-11T11:37:27+08:00 ] 127.0.0.1 /index.php/admin/Index/admin/index/login
INFO: [ app_init ] --START--
INFO: Run Behavior\BuildLiteBehavior [ RunTime:0.000011s ]
INFO: [ app_init ] --END-- [ RunTime:0.000317s ]
INFO: [ app_begin ] --START--
INFO: Run Behavior\ReadHtmlCacheBehavior [ RunTime:0.000456s ]
INFO: [ app_begin ] --END-- [ RunTime:0.000491s ]
ERR: 非法操作:admin

[ 2017-03-11T11:37:37+08:00 ] 127.0.0.1 /index.php/admin/index/login
INFO: [ app_init ] --START--
INFO: Run Behavior\BuildLiteBehavior [ RunTime:0.000014s ]
INFO: [ app_init ] --END-- [ RunTime:0.000343s ]
INFO: [ app_begin ] --START--
INFO: Run Behavior\ReadHtmlCacheBehavior [ RunTime:0.000459s ]
INFO: [ app_begin ] --END-- [ RunTime:0.000494s ]
INFO: [ view_parse ] --START--
INFO: [ template_filter ] --START--
INFO: Run Behavior\ContentReplaceBehavior [ RunTime:0.000047s ]
INFO: [ template_filter ] --END-- [ RunTime:0.000082s ]
NOTIC: [8] Undefined variable: login_account E:\yunniu\Application\Runtime\Cache\Admin\041185b974292283d2f6098acc3220ec.php 第 23 行.
NOTIC: [8] Undefined variable: password E:\yunniu\Application\Runtime\Cache\Admin\041185b974292283d2f6098acc3220ec.php 第 24 行.
NOTIC: [8] Undefined variable: autoFlag E:\yunniu\Application\Runtime\Cache\Admin\041185b974292283d2f6098acc3220ec.php 第 25 行.
INFO: Run Behavior\ParseTemplateBehavior [ RunTime:0.004870s ]
INFO: [ view_parse ] --END-- [ RunTime:0.004940s ]
INFO: [ view_filter ] --START--
INFO: Run Behavior\WriteHtmlCacheBehavior [ RunTime:0.000232s ]
INFO: [ view_filter ] --END-- [ RunTime:0.000260s ]
INFO: [ app_end ] --START--
INFO: Run Behavior\ShowPageTraceBehavior [ RunTime:0.000560s ]
INFO: [ app_end ] --END-- [ RunTime:0.000595s ]

[ 2017-03-11T11:37:37+08:00 ] 127.0.0.1 /index.php/Admin/Index/verifyImg
INFO: [ app_init ] --START--
INFO: Run Behavior\BuildLiteBehavior [ RunTime:0.000012s ]
INFO: [ app_init ] --END-- [ RunTime:0.000371s ]
INFO: [ app_begin ] --START--
INFO: Run Behavior\ReadHtmlCacheBehavior [ RunTime:0.000456s ]
INFO: [ app_begin ] --END-- [ RunTime:0.000492s ]
INFO: [ app_end ] --START--
INFO: Run Behavior\ShowPageTraceBehavior [ RunTime:0.000590s ]
INFO: [ app_end ] --END-- [ RunTime:0.000638s ]

[ 2017-03-11T11:37:51+08:00 ] 127.0.0.1 /index.php/admin/index/checklogin
INFO: [ app_init ] --START--
INFO: Run Behavior\BuildLiteBehavior [ RunTime:0.000010s ]
INFO: [ app_init ] --END-- [ RunTime:0.000313s ]
INFO: [ app_begin ] --START--
INFO: Run Behavior\ReadHtmlCacheBehavior [ RunTime:0.000437s ]
INFO: [ app_begin ] --END-- [ RunTime:0.000471s ]
SQL: SHOW COLUMNS FROM `restaurant_manager` [ RunTime:0.0071s ]
SQL: SELECT * FROM `restaurant_manager` WHERE `login_account` = '12345' LIMIT 1   [ RunTime:0.0035s ]

[ 2017-03-11T11:37:51+08:00 ] 127.0.0.1 /index.php/admin/index
INFO: [ app_init ] --START--
INFO: Run Behavior\BuildLiteBehavior [ RunTime:0.000010s ]
INFO: [ app_init ] --END-- [ RunTime:0.000321s ]
INFO: [ app_begin ] --START--
INFO: Run Behavior\ReadHtmlCacheBehavior [ RunTime:0.000440s ]
INFO: [ app_begin ] --END-- [ RunTime:0.000473s ]
SQL: SHOW COLUMNS FROM `restaurant` [ RunTime:0.0084s ]
SQL: SELECT `logo` FROM `restaurant` WHERE `restaurant_id` = 100 LIMIT 1   [ RunTime:0.0026s ]
SQL: SHOW COLUMNS FROM `qrc_code` [ RunTime:0.0065s ]
SQL: SELECT * FROM `qrc_code` WHERE `restaurant_id` = 100 LIMIT 1   [ RunTime:0.0031s ]
SQL: SHOW COLUMNS FROM `qrc_device` [ RunTime:0.0061s ]
SQL: SELECT * FROM `qrc_device` WHERE `qrc_code_id` = 43 LIMIT 1   [ RunTime:0.0054s ]
INFO: [ view_parse ] --START--
INFO: [ template_filter ] --START--
INFO: Run Behavior\ContentReplaceBehavior [ RunTime:0.000061s ]
INFO: [ template_filter ] --END-- [ RunTime:0.000093s ]
INFO: Run Behavior\ParseTemplateBehavior [ RunTime:0.006888s ]
INFO: [ view_parse ] --END-- [ RunTime:0.006946s ]
INFO: [ view_filter ] --START--
INFO: Run Behavior\WriteHtmlCacheBehavior [ RunTime:0.000262s ]
INFO: [ view_filter ] --END-- [ RunTime:0.000292s ]
INFO: [ app_end ] --START--
INFO: Run Behavior\ShowPageTraceBehavior [ RunTime:0.000471s ]
INFO: [ app_end ] --END-- [ RunTime:0.000508s ]

[ 2017-03-11T11:37:51+08:00 ] 127.0.0.1 /index.php/Admin/restaurant/index.html
INFO: [ app_init ] --START--
INFO: Run Behavior\BuildLiteBehavior [ RunTime:0.000031s ]
INFO: [ app_init ] --END-- [ RunTime:0.000462s ]
INFO: [ app_begin ] --START--
INFO: Run Behavior\ReadHtmlCacheBehavior [ RunTime:0.000517s ]
INFO: [ app_begin ] --END-- [ RunTime:0.000556s ]
SQL: SHOW COLUMNS FROM `restaurant_manager` [ RunTime:0.0068s ]
SQL: SELECT `restaurant_id` FROM `restaurant_manager` WHERE ( id = 74 ) LIMIT 1   [ RunTime:0.0029s ]
SQL: SHOW COLUMNS FROM `restaurant` [ RunTime:0.0072s ]
SQL: SELECT `restaurant_id`,`restaurant_name`,`telephone1`,`telephone2`,`address`,`logo` FROM `restaurant` WHERE ( restaurant_id = 100 ) LIMIT 1   [ RunTime:0.0028s ]
SQL: SELECT * FROM `restaurant_manager` WHERE ( restaurant_id=100 ) LIMIT 1   [ RunTime:0.0026s ]
INFO: [ view_parse ] --START--
INFO: [ template_filter ] --START--
INFO: Run Behavior\ContentReplaceBehavior [ RunTime:0.000056s ]
INFO: [ template_filter ] --END-- [ RunTime:0.000096s ]
NOTIC: [8] Undefined index: restaurant_url E:\yunniu\Application\Runtime\Cache\Admin\6ee8e8a26be5e1619fce66a0ca4afe29.php 第 96 行.
NOTIC: [8] Undefined index: restaurant_url E:\yunniu\Application\Runtime\Cache\Admin\6ee8e8a26be5e1619fce66a0ca4afe29.php 第 97 行.
INFO: Run Behavior\ParseTemplateBehavior [ RunTime:0.030336s ]
INFO: [ view_parse ] --END-- [ RunTime:0.030371s ]
INFO: [ view_filter ] --START--
INFO: Run Behavior\WriteHtmlCacheBehavior [ RunTime:0.000246s ]
INFO: [ view_filter ] --END-- [ RunTime:0.000273s ]
INFO: [ app_end ] --START--
INFO: Run Behavior\ShowPageTraceBehavior [ RunTime:0.000461s ]
INFO: [ app_end ] --END-- [ RunTime:0.000493s ]

[ 2017-03-11T11:38:02+08:00 ] 127.0.0.1 /index.php/Admin/Moudle/index.html
INFO: [ app_init ] --START--
INFO: Run Behavior\BuildLiteBehavior [ RunTime:0.000011s ]
INFO: [ app_init ] --END-- [ RunTime:0.000322s ]
INFO: [ app_begin ] --START--
INFO: Run Behavior\ReadHtmlCacheBehavior [ RunTime:0.000513s ]
INFO: [ app_begin ] --END-- [ RunTime:0.000548s ]
SQL: SHOW COLUMNS FROM `restaurant_manager` [ RunTime:0.0067s ]
SQL: SELECT `restaurant_id` FROM `restaurant_manager` WHERE ( id = 74 ) LIMIT 1   [ RunTime:0.0031s ]
SQL: SHOW COLUMNS FROM `advertisement` [ RunTime:0.0063s ]
SQL: SELECT * FROM `advertisement` WHERE `restaurant_id` = 100 AND `advertisement_type` = 0  [ RunTime:0.0032s ]
SQL: SELECT * FROM `advertisement` WHERE `restaurant_id` = 100 AND `advertisement_type` = 1  [ RunTime:0.0031s ]
SQL: SELECT * FROM `advertisement` WHERE `restaurant_id` = 100 AND `advertisement_type` = 2  [ RunTime:0.0030s ]
SQL: SHOW COLUMNS FROM `restaurant_process` [ RunTime:0.0063s ]
SQL: SELECT * FROM `restaurant_process` WHERE `restaurant_id` = 100  [ RunTime:0.0044s ]
SQL: SHOW COLUMNS FROM `process` [ RunTime:0.0052s ]
SQL: SELECT * FROM `process` WHERE `process_id` = 1 LIMIT 1   [ RunTime:0.0029s ]
SQL: SELECT * FROM `process` WHERE `process_id` = 2 LIMIT 1   [ RunTime:0.0030s ]
SQL: SELECT * FROM `process` WHERE `process_id` = 3 LIMIT 1   [ RunTime:0.0030s ]
SQL: SELECT * FROM `process` WHERE `process_id` = 4 LIMIT 1   [ RunTime:0.0029s ]
SQL: SELECT * FROM `process` WHERE `process_id` = 5 LIMIT 1   [ RunTime:0.0029s ]
SQL: SHOW COLUMNS FROM `restaurant` [ RunTime:0.0089s ]
SQL: SELECT `advertise_time` FROM `restaurant` WHERE `restaurant_id` = 100 LIMIT 1   [ RunTime:0.0030s ]
SQL: SELECT `adv_language` FROM `restaurant` WHERE `restaurant_id` = 100 LIMIT 1   [ RunTime:0.0041s ]
INFO: [ view_parse ] --START--
INFO: [ template_filter ] --START--
INFO: Run Behavior\ContentReplaceBehavior [ RunTime:0.000074s ]
INFO: [ template_filter ] --END-- [ RunTime:0.000113s ]
INFO: Run Behavior\ParseTemplateBehavior [ RunTime:0.027733s ]
INFO: [ view_parse ] --END-- [ RunTime:0.027770s ]
INFO: [ view_filter ] --START--
INFO: Run Behavior\WriteHtmlCacheBehavior [ RunTime:0.000372s ]
INFO: [ view_filter ] --END-- [ RunTime:0.000412s ]
INFO: [ app_end ] --START--
INFO: Run Behavior\ShowPageTraceBehavior [ RunTime:0.000680s ]
INFO: [ app_end ] --END-- [ RunTime:0.000750s ]

[ 2017-03-11T11:38:06+08:00 ] 127.0.0.1 /index.php/Admin/Moudle/device.html
INFO: [ app_init ] --START--
INFO: Run Behavior\BuildLiteBehavior [ RunTime:0.000011s ]
INFO: [ app_init ] --END-- [ RunTime:0.000331s ]
INFO: [ app_begin ] --START--
INFO: Run Behavior\ReadHtmlCacheBehavior [ RunTime:0.000444s ]
INFO: [ app_begin ] --END-- [ RunTime:0.000481s ]
SQL: SHOW COLUMNS FROM `restaurant_manager` [ RunTime:0.0068s ]
SQL: SELECT `restaurant_id` FROM `restaurant_manager` WHERE ( id = 74 ) LIMIT 1   [ RunTime:0.0029s ]
SQL: SHOW COLUMNS FROM `restaurant_page_group` [ RunTime:0.0063s ]
SQL: SELECT * FROM `restaurant_page_group` WHERE `restaurant_id` = 100 AND `page_screen` = 1  [ RunTime:0.0033s ]
SQL: SHOW COLUMNS FROM `group_detail` [ RunTime:0.0073s ]
SQL: SELECT * FROM `group_detail` WHERE `group_id` = 1 LIMIT 1   [ RunTime:0.0057s ]
SQL: SELECT * FROM `group_detail` WHERE `group_id` = 4 LIMIT 1   [ RunTime:0.0041s ]
SQL: SELECT * FROM `restaurant_page_group` WHERE `restaurant_id` = 100 AND `page_screen` = 2  [ RunTime:0.0042s ]
SQL: SELECT * FROM `group_detail` WHERE `group_id` = 2 LIMIT 1   [ RunTime:0.0036s ]
SQL: SELECT * FROM `group_detail` WHERE `group_id` = 5 LIMIT 1   [ RunTime:0.0031s ]
SQL: SELECT * FROM `group_detail` WHERE `group_id` = 11 LIMIT 1   [ RunTime:0.0033s ]
SQL: SELECT * FROM `group_detail` WHERE `group_id` = 12 LIMIT 1   [ RunTime:0.0044s ]
SQL: SELECT * FROM `group_detail` WHERE `group_id` = 8 LIMIT 1   [ RunTime:0.0031s ]
INFO: [ view_parse ] --START--
INFO: [ template_filter ] --START--
INFO: Run Behavior\ContentReplaceBehavior [ RunTime:0.000068s ]
INFO: [ template_filter ] --END-- [ RunTime:0.000104s ]
INFO: Run Behavior\ParseTemplateBehavior [ RunTime:0.009180s ]
INFO: [ view_parse ] --END-- [ RunTime:0.009219s ]
INFO: [ view_filter ] --START--
INFO: Run Behavior\WriteHtmlCacheBehavior [ RunTime:0.000232s ]
INFO: [ view_filter ] --END-- [ RunTime:0.000260s ]
INFO: [ app_end ] --START--
INFO: Run Behavior\ShowPageTraceBehavior [ RunTime:0.000439s ]
INFO: [ app_end ] --END-- [ RunTime:0.000469s ]

[ 2017-03-11T11:38:11+08:00 ] 127.0.0.1 /index.php/admin/Moudle/useTemp/restaurant_page_group_id/358/tpltype/2
INFO: [ app_init ] --START--
INFO: Run Behavior\BuildLiteBehavior [ RunTime:0.000011s ]
INFO: [ app_init ] --END-- [ RunTime:0.000317s ]
INFO: [ app_begin ] --START--
INFO: Run Behavior\ReadHtmlCacheBehavior [ RunTime:0.000441s ]
INFO: [ app_begin ] --END-- [ RunTime:0.000473s ]
SQL: SHOW COLUMNS FROM `restaurant_manager` [ RunTime:0.0068s ]
SQL: SELECT `restaurant_id` FROM `restaurant_manager` WHERE ( id = 74 ) LIMIT 1   [ RunTime:0.0029s ]
SQL: SHOW COLUMNS FROM `restaurant_page_group` [ RunTime:0.0056s ]
SQL: SELECT `status` FROM `restaurant_page_group` WHERE `restaurant_page_group_id` = 358 AND `restaurant_id` = 100 LIMIT 1   [ RunTime:0.0029s ]
SQL: UPDATE `restaurant_page_group` SET `restaurant_id`='100',`status`='1' WHERE `restaurant_page_group_id` = 358 [ RunTime:0.0422s ]
SQL: UPDATE `restaurant_page_group` SET `status`='0' WHERE `restaurant_page_group_id` <> '358' AND `restaurant_id` = 100 AND `page_screen` = 2 [ RunTime:0.0997s ]

[ 2017-03-11T11:38:33+08:00 ] 127.0.0.1 /index.php/admin/index/login
INFO: [ app_init ] --START--
INFO: Run Behavior\BuildLiteBehavior [ RunTime:0.000012s ]
INFO: [ app_init ] --END-- [ RunTime:0.000342s ]
INFO: [ app_begin ] --START--
INFO: Run Behavior\ReadHtmlCacheBehavior [ RunTime:0.000450s ]
INFO: [ app_begin ] --END-- [ RunTime:0.000485s ]
INFO: [ view_parse ] --START--
INFO: [ template_filter ] --START--
INFO: Run Behavior\ContentReplaceBehavior [ RunTime:0.000044s ]
INFO: [ template_filter ] --END-- [ RunTime:0.000077s ]
NOTIC: [8] Undefined variable: login_account E:\yunniu\Application\Runtime\Cache\Admin\041185b974292283d2f6098acc3220ec.php 第 23 行.
NOTIC: [8] Undefined variable: password E:\yunniu\Application\Runtime\Cache\Admin\041185b974292283d2f6098acc3220ec.php 第 24 行.
NOTIC: [8] Undefined variable: autoFlag E:\yunniu\Application\Runtime\Cache\Admin\041185b974292283d2f6098acc3220ec.php 第 25 行.
INFO: Run Behavior\ParseTemplateBehavior [ RunTime:0.004686s ]
INFO: [ view_parse ] --END-- [ RunTime:0.004720s ]
INFO: [ view_filter ] --START--
INFO: Run Behavior\WriteHtmlCacheBehavior [ RunTime:0.000228s ]
INFO: [ view_filter ] --END-- [ RunTime:0.000255s ]
INFO: [ app_end ] --START--
INFO: Run Behavior\ShowPageTraceBehavior [ RunTime:0.000521s ]
INFO: [ app_end ] --END-- [ RunTime:0.000551s ]

[ 2017-03-11T11:38:33+08:00 ] 127.0.0.1 /index.php/Admin/Index/verifyImg
INFO: [ app_init ] --START--
INFO: Run Behavior\BuildLiteBehavior [ RunTime:0.000012s ]
INFO: [ app_init ] --END-- [ RunTime:0.000329s ]
INFO: [ app_begin ] --START--
INFO: Run Behavior\ReadHtmlCacheBehavior [ RunTime:0.000467s ]
INFO: [ app_begin ] --END-- [ RunTime:0.000504s ]
INFO: [ app_end ] --START--
INFO: Run Behavior\ShowPageTraceBehavior [ RunTime:0.000540s ]
INFO: [ app_end ] --END-- [ RunTime:0.000581s ]

[ 2017-03-11T11:44:27+08:00 ] 127.0.0.1 /index.php/admin/Index/loginout
INFO: [ app_init ] --START--
INFO: Run Behavior\BuildLiteBehavior [ RunTime:0.000012s ]
INFO: [ app_init ] --END-- [ RunTime:0.000361s ]
INFO: [ app_begin ] --START--
INFO: Run Behavior\ReadHtmlCacheBehavior [ RunTime:0.000521s ]
INFO: [ app_begin ] --END-- [ RunTime:0.000553s ]

[ 2017-03-11T11:44:27+08:00 ] 127.0.0.1 /index.php/admin/Index/login
INFO: [ app_init ] --START--
INFO: Run Behavior\BuildLiteBehavior [ RunTime:0.000023s ]
INFO: [ app_init ] --END-- [ RunTime:0.000445s ]
INFO: [ app_begin ] --START--
INFO: Run Behavior\ReadHtmlCacheBehavior [ RunTime:0.000484s ]
INFO: [ app_begin ] --END-- [ RunTime:0.000519s ]
INFO: [ view_parse ] --START--
INFO: [ template_filter ] --START--
INFO: Run Behavior\ContentReplaceBehavior [ RunTime:0.000046s ]
INFO: [ template_filter ] --END-- [ RunTime:0.000079s ]
NOTIC: [8] Undefined variable: login_account E:\yunniu\Application\Runtime\Cache\Admin\041185b974292283d2f6098acc3220ec.php 第 23 行.
NOTIC: [8] Undefined variable: password E:\yunniu\Application\Runtime\Cache\Admin\041185b974292283d2f6098acc3220ec.php 第 24 行.
NOTIC: [8] Undefined variable: autoFlag E:\yunniu\Application\Runtime\Cache\Admin\041185b974292283d2f6098acc3220ec.php 第 25 行.
INFO: Run Behavior\ParseTemplateBehavior [ RunTime:0.004976s ]
INFO: [ view_parse ] --END-- [ RunTime:0.005007s ]
INFO: [ view_filter ] --START--
INFO: Run Behavior\WriteHtmlCacheBehavior [ RunTime:0.000713s ]
INFO: [ view_filter ] --END-- [ RunTime:0.000752s ]
INFO: [ app_end ] --START--
INFO: Run Behavior\ShowPageTraceBehavior [ RunTime:0.000566s ]
INFO: [ app_end ] --END-- [ RunTime:0.000598s ]

[ 2017-03-11T11:44:27+08:00 ] 127.0.0.1 /index.php/Admin/Index/verifyImg
INFO: [ app_init ] --START--
INFO: Run Behavior\BuildLiteBehavior [ RunTime:0.000011s ]
INFO: [ app_init ] --END-- [ RunTime:0.000322s ]
INFO: [ app_begin ] --START--
INFO: Run Behavior\ReadHtmlCacheBehavior [ RunTime:0.000450s ]
INFO: [ app_begin ] --END-- [ RunTime:0.000485s ]
INFO: [ app_end ] --START--
INFO: Run Behavior\ShowPageTraceBehavior [ RunTime:0.000549s ]
INFO: [ app_end ] --END-- [ RunTime:0.000591s ]

[ 2017-03-11T11:44:39+08:00 ] 127.0.0.1 /index.php/admin/index/checklogin
INFO: [ app_init ] --START--
INFO: Run Behavior\BuildLiteBehavior [ RunTime:0.000010s ]
INFO: [ app_init ] --END-- [ RunTime:0.000314s ]
INFO: [ app_begin ] --START--
INFO: Run Behavior\ReadHtmlCacheBehavior [ RunTime:0.000508s ]
INFO: [ app_begin ] --END-- [ RunTime:0.000542s ]
SQL: SHOW COLUMNS FROM `restaurant_manager` [ RunTime:0.0076s ]
SQL: SELECT * FROM `restaurant_manager` WHERE `login_account` = '123456' LIMIT 1   [ RunTime:0.0032s ]

[ 2017-03-11T11:44:39+08:00 ] 127.0.0.1 /index.php/admin/index
INFO: [ app_init ] --START--
INFO: Run Behavior\BuildLiteBehavior [ RunTime:0.000010s ]
INFO: [ app_init ] --END-- [ RunTime:0.000319s ]
INFO: [ app_begin ] --START--
INFO: Run Behavior\ReadHtmlCacheBehavior [ RunTime:0.000438s ]
INFO: [ app_begin ] --END-- [ RunTime:0.000471s ]
SQL: SHOW COLUMNS FROM `restaurant` [ RunTime:0.0083s ]
SQL: SELECT `logo` FROM `restaurant` WHERE `restaurant_id` = 131 LIMIT 1   [ RunTime:0.0026s ]
SQL: SHOW COLUMNS FROM `qrc_code` [ RunTime:0.0064s ]
SQL: SELECT * FROM `qrc_code` WHERE `restaurant_id` = 131 LIMIT 1   [ RunTime:0.0030s ]
SQL: SHOW COLUMNS FROM `qrc_device` [ RunTime:0.0064s ]
SQL: SELECT * FROM `qrc_device` WHERE `qrc_code_id` = 51 LIMIT 1   [ RunTime:0.0031s ]
INFO: [ view_parse ] --START--
INFO: [ template_filter ] --START--
INFO: Run Behavior\ContentReplaceBehavior [ RunTime:0.000065s ]
INFO: [ template_filter ] --END-- [ RunTime:0.000099s ]
INFO: Run Behavior\ParseTemplateBehavior [ RunTime:0.007059s ]
INFO: [ view_parse ] --END-- [ RunTime:0.007097s ]
INFO: [ view_filter ] --START--
INFO: Run Behavior\WriteHtmlCacheBehavior [ RunTime:0.000301s ]
INFO: [ view_filter ] --END-- [ RunTime:0.000330s ]
INFO: [ app_end ] --START--
INFO: Run Behavior\ShowPageTraceBehavior [ RunTime:0.000718s ]
INFO: [ app_end ] --END-- [ RunTime:0.000788s ]

[ 2017-03-11T11:44:39+08:00 ] 127.0.0.1 /index.php/Admin/restaurant/index.html
INFO: [ app_init ] --START--
INFO: Run Behavior\BuildLiteBehavior [ RunTime:0.000011s ]
INFO: [ app_init ] --END-- [ RunTime:0.000351s ]
INFO: [ app_begin ] --START--
INFO: Run Behavior\ReadHtmlCacheBehavior [ RunTime:0.000525s ]
INFO: [ app_begin ] --END-- [ RunTime:0.000562s ]
SQL: SHOW COLUMNS FROM `restaurant_manager` [ RunTime:0.0076s ]
SQL: SELECT `restaurant_id` FROM `restaurant_manager` WHERE ( id = 103 ) LIMIT 1   [ RunTime:0.0031s ]
SQL: SHOW COLUMNS FROM `restaurant` [ RunTime:0.0074s ]
SQL: SELECT `restaurant_id`,`restaurant_name`,`telephone1`,`telephone2`,`address`,`logo` FROM `restaurant` WHERE ( restaurant_id = 131 ) LIMIT 1   [ RunTime:0.0046s ]
SQL: SELECT * FROM `restaurant_manager` WHERE ( restaurant_id=131 ) LIMIT 1   [ RunTime:0.0033s ]
INFO: [ view_parse ] --START--
INFO: [ template_filter ] --START--
INFO: Run Behavior\ContentReplaceBehavior [ RunTime:0.000056s ]
INFO: [ template_filter ] --END-- [ RunTime:0.000091s ]
NOTIC: [8] Undefined index: restaurant_url E:\yunniu\Application\Runtime\Cache\Admin\6ee8e8a26be5e1619fce66a0ca4afe29.php 第 96 行.
NOTIC: [8] Undefined index: restaurant_url E:\yunniu\Application\Runtime\Cache\Admin\6ee8e8a26be5e1619fce66a0ca4afe29.php 第 97 行.
INFO: Run Behavior\ParseTemplateBehavior [ RunTime:0.005756s ]
INFO: [ view_parse ] --END-- [ RunTime:0.005789s ]
INFO: [ view_filter ] --START--
INFO: Run Behavior\WriteHtmlCacheBehavior [ RunTime:0.000285s ]
INFO: [ view_filter ] --END-- [ RunTime:0.000312s ]
INFO: [ app_end ] --START--
INFO: Run Behavior\ShowPageTraceBehavior [ RunTime:0.000525s ]
INFO: [ app_end ] --END-- [ RunTime:0.000555s ]

[ 2017-03-11T11:44:42+08:00 ] 127.0.0.1 /index.php/Admin/Moudle/device.html
INFO: [ app_init ] --START--
INFO: Run Behavior\BuildLiteBehavior [ RunTime:0.000010s ]
INFO: [ app_init ] --END-- [ RunTime:0.000319s ]
INFO: [ app_begin ] --START--
INFO: Run Behavior\ReadHtmlCacheBehavior [ RunTime:0.000532s ]
INFO: [ app_begin ] --END-- [ RunTime:0.000570s ]
SQL: SHOW COLUMNS FROM `restaurant_manager` [ RunTime:0.0067s ]
SQL: SELECT `restaurant_id` FROM `restaurant_manager` WHERE ( id = 103 ) LIMIT 1   [ RunTime:0.0028s ]
SQL: SHOW COLUMNS FROM `restaurant_page_group` [ RunTime:0.0059s ]
SQL: SELECT * FROM `restaurant_page_group` WHERE `restaurant_id` = 131 AND `page_screen` = 1  [ RunTime:0.0045s ]
SQL: SHOW COLUMNS FROM `group_detail` [ RunTime:0.0065s ]
SQL: SELECT * FROM `group_detail` WHERE `group_id` = 1 LIMIT 1   [ RunTime:0.0033s ]
SQL: SELECT * FROM `restaurant_page_group` WHERE `restaurant_id` = 131 AND `page_screen` = 2  [ RunTime:0.0032s ]
SQL: SELECT * FROM `group_detail` WHERE `group_id` = 2 LIMIT 1   [ RunTime:0.0041s ]
SQL: SELECT * FROM `group_detail` WHERE `group_id` = 11 LIMIT 1   [ RunTime:0.0032s ]
SQL: SELECT * FROM `group_detail` WHERE `group_id` = 6 LIMIT 1   [ RunTime:0.0026s ]
INFO: [ view_parse ] --START--
INFO: [ template_filter ] --START--
INFO: Run Behavior\ContentReplaceBehavior [ RunTime:0.000069s ]
INFO: [ template_filter ] --END-- [ RunTime:0.000114s ]
INFO: Run Behavior\ParseTemplateBehavior [ RunTime:0.009571s ]
INFO: [ view_parse ] --END-- [ RunTime:0.009613s ]
INFO: [ view_filter ] --START--
INFO: Run Behavior\WriteHtmlCacheBehavior [ RunTime:0.000306s ]
INFO: [ view_filter ] --END-- [ RunTime:0.000336s ]
INFO: [ app_end ] --START--
INFO: Run Behavior\ShowPageTraceBehavior [ RunTime:0.000533s ]
INFO: [ app_end ] --END-- [ RunTime:0.000563s ]

[ 2017-03-11T11:44:51+08:00 ] 127.0.0.1 /index.php/admin/Moudle/useTemp/restaurant_page_group_id/456/tpltype/2
INFO: [ app_init ] --START--
INFO: Run Behavior\BuildLiteBehavior [ RunTime:0.000011s ]
INFO: [ app_init ] --END-- [ RunTime:0.000328s ]
INFO: [ app_begin ] --START--
INFO: Run Behavior\ReadHtmlCacheBehavior [ RunTime:0.000443s ]
INFO: [ app_begin ] --END-- [ RunTime:0.000474s ]
SQL: SHOW COLUMNS FROM `restaurant_manager` [ RunTime:0.0067s ]
SQL: SELECT `restaurant_id` FROM `restaurant_manager` WHERE ( id = 103 ) LIMIT 1   [ RunTime:0.0053s ]
SQL: SHOW COLUMNS FROM `restaurant_page_group` [ RunTime:0.0063s ]
SQL: SELECT `status` FROM `restaurant_page_group` WHERE `restaurant_page_group_id` = 456 AND `restaurant_id` = 131 LIMIT 1   [ RunTime:0.0028s ]
SQL: UPDATE `restaurant_page_group` SET `restaurant_id`='131',`status`='1' WHERE `restaurant_page_group_id` = 456 [ RunTime:0.0452s ]
SQL: UPDATE `restaurant_page_group` SET `status`='0' WHERE `restaurant_page_group_id` <> '456' AND `restaurant_id` = 131 AND `page_screen` = 2 [ RunTime:0.0335s ]

[ 2017-03-11T11:46:03+08:00 ] 127.0.0.1 /index.php/admin/index
INFO: [ app_init ] --START--
INFO: Run Behavior\BuildLiteBehavior [ RunTime:0.000010s ]
INFO: [ app_init ] --END-- [ RunTime:0.000313s ]
INFO: [ app_begin ] --START--
INFO: Run Behavior\ReadHtmlCacheBehavior [ RunTime:0.000508s ]
INFO: [ app_begin ] --END-- [ RunTime:0.000543s ]
SQL: SHOW COLUMNS FROM `restaurant` [ RunTime:0.0068s ]
SQL: SELECT `logo` FROM `restaurant` WHERE `restaurant_id` = 131 LIMIT 1   [ RunTime:0.0029s ]
SQL: SHOW COLUMNS FROM `qrc_code` [ RunTime:0.0074s ]
SQL: SELECT * FROM `qrc_code` WHERE `restaurant_id` = 131 LIMIT 1   [ RunTime:0.0037s ]
SQL: SHOW COLUMNS FROM `qrc_device` [ RunTime:0.0065s ]
SQL: SELECT * FROM `qrc_device` WHERE `qrc_code_id` = 51 LIMIT 1   [ RunTime:0.0038s ]
INFO: [ view_parse ] --START--
INFO: [ template_filter ] --START--
INFO: Run Behavior\ContentReplaceBehavior [ RunTime:0.000066s ]
INFO: [ template_filter ] --END-- [ RunTime:0.000103s ]
INFO: Run Behavior\ParseTemplateBehavior [ RunTime:0.007392s ]
INFO: [ view_parse ] --END-- [ RunTime:0.007440s ]
INFO: [ view_filter ] --START--
INFO: Run Behavior\WriteHtmlCacheBehavior [ RunTime:0.000344s ]
INFO: [ view_filter ] --END-- [ RunTime:0.000373s ]
INFO: [ app_end ] --START--
INFO: Run Behavior\ShowPageTraceBehavior [ RunTime:0.000567s ]
INFO: [ app_end ] --END-- [ RunTime:0.000602s ]

[ 2017-03-11T11:46:03+08:00 ] 127.0.0.1 /index.php/Admin/restaurant/index.html
INFO: [ app_init ] --START--
INFO: Run Behavior\BuildLiteBehavior [ RunTime:0.000012s ]
INFO: [ app_init ] --END-- [ RunTime:0.000357s ]
INFO: [ app_begin ] --START--
INFO: Run Behavior\ReadHtmlCacheBehavior [ RunTime:0.000489s ]
INFO: [ app_begin ] --END-- [ RunTime:0.000526s ]
SQL: SHOW COLUMNS FROM `restaurant_manager` [ RunTime:0.0069s ]
SQL: SELECT `restaurant_id` FROM `restaurant_manager` WHERE ( id = 103 ) LIMIT 1   [ RunTime:0.0037s ]
SQL: SHOW COLUMNS FROM `restaurant` [ RunTime:0.0071s ]
SQL: SELECT `restaurant_id`,`restaurant_name`,`telephone1`,`telephone2`,`address`,`logo` FROM `restaurant` WHERE ( restaurant_id = 131 ) LIMIT 1   [ RunTime:0.0031s ]
SQL: SELECT * FROM `restaurant_manager` WHERE ( restaurant_id=131 ) LIMIT 1   [ RunTime:0.0033s ]
INFO: [ view_parse ] --START--
INFO: [ template_filter ] --START--
INFO: Run Behavior\ContentReplaceBehavior [ RunTime:0.000052s ]
INFO: [ template_filter ] --END-- [ RunTime:0.000085s ]
NOTIC: [8] Undefined index: restaurant_url E:\yunniu\Application\Runtime\Cache\Admin\6ee8e8a26be5e1619fce66a0ca4afe29.php 第 96 行.
NOTIC: [8] Undefined index: restaurant_url E:\yunniu\Application\Runtime\Cache\Admin\6ee8e8a26be5e1619fce66a0ca4afe29.php 第 97 行.
INFO: Run Behavior\ParseTemplateBehavior [ RunTime:0.005436s ]
INFO: [ view_parse ] --END-- [ RunTime:0.005468s ]
INFO: [ view_filter ] --START--
INFO: Run Behavior\WriteHtmlCacheBehavior [ RunTime:0.000228s ]
INFO: [ view_filter ] --END-- [ RunTime:0.000255s ]
INFO: [ app_end ] --START--
INFO: Run Behavior\ShowPageTraceBehavior [ RunTime:0.000509s ]
INFO: [ app_end ] --END-- [ RunTime:0.000538s ]

[ 2017-03-11T11:46:04+08:00 ] 127.0.0.1 /index.php/admin/index
INFO: [ app_init ] --START--
INFO: Run Behavior\BuildLiteBehavior [ RunTime:0.000034s ]
INFO: [ app_init ] --END-- [ RunTime:0.000611s ]
INFO: [ app_begin ] --START--
INFO: Run Behavior\ReadHtmlCacheBehavior [ RunTime:0.000501s ]
INFO: [ app_begin ] --END-- [ RunTime:0.000540s ]
SQL: SHOW COLUMNS FROM `restaurant` [ RunTime:0.0075s ]
SQL: SELECT `logo` FROM `restaurant` WHERE `restaurant_id` = 131 LIMIT 1   [ RunTime:0.0025s ]
SQL: SHOW COLUMNS FROM `qrc_code` [ RunTime:0.0097s ]
SQL: SELECT * FROM `qrc_code` WHERE `restaurant_id` = 131 LIMIT 1   [ RunTime:0.0030s ]
SQL: SHOW COLUMNS FROM `qrc_device` [ RunTime:0.0068s ]
SQL: SELECT * FROM `qrc_device` WHERE `qrc_code_id` = 51 LIMIT 1   [ RunTime:0.0025s ]
INFO: [ view_parse ] --START--
INFO: [ template_filter ] --START--
INFO: Run Behavior\ContentReplaceBehavior [ RunTime:0.000062s ]
INFO: [ template_filter ] --END-- [ RunTime:0.000100s ]
INFO: Run Behavior\ParseTemplateBehavior [ RunTime:0.007063s ]
INFO: [ view_parse ] --END-- [ RunTime:0.007112s ]
INFO: [ view_filter ] --START--
INFO: Run Behavior\WriteHtmlCacheBehavior [ RunTime:0.000317s ]
INFO: [ view_filter ] --END-- [ RunTime:0.000351s ]
INFO: [ app_end ] --START--
INFO: Run Behavior\ShowPageTraceBehavior [ RunTime:0.000574s ]
INFO: [ app_end ] --END-- [ RunTime:0.000613s ]

[ 2017-03-11T11:46:04+08:00 ] 127.0.0.1 /index.php/Admin/restaurant/index.html
INFO: [ app_init ] --START--
INFO: Run Behavior\BuildLiteBehavior [ RunTime:0.000016s ]
INFO: [ app_init ] --END-- [ RunTime:0.000408s ]
INFO: [ app_begin ] --START--
INFO: Run Behavior\ReadHtmlCacheBehavior [ RunTime:0.001133s ]
INFO: [ app_begin ] --END-- [ RunTime:0.001213s ]
SQL: SHOW COLUMNS FROM `restaurant_manager` [ RunTime:0.0064s ]
SQL: SELECT `restaurant_id` FROM `restaurant_manager` WHERE ( id = 103 ) LIMIT 1   [ RunTime:0.0024s ]
SQL: SHOW COLUMNS FROM `restaurant` [ RunTime:0.0076s ]
SQL: SELECT `restaurant_id`,`restaurant_name`,`telephone1`,`telephone2`,`address`,`logo` FROM `restaurant` WHERE ( restaurant_id = 131 ) LIMIT 1   [ RunTime:0.0027s ]
SQL: SELECT * FROM `restaurant_manager` WHERE ( restaurant_id=131 ) LIMIT 1   [ RunTime:0.0031s ]
INFO: [ view_parse ] --START--
INFO: [ template_filter ] --START--
INFO: Run Behavior\ContentReplaceBehavior [ RunTime:0.000056s ]
INFO: [ template_filter ] --END-- [ RunTime:0.000099s ]
NOTIC: [8] Undefined index: restaurant_url E:\yunniu\Application\Runtime\Cache\Admin\6ee8e8a26be5e1619fce66a0ca4afe29.php 第 96 行.
NOTIC: [8] Undefined index: restaurant_url E:\yunniu\Application\Runtime\Cache\Admin\6ee8e8a26be5e1619fce66a0ca4afe29.php 第 97 行.
INFO: Run Behavior\ParseTemplateBehavior [ RunTime:0.005637s ]
INFO: [ view_parse ] --END-- [ RunTime:0.005670s ]
INFO: [ view_filter ] --START--
INFO: Run Behavior\WriteHtmlCacheBehavior [ RunTime:0.000228s ]
INFO: [ view_filter ] --END-- [ RunTime:0.000256s ]
INFO: [ app_end ] --START--
INFO: Run Behavior\ShowPageTraceBehavior [ RunTime:0.000513s ]
INFO: [ app_end ] --END-- [ RunTime:0.000543s ]

[ 2017-03-11T11:46:04+08:00 ] 127.0.0.1 /index.php/admin/index
INFO: [ app_init ] --START--
INFO: Run Behavior\BuildLiteBehavior [ RunTime:0.000011s ]
INFO: [ app_init ] --END-- [ RunTime:0.000320s ]
INFO: [ app_begin ] --START--
INFO: Run Behavior\ReadHtmlCacheBehavior [ RunTime:0.000460s ]
INFO: [ app_begin ] --END-- [ RunTime:0.000494s ]
SQL: SHOW COLUMNS FROM `restaurant` [ RunTime:0.0082s ]
SQL: SELECT `logo` FROM `restaurant` WHERE `restaurant_id` = 131 LIMIT 1   [ RunTime:0.0026s ]
SQL: SHOW COLUMNS FROM `qrc_code` [ RunTime:0.0065s ]
SQL: SELECT * FROM `qrc_code` WHERE `restaurant_id` = 131 LIMIT 1   [ RunTime:0.0025s ]
SQL: SHOW COLUMNS FROM `qrc_device` [ RunTime:0.0066s ]
SQL: SELECT * FROM `qrc_device` WHERE `qrc_code_id` = 51 LIMIT 1   [ RunTime:0.0055s ]
INFO: [ view_parse ] --START--
INFO: [ template_filter ] --START--
INFO: Run Behavior\ContentReplaceBehavior [ RunTime:0.000062s ]
INFO: [ template_filter ] --END-- [ RunTime:0.000099s ]
INFO: Run Behavior\ParseTemplateBehavior [ RunTime:0.008659s ]
INFO: [ view_parse ] --END-- [ RunTime:0.008715s ]
INFO: [ view_filter ] --START--
INFO: Run Behavior\WriteHtmlCacheBehavior [ RunTime:0.000312s ]
INFO: [ view_filter ] --END-- [ RunTime:0.000341s ]
INFO: [ app_end ] --START--
INFO: Run Behavior\ShowPageTraceBehavior [ RunTime:0.000613s ]
INFO: [ app_end ] --END-- [ RunTime:0.000657s ]

[ 2017-03-11T11:46:04+08:00 ] 127.0.0.1 /index.php/Admin/restaurant/index.html
INFO: [ app_init ] --START--
INFO: Run Behavior\BuildLiteBehavior [ RunTime:0.000012s ]
INFO: [ app_init ] --END-- [ RunTime:0.000413s ]
INFO: [ app_begin ] --START--
INFO: Run Behavior\ReadHtmlCacheBehavior [ RunTime:0.000546s ]
INFO: [ app_begin ] --END-- [ RunTime:0.000621s ]
SQL: SHOW COLUMNS FROM `restaurant_manager` [ RunTime:0.0067s ]
SQL: SELECT `restaurant_id` FROM `restaurant_manager` WHERE ( id = 103 ) LIMIT 1   [ RunTime:0.0030s ]
SQL: SHOW COLUMNS FROM `restaurant` [ RunTime:0.0076s ]
SQL: SELECT `restaurant_id`,`restaurant_name`,`telephone1`,`telephone2`,`address`,`logo` FROM `restaurant` WHERE ( restaurant_id = 131 ) LIMIT 1   [ RunTime:0.0036s ]
SQL: SELECT * FROM `restaurant_manager` WHERE ( restaurant_id=131 ) LIMIT 1   [ RunTime:0.0040s ]
INFO: [ view_parse ] --START--
INFO: [ template_filter ] --START--
INFO: Run Behavior\ContentReplaceBehavior [ RunTime:0.000054s ]
INFO: [ template_filter ] --END-- [ RunTime:0.000087s ]
NOTIC: [8] Undefined index: restaurant_url E:\yunniu\Application\Runtime\Cache\Admin\6ee8e8a26be5e1619fce66a0ca4afe29.php 第 96 行.
NOTIC: [8] Undefined index: restaurant_url E:\yunniu\Application\Runtime\Cache\Admin\6ee8e8a26be5e1619fce66a0ca4afe29.php 第 97 行.
INFO: Run Behavior\ParseTemplateBehavior [ RunTime:0.005439s ]
INFO: [ view_parse ] --END-- [ RunTime:0.005473s ]
INFO: [ view_filter ] --START--
INFO: Run Behavior\WriteHtmlCacheBehavior [ RunTime:0.000229s ]
INFO: [ view_filter ] --END-- [ RunTime:0.000257s ]
INFO: [ app_end ] --START--
INFO: Run Behavior\ShowPageTraceBehavior [ RunTime:0.000511s ]
INFO: [ app_end ] --END-- [ RunTime:0.000541s ]

[ 2017-03-11T11:46:05+08:00 ] 127.0.0.1 /index.php/admin/index
INFO: [ app_init ] --START--
INFO: Run Behavior\BuildLiteBehavior [ RunTime:0.000014s ]
INFO: [ app_init ] --END-- [ RunTime:0.000476s ]
INFO: [ app_begin ] --START--
INFO: Run Behavior\ReadHtmlCacheBehavior [ RunTime:0.000833s ]
INFO: [ app_begin ] --END-- [ RunTime:0.000877s ]
SQL: SHOW COLUMNS FROM `restaurant` [ RunTime:0.0095s ]
SQL: SELECT `logo` FROM `restaurant` WHERE `restaurant_id` = 131 LIMIT 1   [ RunTime:0.0025s ]
SQL: SHOW COLUMNS FROM `qrc_code` [ RunTime:0.0070s ]
SQL: SELECT * FROM `qrc_code` WHERE `restaurant_id` = 131 LIMIT 1   [ RunTime:0.0031s ]
SQL: SHOW COLUMNS FROM `qrc_device` [ RunTime:0.0064s ]
SQL: SELECT * FROM `qrc_device` WHERE `qrc_code_id` = 51 LIMIT 1   [ RunTime:0.0029s ]
INFO: [ view_parse ] --START--
INFO: [ template_filter ] --START--
INFO: Run Behavior\ContentReplaceBehavior [ RunTime:0.000064s ]
INFO: [ template_filter ] --END-- [ RunTime:0.000106s ]
INFO: Run Behavior\ParseTemplateBehavior [ RunTime:0.007027s ]
INFO: [ view_parse ] --END-- [ RunTime:0.007068s ]
INFO: [ view_filter ] --START--
INFO: Run Behavior\WriteHtmlCacheBehavior [ RunTime:0.000254s ]
INFO: [ view_filter ] --END-- [ RunTime:0.000282s ]
INFO: [ app_end ] --START--
INFO: Run Behavior\ShowPageTraceBehavior [ RunTime:0.000540s ]
INFO: [ app_end ] --END-- [ RunTime:0.000575s ]

[ 2017-03-11T11:46:05+08:00 ] 127.0.0.1 /index.php/Admin/restaurant/index.html
INFO: [ app_init ] --START--
INFO: Run Behavior\BuildLiteBehavior [ RunTime:0.000037s ]
INFO: [ app_init ] --END-- [ RunTime:0.000408s ]
INFO: [ app_begin ] --START--
INFO: Run Behavior\ReadHtmlCacheBehavior [ RunTime:0.000701s ]
INFO: [ app_begin ] --END-- [ RunTime:0.000747s ]
SQL: SHOW COLUMNS FROM `restaurant_manager` [ RunTime:0.0067s ]
SQL: SELECT `restaurant_id` FROM `restaurant_manager` WHERE ( id = 103 ) LIMIT 1   [ RunTime:0.0031s ]
SQL: SHOW COLUMNS FROM `restaurant` [ RunTime:0.0075s ]
SQL: SELECT `restaurant_id`,`restaurant_name`,`telephone1`,`telephone2`,`address`,`logo` FROM `restaurant` WHERE ( restaurant_id = 131 ) LIMIT 1   [ RunTime:0.0027s ]
SQL: SELECT * FROM `restaurant_manager` WHERE ( restaurant_id=131 ) LIMIT 1   [ RunTime:0.0033s ]
INFO: [ view_parse ] --START--
INFO: [ template_filter ] --START--
INFO: Run Behavior\ContentReplaceBehavior [ RunTime:0.000060s ]
INFO: [ template_filter ] --END-- [ RunTime:0.000110s ]
NOTIC: [8] Undefined index: restaurant_url E:\yunniu\Application\Runtime\Cache\Admin\6ee8e8a26be5e1619fce66a0ca4afe29.php 第 96 行.
NOTIC: [8] Undefined index: restaurant_url E:\yunniu\Application\Runtime\Cache\Admin\6ee8e8a26be5e1619fce66a0ca4afe29.php 第 97 行.
INFO: Run Behavior\ParseTemplateBehavior [ RunTime:0.005815s ]
INFO: [ view_parse ] --END-- [ RunTime:0.005854s ]
INFO: [ view_filter ] --START--
INFO: Run Behavior\WriteHtmlCacheBehavior [ RunTime:0.000392s ]
INFO: [ view_filter ] --END-- [ RunTime:0.000429s ]
INFO: [ app_end ] --START--
INFO: Run Behavior\ShowPageTraceBehavior [ RunTime:0.000603s ]
INFO: [ app_end ] --END-- [ RunTime:0.000637s ]

[ 2017-03-11T11:46:05+08:00 ] 127.0.0.1 /index.php/admin/index
INFO: [ app_init ] --START--
INFO: Run Behavior\BuildLiteBehavior [ RunTime:0.000036s ]
INFO: [ app_init ] --END-- [ RunTime:0.000429s ]
INFO: [ app_begin ] --START--
INFO: Run Behavior\ReadHtmlCacheBehavior [ RunTime:0.000732s ]
INFO: [ app_begin ] --END-- [ RunTime:0.000805s ]
SQL: SHOW COLUMNS FROM `restaurant` [ RunTime:0.0075s ]
SQL: SELECT `logo` FROM `restaurant` WHERE `restaurant_id` = 131 LIMIT 1   [ RunTime:0.0022s ]
SQL: SHOW COLUMNS FROM `qrc_code` [ RunTime:0.0071s ]
SQL: SELECT * FROM `qrc_code` WHERE `restaurant_id` = 131 LIMIT 1   [ RunTime:0.0024s ]
SQL: SHOW COLUMNS FROM `qrc_device` [ RunTime:0.0066s ]
SQL: SELECT * FROM `qrc_device` WHERE `qrc_code_id` = 51 LIMIT 1   [ RunTime:0.0031s ]
INFO: [ view_parse ] --START--
INFO: [ template_filter ] --START--
INFO: Run Behavior\ContentReplaceBehavior [ RunTime:0.000061s ]
INFO: [ template_filter ] --END-- [ RunTime:0.000094s ]
INFO: Run Behavior\ParseTemplateBehavior [ RunTime:0.006796s ]
INFO: [ view_parse ] --END-- [ RunTime:0.006838s ]
INFO: [ view_filter ] --START--
INFO: Run Behavior\WriteHtmlCacheBehavior [ RunTime:0.000236s ]
INFO: [ view_filter ] --END-- [ RunTime:0.000264s ]
INFO: [ app_end ] --START--
INFO: Run Behavior\ShowPageTraceBehavior [ RunTime:0.000528s ]
INFO: [ app_end ] --END-- [ RunTime:0.000563s ]

[ 2017-03-11T11:46:05+08:00 ] 127.0.0.1 /index.php/Admin/restaurant/index.html
INFO: [ app_init ] --START--
INFO: Run Behavior\BuildLiteBehavior [ RunTime:0.000013s ]
INFO: [ app_init ] --END-- [ RunTime:0.000372s ]
INFO: [ app_begin ] --START--
INFO: Run Behavior\ReadHtmlCacheBehavior [ RunTime:0.000470s ]
INFO: [ app_begin ] --END-- [ RunTime:0.000511s ]
SQL: SHOW COLUMNS FROM `restaurant_manager` [ RunTime:0.0070s ]
SQL: SELECT `restaurant_id` FROM `restaurant_manager` WHERE ( id = 103 ) LIMIT 1   [ RunTime:0.0036s ]
SQL: SHOW COLUMNS FROM `restaurant` [ RunTime:0.0115s ]
SQL: SELECT `restaurant_id`,`restaurant_name`,`telephone1`,`telephone2`,`address`,`logo` FROM `restaurant` WHERE ( restaurant_id = 131 ) LIMIT 1   [ RunTime:0.0030s ]
SQL: SELECT * FROM `restaurant_manager` WHERE ( restaurant_id=131 ) LIMIT 1   [ RunTime:0.0046s ]
INFO: [ view_parse ] --START--
INFO: [ template_filter ] --START--
INFO: Run Behavior\ContentReplaceBehavior [ RunTime:0.000056s ]
INFO: [ template_filter ] --END-- [ RunTime:0.000093s ]
NOTIC: [8] Undefined index: restaurant_url E:\yunniu\Application\Runtime\Cache\Admin\6ee8e8a26be5e1619fce66a0ca4afe29.php 第 96 行.
NOTIC: [8] Undefined index: restaurant_url E:\yunniu\Application\Runtime\Cache\Admin\6ee8e8a26be5e1619fce66a0ca4afe29.php 第 97 行.
INFO: Run Behavior\ParseTemplateBehavior [ RunTime:0.005672s ]
INFO: [ view_parse ] --END-- [ RunTime:0.005712s ]
INFO: [ view_filter ] --START--
INFO: Run Behavior\WriteHtmlCacheBehavior [ RunTime:0.000276s ]
INFO: [ view_filter ] --END-- [ RunTime:0.000305s ]
INFO: [ app_end ] --START--
INFO: Run Behavior\ShowPageTraceBehavior [ RunTime:0.000537s ]
INFO: [ app_end ] --END-- [ RunTime:0.000568s ]

[ 2017-03-11T11:46:08+08:00 ] 127.0.0.1 /index.php/Admin/Moudle/device.html
INFO: [ app_init ] --START--
INFO: Run Behavior\BuildLiteBehavior [ RunTime:0.000011s ]
INFO: [ app_init ] --END-- [ RunTime:0.000315s ]
INFO: [ app_begin ] --START--
INFO: Run Behavior\ReadHtmlCacheBehavior [ RunTime:0.000440s ]
INFO: [ app_begin ] --END-- [ RunTime:0.000475s ]
SQL: SHOW COLUMNS FROM `restaurant_manager` [ RunTime:0.0074s ]
SQL: SELECT `restaurant_id` FROM `restaurant_manager` WHERE ( id = 103 ) LIMIT 1   [ RunTime:0.0034s ]
SQL: SHOW COLUMNS FROM `restaurant_page_group` [ RunTime:0.0058s ]
SQL: SELECT * FROM `restaurant_page_group` WHERE `restaurant_id` = 131 AND `page_screen` = 1  [ RunTime:0.0036s ]
SQL: SHOW COLUMNS FROM `group_detail` [ RunTime:0.0065s ]
SQL: SELECT * FROM `group_detail` WHERE `group_id` = 1 LIMIT 1   [ RunTime:0.0031s ]
SQL: SELECT * FROM `restaurant_page_group` WHERE `restaurant_id` = 131 AND `page_screen` = 2  [ RunTime:0.0032s ]
SQL: SELECT * FROM `group_detail` WHERE `group_id` = 2 LIMIT 1   [ RunTime:0.0030s ]
SQL: SELECT * FROM `group_detail` WHERE `group_id` = 11 LIMIT 1   [ RunTime:0.0039s ]
SQL: SELECT * FROM `group_detail` WHERE `group_id` = 6 LIMIT 1   [ RunTime:0.0032s ]
INFO: [ view_parse ] --START--
INFO: [ template_filter ] --START--
INFO: Run Behavior\ContentReplaceBehavior [ RunTime:0.000067s ]
INFO: [ template_filter ] --END-- [ RunTime:0.000101s ]
INFO: Run Behavior\ParseTemplateBehavior [ RunTime:0.008876s ]
INFO: [ view_parse ] --END-- [ RunTime:0.008914s ]
INFO: [ view_filter ] --START--
INFO: Run Behavior\WriteHtmlCacheBehavior [ RunTime:0.000227s ]
INFO: [ view_filter ] --END-- [ RunTime:0.000255s ]
INFO: [ app_end ] --START--
INFO: Run Behavior\ShowPageTraceBehavior [ RunTime:0.000513s ]
INFO: [ app_end ] --END-- [ RunTime:0.000542s ]

[ 2017-03-11T11:46:12+08:00 ] 127.0.0.1 /index.php/admin/Moudle/useTemp/restaurant_page_group_id/385/tpltype/2
INFO: [ app_init ] --START--
INFO: Run Behavior\BuildLiteBehavior [ RunTime:0.000010s ]
INFO: [ app_init ] --END-- [ RunTime:0.000312s ]
INFO: [ app_begin ] --START--
INFO: Run Behavior\ReadHtmlCacheBehavior [ RunTime:0.000438s ]
INFO: [ app_begin ] --END-- [ RunTime:0.000470s ]
SQL: SHOW COLUMNS FROM `restaurant_manager` [ RunTime:0.0066s ]
SQL: SELECT `restaurant_id` FROM `restaurant_manager` WHERE ( id = 103 ) LIMIT 1   [ RunTime:0.0029s ]
SQL: SHOW COLUMNS FROM `restaurant_page_group` [ RunTime:0.0062s ]
SQL: SELECT `status` FROM `restaurant_page_group` WHERE `restaurant_page_group_id` = 385 AND `restaurant_id` = 131 LIMIT 1   [ RunTime:0.0029s ]
SQL: UPDATE `restaurant_page_group` SET `restaurant_id`='131',`status`='1' WHERE `restaurant_page_group_id` = 385 [ RunTime:0.0422s ]
SQL: UPDATE `restaurant_page_group` SET `status`='0' WHERE `restaurant_page_group_id` <> '385' AND `restaurant_id` = 131 AND `page_screen` = 2 [ RunTime:0.0329s ]

[ 2017-03-11T11:47:37+08:00 ] 127.0.0.1 /index.php/admin/Moudle/changecolor1/tplcolor1_id/0
INFO: [ app_init ] --START--
INFO: Run Behavior\BuildLiteBehavior [ RunTime:0.000011s ]
INFO: [ app_init ] --END-- [ RunTime:0.000313s ]
INFO: [ app_begin ] --START--
INFO: Run Behavior\ReadHtmlCacheBehavior [ RunTime:0.000441s ]
INFO: [ app_begin ] --END-- [ RunTime:0.000473s ]
SQL: SHOW COLUMNS FROM `restaurant_manager` [ RunTime:0.0055s ]
SQL: SELECT `restaurant_id` FROM `restaurant_manager` WHERE ( id = 103 ) LIMIT 1   [ RunTime:0.0029s ]
SQL: SHOW COLUMNS FROM `restaurant` [ RunTime:0.0088s ]
SQL: UPDATE `restaurant` SET `tplcolor1_id`='0' WHERE `restaurant_id` = 131 [ RunTime:0.0475s ]

[ 2017-03-11T11:48:38+08:00 ] 127.0.0.1 /index.php/admin/Moudle/useTemp/restaurant_page_group_id/457/tpltype/2
INFO: [ app_init ] --START--
INFO: Run Behavior\BuildLiteBehavior [ RunTime:0.000010s ]
INFO: [ app_init ] --END-- [ RunTime:0.000313s ]
INFO: [ app_begin ] --START--
INFO: Run Behavior\ReadHtmlCacheBehavior [ RunTime:0.000437s ]
INFO: [ app_begin ] --END-- [ RunTime:0.000468s ]
SQL: SHOW COLUMNS FROM `restaurant_manager` [ RunTime:0.0071s ]
SQL: SELECT `restaurant_id` FROM `restaurant_manager` WHERE ( id = 103 ) LIMIT 1   [ RunTime:0.0036s ]
SQL: SHOW COLUMNS FROM `restaurant_page_group` [ RunTime:0.0062s ]
SQL: SELECT `status` FROM `restaurant_page_group` WHERE `restaurant_page_group_id` = 457 AND `restaurant_id` = 131 LIMIT 1   [ RunTime:0.0019s ]
SQL: UPDATE `restaurant_page_group` SET `restaurant_id`='131',`status`='1' WHERE `restaurant_page_group_id` = 457 [ RunTime:0.0320s ]
SQL: UPDATE `restaurant_page_group` SET `status`='0' WHERE `restaurant_page_group_id` <> '457' AND `restaurant_id` = 131 AND `page_screen` = 2 [ RunTime:0.0331s ]

[ 2017-03-11T11:50:11+08:00 ] 127.0.0.1 /index.php/Admin/Member/point_consumptio.html
INFO: [ app_init ] --START--
INFO: Run Behavior\BuildLiteBehavior [ RunTime:0.000010s ]
INFO: [ app_init ] --END-- [ RunTime:0.000317s ]
INFO: [ app_begin ] --START--
INFO: Run Behavior\ReadHtmlCacheBehavior [ RunTime:0.000442s ]
INFO: [ app_begin ] --END-- [ RunTime:0.000479s ]
SQL: SHOW COLUMNS FROM `restaurant` [ RunTime:0.0082s ]
SQL: SELECT `business_id` FROM `restaurant` WHERE `restaurant_id` = 131 LIMIT 1   [ RunTime:0.0036s ]
SQL: SHOW COLUMNS FROM `all_benefit` [ RunTime:0.0087s ]
SQL: SELECT * FROM `all_benefit` WHERE `business_id` = 25 AND `type` = 3 LIMIT 1   [ RunTime:0.0030s ]
SQL: SHOW COLUMNS FROM `set` [ RunTime:0.0079s ]
SQL: SELECT `if_open` FROM `set` WHERE `type` = 3 AND `restaurant_id` = 131 LIMIT 1   [ RunTime:0.0037s ]
SQL: SHOW COLUMNS FROM `score_goods` [ RunTime:0.0081s ]
SQL: SELECT * FROM `score_goods` WHERE `business_id` = 25  [ RunTime:0.0068s ]
SQL: SELECT `if_open` FROM `set` WHERE `type` = 4 AND `restaurant_id` = 131 LIMIT 1   [ RunTime:0.0040s ]
INFO: [ view_parse ] --START--
INFO: [ template_filter ] --START--
INFO: Run Behavior\ContentReplaceBehavior [ RunTime:0.000055s ]
INFO: [ template_filter ] --END-- [ RunTime:0.000097s ]
NOTIC: [8] Use of undefined constant account - assumed 'account' E:\yunniu\Application\Runtime\Cache\Admin\73620e726627cbcd5da1eac3ef0bcfb3.php 第 45 行.
NOTIC: [8] Use of undefined constant id - assumed 'id' E:\yunniu\Application\Runtime\Cache\Admin\73620e726627cbcd5da1eac3ef0bcfb3.php 第 48 行.
NOTIC: [8] Use of undefined constant goods_img - assumed 'goods_img' E:\yunniu\Application\Runtime\Cache\Admin\73620e726627cbcd5da1eac3ef0bcfb3.php 第 66 行.
NOTIC: [8] Undefined index: money E:\yunniu\Application\Runtime\Cache\Admin\73620e726627cbcd5da1eac3ef0bcfb3.php 第 70 行.
NOTIC: [8] Use of undefined constant score - assumed 'score' E:\yunniu\Application\Runtime\Cache\Admin\73620e726627cbcd5da1eac3ef0bcfb3.php 第 73 行.
NOTIC: [8] Use of undefined constant goods_img - assumed 'goods_img' E:\yunniu\Application\Runtime\Cache\Admin\73620e726627cbcd5da1eac3ef0bcfb3.php 第 66 行.
NOTIC: [8] Undefined index: money E:\yunniu\Application\Runtime\Cache\Admin\73620e726627cbcd5da1eac3ef0bcfb3.php 第 70 行.
NOTIC: [8] Use of undefined constant score - assumed 'score' E:\yunniu\Application\Runtime\Cache\Admin\73620e726627cbcd5da1eac3ef0bcfb3.php 第 73 行.
NOTIC: [8] Use of undefined constant goods_img - assumed 'goods_img' E:\yunniu\Application\Runtime\Cache\Admin\73620e726627cbcd5da1eac3ef0bcfb3.php 第 66 行.
NOTIC: [8] Undefined index: money E:\yunniu\Application\Runtime\Cache\Admin\73620e726627cbcd5da1eac3ef0bcfb3.php 第 70 行.
NOTIC: [8] Use of undefined constant score - assumed 'score' E:\yunniu\Application\Runtime\Cache\Admin\73620e726627cbcd5da1eac3ef0bcfb3.php 第 73 行.
NOTIC: [8] Use of undefined constant goods_img - assumed 'goods_img' E:\yunniu\Application\Runtime\Cache\Admin\73620e726627cbcd5da1eac3ef0bcfb3.php 第 66 行.
NOTIC: [8] Undefined index: money E:\yunniu\Application\Runtime\Cache\Admin\73620e726627cbcd5da1eac3ef0bcfb3.php 第 70 行.
NOTIC: [8] Use of undefined constant score - assumed 'score' E:\yunniu\Application\Runtime\Cache\Admin\73620e726627cbcd5da1eac3ef0bcfb3.php 第 73 行.
NOTIC: [8] Use of undefined constant goods_img - assumed 'goods_img' E:\yunniu\Application\Runtime\Cache\Admin\73620e726627cbcd5da1eac3ef0bcfb3.php 第 66 行.
NOTIC: [8] Undefined index: money E:\yunniu\Application\Runtime\Cache\Admin\73620e726627cbcd5da1eac3ef0bcfb3.php 第 70 行.
NOTIC: [8] Use of undefined constant score - assumed 'score' E:\yunniu\Application\Runtime\Cache\Admin\73620e726627cbcd5da1eac3ef0bcfb3.php 第 73 行.
NOTIC: [8] Use of undefined constant goods_img - assumed 'goods_img' E:\yunniu\Application\Runtime\Cache\Admin\73620e726627cbcd5da1eac3ef0bcfb3.php 第 66 行.
NOTIC: [8] Undefined index: money E:\yunniu\Application\Runtime\Cache\Admin\73620e726627cbcd5da1eac3ef0bcfb3.php 第 70 行.
NOTIC: [8] Use of undefined constant score - assumed 'score' E:\yunniu\Application\Runtime\Cache\Admin\73620e726627cbcd5da1eac3ef0bcfb3.php 第 73 行.
NOTIC: [8] Use of undefined constant goods_img - assumed 'goods_img' E:\yunniu\Application\Runtime\Cache\Admin\73620e726627cbcd5da1eac3ef0bcfb3.php 第 66 行.
NOTIC: [8] Undefined index: money E:\yunniu\Application\Runtime\Cache\Admin\73620e726627cbcd5da1eac3ef0bcfb3.php 第 70 行.
NOTIC: [8] Use of undefined constant score - assumed 'score' E:\yunniu\Application\Runtime\Cache\Admin\73620e726627cbcd5da1eac3ef0bcfb3.php 第 73 行.
NOTIC: [8] Use of undefined constant goods_img - assumed 'goods_img' E:\yunniu\Application\Runtime\Cache\Admin\73620e726627cbcd5da1eac3ef0bcfb3.php 第 66 行.
NOTIC: [8] Undefined index: money E:\yunniu\Application\Runtime\Cache\Admin\73620e726627cbcd5da1eac3ef0bcfb3.php 第 70 行.
NOTIC: [8] Use of undefined constant score - assumed 'score' E:\yunniu\Application\Runtime\Cache\Admin\73620e726627cbcd5da1eac3ef0bcfb3.php 第 73 行.
INFO: Run Behavior\ParseTemplateBehavior [ RunTime:0.024454s ]
INFO: [ view_parse ] --END-- [ RunTime:0.024489s ]
INFO: [ view_filter ] --START--
INFO: Run Behavior\WriteHtmlCacheBehavior [ RunTime:0.000341s ]
INFO: [ view_filter ] --END-- [ RunTime:0.000373s ]
INFO: [ app_end ] --START--
INFO: Run Behavior\ShowPageTraceBehavior [ RunTime:0.000561s ]
INFO: [ app_end ] --END-- [ RunTime:0.000597s ]

[ 2017-03-11T11:50:12+08:00 ] 127.0.0.1 /index.php/Admin/Member/goods_set
INFO: [ app_init ] --START--
INFO: Run Behavior\BuildLiteBehavior [ RunTime:0.000010s ]
INFO: [ app_init ] --END-- [ RunTime:0.000316s ]
INFO: [ app_begin ] --START--
INFO: Run Behavior\ReadHtmlCacheBehavior [ RunTime:0.000437s ]
INFO: [ app_begin ] --END-- [ RunTime:0.000469s ]
SQL: SHOW COLUMNS FROM `set` [ RunTime:0.0062s ]
SQL: SELECT * FROM `set` WHERE `restaurant_id` = 131 AND `type` = 4 LIMIT 1   [ RunTime:0.0049s ]
SQL: UPDATE `set` SET `if_open`='0',`restaurant_id`='131' WHERE `restaurant_id` = 131 AND `type` = 4 [ RunTime:0.0536s ]

[ 2017-03-11T11:51:37+08:00 ] 127.0.0.1 /index.php/Admin/Member/point_consumptio.html
INFO: [ app_init ] --START--
INFO: Run Behavior\BuildLiteBehavior [ RunTime:0.000011s ]
INFO: [ app_init ] --END-- [ RunTime:0.000326s ]
INFO: [ app_begin ] --START--
INFO: Run Behavior\ReadHtmlCacheBehavior [ RunTime:0.000601s ]
INFO: [ app_begin ] --END-- [ RunTime:0.000639s ]
SQL: SHOW COLUMNS FROM `restaurant` [ RunTime:0.0079s ]
SQL: SELECT `business_id` FROM `restaurant` WHERE `restaurant_id` = 131 LIMIT 1   [ RunTime:0.0029s ]
SQL: SHOW COLUMNS FROM `all_benefit` [ RunTime:0.0069s ]
SQL: SELECT * FROM `all_benefit` WHERE `business_id` = 25 AND `type` = 3 LIMIT 1   [ RunTime:0.0029s ]
SQL: SHOW COLUMNS FROM `set` [ RunTime:0.0066s ]
SQL: SELECT `if_open` FROM `set` WHERE `type` = 3 AND `restaurant_id` = 131 LIMIT 1   [ RunTime:0.0029s ]
SQL: SHOW COLUMNS FROM `score_goods` [ RunTime:0.0069s ]
SQL: SELECT * FROM `score_goods` WHERE `business_id` = 25  [ RunTime:0.0036s ]
SQL: SELECT `if_open` FROM `set` WHERE `type` = 4 AND `restaurant_id` = 131 LIMIT 1   [ RunTime:0.0027s ]
INFO: [ view_parse ] --START--
INFO: [ template_filter ] --START--
INFO: Run Behavior\ContentReplaceBehavior [ RunTime:0.000056s ]
INFO: [ template_filter ] --END-- [ RunTime:0.000096s ]
NOTIC: [8] Use of undefined constant account - assumed 'account' E:\yunniu\Application\Runtime\Cache\Admin\73620e726627cbcd5da1eac3ef0bcfb3.php 第 45 行.
NOTIC: [8] Use of undefined constant id - assumed 'id' E:\yunniu\Application\Runtime\Cache\Admin\73620e726627cbcd5da1eac3ef0bcfb3.php 第 48 行.
NOTIC: [8] Use of undefined constant goods_img - assumed 'goods_img' E:\yunniu\Application\Runtime\Cache\Admin\73620e726627cbcd5da1eac3ef0bcfb3.php 第 66 行.
NOTIC: [8] Undefined index: money E:\yunniu\Application\Runtime\Cache\Admin\73620e726627cbcd5da1eac3ef0bcfb3.php 第 70 行.
NOTIC: [8] Use of undefined constant score - assumed 'score' E:\yunniu\Application\Runtime\Cache\Admin\73620e726627cbcd5da1eac3ef0bcfb3.php 第 73 行.
NOTIC: [8] Use of undefined constant goods_img - assumed 'goods_img' E:\yunniu\Application\Runtime\Cache\Admin\73620e726627cbcd5da1eac3ef0bcfb3.php 第 66 行.
NOTIC: [8] Undefined index: money E:\yunniu\Application\Runtime\Cache\Admin\73620e726627cbcd5da1eac3ef0bcfb3.php 第 70 行.
NOTIC: [8] Use of undefined constant score - assumed 'score' E:\yunniu\Application\Runtime\Cache\Admin\73620e726627cbcd5da1eac3ef0bcfb3.php 第 73 行.
NOTIC: [8] Use of undefined constant goods_img - assumed 'goods_img' E:\yunniu\Application\Runtime\Cache\Admin\73620e726627cbcd5da1eac3ef0bcfb3.php 第 66 行.
NOTIC: [8] Undefined index: money E:\yunniu\Application\Runtime\Cache\Admin\73620e726627cbcd5da1eac3ef0bcfb3.php 第 70 行.
NOTIC: [8] Use of undefined constant score - assumed 'score' E:\yunniu\Application\Runtime\Cache\Admin\73620e726627cbcd5da1eac3ef0bcfb3.php 第 73 行.
NOTIC: [8] Use of undefined constant goods_img - assumed 'goods_img' E:\yunniu\Application\Runtime\Cache\Admin\73620e726627cbcd5da1eac3ef0bcfb3.php 第 66 行.
NOTIC: [8] Undefined index: money E:\yunniu\Application\Runtime\Cache\Admin\73620e726627cbcd5da1eac3ef0bcfb3.php 第 70 行.
NOTIC: [8] Use of undefined constant score - assumed 'score' E:\yunniu\Application\Runtime\Cache\Admin\73620e726627cbcd5da1eac3ef0bcfb3.php 第 73 行.
NOTIC: [8] Use of undefined constant goods_img - assumed 'goods_img' E:\yunniu\Application\Runtime\Cache\Admin\73620e726627cbcd5da1eac3ef0bcfb3.php 第 66 行.
NOTIC: [8] Undefined index: money E:\yunniu\Application\Runtime\Cache\Admin\73620e726627cbcd5da1eac3ef0bcfb3.php 第 70 行.
NOTIC: [8] Use of undefined constant score - assumed 'score' E:\yunniu\Application\Runtime\Cache\Admin\73620e726627cbcd5da1eac3ef0bcfb3.php 第 73 行.
NOTIC: [8] Use of undefined constant goods_img - assumed 'goods_img' E:\yunniu\Application\Runtime\Cache\Admin\73620e726627cbcd5da1eac3ef0bcfb3.php 第 66 行.
NOTIC: [8] Undefined index: money E:\yunniu\Application\Runtime\Cache\Admin\73620e726627cbcd5da1eac3ef0bcfb3.php 第 70 行.
NOTIC: [8] Use of undefined constant score - assumed 'score' E:\yunniu\Application\Runtime\Cache\Admin\73620e726627cbcd5da1eac3ef0bcfb3.php 第 73 行.
NOTIC: [8] Use of undefined constant goods_img - assumed 'goods_img' E:\yunniu\Application\Runtime\Cache\Admin\73620e726627cbcd5da1eac3ef0bcfb3.php 第 66 行.
NOTIC: [8] Undefined index: money E:\yunniu\Application\Runtime\Cache\Admin\73620e726627cbcd5da1eac3ef0bcfb3.php 第 70 行.
NOTIC: [8] Use of undefined constant score - assumed 'score' E:\yunniu\Application\Runtime\Cache\Admin\73620e726627cbcd5da1eac3ef0bcfb3.php 第 73 行.
NOTIC: [8] Use of undefined constant goods_img - assumed 'goods_img' E:\yunniu\Application\Runtime\Cache\Admin\73620e726627cbcd5da1eac3ef0bcfb3.php 第 66 行.
NOTIC: [8] Undefined index: money E:\yunniu\Application\Runtime\Cache\Admin\73620e726627cbcd5da1eac3ef0bcfb3.php 第 70 行.
NOTIC: [8] Use of undefined constant score - assumed 'score' E:\yunniu\Application\Runtime\Cache\Admin\73620e726627cbcd5da1eac3ef0bcfb3.php 第 73 行.
INFO: Run Behavior\ParseTemplateBehavior [ RunTime:0.006332s ]
INFO: [ view_parse ] --END-- [ RunTime:0.006363s ]
INFO: [ view_filter ] --START--
INFO: Run Behavior\WriteHtmlCacheBehavior [ RunTime:0.000230s ]
INFO: [ view_filter ] --END-- [ RunTime:0.000258s ]
INFO: [ app_end ] --START--
INFO: Run Behavior\ShowPageTraceBehavior [ RunTime:0.000449s ]
INFO: [ app_end ] --END-- [ RunTime:0.000484s ]

[ 2017-03-11T11:51:39+08:00 ] 127.0.0.1 /index.php/Admin/Member/point_consumptio.html
INFO: [ app_init ] --START--
INFO: Run Behavior\BuildLiteBehavior [ RunTime:0.000010s ]
INFO: [ app_init ] --END-- [ RunTime:0.000316s ]
INFO: [ app_begin ] --START--
INFO: Run Behavior\ReadHtmlCacheBehavior [ RunTime:0.000444s ]
INFO: [ app_begin ] --END-- [ RunTime:0.000479s ]
SQL: SHOW COLUMNS FROM `restaurant` [ RunTime:0.0083s ]
SQL: SELECT `business_id` FROM `restaurant` WHERE `restaurant_id` = 131 LIMIT 1   [ RunTime:0.0030s ]
SQL: SHOW COLUMNS FROM `all_benefit` [ RunTime:0.0063s ]
SQL: SELECT * FROM `all_benefit` WHERE `business_id` = 25 AND `type` = 3 LIMIT 1   [ RunTime:0.0044s ]
SQL: SHOW COLUMNS FROM `set` [ RunTime:0.0059s ]
SQL: SELECT `if_open` FROM `set` WHERE `type` = 3 AND `restaurant_id` = 131 LIMIT 1   [ RunTime:0.0031s ]
SQL: SHOW COLUMNS FROM `score_goods` [ RunTime:0.0086s ]
SQL: SELECT * FROM `score_goods` WHERE `business_id` = 25  [ RunTime:0.0039s ]
SQL: SELECT `if_open` FROM `set` WHERE `type` = 4 AND `restaurant_id` = 131 LIMIT 1   [ RunTime:0.0022s ]
INFO: [ view_parse ] --START--
INFO: [ template_filter ] --START--
INFO: Run Behavior\ContentReplaceBehavior [ RunTime:0.000054s ]
INFO: [ template_filter ] --END-- [ RunTime:0.000095s ]
NOTIC: [8] Use of undefined constant account - assumed 'account' E:\yunniu\Application\Runtime\Cache\Admin\73620e726627cbcd5da1eac3ef0bcfb3.php 第 45 行.
NOTIC: [8] Use of undefined constant id - assumed 'id' E:\yunniu\Application\Runtime\Cache\Admin\73620e726627cbcd5da1eac3ef0bcfb3.php 第 48 行.
NOTIC: [8] Use of undefined constant goods_img - assumed 'goods_img' E:\yunniu\Application\Runtime\Cache\Admin\73620e726627cbcd5da1eac3ef0bcfb3.php 第 66 行.
NOTIC: [8] Undefined index: money E:\yunniu\Application\Runtime\Cache\Admin\73620e726627cbcd5da1eac3ef0bcfb3.php 第 70 行.
NOTIC: [8] Use of undefined constant score - assumed 'score' E:\yunniu\Application\Runtime\Cache\Admin\73620e726627cbcd5da1eac3ef0bcfb3.php 第 73 行.
NOTIC: [8] Use of undefined constant goods_img - assumed 'goods_img' E:\yunniu\Application\Runtime\Cache\Admin\73620e726627cbcd5da1eac3ef0bcfb3.php 第 66 行.
NOTIC: [8] Undefined index: money E:\yunniu\Application\Runtime\Cache\Admin\73620e726627cbcd5da1eac3ef0bcfb3.php 第 70 行.
NOTIC: [8] Use of undefined constant score - assumed 'score' E:\yunniu\Application\Runtime\Cache\Admin\73620e726627cbcd5da1eac3ef0bcfb3.php 第 73 行.
NOTIC: [8] Use of undefined constant goods_img - assumed 'goods_img' E:\yunniu\Application\Runtime\Cache\Admin\73620e726627cbcd5da1eac3ef0bcfb3.php 第 66 行.
NOTIC: [8] Undefined index: money E:\yunniu\Application\Runtime\Cache\Admin\73620e726627cbcd5da1eac3ef0bcfb3.php 第 70 行.
NOTIC: [8] Use of undefined constant score - assumed 'score' E:\yunniu\Application\Runtime\Cache\Admin\73620e726627cbcd5da1eac3ef0bcfb3.php 第 73 行.
NOTIC: [8] Use of undefined constant goods_img - assumed 'goods_img' E:\yunniu\Application\Runtime\Cache\Admin\73620e726627cbcd5da1eac3ef0bcfb3.php 第 66 行.
NOTIC: [8] Undefined index: money E:\yunniu\Application\Runtime\Cache\Admin\73620e726627cbcd5da1eac3ef0bcfb3.php 第 70 行.
NOTIC: [8] Use of undefined constant score - assumed 'score' E:\yunniu\Application\Runtime\Cache\Admin\73620e726627cbcd5da1eac3ef0bcfb3.php 第 73 行.
NOTIC: [8] Use of undefined constant goods_img - assumed 'goods_img' E:\yunniu\Application\Runtime\Cache\Admin\73620e726627cbcd5da1eac3ef0bcfb3.php 第 66 行.
NOTIC: [8] Undefined index: money E:\yunniu\Application\Runtime\Cache\Admin\73620e726627cbcd5da1eac3ef0bcfb3.php 第 70 行.
NOTIC: [8] Use of undefined constant score - assumed 'score' E:\yunniu\Application\Runtime\Cache\Admin\73620e726627cbcd5da1eac3ef0bcfb3.php 第 73 行.
NOTIC: [8] Use of undefined constant goods_img - assumed 'goods_img' E:\yunniu\Application\Runtime\Cache\Admin\73620e726627cbcd5da1eac3ef0bcfb3.php 第 66 行.
NOTIC: [8] Undefined index: money E:\yunniu\Application\Runtime\Cache\Admin\73620e726627cbcd5da1eac3ef0bcfb3.php 第 70 行.
NOTIC: [8] Use of undefined constant score - assumed 'score' E:\yunniu\Application\Runtime\Cache\Admin\73620e726627cbcd5da1eac3ef0bcfb3.php 第 73 行.
NOTIC: [8] Use of undefined constant goods_img - assumed 'goods_img' E:\yunniu\Application\Runtime\Cache\Admin\73620e726627cbcd5da1eac3ef0bcfb3.php 第 66 行.
NOTIC: [8] Undefined index: money E:\yunniu\Application\Runtime\Cache\Admin\73620e726627cbcd5da1eac3ef0bcfb3.php 第 70 行.
NOTIC: [8] Use of undefined constant score - assumed 'score' E:\yunniu\Application\Runtime\Cache\Admin\73620e726627cbcd5da1eac3ef0bcfb3.php 第 73 行.
NOTIC: [8] Use of undefined constant goods_img - assumed 'goods_img' E:\yunniu\Application\Runtime\Cache\Admin\73620e726627cbcd5da1eac3ef0bcfb3.php 第 66 行.
NOTIC: [8] Undefined index: money E:\yunniu\Application\Runtime\Cache\Admin\73620e726627cbcd5da1eac3ef0bcfb3.php 第 70 行.
NOTIC: [8] Use of undefined constant score - assumed 'score' E:\yunniu\Application\Runtime\Cache\Admin\73620e726627cbcd5da1eac3ef0bcfb3.php 第 73 行.
INFO: Run Behavior\ParseTemplateBehavior [ RunTime:0.006311s ]
INFO: [ view_parse ] --END-- [ RunTime:0.006344s ]
INFO: [ view_filter ] --START--
INFO: Run Behavior\WriteHtmlCacheBehavior [ RunTime:0.000253s ]
INFO: [ view_filter ] --END-- [ RunTime:0.000282s ]
INFO: [ app_end ] --START--
INFO: Run Behavior\ShowPageTraceBehavior [ RunTime:0.000537s ]
INFO: [ app_end ] --END-- [ RunTime:0.000573s ]

[ 2017-03-11T15:45:38+08:00 ] 127.0.0.1 /index.php/Admin/Moudle/device.html
INFO: [ app_init ] --START--
INFO: Run Behavior\BuildLiteBehavior [ RunTime:0.000011s ]
INFO: [ app_init ] --END-- [ RunTime:0.000316s ]
INFO: [ app_begin ] --START--
INFO: Run Behavior\ReadHtmlCacheBehavior [ RunTime:0.000439s ]
INFO: [ app_begin ] --END-- [ RunTime:0.000473s ]
SQL: SHOW COLUMNS FROM `restaurant_manager` [ RunTime:0.0070s ]
SQL: SELECT `restaurant_id` FROM `restaurant_manager` WHERE ( id = 103 ) LIMIT 1   [ RunTime:0.0030s ]
SQL: SHOW COLUMNS FROM `restaurant_page_group` [ RunTime:0.0063s ]
SQL: SELECT * FROM `restaurant_page_group` WHERE `restaurant_id` = 131 AND `page_screen` = 1  [ RunTime:0.0033s ]
SQL: SHOW COLUMNS FROM `group_detail` [ RunTime:0.0068s ]
SQL: SELECT * FROM `group_detail` WHERE `group_id` = 1 LIMIT 1   [ RunTime:0.0031s ]
SQL: SELECT * FROM `restaurant_page_group` WHERE `restaurant_id` = 131 AND `page_screen` = 2  [ RunTime:0.0026s ]
SQL: SELECT * FROM `group_detail` WHERE `group_id` = 2 LIMIT 1   [ RunTime:0.0030s ]
SQL: SELECT * FROM `group_detail` WHERE `group_id` = 11 LIMIT 1   [ RunTime:0.0030s ]
SQL: SELECT * FROM `group_detail` WHERE `group_id` = 6 LIMIT 1   [ RunTime:0.0087s ]
INFO: [ view_parse ] --START--
INFO: [ template_filter ] --START--
INFO: Run Behavior\ContentReplaceBehavior [ RunTime:0.000070s ]
INFO: [ template_filter ] --END-- [ RunTime:0.000107s ]
INFO: Run Behavior\ParseTemplateBehavior [ RunTime:0.009066s ]
INFO: [ view_parse ] --END-- [ RunTime:0.009106s ]
INFO: [ view_filter ] --START--
INFO: Run Behavior\WriteHtmlCacheBehavior [ RunTime:0.000229s ]
INFO: [ view_filter ] --END-- [ RunTime:0.000256s ]
INFO: [ app_end ] --START--
INFO: Run Behavior\ShowPageTraceBehavior [ RunTime:0.000516s ]
INFO: [ app_end ] --END-- [ RunTime:0.000544s ]

