[ 2017-05-06T23:30:02+08:00 ] 127.0.0.1 /index.php/admin/index/login
INFO: [ app_init ] --START--
INFO: Run Behavior\BuildLiteBehavior [ RunTime:0.000038s ]
INFO: [ app_init ] --END-- [ RunTime:0.000936s ]
INFO: [ app_begin ] --START--
INFO: Run Behavior\ReadHtmlCacheBehavior [ RunTime:0.001171s ]
INFO: [ app_begin ] --END-- [ RunTime:0.001277s ]
INFO: [ view_parse ] --START--
INFO: [ template_filter ] --START--
INFO: Run Behavior\ContentReplaceBehavior [ RunTime:0.000076s ]
INFO: [ template_filter ] --END-- [ RunTime:0.000144s ]
NOTIC: [8] Undefined variable: login_account D:\yunniu\yunniu\Application\Runtime\Cache\Admin\041185b974292283d2f6098acc3220ec.php 第 23 行.
NOTIC: [8] Undefined variable: password D:\yunniu\yunniu\Application\Runtime\Cache\Admin\041185b974292283d2f6098acc3220ec.php 第 24 行.
NOTIC: [8] Undefined variable: autoFlag D:\yunniu\yunniu\Application\Runtime\Cache\Admin\041185b974292283d2f6098acc3220ec.php 第 25 行.
INFO: Run Behavior\ParseTemplateBehavior [ RunTime:0.141517s ]
INFO: [ view_parse ] --END-- [ RunTime:0.141599s ]
INFO: [ view_filter ] --START--
INFO: Run Behavior\WriteHtmlCacheBehavior [ RunTime:0.094447s ]
INFO: [ view_filter ] --END-- [ RunTime:0.094521s ]
INFO: [ app_end ] --START--
INFO: Run Behavior\ShowPageTraceBehavior [ RunTime:0.043932s ]
INFO: [ app_end ] --END-- [ RunTime:0.044002s ]

[ 2017-05-06T23:30:03+08:00 ] 127.0.0.1 /index.php/Admin/Index/verifyImg
INFO: [ app_init ] --START--
INFO: Run Behavior\BuildLiteBehavior [ RunTime:0.000019s ]
INFO: [ app_init ] --END-- [ RunTime:0.000518s ]
INFO: [ app_begin ] --START--
INFO: Run Behavior\ReadHtmlCacheBehavior [ RunTime:0.000807s ]
INFO: [ app_begin ] --END-- [ RunTime:0.000873s ]
INFO: [ app_end ] --START--
INFO: Run Behavior\ShowPageTraceBehavior [ RunTime:0.001334s ]
INFO: [ app_end ] --END-- [ RunTime:0.001455s ]

[ 2017-05-06T23:30:13+08:00 ] 127.0.0.1 /index.php/admin/index/checklogin
INFO: [ app_init ] --START--
INFO: Run Behavior\BuildLiteBehavior [ RunTime:0.000015s ]
INFO: [ app_init ] --END-- [ RunTime:0.000376s ]
INFO: [ app_begin ] --START--
INFO: Run Behavior\ReadHtmlCacheBehavior [ RunTime:0.000562s ]
INFO: [ app_begin ] --END-- [ RunTime:0.000609s ]
SQL: SHOW COLUMNS FROM `restaurant_manager` [ RunTime:0.1512s ]
SQL: SELECT * FROM `restaurant_manager` WHERE `login_account` = 'admin' LIMIT 1   [ RunTime:0.0005s ]

[ 2017-05-06T23:30:15+08:00 ] 127.0.0.1 /index.php/Admin/Index/verifyImg/0.17544373792001267
INFO: [ app_init ] --START--
INFO: Run Behavior\BuildLiteBehavior [ RunTime:0.000017s ]
INFO: [ app_init ] --END-- [ RunTime:0.000393s ]
INFO: [ app_begin ] --START--
INFO: Run Behavior\ReadHtmlCacheBehavior [ RunTime:0.000643s ]
INFO: [ app_begin ] --END-- [ RunTime:0.000704s ]
INFO: [ app_end ] --START--
INFO: Run Behavior\ShowPageTraceBehavior [ RunTime:0.000605s ]
INFO: [ app_end ] --END-- [ RunTime:0.000669s ]

[ 2017-05-06T23:30:26+08:00 ] 127.0.0.1 /index.php/admin/index/checklogin
INFO: [ app_init ] --START--
INFO: Run Behavior\BuildLiteBehavior [ RunTime:0.000016s ]
INFO: [ app_init ] --END-- [ RunTime:0.000391s ]
INFO: [ app_begin ] --START--
INFO: Run Behavior\ReadHtmlCacheBehavior [ RunTime:0.000572s ]
INFO: [ app_begin ] --END-- [ RunTime:0.000618s ]
SQL: SHOW COLUMNS FROM `restaurant_manager` [ RunTime:0.0436s ]
SQL: SELECT * FROM `restaurant_manager` WHERE `login_account` = '123456' LIMIT 1   [ RunTime:0.0006s ]

[ 2017-05-06T23:30:27+08:00 ] 127.0.0.1 /index.php/admin/index
INFO: [ app_init ] --START--
INFO: Run Behavior\BuildLiteBehavior [ RunTime:0.000016s ]
INFO: [ app_init ] --END-- [ RunTime:0.000413s ]
INFO: [ app_begin ] --START--
INFO: Run Behavior\ReadHtmlCacheBehavior [ RunTime:0.000591s ]
INFO: [ app_begin ] --END-- [ RunTime:0.000642s ]
SQL: SHOW COLUMNS FROM `restaurant` [ RunTime:0.1755s ]
SQL: SELECT `logo` FROM `restaurant` WHERE `restaurant_id` = 131 LIMIT 1   [ RunTime:0.0004s ]
SQL: SHOW COLUMNS FROM `qrc_code` [ RunTime:0.0430s ]
SQL: SELECT * FROM `qrc_code` WHERE `restaurant_id` = 131 LIMIT 1   [ RunTime:0.0004s ]
SQL: SHOW COLUMNS FROM `qrc_device` [ RunTime:0.0055s ]
SQL: SELECT * FROM `qrc_device` WHERE `qrc_code_id` = 63 LIMIT 1   [ RunTime:0.0004s ]
INFO: [ view_parse ] --START--
INFO: [ template_filter ] --START--
INFO: Run Behavior\ContentReplaceBehavior [ RunTime:0.000098s ]
INFO: [ template_filter ] --END-- [ RunTime:0.000167s ]
INFO: Run Behavior\ParseTemplateBehavior [ RunTime:0.195055s ]
INFO: [ view_parse ] --END-- [ RunTime:0.195137s ]
INFO: [ view_filter ] --START--
INFO: Run Behavior\WriteHtmlCacheBehavior [ RunTime:0.000463s ]
INFO: [ view_filter ] --END-- [ RunTime:0.000510s ]
INFO: [ app_end ] --START--
INFO: Run Behavior\ShowPageTraceBehavior [ RunTime:0.000765s ]
INFO: [ app_end ] --END-- [ RunTime:0.000846s ]

[ 2017-05-06T23:30:28+08:00 ] 127.0.0.1 /index.php/Admin/restaurant/index.html
INFO: [ app_init ] --START--
INFO: Run Behavior\BuildLiteBehavior [ RunTime:0.000025s ]
INFO: [ app_init ] --END-- [ RunTime:0.000612s ]
INFO: [ app_begin ] --START--
INFO: Run Behavior\ReadHtmlCacheBehavior [ RunTime:0.000896s ]
INFO: [ app_begin ] --END-- [ RunTime:0.000958s ]
SQL: SHOW COLUMNS FROM `restaurant_manager` [ RunTime:0.0048s ]
SQL: SELECT `restaurant_id` FROM `restaurant_manager` WHERE ( id = 103 ) LIMIT 1   [ RunTime:0.0004s ]
SQL: SHOW COLUMNS FROM `restaurant` [ RunTime:0.0053s ]
SQL: SELECT `restaurant_id`,`restaurant_name`,`telephone1`,`telephone2`,`address`,`logo` FROM `restaurant` WHERE ( restaurant_id = 131 ) LIMIT 1   [ RunTime:0.0005s ]
SQL: SELECT * FROM `restaurant_manager` WHERE ( restaurant_id=131 ) LIMIT 1   [ RunTime:0.0004s ]
INFO: [ view_parse ] --START--
INFO: [ template_filter ] --START--
INFO: Run Behavior\ContentReplaceBehavior [ RunTime:0.000084s ]
INFO: [ template_filter ] --END-- [ RunTime:0.000146s ]
NOTIC: [8] Undefined index: restaurant_url D:\yunniu\yunniu\Application\Runtime\Cache\Admin\6ee8e8a26be5e1619fce66a0ca4afe29.php 第 96 行.
NOTIC: [8] Undefined index: restaurant_url D:\yunniu\yunniu\Application\Runtime\Cache\Admin\6ee8e8a26be5e1619fce66a0ca4afe29.php 第 97 行.
INFO: Run Behavior\ParseTemplateBehavior [ RunTime:0.052215s ]
INFO: [ view_parse ] --END-- [ RunTime:0.052279s ]
INFO: [ view_filter ] --START--
INFO: Run Behavior\WriteHtmlCacheBehavior [ RunTime:0.000350s ]
INFO: [ view_filter ] --END-- [ RunTime:0.000399s ]
INFO: [ app_end ] --START--
INFO: Run Behavior\ShowPageTraceBehavior [ RunTime:0.000611s ]
INFO: [ app_end ] --END-- [ RunTime:0.000658s ]

[ 2017-05-06T23:52:22+08:00 ] 127.0.0.1 /index.php/Admin/Dishes/index.html
INFO: [ app_init ] --START--
INFO: Run Behavior\BuildLiteBehavior [ RunTime:0.000020s ]
INFO: [ app_init ] --END-- [ RunTime:0.000440s ]
INFO: [ app_begin ] --START--
INFO: Run Behavior\ReadHtmlCacheBehavior [ RunTime:0.000602s ]
INFO: [ app_begin ] --END-- [ RunTime:0.000660s ]
SQL: SHOW COLUMNS FROM `restaurant_manager` [ RunTime:0.0054s ]
SQL: SELECT `restaurant_id` FROM `restaurant_manager` WHERE ( id = 103 ) LIMIT 1   [ RunTime:0.0004s ]
SQL: SHOW COLUMNS FROM `food_category` [ RunTime:0.0047s ]
SQL: SELECT * FROM `food_category` WHERE `restaurant_id` = 131 ORDER BY sort asc  [ RunTime:0.0006s ]
SQL: SHOW COLUMNS FROM `food` [ RunTime:0.0048s ]
SQL: SELECT COUNT(*) AS tp_count FROM `food` WHERE `restaurant_id` = 131 LIMIT 1   [ RunTime:0.0006s ]
NOTIC: [8] Undefined variable: url_replace D:\yunniu\yunniu\ThinkPHP\Library\Think\PageAjax.class.php 第 73 行.
SQL: SELECT * FROM `food` WHERE `restaurant_id` = 131 ORDER BY sort asc LIMIT 0,8   [ RunTime:0.0010s ]
INFO: [ view_parse ] --START--
INFO: [ template_filter ] --START--
INFO: Run Behavior\ContentReplaceBehavior [ RunTime:0.000109s ]
INFO: [ template_filter ] --END-- [ RunTime:0.000174s ]
INFO: Run Behavior\ParseTemplateBehavior [ RunTime:0.030630s ]
INFO: [ view_parse ] --END-- [ RunTime:0.030702s ]
INFO: [ view_filter ] --START--
INFO: Run Behavior\WriteHtmlCacheBehavior [ RunTime:0.000278s ]
INFO: [ view_filter ] --END-- [ RunTime:0.000342s ]
INFO: [ app_end ] --START--
INFO: Run Behavior\ShowPageTraceBehavior [ RunTime:0.000639s ]
INFO: [ app_end ] --END-- [ RunTime:0.000697s ]

