[ 2017-05-10T15:14:15+08:00 ] 127.0.0.1 /index.php/admin/index/login
INFO: [ app_init ] --START--
INFO: Run Behavior\BuildLiteBehavior [ RunTime:0.000055s ]
INFO: [ app_init ] --END-- [ RunTime:0.002930s ]
INFO: [ app_begin ] --START--
INFO: Run Behavior\ReadHtmlCacheBehavior [ RunTime:0.002352s ]
INFO: [ app_begin ] --END-- [ RunTime:0.002516s ]
INFO: [ view_parse ] --START--
INFO: [ template_filter ] --START--
INFO: Run Behavior\ContentReplaceBehavior [ RunTime:0.000820s ]
INFO: [ template_filter ] --END-- [ RunTime:0.001092s ]
INFO: Run Behavior\ParseTemplateBehavior [ RunTime:0.191716s ]
INFO: [ view_parse ] --END-- [ RunTime:0.191994s ]
INFO: [ view_filter ] --START--
INFO: Run Behavior\WriteHtmlCacheBehavior [ RunTime:0.030171s ]
INFO: [ view_filter ] --END-- [ RunTime:0.030400s ]
INFO: [ app_end ] --START--
INFO: Run Behavior\ShowPageTraceBehavior [ RunTime:0.189131s ]
INFO: [ app_end ] --END-- [ RunTime:0.189363s ]

[ 2017-05-10T15:14:15+08:00 ] 127.0.0.1 /index.php/Admin/Index/verifyImg
INFO: [ app_init ] --START--
INFO: Run Behavior\BuildLiteBehavior [ RunTime:0.000017s ]
INFO: [ app_init ] --END-- [ RunTime:0.000396s ]
INFO: [ app_begin ] --START--
INFO: Run Behavior\ReadHtmlCacheBehavior [ RunTime:0.000566s ]
INFO: [ app_begin ] --END-- [ RunTime:0.000619s ]
INFO: [ app_end ] --START--
INFO: Run Behavior\ShowPageTraceBehavior [ RunTime:0.000783s ]
INFO: [ app_end ] --END-- [ RunTime:0.000885s ]

[ 2017-05-10T15:14:17+08:00 ] 127.0.0.1 /index.php/admin/index/checklogin
INFO: [ app_init ] --START--
INFO: Run Behavior\BuildLiteBehavior [ RunTime:0.000038s ]
INFO: [ app_init ] --END-- [ RunTime:0.000387s ]
INFO: [ app_begin ] --START--
INFO: Run Behavior\ReadHtmlCacheBehavior [ RunTime:0.000507s ]
INFO: [ app_begin ] --END-- [ RunTime:0.000557s ]

[ 2017-05-10T15:14:19+08:00 ] 127.0.0.1 /index.php/Admin/Index/verifyImg/0.11720120624770769
INFO: [ app_init ] --START--
INFO: Run Behavior\BuildLiteBehavior [ RunTime:0.000015s ]
INFO: [ app_init ] --END-- [ RunTime:0.000422s ]
INFO: [ app_begin ] --START--
INFO: Run Behavior\ReadHtmlCacheBehavior [ RunTime:0.000529s ]
INFO: [ app_begin ] --END-- [ RunTime:0.000574s ]
INFO: [ app_end ] --START--
INFO: Run Behavior\ShowPageTraceBehavior [ RunTime:0.001170s ]
INFO: [ app_end ] --END-- [ RunTime:0.001292s ]

[ 2017-05-10T15:14:24+08:00 ] 127.0.0.1 /index.php/Admin/Index/verifyImg/0.8780695495316251
INFO: [ app_init ] --START--
INFO: Run Behavior\BuildLiteBehavior [ RunTime:0.000023s ]
INFO: [ app_init ] --END-- [ RunTime:0.000540s ]
INFO: [ app_begin ] --START--
INFO: Run Behavior\ReadHtmlCacheBehavior [ RunTime:0.000631s ]
INFO: [ app_begin ] --END-- [ RunTime:0.000687s ]
INFO: [ app_end ] --START--
INFO: Run Behavior\ShowPageTraceBehavior [ RunTime:0.000642s ]
INFO: [ app_end ] --END-- [ RunTime:0.000711s ]

[ 2017-05-10T15:14:31+08:00 ] 127.0.0.1 /index.php/admin/index/checklogin
INFO: [ app_init ] --START--
INFO: Run Behavior\BuildLiteBehavior [ RunTime:0.000027s ]
INFO: [ app_init ] --END-- [ RunTime:0.000632s ]
INFO: [ app_begin ] --START--
INFO: Run Behavior\ReadHtmlCacheBehavior [ RunTime:0.001148s ]
INFO: [ app_begin ] --END-- [ RunTime:0.001269s ]
SQL: SHOW COLUMNS FROM `restaurant_manager` [ RunTime:0.0939s ]
SQL: SELECT * FROM `restaurant_manager` WHERE `login_account` = 'admin' LIMIT 1   [ RunTime:0.0013s ]

[ 2017-05-10T15:14:33+08:00 ] 127.0.0.1 /index.php/admin/index
INFO: [ app_init ] --START--
INFO: Run Behavior\BuildLiteBehavior [ RunTime:0.000018s ]
INFO: [ app_init ] --END-- [ RunTime:0.000387s ]
INFO: [ app_begin ] --START--
INFO: Run Behavior\ReadHtmlCacheBehavior [ RunTime:0.000923s ]
INFO: [ app_begin ] --END-- [ RunTime:0.001010s ]
SQL: SHOW COLUMNS FROM `restaurant` [ RunTime:0.1133s ]
SQL: SELECT `logo` FROM `restaurant` WHERE `restaurant_id` = 226 LIMIT 1   [ RunTime:0.0010s ]
SQL: SHOW COLUMNS FROM `qrc_code` [ RunTime:0.0398s ]
SQL: SELECT * FROM `qrc_code` WHERE `restaurant_id` = 226 LIMIT 1   [ RunTime:0.0015s ]
INFO: [ view_parse ] --START--
INFO: [ template_filter ] --START--
INFO: Run Behavior\ContentReplaceBehavior [ RunTime:0.000216s ]
INFO: [ template_filter ] --END-- [ RunTime:0.000341s ]
INFO: Run Behavior\ParseTemplateBehavior [ RunTime:0.113891s ]
INFO: [ view_parse ] --END-- [ RunTime:0.114079s ]
INFO: [ view_filter ] --START--
INFO: Run Behavior\WriteHtmlCacheBehavior [ RunTime:0.000558s ]
INFO: [ view_filter ] --END-- [ RunTime:0.000747s ]
INFO: [ app_end ] --START--
INFO: Run Behavior\ShowPageTraceBehavior [ RunTime:0.001325s ]
INFO: [ app_end ] --END-- [ RunTime:0.001429s ]

[ 2017-05-10T15:14:34+08:00 ] 127.0.0.1 /index.php/Admin/restaurant/index.html
INFO: [ app_init ] --START--
INFO: Run Behavior\BuildLiteBehavior [ RunTime:0.000017s ]
INFO: [ app_init ] --END-- [ RunTime:0.000457s ]
INFO: [ app_begin ] --START--
INFO: Run Behavior\ReadHtmlCacheBehavior [ RunTime:0.000675s ]
INFO: [ app_begin ] --END-- [ RunTime:0.000736s ]
SQL: SHOW COLUMNS FROM `restaurant_manager` [ RunTime:0.0061s ]
SQL: SELECT `restaurant_id` FROM `restaurant_manager` WHERE ( id = 198 ) LIMIT 1   [ RunTime:0.0006s ]
SQL: SHOW COLUMNS FROM `restaurant` [ RunTime:0.0068s ]
SQL: SELECT `restaurant_id`,`restaurant_name`,`telephone1`,`telephone2`,`address`,`logo` FROM `restaurant` WHERE ( restaurant_id = 226 ) LIMIT 1   [ RunTime:0.0008s ]
SQL: SELECT * FROM `restaurant_manager` WHERE ( restaurant_id=226 ) LIMIT 1   [ RunTime:0.0009s ]
INFO: [ view_parse ] --START--
INFO: [ template_filter ] --START--
INFO: Run Behavior\ContentReplaceBehavior [ RunTime:0.000190s ]
INFO: [ template_filter ] --END-- [ RunTime:0.000349s ]
NOTIC: [8] Undefined index: restaurant_url E:\wamp\www\yunniu\Application\Runtime\Cache\Admin\6ee8e8a26be5e1619fce66a0ca4afe29.php 第 96 行.
NOTIC: [8] Undefined index: restaurant_url E:\wamp\www\yunniu\Application\Runtime\Cache\Admin\6ee8e8a26be5e1619fce66a0ca4afe29.php 第 97 行.
INFO: Run Behavior\ParseTemplateBehavior [ RunTime:0.181226s ]
INFO: [ view_parse ] --END-- [ RunTime:0.181326s ]
INFO: [ view_filter ] --START--
INFO: Run Behavior\WriteHtmlCacheBehavior [ RunTime:0.000936s ]
INFO: [ view_filter ] --END-- [ RunTime:0.001073s ]
INFO: [ app_end ] --START--
INFO: Run Behavior\ShowPageTraceBehavior [ RunTime:0.001210s ]
INFO: [ app_end ] --END-- [ RunTime:0.001300s ]

[ 2017-05-10T15:15:05+08:00 ] 127.0.0.1 /index.php/admin/index
INFO: [ app_init ] --START--
INFO: Run Behavior\BuildLiteBehavior [ RunTime:0.000025s ]
INFO: [ app_init ] --END-- [ RunTime:0.000423s ]
INFO: [ app_begin ] --START--
INFO: Run Behavior\ReadHtmlCacheBehavior [ RunTime:0.000523s ]
INFO: [ app_begin ] --END-- [ RunTime:0.000569s ]
SQL: SHOW COLUMNS FROM `restaurant` [ RunTime:0.0117s ]
SQL: SELECT `logo` FROM `restaurant` WHERE `restaurant_id` = 226 LIMIT 1   [ RunTime:0.0009s ]
SQL: SHOW COLUMNS FROM `qrc_code` [ RunTime:0.0085s ]
SQL: SELECT * FROM `qrc_code` WHERE `restaurant_id` = 226 LIMIT 1   [ RunTime:0.0011s ]
INFO: [ view_parse ] --START--
INFO: [ template_filter ] --START--
INFO: Run Behavior\ContentReplaceBehavior [ RunTime:0.000167s ]
INFO: [ template_filter ] --END-- [ RunTime:0.000268s ]
INFO: Run Behavior\ParseTemplateBehavior [ RunTime:0.018050s ]
INFO: [ view_parse ] --END-- [ RunTime:0.018173s ]
INFO: [ view_filter ] --START--
INFO: Run Behavior\WriteHtmlCacheBehavior [ RunTime:0.000505s ]
INFO: [ view_filter ] --END-- [ RunTime:0.000598s ]
INFO: [ app_end ] --START--
INFO: Run Behavior\ShowPageTraceBehavior [ RunTime:0.001031s ]
INFO: [ app_end ] --END-- [ RunTime:0.001121s ]

[ 2017-05-10T15:15:06+08:00 ] 127.0.0.1 /index.php/Admin/restaurant/index.html
INFO: [ app_init ] --START--
INFO: Run Behavior\BuildLiteBehavior [ RunTime:0.000030s ]
INFO: [ app_init ] --END-- [ RunTime:0.000619s ]
INFO: [ app_begin ] --START--
INFO: Run Behavior\ReadHtmlCacheBehavior [ RunTime:0.001184s ]
INFO: [ app_begin ] --END-- [ RunTime:0.001297s ]
SQL: SHOW COLUMNS FROM `restaurant_manager` [ RunTime:0.0118s ]
SQL: SELECT `restaurant_id` FROM `restaurant_manager` WHERE ( id = 198 ) LIMIT 1   [ RunTime:0.0010s ]
SQL: SHOW COLUMNS FROM `restaurant` [ RunTime:0.0104s ]
SQL: SELECT `restaurant_id`,`restaurant_name`,`telephone1`,`telephone2`,`address`,`logo` FROM `restaurant` WHERE ( restaurant_id = 226 ) LIMIT 1   [ RunTime:0.0013s ]
SQL: SELECT * FROM `restaurant_manager` WHERE ( restaurant_id=226 ) LIMIT 1   [ RunTime:0.0015s ]
INFO: [ view_parse ] --START--
INFO: [ template_filter ] --START--
INFO: Run Behavior\ContentReplaceBehavior [ RunTime:0.000139s ]
INFO: [ template_filter ] --END-- [ RunTime:0.000233s ]
NOTIC: [8] Undefined index: restaurant_url E:\wamp\www\yunniu\Application\Runtime\Cache\Admin\6ee8e8a26be5e1619fce66a0ca4afe29.php 第 96 行.
NOTIC: [8] Undefined index: restaurant_url E:\wamp\www\yunniu\Application\Runtime\Cache\Admin\6ee8e8a26be5e1619fce66a0ca4afe29.php 第 97 行.
INFO: Run Behavior\ParseTemplateBehavior [ RunTime:0.073351s ]
INFO: [ view_parse ] --END-- [ RunTime:0.073516s ]
INFO: [ view_filter ] --START--
INFO: Run Behavior\WriteHtmlCacheBehavior [ RunTime:0.001072s ]
INFO: [ view_filter ] --END-- [ RunTime:0.001207s ]
INFO: [ app_end ] --START--
INFO: Run Behavior\ShowPageTraceBehavior [ RunTime:0.001988s ]
INFO: [ app_end ] --END-- [ RunTime:0.002134s ]

[ 2017-05-10T15:15:11+08:00 ] 127.0.0.1 /index.php/Admin/Moudle/index.html
INFO: [ app_init ] --START--
INFO: Run Behavior\BuildLiteBehavior [ RunTime:0.000015s ]
INFO: [ app_init ] --END-- [ RunTime:0.000333s ]
INFO: [ app_begin ] --START--
INFO: Run Behavior\ReadHtmlCacheBehavior [ RunTime:0.000583s ]
INFO: [ app_begin ] --END-- [ RunTime:0.000652s ]
SQL: SHOW COLUMNS FROM `restaurant_manager` [ RunTime:0.0090s ]
SQL: SELECT `restaurant_id` FROM `restaurant_manager` WHERE ( id = 198 ) LIMIT 1   [ RunTime:0.0009s ]
SQL: SHOW COLUMNS FROM `advertisement` [ RunTime:0.1332s ]
SQL: SELECT * FROM `advertisement` WHERE `restaurant_id` = 226 AND `advertisement_type` = 0  [ RunTime:0.0015s ]
SQL: SELECT * FROM `advertisement` WHERE `restaurant_id` = 226 AND `advertisement_type` = 1  [ RunTime:0.0013s ]
SQL: SELECT * FROM `advertisement` WHERE `restaurant_id` = 226 AND `advertisement_type` = 2  [ RunTime:0.0014s ]
SQL: SHOW COLUMNS FROM `restaurant_process` [ RunTime:0.0435s ]
SQL: SELECT * FROM `restaurant_process` WHERE `restaurant_id` = 226  [ RunTime:0.0016s ]
SQL: SHOW COLUMNS FROM `process` [ RunTime:0.0577s ]
SQL: SELECT * FROM `process` WHERE `process_id` = 1 LIMIT 1   [ RunTime:0.0014s ]
SQL: SELECT * FROM `process` WHERE `process_id` = 2 LIMIT 1   [ RunTime:0.0012s ]
SQL: SELECT * FROM `process` WHERE `process_id` = 3 LIMIT 1   [ RunTime:0.0011s ]
SQL: SELECT * FROM `process` WHERE `process_id` = 4 LIMIT 1   [ RunTime:0.0011s ]
SQL: SELECT * FROM `process` WHERE `process_id` = 5 LIMIT 1   [ RunTime:0.0011s ]
SQL: SHOW COLUMNS FROM `restaurant` [ RunTime:0.0119s ]
SQL: SELECT `advertise_time` FROM `restaurant` WHERE `restaurant_id` = 226 LIMIT 1   [ RunTime:0.0011s ]
SQL: SELECT `adv_language` FROM `restaurant` WHERE `restaurant_id` = 226 LIMIT 1   [ RunTime:0.0009s ]
INFO: [ view_parse ] --START--
INFO: [ template_filter ] --START--
INFO: Run Behavior\ContentReplaceBehavior [ RunTime:0.000226s ]
INFO: [ template_filter ] --END-- [ RunTime:0.000347s ]
INFO: Run Behavior\ParseTemplateBehavior [ RunTime:0.046578s ]
INFO: [ view_parse ] --END-- [ RunTime:0.046741s ]
INFO: [ view_filter ] --START--
INFO: Run Behavior\WriteHtmlCacheBehavior [ RunTime:0.000591s ]
INFO: [ view_filter ] --END-- [ RunTime:0.000706s ]
INFO: [ app_end ] --START--
INFO: Run Behavior\ShowPageTraceBehavior [ RunTime:0.001119s ]
INFO: [ app_end ] --END-- [ RunTime:0.001252s ]

[ 2017-05-10T17:21:47+08:00 ] 127.0.0.1 /index.php/admin/index/login
INFO: [ app_init ] --START--
INFO: Run Behavior\BuildLiteBehavior [ RunTime:0.000059s ]
INFO: [ app_init ] --END-- [ RunTime:0.018244s ]
INFO: [ app_begin ] --START--
INFO: Run Behavior\ReadHtmlCacheBehavior [ RunTime:0.002989s ]
INFO: [ app_begin ] --END-- [ RunTime:0.003183s ]
INFO: [ view_parse ] --START--
INFO: [ template_filter ] --START--
INFO: Run Behavior\ContentReplaceBehavior [ RunTime:0.002801s ]
INFO: [ template_filter ] --END-- [ RunTime:0.002992s ]
INFO: Run Behavior\ParseTemplateBehavior [ RunTime:0.223504s ]
INFO: [ view_parse ] --END-- [ RunTime:0.223711s ]
INFO: [ view_filter ] --START--
INFO: Run Behavior\WriteHtmlCacheBehavior [ RunTime:0.041069s ]
INFO: [ view_filter ] --END-- [ RunTime:0.041234s ]
INFO: [ app_end ] --START--
INFO: Run Behavior\ShowPageTraceBehavior [ RunTime:0.034141s ]
INFO: [ app_end ] --END-- [ RunTime:0.034378s ]

[ 2017-05-10T17:21:48+08:00 ] 127.0.0.1 /index.php/Admin/Index/verifyImg
INFO: [ app_init ] --START--
INFO: Run Behavior\BuildLiteBehavior [ RunTime:0.000018s ]
INFO: [ app_init ] --END-- [ RunTime:0.000394s ]
INFO: [ app_begin ] --START--
INFO: Run Behavior\ReadHtmlCacheBehavior [ RunTime:0.000565s ]
INFO: [ app_begin ] --END-- [ RunTime:0.000618s ]
INFO: [ app_end ] --START--
INFO: Run Behavior\ShowPageTraceBehavior [ RunTime:0.000679s ]
INFO: [ app_end ] --END-- [ RunTime:0.000757s ]

[ 2017-05-10T19:57:55+08:00 ] 127.0.0.1 /index.php/Admin/Index/verifyImg
INFO: [ app_init ] --START--
INFO: Run Behavior\BuildLiteBehavior [ RunTime:0.000043s ]
INFO: [ app_init ] --END-- [ RunTime:0.031062s ]
INFO: [ app_begin ] --START--
INFO: Run Behavior\ReadHtmlCacheBehavior [ RunTime:0.001170s ]
INFO: [ app_begin ] --END-- [ RunTime:0.001255s ]
INFO: [ app_end ] --START--
INFO: Run Behavior\ShowPageTraceBehavior [ RunTime:0.031831s ]
INFO: [ app_end ] --END-- [ RunTime:0.032018s ]

