[ 2017-04-12T22:16:18+08:00 ] 127.0.0.1 /index.php/admin/index/login
INFO: [ app_init ] --START--
INFO: Run Behavior\BuildLiteBehavior [ RunTime:0.000041s ]
INFO: [ app_init ] --END-- [ RunTime:0.129868s ]
INFO: [ app_begin ] --START--
INFO: Run Behavior\ReadHtmlCacheBehavior [ RunTime:0.025005s ]
INFO: [ app_begin ] --END-- [ RunTime:0.025128s ]
INFO: [ view_parse ] --START--
INFO: [ template_filter ] --START--
INFO: Run Behavior\ContentReplaceBehavior [ RunTime:0.051711s ]
INFO: [ template_filter ] --END-- [ RunTime:0.051948s ]
NOTIC: [8] Undefined variable: login_account D:\yunniu\yunniu\Application\Runtime\Cache\Admin\041185b974292283d2f6098acc3220ec.php 第 23 行.
NOTIC: [8] Undefined variable: password D:\yunniu\yunniu\Application\Runtime\Cache\Admin\041185b974292283d2f6098acc3220ec.php 第 24 行.
NOTIC: [8] Undefined variable: autoFlag D:\yunniu\yunniu\Application\Runtime\Cache\Admin\041185b974292283d2f6098acc3220ec.php 第 25 行.
INFO: Run Behavior\ParseTemplateBehavior [ RunTime:0.334385s ]
INFO: [ view_parse ] --END-- [ RunTime:0.334502s ]
INFO: [ view_filter ] --START--
INFO: Run Behavior\WriteHtmlCacheBehavior [ RunTime:0.028492s ]
INFO: [ view_filter ] --END-- [ RunTime:0.028663s ]
INFO: [ app_end ] --START--
INFO: Run Behavior\ShowPageTraceBehavior [ RunTime:0.050332s ]
INFO: [ app_end ] --END-- [ RunTime:0.050488s ]

[ 2017-04-12T22:16:20+08:00 ] 127.0.0.1 /index.php/Admin/Index/verifyImg
INFO: [ app_init ] --START--
INFO: Run Behavior\BuildLiteBehavior [ RunTime:0.000017s ]
INFO: [ app_init ] --END-- [ RunTime:0.000398s ]
INFO: [ app_begin ] --START--
INFO: Run Behavior\ReadHtmlCacheBehavior [ RunTime:0.000583s ]
INFO: [ app_begin ] --END-- [ RunTime:0.000646s ]
INFO: [ app_end ] --START--
INFO: Run Behavior\ShowPageTraceBehavior [ RunTime:0.000832s ]
INFO: [ app_end ] --END-- [ RunTime:0.000927s ]

[ 2017-04-12T22:16:36+08:00 ] 127.0.0.1 /index.php/admin/index/checklogin
INFO: [ app_init ] --START--
INFO: Run Behavior\BuildLiteBehavior [ RunTime:0.000019s ]
INFO: [ app_init ] --END-- [ RunTime:0.000449s ]
INFO: [ app_begin ] --START--
INFO: Run Behavior\ReadHtmlCacheBehavior [ RunTime:0.000644s ]
INFO: [ app_begin ] --END-- [ RunTime:0.000698s ]
SQL: SHOW COLUMNS FROM `restaurant_manager` [ RunTime:0.1631s ]
SQL: SELECT * FROM `restaurant_manager` WHERE `login_account` = '123456' LIMIT 1   [ RunTime:0.0089s ]

[ 2017-04-12T22:16:38+08:00 ] 127.0.0.1 /index.php/admin/index
INFO: [ app_init ] --START--
INFO: Run Behavior\BuildLiteBehavior [ RunTime:0.000021s ]
INFO: [ app_init ] --END-- [ RunTime:0.000464s ]
INFO: [ app_begin ] --START--
INFO: Run Behavior\ReadHtmlCacheBehavior [ RunTime:0.000954s ]
INFO: [ app_begin ] --END-- [ RunTime:0.001024s ]
SQL: SHOW COLUMNS FROM `restaurant` [ RunTime:0.1196s ]
SQL: SELECT `logo` FROM `restaurant` WHERE `restaurant_id` = 131 LIMIT 1   [ RunTime:0.0009s ]
SQL: SHOW COLUMNS FROM `qrc_code` [ RunTime:0.3076s ]
SQL: SELECT * FROM `qrc_code` WHERE `restaurant_id` = 131 LIMIT 1   [ RunTime:0.0006s ]
SQL: SHOW COLUMNS FROM `qrc_device` [ RunTime:0.1004s ]
SQL: SELECT * FROM `qrc_device` WHERE `qrc_code_id` = 63 LIMIT 1   [ RunTime:0.0005s ]
INFO: [ view_parse ] --START--
INFO: [ template_filter ] --START--
INFO: Run Behavior\ContentReplaceBehavior [ RunTime:0.000157s ]
INFO: [ template_filter ] --END-- [ RunTime:0.000250s ]
INFO: Run Behavior\ParseTemplateBehavior [ RunTime:0.958389s ]
INFO: [ view_parse ] --END-- [ RunTime:0.958478s ]
INFO: [ view_filter ] --START--
INFO: Run Behavior\WriteHtmlCacheBehavior [ RunTime:0.000410s ]
INFO: [ view_filter ] --END-- [ RunTime:0.000459s ]
INFO: [ app_end ] --START--
INFO: Run Behavior\ShowPageTraceBehavior [ RunTime:0.001030s ]
INFO: [ app_end ] --END-- [ RunTime:0.001136s ]

[ 2017-04-12T22:16:40+08:00 ] 127.0.0.1 /index.php/Admin/restaurant/index.html
INFO: [ app_init ] --START--
INFO: Run Behavior\BuildLiteBehavior [ RunTime:0.000022s ]
INFO: [ app_init ] --END-- [ RunTime:0.000432s ]
INFO: [ app_begin ] --START--
INFO: Run Behavior\ReadHtmlCacheBehavior [ RunTime:0.000776s ]
INFO: [ app_begin ] --END-- [ RunTime:0.000837s ]
SQL: SHOW COLUMNS FROM `restaurant_manager` [ RunTime:0.0051s ]
SQL: SELECT `restaurant_id` FROM `restaurant_manager` WHERE ( id = 103 ) LIMIT 1   [ RunTime:0.0004s ]
SQL: SHOW COLUMNS FROM `restaurant` [ RunTime:0.0064s ]
SQL: SELECT `restaurant_id`,`restaurant_name`,`telephone1`,`telephone2`,`address`,`logo` FROM `restaurant` WHERE ( restaurant_id = 131 ) LIMIT 1   [ RunTime:0.0005s ]
SQL: SELECT * FROM `restaurant_manager` WHERE ( restaurant_id=131 ) LIMIT 1   [ RunTime:0.0005s ]
INFO: [ view_parse ] --START--
INFO: [ template_filter ] --START--
INFO: Run Behavior\ContentReplaceBehavior [ RunTime:0.000091s ]
INFO: [ template_filter ] --END-- [ RunTime:0.000159s ]
NOTIC: [8] Undefined index: restaurant_url D:\yunniu\yunniu\Application\Runtime\Cache\Admin\6ee8e8a26be5e1619fce66a0ca4afe29.php 第 96 行.
NOTIC: [8] Undefined index: restaurant_url D:\yunniu\yunniu\Application\Runtime\Cache\Admin\6ee8e8a26be5e1619fce66a0ca4afe29.php 第 97 行.
INFO: Run Behavior\ParseTemplateBehavior [ RunTime:0.040802s ]
INFO: [ view_parse ] --END-- [ RunTime:0.040873s ]
INFO: [ view_filter ] --START--
INFO: Run Behavior\WriteHtmlCacheBehavior [ RunTime:0.000460s ]
INFO: [ view_filter ] --END-- [ RunTime:0.000545s ]
INFO: [ app_end ] --START--
INFO: Run Behavior\ShowPageTraceBehavior [ RunTime:0.000887s ]
INFO: [ app_end ] --END-- [ RunTime:0.000956s ]

[ 2017-04-12T22:16:50+08:00 ] 127.0.0.1 /index.php/Admin/Restaurant/index.html
INFO: [ app_init ] --START--
INFO: Run Behavior\BuildLiteBehavior [ RunTime:0.000028s ]
INFO: [ app_init ] --END-- [ RunTime:0.000646s ]
INFO: [ app_begin ] --START--
INFO: Run Behavior\ReadHtmlCacheBehavior [ RunTime:0.000640s ]
INFO: [ app_begin ] --END-- [ RunTime:0.000702s ]
SQL: SHOW COLUMNS FROM `restaurant_manager` [ RunTime:0.0065s ]
SQL: SELECT `restaurant_id` FROM `restaurant_manager` WHERE ( id = 103 ) LIMIT 1   [ RunTime:0.0004s ]
SQL: SHOW COLUMNS FROM `restaurant` [ RunTime:0.0054s ]
SQL: SELECT `restaurant_id`,`restaurant_name`,`telephone1`,`telephone2`,`address`,`logo` FROM `restaurant` WHERE ( restaurant_id = 131 ) LIMIT 1   [ RunTime:0.0004s ]
SQL: SELECT * FROM `restaurant_manager` WHERE ( restaurant_id=131 ) LIMIT 1   [ RunTime:0.0004s ]
INFO: [ view_parse ] --START--
INFO: [ template_filter ] --START--
INFO: Run Behavior\ContentReplaceBehavior [ RunTime:0.000090s ]
INFO: [ template_filter ] --END-- [ RunTime:0.000160s ]
NOTIC: [8] Undefined index: restaurant_url D:\yunniu\yunniu\Application\Runtime\Cache\Admin\6ee8e8a26be5e1619fce66a0ca4afe29.php 第 96 行.
NOTIC: [8] Undefined index: restaurant_url D:\yunniu\yunniu\Application\Runtime\Cache\Admin\6ee8e8a26be5e1619fce66a0ca4afe29.php 第 97 行.
INFO: Run Behavior\ParseTemplateBehavior [ RunTime:0.008726s ]
INFO: [ view_parse ] --END-- [ RunTime:0.008784s ]
INFO: [ view_filter ] --START--
INFO: Run Behavior\WriteHtmlCacheBehavior [ RunTime:0.000299s ]
INFO: [ view_filter ] --END-- [ RunTime:0.000348s ]
INFO: [ app_end ] --START--
INFO: Run Behavior\ShowPageTraceBehavior [ RunTime:0.000615s ]
INFO: [ app_end ] --END-- [ RunTime:0.000664s ]

[ 2017-04-12T22:17:17+08:00 ] 127.0.0.1 /index.php/Admin/Moudle/index.html
INFO: [ app_init ] --START--
INFO: Run Behavior\BuildLiteBehavior [ RunTime:0.000016s ]
INFO: [ app_init ] --END-- [ RunTime:0.000402s ]
INFO: [ app_begin ] --START--
INFO: Run Behavior\ReadHtmlCacheBehavior [ RunTime:0.000778s ]
INFO: [ app_begin ] --END-- [ RunTime:0.000856s ]
SQL: SHOW COLUMNS FROM `restaurant_manager` [ RunTime:0.0086s ]
SQL: SELECT `restaurant_id` FROM `restaurant_manager` WHERE ( id = 103 ) LIMIT 1   [ RunTime:0.0005s ]
SQL: SHOW COLUMNS FROM `advertisement` [ RunTime:0.4342s ]
SQL: SELECT * FROM `advertisement` WHERE `restaurant_id` = 131 AND `advertisement_type` = 0  [ RunTime:0.0012s ]
SQL: SELECT * FROM `advertisement` WHERE `restaurant_id` = 131 AND `advertisement_type` = 1  [ RunTime:0.0010s ]
SQL: SELECT * FROM `advertisement` WHERE `restaurant_id` = 131 AND `advertisement_type` = 2  [ RunTime:0.0010s ]
SQL: SHOW COLUMNS FROM `restaurant_process` [ RunTime:0.2772s ]
SQL: SELECT * FROM `restaurant_process` WHERE `restaurant_id` = 131  [ RunTime:0.0006s ]
SQL: SHOW COLUMNS FROM `process` [ RunTime:0.2239s ]
SQL: SELECT * FROM `process` WHERE `process_id` = 1 LIMIT 1   [ RunTime:0.0007s ]
SQL: SELECT * FROM `process` WHERE `process_id` = 2 LIMIT 1   [ RunTime:0.0005s ]
SQL: SELECT * FROM `process` WHERE `process_id` = 3 LIMIT 1   [ RunTime:0.0005s ]
SQL: SELECT * FROM `process` WHERE `process_id` = 4 LIMIT 1   [ RunTime:0.0005s ]
SQL: SELECT * FROM `process` WHERE `process_id` = 5 LIMIT 1   [ RunTime:0.0005s ]
SQL: SHOW COLUMNS FROM `restaurant` [ RunTime:0.0365s ]
SQL: SELECT `advertise_time` FROM `restaurant` WHERE `restaurant_id` = 131 LIMIT 1   [ RunTime:0.0004s ]
SQL: SELECT `adv_language` FROM `restaurant` WHERE `restaurant_id` = 131 LIMIT 1   [ RunTime:0.0003s ]
INFO: [ view_parse ] --START--
INFO: [ template_filter ] --START--
INFO: Run Behavior\ContentReplaceBehavior [ RunTime:0.000128s ]
INFO: [ template_filter ] --END-- [ RunTime:0.000205s ]
INFO: Run Behavior\ParseTemplateBehavior [ RunTime:0.036401s ]
INFO: [ view_parse ] --END-- [ RunTime:0.036544s ]
INFO: [ view_filter ] --START--
INFO: Run Behavior\WriteHtmlCacheBehavior [ RunTime:0.000379s ]
INFO: [ view_filter ] --END-- [ RunTime:0.000428s ]
INFO: [ app_end ] --START--
INFO: Run Behavior\ShowPageTraceBehavior [ RunTime:0.000738s ]
INFO: [ app_end ] --END-- [ RunTime:0.000799s ]

[ 2017-04-12T22:17:48+08:00 ] 127.0.0.1 /index.php/Admin/Moudle/device.html
INFO: [ app_init ] --START--
INFO: Run Behavior\BuildLiteBehavior [ RunTime:0.000025s ]
INFO: [ app_init ] --END-- [ RunTime:0.000669s ]
INFO: [ app_begin ] --START--
INFO: Run Behavior\ReadHtmlCacheBehavior [ RunTime:0.000965s ]
INFO: [ app_begin ] --END-- [ RunTime:0.001046s ]
SQL: SHOW COLUMNS FROM `restaurant_manager` [ RunTime:0.0352s ]
SQL: SELECT `restaurant_id` FROM `restaurant_manager` WHERE ( id = 103 ) LIMIT 1   [ RunTime:0.0004s ]
SQL: SHOW COLUMNS FROM `restaurant_page_group` [ RunTime:0.5847s ]
SQL: SELECT * FROM `restaurant_page_group` WHERE `restaurant_id` = 131 AND `page_screen` = 1  [ RunTime:0.0009s ]
SQL: SHOW COLUMNS FROM `group_detail` [ RunTime:0.3074s ]
SQL: SELECT * FROM `group_detail` WHERE `group_id` = 1 LIMIT 1   [ RunTime:0.0006s ]
SQL: SELECT * FROM `restaurant_page_group` WHERE `restaurant_id` = 131 AND `page_screen` = 2  [ RunTime:0.0008s ]
SQL: SELECT * FROM `group_detail` WHERE `group_id` = 2 LIMIT 1   [ RunTime:0.0005s ]
SQL: SELECT * FROM `group_detail` WHERE `group_id` = 11 LIMIT 1   [ RunTime:0.0005s ]
SQL: SELECT * FROM `group_detail` WHERE `group_id` = 6 LIMIT 1   [ RunTime:0.0004s ]
SQL: SELECT * FROM `group_detail` WHERE `group_id` = 12 LIMIT 1   [ RunTime:0.0004s ]
SQL: SELECT * FROM `group_detail` WHERE `group_id` = 13 LIMIT 1   [ RunTime:0.0005s ]
INFO: [ view_parse ] --START--
INFO: [ template_filter ] --START--
INFO: Run Behavior\ContentReplaceBehavior [ RunTime:0.000108s ]
INFO: [ template_filter ] --END-- [ RunTime:0.000198s ]
INFO: Run Behavior\ParseTemplateBehavior [ RunTime:0.051007s ]
INFO: [ view_parse ] --END-- [ RunTime:0.051099s ]
INFO: [ view_filter ] --START--
INFO: Run Behavior\WriteHtmlCacheBehavior [ RunTime:0.000417s ]
INFO: [ view_filter ] --END-- [ RunTime:0.000471s ]
INFO: [ app_end ] --START--
INFO: Run Behavior\ShowPageTraceBehavior [ RunTime:0.000908s ]
INFO: [ app_end ] --END-- [ RunTime:0.000980s ]

[ 2017-04-12T22:17:50+08:00 ] 127.0.0.1 /index.php/Admin/Moudle/mobile.html
INFO: [ app_init ] --START--
INFO: Run Behavior\BuildLiteBehavior [ RunTime:0.000031s ]
INFO: [ app_init ] --END-- [ RunTime:0.000524s ]
INFO: [ app_begin ] --START--
INFO: Run Behavior\ReadHtmlCacheBehavior [ RunTime:0.000626s ]
INFO: [ app_begin ] --END-- [ RunTime:0.000687s ]
SQL: SHOW COLUMNS FROM `restaurant_manager` [ RunTime:0.0207s ]
SQL: SELECT `restaurant_id` FROM `restaurant_manager` WHERE ( id = 103 ) LIMIT 1   [ RunTime:0.0004s ]
SQL: SHOW COLUMNS FROM `restaurant_page_group` [ RunTime:0.0052s ]
SQL: SELECT * FROM `restaurant_page_group` WHERE `restaurant_id` = 131 AND `page_screen` = 3  [ RunTime:0.0006s ]
SQL: SHOW COLUMNS FROM `group_detail` [ RunTime:0.0130s ]
SQL: SELECT * FROM `group_detail` WHERE `group_id` = 3 LIMIT 1   [ RunTime:0.0005s ]
INFO: [ view_parse ] --START--
INFO: [ template_filter ] --START--
INFO: Run Behavior\ContentReplaceBehavior [ RunTime:0.000153s ]
INFO: [ template_filter ] --END-- [ RunTime:0.000261s ]
INFO: Run Behavior\ParseTemplateBehavior [ RunTime:0.133958s ]
INFO: [ view_parse ] --END-- [ RunTime:0.134045s ]
INFO: [ view_filter ] --START--
INFO: Run Behavior\WriteHtmlCacheBehavior [ RunTime:0.000417s ]
INFO: [ view_filter ] --END-- [ RunTime:0.000486s ]
INFO: [ app_end ] --START--
INFO: Run Behavior\ShowPageTraceBehavior [ RunTime:0.000878s ]
INFO: [ app_end ] --END-- [ RunTime:0.000946s ]

[ 2017-04-12T22:17:57+08:00 ] 127.0.0.1 /index.php/Admin/Device/index.html
INFO: [ app_init ] --START--
INFO: Run Behavior\BuildLiteBehavior [ RunTime:0.000020s ]
INFO: [ app_init ] --END-- [ RunTime:0.000431s ]
INFO: [ app_begin ] --START--
INFO: Run Behavior\ReadHtmlCacheBehavior [ RunTime:0.000650s ]
INFO: [ app_begin ] --END-- [ RunTime:0.000722s ]
SQL: SHOW COLUMNS FROM `restaurant_manager` [ RunTime:0.0403s ]
SQL: SELECT `restaurant_id` FROM `restaurant_manager` WHERE ( id = 103 ) LIMIT 1   [ RunTime:0.0006s ]
SQL: SHOW COLUMNS FROM `device` [ RunTime:1.0375s ]
SQL: SHOW COLUMNS FROM `code` [ RunTime:0.2277s ]
SQL: SELECT * FROM `code` WHERE `restaurant_id` = 131  [ RunTime:0.0022s ]
SQL: SELECT * FROM `device` WHERE `code_id` = 55 LIMIT 1   [ RunTime:0.0006s ]
SQL: SELECT * FROM `device` WHERE `code_id` = 137 LIMIT 1   [ RunTime:0.0007s ]
SQL: SELECT * FROM `device` WHERE `code_id` = 138 LIMIT 1   [ RunTime:0.0006s ]
SQL: SELECT * FROM `device` WHERE `code_id` = 139 LIMIT 1   [ RunTime:0.0006s ]
SQL: SELECT * FROM `device` WHERE `code_id` = 188 LIMIT 1   [ RunTime:0.0007s ]
SQL: SELECT * FROM `device` WHERE `code_id` = 189 LIMIT 1   [ RunTime:0.0007s ]
SQL: SELECT * FROM `device` WHERE `code_id` = 222 LIMIT 1   [ RunTime:0.0008s ]
SQL: SELECT * FROM `device` WHERE `code_id` = 230 LIMIT 1   [ RunTime:0.0007s ]
SQL: SELECT * FROM `device` WHERE `code_id` = 260 LIMIT 1   [ RunTime:0.0006s ]
SQL: SELECT * FROM `device` WHERE `code_id` = 261 LIMIT 1   [ RunTime:0.0007s ]
SQL: SELECT * FROM `device` WHERE `code_id` = 263 LIMIT 1   [ RunTime:0.0007s ]
SQL: SELECT * FROM `device` WHERE `code_id` = 268 LIMIT 1   [ RunTime:0.0007s ]
SQL: SELECT * FROM `device` WHERE `code_id` = 269 LIMIT 1   [ RunTime:0.0007s ]
SQL: SELECT * FROM `device` WHERE `code_id` = 270 LIMIT 1   [ RunTime:0.0007s ]
SQL: SELECT * FROM `device` WHERE `code_id` = 271 LIMIT 1   [ RunTime:0.0006s ]
SQL: SELECT * FROM `device` WHERE `code_id` = 272 LIMIT 1   [ RunTime:0.0006s ]
SQL: SELECT * FROM `device` WHERE `code_id` = 273 LIMIT 1   [ RunTime:0.0006s ]
SQL: SELECT * FROM `device` WHERE `code_id` = 274 LIMIT 1   [ RunTime:0.0006s ]
SQL: SELECT * FROM `device` WHERE `code_id` = 275 LIMIT 1   [ RunTime:0.0007s ]
SQL: SELECT * FROM `device` WHERE `code_id` = 276 LIMIT 1   [ RunTime:0.0008s ]
SQL: SELECT * FROM `device` WHERE `code_id` = 277 LIMIT 1   [ RunTime:0.0007s ]
SQL: SELECT * FROM `device` WHERE `code_id` = 278 LIMIT 1   [ RunTime:0.0006s ]
SQL: SELECT * FROM `device` WHERE `code_id` = 279 LIMIT 1   [ RunTime:0.0006s ]
SQL: SELECT * FROM `device` WHERE `code_id` = 280 LIMIT 1   [ RunTime:0.0007s ]
SQL: SELECT * FROM `device` WHERE `code_id` = 284 LIMIT 1   [ RunTime:0.0006s ]
SQL: SELECT * FROM `device` WHERE `code_id` = 287 LIMIT 1   [ RunTime:0.0007s ]
SQL: SELECT * FROM `device` WHERE `code_id` = 289 LIMIT 1   [ RunTime:0.0007s ]
SQL: SELECT * FROM `device` WHERE `code_id` = 292 LIMIT 1   [ RunTime:0.0007s ]
SQL: SELECT * FROM `device` WHERE `code_id` = 306 LIMIT 1   [ RunTime:0.0007s ]
SQL: SELECT * FROM `device` WHERE `code_id` = 307 LIMIT 1   [ RunTime:0.0006s ]
SQL: SELECT * FROM `device` WHERE `code_id` = 309 LIMIT 1   [ RunTime:0.0006s ]
SQL: SELECT * FROM `device` WHERE `code_id` = 312 LIMIT 1   [ RunTime:0.0007s ]
SQL: SELECT * FROM `device` WHERE `code_id` = 313 LIMIT 1   [ RunTime:0.0006s ]
SQL: SELECT * FROM `device` WHERE `code_id` = 315 LIMIT 1   [ RunTime:0.0007s ]
SQL: SELECT * FROM `device` WHERE `code_id` = 322 LIMIT 1   [ RunTime:0.0006s ]
SQL: SELECT * FROM `device` WHERE `code_id` = 328 LIMIT 1   [ RunTime:0.0007s ]
SQL: SELECT * FROM `device` WHERE `code_id` = 330 LIMIT 1   [ RunTime:0.0006s ]
SQL: SELECT * FROM `device` WHERE `code_id` = 345 LIMIT 1   [ RunTime:0.0005s ]
SQL: SELECT * FROM `device` WHERE `code_id` = 378 LIMIT 1   [ RunTime:0.0007s ]
SQL: SELECT * FROM `device` WHERE `code_id` = 380 LIMIT 1   [ RunTime:0.0006s ]
SQL: SELECT * FROM `device` WHERE `code_id` = 412 LIMIT 1   [ RunTime:0.0006s ]
SQL: SELECT * FROM `device` WHERE `code_id` = 430 LIMIT 1   [ RunTime:0.0007s ]
SQL: SELECT * FROM `device` WHERE `code_id` = 432 LIMIT 1   [ RunTime:0.0007s ]
SQL: SELECT * FROM `device` WHERE `code_id` = 433 LIMIT 1   [ RunTime:0.0007s ]
SQL: SELECT * FROM `device` WHERE `code_id` = 434 LIMIT 1   [ RunTime:0.0007s ]
SQL: SELECT * FROM `device` WHERE `code_id` = 441 LIMIT 1   [ RunTime:0.0006s ]
SQL: SELECT * FROM `device` WHERE `code_id` = 442 LIMIT 1   [ RunTime:0.0006s ]
SQL: SELECT * FROM `device` WHERE `code_id` = 444 LIMIT 1   [ RunTime:0.0006s ]
SQL: SELECT * FROM `device` WHERE `code_id` = 445 LIMIT 1   [ RunTime:0.0006s ]
SQL: SELECT * FROM `device` WHERE `code_id` = 446 LIMIT 1   [ RunTime:0.0006s ]
SQL: SELECT * FROM `device` WHERE `code_id` = 447 LIMIT 1   [ RunTime:0.0007s ]
SQL: SELECT * FROM `device` WHERE `code_id` = 449 LIMIT 1   [ RunTime:0.0006s ]
SQL: SELECT * FROM `device` WHERE `code_id` = 450 LIMIT 1   [ RunTime:0.0005s ]
SQL: SELECT * FROM `device` WHERE `code_id` = 455 LIMIT 1   [ RunTime:0.0006s ]
SQL: SELECT * FROM `device` WHERE `code_id` = 458 LIMIT 1   [ RunTime:0.0007s ]
SQL: SELECT * FROM `device` WHERE `code_id` = 459 LIMIT 1   [ RunTime:0.0006s ]
SQL: SELECT * FROM `device` WHERE `code_id` = 474 LIMIT 1   [ RunTime:0.0006s ]
SQL: SELECT * FROM `device` WHERE `code_id` = 476 LIMIT 1   [ RunTime:0.0005s ]
SQL: SELECT * FROM `device` WHERE `code_id` = 477 LIMIT 1   [ RunTime:0.0005s ]
SQL: SELECT * FROM `device` WHERE `code_id` = 478 LIMIT 1   [ RunTime:0.0006s ]
SQL: SELECT * FROM `device` WHERE `code_id` = 479 LIMIT 1   [ RunTime:0.0008s ]
SQL: SELECT * FROM `device` WHERE `code_id` = 486 LIMIT 1   [ RunTime:0.0006s ]
SQL: SELECT * FROM `device` WHERE `code_id` = 520 LIMIT 1   [ RunTime:0.0007s ]
SQL: SELECT * FROM `device` WHERE `code_id` = 561 LIMIT 1   [ RunTime:0.0007s ]
SQL: SELECT * FROM `device` WHERE `code_id` = 575 LIMIT 1   [ RunTime:0.0007s ]
SQL: SELECT * FROM `device` WHERE `code_id` = 584 LIMIT 1   [ RunTime:0.0006s ]
SQL: SELECT * FROM `device` WHERE `code_id` = 602 LIMIT 1   [ RunTime:0.0007s ]
SQL: SELECT * FROM `device` WHERE `code_id` = 603 LIMIT 1   [ RunTime:0.0006s ]
INFO: [ view_parse ] --START--
INFO: [ template_filter ] --START--
INFO: Run Behavior\ContentReplaceBehavior [ RunTime:0.000100s ]
INFO: [ template_filter ] --END-- [ RunTime:0.000213s ]
NOTIC: [8] Undefined variable: page D:\yunniu\yunniu\Application\Runtime\Cache\Admin\41b529fcda1c7909d8584fcefd19a8bc.php 第 53 行.
INFO: Run Behavior\ParseTemplateBehavior [ RunTime:0.012502s ]
INFO: [ view_parse ] --END-- [ RunTime:0.012602s ]
INFO: [ view_filter ] --START--
INFO: Run Behavior\WriteHtmlCacheBehavior [ RunTime:0.000438s ]
INFO: [ view_filter ] --END-- [ RunTime:0.000512s ]
INFO: [ app_end ] --START--
INFO: Run Behavior\ShowPageTraceBehavior [ RunTime:0.000900s ]
INFO: [ app_end ] --END-- [ RunTime:0.000988s ]

[ 2017-04-12T22:18:06+08:00 ] 127.0.0.1 /index.php/Admin/Restaurant/receipt.html
INFO: [ app_init ] --START--
INFO: Run Behavior\BuildLiteBehavior [ RunTime:0.000019s ]
INFO: [ app_init ] --END-- [ RunTime:0.000419s ]
INFO: [ app_begin ] --START--
INFO: Run Behavior\ReadHtmlCacheBehavior [ RunTime:0.000591s ]
INFO: [ app_begin ] --END-- [ RunTime:0.000648s ]
SQL: SHOW COLUMNS FROM `restaurant_manager` [ RunTime:0.0091s ]
SQL: SELECT `restaurant_id` FROM `restaurant_manager` WHERE ( id = 103 ) LIMIT 1   [ RunTime:0.0006s ]
SQL: SHOW COLUMNS FROM `restaurant` [ RunTime:0.0063s ]
SQL: SHOW COLUMNS FROM `restaurant_bill` [ RunTime:0.8763s ]
SQL: SELECT * FROM `restaurant_bill` WHERE ( restaurant_id = 131 ) LIMIT 1   [ RunTime:0.0008s ]
SQL: SELECT * FROM `restaurant` WHERE ( restaurant_id = 131 ) LIMIT 1   [ RunTime:0.0008s ]
INFO: [ view_parse ] --START--
INFO: [ template_filter ] --START--
INFO: Run Behavior\ContentReplaceBehavior [ RunTime:0.000193s ]
INFO: [ template_filter ] --END-- [ RunTime:0.000265s ]
INFO: Run Behavior\ParseTemplateBehavior [ RunTime:0.154609s ]
INFO: [ view_parse ] --END-- [ RunTime:0.154812s ]
INFO: [ view_filter ] --START--
INFO: Run Behavior\WriteHtmlCacheBehavior [ RunTime:0.000437s ]
INFO: [ view_filter ] --END-- [ RunTime:0.000482s ]
INFO: [ app_end ] --START--
INFO: Run Behavior\ShowPageTraceBehavior [ RunTime:0.000631s ]
INFO: [ app_end ] --END-- [ RunTime:0.000687s ]

[ 2017-04-12T22:18:08+08:00 ] 127.0.0.1 /index.php/admin/restaurant/getBillStatus
INFO: [ app_init ] --START--
INFO: Run Behavior\BuildLiteBehavior [ RunTime:0.000017s ]
INFO: [ app_init ] --END-- [ RunTime:0.000405s ]
INFO: [ app_begin ] --START--
INFO: Run Behavior\ReadHtmlCacheBehavior [ RunTime:0.000699s ]
INFO: [ app_begin ] --END-- [ RunTime:0.000782s ]
SQL: SHOW COLUMNS FROM `restaurant_manager` [ RunTime:0.0063s ]
SQL: SELECT `restaurant_id` FROM `restaurant_manager` WHERE ( id = 103 ) LIMIT 1   [ RunTime:0.0004s ]
SQL: SHOW COLUMNS FROM `restaurant_bill` [ RunTime:0.0060s ]
SQL: SELECT `restaurant_name`,`qrcode`,`address`,`restaurant_phone`,`take_out_phone`,`subscription`,`take_num`,`desk_num`,`forward_prompt`,`pay_prompt`,`down_prompt`,`pay_num`,`pay_prompt2`,`order_type` FROM `restaurant_bill` WHERE ( restaurant_id = 131 ) LIMIT 1   [ RunTime:0.0007s ]

[ 2017-04-12T22:18:11+08:00 ] 127.0.0.1 /index.php/Admin/Moudle/mobile.html
INFO: [ app_init ] --START--
INFO: Run Behavior\BuildLiteBehavior [ RunTime:0.000019s ]
INFO: [ app_init ] --END-- [ RunTime:0.000407s ]
INFO: [ app_begin ] --START--
INFO: Run Behavior\ReadHtmlCacheBehavior [ RunTime:0.000595s ]
INFO: [ app_begin ] --END-- [ RunTime:0.000649s ]
SQL: SHOW COLUMNS FROM `restaurant_manager` [ RunTime:0.3066s ]
SQL: SELECT `restaurant_id` FROM `restaurant_manager` WHERE ( id = 103 ) LIMIT 1   [ RunTime:0.0006s ]
SQL: SHOW COLUMNS FROM `restaurant_page_group` [ RunTime:0.0076s ]
SQL: SELECT * FROM `restaurant_page_group` WHERE `restaurant_id` = 131 AND `page_screen` = 3  [ RunTime:0.0009s ]
SQL: SHOW COLUMNS FROM `group_detail` [ RunTime:0.0050s ]
SQL: SELECT * FROM `group_detail` WHERE `group_id` = 3 LIMIT 1   [ RunTime:0.0005s ]
INFO: [ view_parse ] --START--
INFO: [ template_filter ] --START--
INFO: Run Behavior\ContentReplaceBehavior [ RunTime:0.000076s ]
INFO: [ template_filter ] --END-- [ RunTime:0.000138s ]
INFO: Run Behavior\ParseTemplateBehavior [ RunTime:0.009927s ]
INFO: [ view_parse ] --END-- [ RunTime:0.010002s ]
INFO: [ view_filter ] --START--
INFO: Run Behavior\WriteHtmlCacheBehavior [ RunTime:0.000254s ]
INFO: [ view_filter ] --END-- [ RunTime:0.000295s ]
INFO: [ app_end ] --START--
INFO: Run Behavior\ShowPageTraceBehavior [ RunTime:0.000688s ]
INFO: [ app_end ] --END-- [ RunTime:0.000734s ]

[ 2017-04-12T22:18:14+08:00 ] 127.0.0.1 /index.php/Admin/Moudle/mobile.html
INFO: [ app_init ] --START--
INFO: Run Behavior\BuildLiteBehavior [ RunTime:0.000035s ]
INFO: [ app_init ] --END-- [ RunTime:0.000660s ]
INFO: [ app_begin ] --START--
INFO: Run Behavior\ReadHtmlCacheBehavior [ RunTime:0.000897s ]
INFO: [ app_begin ] --END-- [ RunTime:0.000983s ]
SQL: SHOW COLUMNS FROM `restaurant_manager` [ RunTime:0.0058s ]
SQL: SELECT `restaurant_id` FROM `restaurant_manager` WHERE ( id = 103 ) LIMIT 1   [ RunTime:0.0004s ]
SQL: SHOW COLUMNS FROM `restaurant_page_group` [ RunTime:0.0047s ]
SQL: SELECT * FROM `restaurant_page_group` WHERE `restaurant_id` = 131 AND `page_screen` = 3  [ RunTime:0.0006s ]
SQL: SHOW COLUMNS FROM `group_detail` [ RunTime:0.0058s ]
SQL: SELECT * FROM `group_detail` WHERE `group_id` = 3 LIMIT 1   [ RunTime:0.0005s ]
INFO: [ view_parse ] --START--
INFO: [ template_filter ] --START--
INFO: Run Behavior\ContentReplaceBehavior [ RunTime:0.000126s ]
INFO: [ template_filter ] --END-- [ RunTime:0.000236s ]
INFO: Run Behavior\ParseTemplateBehavior [ RunTime:0.011843s ]
INFO: [ view_parse ] --END-- [ RunTime:0.011921s ]
INFO: [ view_filter ] --START--
INFO: Run Behavior\WriteHtmlCacheBehavior [ RunTime:0.000317s ]
INFO: [ view_filter ] --END-- [ RunTime:0.000370s ]
INFO: [ app_end ] --START--
INFO: Run Behavior\ShowPageTraceBehavior [ RunTime:0.000594s ]
INFO: [ app_end ] --END-- [ RunTime:0.000643s ]

[ 2017-04-12T22:18:25+08:00 ] 127.0.0.1 /index.php/Admin/Device/index.html
INFO: [ app_init ] --START--
INFO: Run Behavior\BuildLiteBehavior [ RunTime:0.000021s ]
INFO: [ app_init ] --END-- [ RunTime:0.000490s ]
INFO: [ app_begin ] --START--
INFO: Run Behavior\ReadHtmlCacheBehavior [ RunTime:0.000752s ]
INFO: [ app_begin ] --END-- [ RunTime:0.000811s ]
SQL: SHOW COLUMNS FROM `restaurant_manager` [ RunTime:0.0425s ]
SQL: SELECT `restaurant_id` FROM `restaurant_manager` WHERE ( id = 103 ) LIMIT 1   [ RunTime:0.0004s ]
SQL: SHOW COLUMNS FROM `device` [ RunTime:0.0667s ]
SQL: SHOW COLUMNS FROM `code` [ RunTime:0.0890s ]
SQL: SELECT * FROM `code` WHERE `restaurant_id` = 131  [ RunTime:0.0019s ]
SQL: SELECT * FROM `device` WHERE `code_id` = 55 LIMIT 1   [ RunTime:0.0006s ]
SQL: SELECT * FROM `device` WHERE `code_id` = 137 LIMIT 1   [ RunTime:0.0005s ]
SQL: SELECT * FROM `device` WHERE `code_id` = 138 LIMIT 1   [ RunTime:0.0005s ]
SQL: SELECT * FROM `device` WHERE `code_id` = 139 LIMIT 1   [ RunTime:0.0005s ]
SQL: SELECT * FROM `device` WHERE `code_id` = 188 LIMIT 1   [ RunTime:0.0004s ]
SQL: SELECT * FROM `device` WHERE `code_id` = 189 LIMIT 1   [ RunTime:0.0004s ]
SQL: SELECT * FROM `device` WHERE `code_id` = 222 LIMIT 1   [ RunTime:0.0005s ]
SQL: SELECT * FROM `device` WHERE `code_id` = 230 LIMIT 1   [ RunTime:0.0006s ]
SQL: SELECT * FROM `device` WHERE `code_id` = 260 LIMIT 1   [ RunTime:0.0005s ]
SQL: SELECT * FROM `device` WHERE `code_id` = 261 LIMIT 1   [ RunTime:0.0005s ]
SQL: SELECT * FROM `device` WHERE `code_id` = 263 LIMIT 1   [ RunTime:0.0005s ]
SQL: SELECT * FROM `device` WHERE `code_id` = 268 LIMIT 1   [ RunTime:0.0005s ]
SQL: SELECT * FROM `device` WHERE `code_id` = 269 LIMIT 1   [ RunTime:0.0004s ]
SQL: SELECT * FROM `device` WHERE `code_id` = 270 LIMIT 1   [ RunTime:0.0004s ]
SQL: SELECT * FROM `device` WHERE `code_id` = 271 LIMIT 1   [ RunTime:0.0004s ]
SQL: SELECT * FROM `device` WHERE `code_id` = 272 LIMIT 1   [ RunTime:0.0004s ]
SQL: SELECT * FROM `device` WHERE `code_id` = 273 LIMIT 1   [ RunTime:0.0004s ]
SQL: SELECT * FROM `device` WHERE `code_id` = 274 LIMIT 1   [ RunTime:0.0005s ]
SQL: SELECT * FROM `device` WHERE `code_id` = 275 LIMIT 1   [ RunTime:0.0006s ]
SQL: SELECT * FROM `device` WHERE `code_id` = 276 LIMIT 1   [ RunTime:0.0007s ]
SQL: SELECT * FROM `device` WHERE `code_id` = 277 LIMIT 1   [ RunTime:0.0004s ]
SQL: SELECT * FROM `device` WHERE `code_id` = 278 LIMIT 1   [ RunTime:0.0004s ]
SQL: SELECT * FROM `device` WHERE `code_id` = 279 LIMIT 1   [ RunTime:0.0004s ]
SQL: SELECT * FROM `device` WHERE `code_id` = 280 LIMIT 1   [ RunTime:0.0005s ]
SQL: SELECT * FROM `device` WHERE `code_id` = 284 LIMIT 1   [ RunTime:0.0004s ]
SQL: SELECT * FROM `device` WHERE `code_id` = 287 LIMIT 1   [ RunTime:0.0004s ]
SQL: SELECT * FROM `device` WHERE `code_id` = 289 LIMIT 1   [ RunTime:0.0004s ]
SQL: SELECT * FROM `device` WHERE `code_id` = 292 LIMIT 1   [ RunTime:0.0004s ]
SQL: SELECT * FROM `device` WHERE `code_id` = 306 LIMIT 1   [ RunTime:0.0004s ]
SQL: SELECT * FROM `device` WHERE `code_id` = 307 LIMIT 1   [ RunTime:0.0005s ]
SQL: SELECT * FROM `device` WHERE `code_id` = 309 LIMIT 1   [ RunTime:0.0004s ]
SQL: SELECT * FROM `device` WHERE `code_id` = 312 LIMIT 1   [ RunTime:0.0004s ]
SQL: SELECT * FROM `device` WHERE `code_id` = 313 LIMIT 1   [ RunTime:0.0003s ]
SQL: SELECT * FROM `device` WHERE `code_id` = 315 LIMIT 1   [ RunTime:0.0004s ]
SQL: SELECT * FROM `device` WHERE `code_id` = 322 LIMIT 1   [ RunTime:0.0004s ]
SQL: SELECT * FROM `device` WHERE `code_id` = 328 LIMIT 1   [ RunTime:0.0004s ]
SQL: SELECT * FROM `device` WHERE `code_id` = 330 LIMIT 1   [ RunTime:0.0004s ]
SQL: SELECT * FROM `device` WHERE `code_id` = 345 LIMIT 1   [ RunTime:0.0004s ]
SQL: SELECT * FROM `device` WHERE `code_id` = 378 LIMIT 1   [ RunTime:0.0004s ]
SQL: SELECT * FROM `device` WHERE `code_id` = 380 LIMIT 1   [ RunTime:0.0004s ]
SQL: SELECT * FROM `device` WHERE `code_id` = 412 LIMIT 1   [ RunTime:0.0004s ]
SQL: SELECT * FROM `device` WHERE `code_id` = 430 LIMIT 1   [ RunTime:0.0004s ]
SQL: SELECT * FROM `device` WHERE `code_id` = 432 LIMIT 1   [ RunTime:0.0004s ]
SQL: SELECT * FROM `device` WHERE `code_id` = 433 LIMIT 1   [ RunTime:0.0004s ]
SQL: SELECT * FROM `device` WHERE `code_id` = 434 LIMIT 1   [ RunTime:0.0004s ]
SQL: SELECT * FROM `device` WHERE `code_id` = 441 LIMIT 1   [ RunTime:0.0004s ]
SQL: SELECT * FROM `device` WHERE `code_id` = 442 LIMIT 1   [ RunTime:0.0004s ]
SQL: SELECT * FROM `device` WHERE `code_id` = 444 LIMIT 1   [ RunTime:0.0004s ]
SQL: SELECT * FROM `device` WHERE `code_id` = 445 LIMIT 1   [ RunTime:0.0004s ]
SQL: SELECT * FROM `device` WHERE `code_id` = 446 LIMIT 1   [ RunTime:0.0003s ]
SQL: SELECT * FROM `device` WHERE `code_id` = 447 LIMIT 1   [ RunTime:0.0004s ]
SQL: SELECT * FROM `device` WHERE `code_id` = 449 LIMIT 1   [ RunTime:0.0004s ]
SQL: SELECT * FROM `device` WHERE `code_id` = 450 LIMIT 1   [ RunTime:0.0004s ]
SQL: SELECT * FROM `device` WHERE `code_id` = 455 LIMIT 1   [ RunTime:0.0004s ]
SQL: SELECT * FROM `device` WHERE `code_id` = 458 LIMIT 1   [ RunTime:0.0004s ]
SQL: SELECT * FROM `device` WHERE `code_id` = 459 LIMIT 1   [ RunTime:0.0004s ]
SQL: SELECT * FROM `device` WHERE `code_id` = 474 LIMIT 1   [ RunTime:0.0004s ]
SQL: SELECT * FROM `device` WHERE `code_id` = 476 LIMIT 1   [ RunTime:0.0004s ]
SQL: SELECT * FROM `device` WHERE `code_id` = 477 LIMIT 1   [ RunTime:0.0004s ]
SQL: SELECT * FROM `device` WHERE `code_id` = 478 LIMIT 1   [ RunTime:0.0004s ]
SQL: SELECT * FROM `device` WHERE `code_id` = 479 LIMIT 1   [ RunTime:0.0004s ]
SQL: SELECT * FROM `device` WHERE `code_id` = 486 LIMIT 1   [ RunTime:0.0004s ]
SQL: SELECT * FROM `device` WHERE `code_id` = 520 LIMIT 1   [ RunTime:0.0004s ]
SQL: SELECT * FROM `device` WHERE `code_id` = 561 LIMIT 1   [ RunTime:0.0004s ]
SQL: SELECT * FROM `device` WHERE `code_id` = 575 LIMIT 1   [ RunTime:0.0004s ]
SQL: SELECT * FROM `device` WHERE `code_id` = 584 LIMIT 1   [ RunTime:0.0004s ]
SQL: SELECT * FROM `device` WHERE `code_id` = 602 LIMIT 1   [ RunTime:0.0004s ]
SQL: SELECT * FROM `device` WHERE `code_id` = 603 LIMIT 1   [ RunTime:0.0004s ]
INFO: [ view_parse ] --START--
INFO: [ template_filter ] --START--
INFO: Run Behavior\ContentReplaceBehavior [ RunTime:0.000066s ]
INFO: [ template_filter ] --END-- [ RunTime:0.000136s ]
NOTIC: [8] Undefined variable: page D:\yunniu\yunniu\Application\Runtime\Cache\Admin\41b529fcda1c7909d8584fcefd19a8bc.php 第 53 行.
INFO: Run Behavior\ParseTemplateBehavior [ RunTime:0.009247s ]
INFO: [ view_parse ] --END-- [ RunTime:0.009309s ]
INFO: [ view_filter ] --START--
INFO: Run Behavior\WriteHtmlCacheBehavior [ RunTime:0.000390s ]
INFO: [ view_filter ] --END-- [ RunTime:0.000439s ]
INFO: [ app_end ] --START--
INFO: Run Behavior\ShowPageTraceBehavior [ RunTime:0.000706s ]
INFO: [ app_end ] --END-- [ RunTime:0.000756s ]

[ 2017-04-12T22:19:06+08:00 ] 127.0.0.1 /index.php/Admin/Member/vip_group.html
INFO: [ app_init ] --START--
INFO: Run Behavior\BuildLiteBehavior [ RunTime:0.000024s ]
INFO: [ app_init ] --END-- [ RunTime:0.000580s ]
INFO: [ app_begin ] --START--
INFO: Run Behavior\ReadHtmlCacheBehavior [ RunTime:0.000901s ]
INFO: [ app_begin ] --END-- [ RunTime:0.000977s ]
SQL: SHOW COLUMNS FROM `restaurant` [ RunTime:0.0062s ]
SQL: SELECT `business_id` FROM `restaurant` WHERE `restaurant_id` = 131 LIMIT 1   [ RunTime:0.0006s ]
SQL: SHOW COLUMNS FROM `vip_group` [ RunTime:0.1331s ]
SQL: SELECT * FROM `vip_group` WHERE `business_id` = 25  [ RunTime:0.0005s ]
INFO: [ view_parse ] --START--
INFO: [ template_filter ] --START--
INFO: Run Behavior\ContentReplaceBehavior [ RunTime:0.000107s ]
INFO: [ template_filter ] --END-- [ RunTime:0.000223s ]
NOTIC: [8] Use of undefined constant group_name - assumed 'group_name' D:\yunniu\yunniu\Application\Runtime\Cache\Admin\67be86bae4225b11142094e54e1692dd.php 第 40 行.
NOTIC: [8] Use of undefined constant group_id - assumed 'group_id' D:\yunniu\yunniu\Application\Runtime\Cache\Admin\67be86bae4225b11142094e54e1692dd.php 第 41 行.
NOTIC: [8] Use of undefined constant group_name - assumed 'group_name' D:\yunniu\yunniu\Application\Runtime\Cache\Admin\67be86bae4225b11142094e54e1692dd.php 第 40 行.
NOTIC: [8] Use of undefined constant group_id - assumed 'group_id' D:\yunniu\yunniu\Application\Runtime\Cache\Admin\67be86bae4225b11142094e54e1692dd.php 第 41 行.
NOTIC: [8] Use of undefined constant group_name - assumed 'group_name' D:\yunniu\yunniu\Application\Runtime\Cache\Admin\67be86bae4225b11142094e54e1692dd.php 第 40 行.
NOTIC: [8] Use of undefined constant group_id - assumed 'group_id' D:\yunniu\yunniu\Application\Runtime\Cache\Admin\67be86bae4225b11142094e54e1692dd.php 第 41 行.
NOTIC: [8] Use of undefined constant group_name - assumed 'group_name' D:\yunniu\yunniu\Application\Runtime\Cache\Admin\67be86bae4225b11142094e54e1692dd.php 第 40 行.
NOTIC: [8] Use of undefined constant group_id - assumed 'group_id' D:\yunniu\yunniu\Application\Runtime\Cache\Admin\67be86bae4225b11142094e54e1692dd.php 第 41 行.
NOTIC: [8] Use of undefined constant group_name - assumed 'group_name' D:\yunniu\yunniu\Application\Runtime\Cache\Admin\67be86bae4225b11142094e54e1692dd.php 第 40 行.
NOTIC: [8] Use of undefined constant group_id - assumed 'group_id' D:\yunniu\yunniu\Application\Runtime\Cache\Admin\67be86bae4225b11142094e54e1692dd.php 第 41 行.
INFO: Run Behavior\ParseTemplateBehavior [ RunTime:0.033222s ]
INFO: [ view_parse ] --END-- [ RunTime:0.033321s ]
INFO: [ view_filter ] --START--
INFO: Run Behavior\WriteHtmlCacheBehavior [ RunTime:0.000402s ]
INFO: [ view_filter ] --END-- [ RunTime:0.000493s ]
INFO: [ app_end ] --START--
INFO: Run Behavior\ShowPageTraceBehavior [ RunTime:0.000702s ]
INFO: [ app_end ] --END-- [ RunTime:0.000768s ]

[ 2017-04-12T22:19:14+08:00 ] 127.0.0.1 /index.php/Admin/Member/discount.html
INFO: [ app_init ] --START--
INFO: Run Behavior\BuildLiteBehavior [ RunTime:0.000028s ]
INFO: [ app_init ] --END-- [ RunTime:0.000712s ]
INFO: [ app_begin ] --START--
INFO: Run Behavior\ReadHtmlCacheBehavior [ RunTime:0.001162s ]
INFO: [ app_begin ] --END-- [ RunTime:0.001253s ]
SQL: SHOW COLUMNS FROM `restaurant` [ RunTime:0.0069s ]
SQL: SELECT `business_id` FROM `restaurant` WHERE `restaurant_id` = 131 LIMIT 1   [ RunTime:0.0005s ]
SQL: SHOW COLUMNS FROM `vip_group` [ RunTime:0.0047s ]
SQL: SELECT * FROM `vip_group` WHERE `business_id` = 25  [ RunTime:0.0005s ]
SQL: SHOW COLUMNS FROM `discount` [ RunTime:0.0532s ]
SQL: SELECT * FROM `discount` WHERE `restaurant_id` = 131  [ RunTime:0.0005s ]
SQL: SHOW COLUMNS FROM `set` [ RunTime:0.0612s ]
SQL: SELECT * FROM `set` WHERE `type` = 0 AND `restaurant_id` = 131 LIMIT 1   [ RunTime:0.0005s ]
INFO: [ view_parse ] --START--
INFO: [ template_filter ] --START--
INFO: Run Behavior\ContentReplaceBehavior [ RunTime:0.000105s ]
INFO: [ template_filter ] --END-- [ RunTime:0.000178s ]
INFO: Run Behavior\ParseTemplateBehavior [ RunTime:0.036185s ]
INFO: [ view_parse ] --END-- [ RunTime:0.036277s ]
INFO: [ view_filter ] --START--
INFO: Run Behavior\WriteHtmlCacheBehavior [ RunTime:0.000414s ]
INFO: [ view_filter ] --END-- [ RunTime:0.000467s ]
INFO: [ app_end ] --START--
INFO: Run Behavior\ShowPageTraceBehavior [ RunTime:0.001084s ]
INFO: [ app_end ] --END-- [ RunTime:0.001186s ]

