[ 2017-03-11T09:48:05+08:00 ] 127.0.0.1 /component/login/vertical_login/device_code/44:04:44:62:9a:b0
INFO: [ app_init ] --START--
INFO: Run Behavior\BuildLiteBehavior [ RunTime:0.000012s ]
INFO: [ app_init ] --END-- [ RunTime:0.000357s ]
INFO: [ app_begin ] --START--
INFO: Run Behavior\ReadHtmlCacheBehavior [ RunTime:0.000513s ]
INFO: [ app_begin ] --END-- [ RunTime:0.000547s ]
SQL: SHOW COLUMNS FROM `device` [ RunTime:0.0077s ]
SQL: SELECT `code_id` FROM `device` WHERE `device_code` = '44:04:44:62:9a:b0' LIMIT 1   [ RunTime:0.0032s ]
SQL: SHOW COLUMNS FROM `code` [ RunTime:0.0075s ]
SQL: SELECT `rest_timestamp` FROM `code` WHERE ( code_id = 235 ) LIMIT 1   [ RunTime:0.0030s ]
SQL: SELECT `restaurant_id` FROM `code` WHERE ( code_id = 235 ) LIMIT 1   [ RunTime:0.0050s ]
SQL: SHOW COLUMNS FROM `restaurant_page_group` [ RunTime:0.0097s ]
SQL: SELECT * FROM `restaurant_page_group` WHERE `restaurant_id` = 100 AND `status` = 1 AND `page_screen` = 2 LIMIT 1   [ RunTime:0.0037s ]

[ 2017-03-11T09:49:47+08:00 ] 127.0.0.1 /component/login/vertical_login/device_code/44:04:44:62:9a:b0
INFO: [ app_init ] --START--
INFO: Run Behavior\BuildLiteBehavior [ RunTime:0.000012s ]
INFO: [ app_init ] --END-- [ RunTime:0.000319s ]
INFO: [ app_begin ] --START--
INFO: Run Behavior\ReadHtmlCacheBehavior [ RunTime:0.000442s ]
INFO: [ app_begin ] --END-- [ RunTime:0.000476s ]
SQL: SHOW COLUMNS FROM `device` [ RunTime:0.0072s ]
SQL: SELECT `code_id` FROM `device` WHERE `device_code` = '44:04:44:62:9a:b0' LIMIT 1   [ RunTime:0.0032s ]
SQL: SHOW COLUMNS FROM `code` [ RunTime:0.0070s ]
SQL: SELECT `rest_timestamp` FROM `code` WHERE ( code_id = 235 ) LIMIT 1   [ RunTime:0.0030s ]
SQL: SELECT `restaurant_id` FROM `code` WHERE ( code_id = 235 ) LIMIT 1   [ RunTime:0.0030s ]
SQL: SHOW COLUMNS FROM `restaurant_page_group` [ RunTime:0.0070s ]
SQL: SELECT * FROM `restaurant_page_group` WHERE `restaurant_id` = 100 AND `status` = 1 AND `page_screen` = 2 LIMIT 1   [ RunTime:0.0037s ]

[ 2017-03-11T10:13:14+08:00 ] 127.0.0.1 /component/login/vertical_login/device_code/44:04:44:62:9a:b0
INFO: [ app_init ] --START--
INFO: Run Behavior\BuildLiteBehavior [ RunTime:0.000010s ]
INFO: [ app_init ] --END-- [ RunTime:0.000345s ]
INFO: [ app_begin ] --START--
INFO: Run Behavior\ReadHtmlCacheBehavior [ RunTime:0.000504s ]
INFO: [ app_begin ] --END-- [ RunTime:0.000539s ]
SQL: SHOW COLUMNS FROM `device` [ RunTime:0.0069s ]
SQL: SELECT `code_id` FROM `device` WHERE `device_code` = '44:04:44:62:9a:b0' LIMIT 1   [ RunTime:0.0029s ]
SQL: SHOW COLUMNS FROM `code` [ RunTime:0.0066s ]
SQL: SELECT `rest_timestamp` FROM `code` WHERE ( code_id = 235 ) LIMIT 1   [ RunTime:0.0029s ]
SQL: SELECT `restaurant_id` FROM `code` WHERE ( code_id = 235 ) LIMIT 1   [ RunTime:0.0028s ]
SQL: SHOW COLUMNS FROM `restaurant_page_group` [ RunTime:0.0065s ]
SQL: SELECT * FROM `restaurant_page_group` WHERE `restaurant_id` = 100 AND `status` = 1 AND `page_screen` = 2 LIMIT 1   [ RunTime:0.0032s ]

[ 2017-03-11T11:22:15+08:00 ] 127.0.0.1 /component/login/vertical_login/device_code/44:04:44:62:9a:b0
INFO: [ app_init ] --START--
INFO: Run Behavior\BuildLiteBehavior [ RunTime:0.000010s ]
INFO: [ app_init ] --END-- [ RunTime:0.000371s ]
INFO: [ app_begin ] --START--
INFO: Run Behavior\ReadHtmlCacheBehavior [ RunTime:0.000528s ]
INFO: [ app_begin ] --END-- [ RunTime:0.000569s ]
SQL: SHOW COLUMNS FROM `device` [ RunTime:0.0070s ]
SQL: SELECT `code_id` FROM `device` WHERE `device_code` = '44:04:44:62:9a:b0' LIMIT 1   [ RunTime:0.0038s ]
SQL: SHOW COLUMNS FROM `code` [ RunTime:0.0064s ]
SQL: SELECT `rest_timestamp` FROM `code` WHERE ( code_id = 235 ) LIMIT 1   [ RunTime:0.0060s ]
SQL: SELECT `restaurant_id` FROM `code` WHERE ( code_id = 235 ) LIMIT 1   [ RunTime:0.0028s ]
SQL: SHOW COLUMNS FROM `restaurant_page_group` [ RunTime:0.0062s ]
SQL: SELECT * FROM `restaurant_page_group` WHERE `restaurant_id` = 131 AND `status` = 1 AND `page_screen` = 2 LIMIT 1   [ RunTime:0.0032s ]

[ 2017-03-11T11:23:59+08:00 ] 127.0.0.1 /component/login/vertical_login/device_code/44:04:44:62:9a:b0
INFO: [ app_init ] --START--
INFO: Run Behavior\BuildLiteBehavior [ RunTime:0.000012s ]
INFO: [ app_init ] --END-- [ RunTime:0.000330s ]
INFO: [ app_begin ] --START--
INFO: Run Behavior\ReadHtmlCacheBehavior [ RunTime:0.000448s ]
INFO: [ app_begin ] --END-- [ RunTime:0.000482s ]
SQL: SHOW COLUMNS FROM `device` [ RunTime:0.0071s ]
SQL: SELECT `code_id` FROM `device` WHERE `device_code` = '44:04:44:62:9a:b0' LIMIT 1   [ RunTime:0.0030s ]
SQL: SHOW COLUMNS FROM `code` [ RunTime:0.0100s ]
SQL: SELECT `rest_timestamp` FROM `code` WHERE ( code_id = 235 ) LIMIT 1   [ RunTime:0.0030s ]
SQL: SELECT `restaurant_id` FROM `code` WHERE ( code_id = 235 ) LIMIT 1   [ RunTime:0.0028s ]
SQL: SHOW COLUMNS FROM `restaurant_page_group` [ RunTime:0.0068s ]
SQL: SELECT * FROM `restaurant_page_group` WHERE `restaurant_id` = 131 AND `status` = 1 AND `page_screen` = 2 LIMIT 1   [ RunTime:0.0032s ]

[ 2017-03-11T11:24:06+08:00 ] 127.0.0.1 /component/login/vertical_login/device_code/44:04:44:62:9a:b0
INFO: [ app_init ] --START--
INFO: Run Behavior\BuildLiteBehavior [ RunTime:0.000012s ]
INFO: [ app_init ] --END-- [ RunTime:0.000359s ]
INFO: [ app_begin ] --START--
INFO: Run Behavior\ReadHtmlCacheBehavior [ RunTime:0.000488s ]
INFO: [ app_begin ] --END-- [ RunTime:0.000528s ]
SQL: SHOW COLUMNS FROM `device` [ RunTime:0.0069s ]
SQL: SELECT `code_id` FROM `device` WHERE `device_code` = '44:04:44:62:9a:b0' LIMIT 1   [ RunTime:0.0050s ]
SQL: SHOW COLUMNS FROM `code` [ RunTime:0.0064s ]
SQL: SELECT `rest_timestamp` FROM `code` WHERE ( code_id = 235 ) LIMIT 1   [ RunTime:0.0029s ]
SQL: SELECT `restaurant_id` FROM `code` WHERE ( code_id = 235 ) LIMIT 1   [ RunTime:0.0028s ]
SQL: SHOW COLUMNS FROM `restaurant_page_group` [ RunTime:0.0063s ]
SQL: SELECT * FROM `restaurant_page_group` WHERE `restaurant_id` = 131 AND `status` = 1 AND `page_screen` = 2 LIMIT 1   [ RunTime:0.0035s ]

[ 2017-03-11T11:25:50+08:00 ] 127.0.0.1 /component/login/vertical_login/device_code/44:04:44:62:9a:b0
INFO: [ app_init ] --START--
INFO: Run Behavior\BuildLiteBehavior [ RunTime:0.000011s ]
INFO: [ app_init ] --END-- [ RunTime:0.000347s ]
INFO: [ app_begin ] --START--
INFO: Run Behavior\ReadHtmlCacheBehavior [ RunTime:0.000509s ]
INFO: [ app_begin ] --END-- [ RunTime:0.000544s ]
SQL: SHOW COLUMNS FROM `device` [ RunTime:0.0072s ]
SQL: SELECT `code_id` FROM `device` WHERE `device_code` = '44:04:44:62:9a:b0' LIMIT 1   [ RunTime:0.0031s ]
SQL: SHOW COLUMNS FROM `code` [ RunTime:0.0064s ]
SQL: SELECT `rest_timestamp` FROM `code` WHERE ( code_id = 235 ) LIMIT 1   [ RunTime:0.0029s ]
SQL: SELECT `restaurant_id` FROM `code` WHERE ( code_id = 235 ) LIMIT 1   [ RunTime:0.0026s ]
SQL: SHOW COLUMNS FROM `restaurant_page_group` [ RunTime:0.0071s ]
SQL: SELECT * FROM `restaurant_page_group` WHERE `restaurant_id` = 131 AND `status` = 1 AND `page_screen` = 2 LIMIT 1   [ RunTime:0.0032s ]

[ 2017-03-11T11:26:47+08:00 ] 127.0.0.1 /component/login/vertical_login/device_code/44:04:44:62:9a:b0
INFO: [ app_init ] --START--
INFO: Run Behavior\BuildLiteBehavior [ RunTime:0.000011s ]
INFO: [ app_init ] --END-- [ RunTime:0.000351s ]
INFO: [ app_begin ] --START--
INFO: Run Behavior\ReadHtmlCacheBehavior [ RunTime:0.000511s ]
INFO: [ app_begin ] --END-- [ RunTime:0.000545s ]
SQL: SHOW COLUMNS FROM `device` [ RunTime:0.0068s ]
SQL: SELECT `code_id` FROM `device` WHERE `device_code` = '44:04:44:62:9a:b0' LIMIT 1   [ RunTime:0.0030s ]
SQL: SHOW COLUMNS FROM `code` [ RunTime:0.0077s ]
SQL: SELECT `rest_timestamp` FROM `code` WHERE ( code_id = 235 ) LIMIT 1   [ RunTime:0.0028s ]
SQL: SELECT `restaurant_id` FROM `code` WHERE ( code_id = 235 ) LIMIT 1   [ RunTime:0.0030s ]
SQL: SHOW COLUMNS FROM `restaurant_page_group` [ RunTime:0.0064s ]
SQL: SELECT * FROM `restaurant_page_group` WHERE `restaurant_id` = 131 AND `status` = 1 AND `page_screen` = 2 LIMIT 1   [ RunTime:0.0032s ]

[ 2017-03-11T11:39:01+08:00 ] 127.0.0.1 /index.php/component/test/jcm_test
INFO: [ app_init ] --START--
INFO: Run Behavior\BuildLiteBehavior [ RunTime:0.000012s ]
INFO: [ app_init ] --END-- [ RunTime:0.000359s ]
INFO: [ app_begin ] --START--
INFO: Run Behavior\ReadHtmlCacheBehavior [ RunTime:0.000446s ]
INFO: [ app_begin ] --END-- [ RunTime:0.000481s ]
ERR: 非法操作:jcm_test

[ 2017-03-11T11:39:22+08:00 ] 127.0.0.1 /index.php/component/login/vertical_login/device_code/44:04:44:62:9a:b0
INFO: [ app_init ] --START--
INFO: Run Behavior\BuildLiteBehavior [ RunTime:0.000011s ]
INFO: [ app_init ] --END-- [ RunTime:0.000353s ]
INFO: [ app_begin ] --START--
INFO: Run Behavior\ReadHtmlCacheBehavior [ RunTime:0.000440s ]
INFO: [ app_begin ] --END-- [ RunTime:0.000476s ]
SQL: SHOW COLUMNS FROM `device` [ RunTime:0.0081s ]
SQL: SELECT `code_id` FROM `device` WHERE `device_code` = '44:04:44:62:9a:b0' LIMIT 1   [ RunTime:0.0030s ]
SQL: SHOW COLUMNS FROM `code` [ RunTime:0.0064s ]
SQL: SELECT `rest_timestamp` FROM `code` WHERE ( code_id = 235 ) LIMIT 1   [ RunTime:0.0029s ]
SQL: SELECT `restaurant_id` FROM `code` WHERE ( code_id = 235 ) LIMIT 1   [ RunTime:0.0028s ]
SQL: SHOW COLUMNS FROM `restaurant_page_group` [ RunTime:0.0064s ]
SQL: SELECT * FROM `restaurant_page_group` WHERE `restaurant_id` = 131 AND `status` = 1 AND `page_screen` = 2 LIMIT 1   [ RunTime:0.0033s ]

[ 2017-03-11T11:40:18+08:00 ] 127.0.0.1 /index.php/component/login/vertical_login/device_code/44:04:44:62:9a:b0
INFO: [ app_init ] --START--
INFO: Run Behavior\BuildLiteBehavior [ RunTime:0.000011s ]
INFO: [ app_init ] --END-- [ RunTime:0.000326s ]
INFO: [ app_begin ] --START--
INFO: Run Behavior\ReadHtmlCacheBehavior [ RunTime:0.000527s ]
INFO: [ app_begin ] --END-- [ RunTime:0.000562s ]
SQL: SHOW COLUMNS FROM `device` [ RunTime:0.0069s ]
SQL: SELECT `code_id` FROM `device` WHERE `device_code` = '44:04:44:62:9a:b0' LIMIT 1   [ RunTime:0.0031s ]
SQL: SHOW COLUMNS FROM `code` [ RunTime:0.0073s ]
SQL: SELECT `rest_timestamp` FROM `code` WHERE ( code_id = 235 ) LIMIT 1   [ RunTime:0.0035s ]
SQL: SELECT `restaurant_id` FROM `code` WHERE ( code_id = 235 ) LIMIT 1   [ RunTime:0.0032s ]
SQL: SHOW COLUMNS FROM `restaurant_page_group` [ RunTime:0.0065s ]
SQL: SELECT * FROM `restaurant_page_group` WHERE `restaurant_id` = 131 AND `status` = 1 AND `page_screen` = 2 LIMIT 1   [ RunTime:0.0033s ]

[ 2017-03-11T11:40:25+08:00 ] 127.0.0.1 /index.php/component/login/vertical_login/device_code/44:04:44:62:9a:b0
INFO: [ app_init ] --START--
INFO: Run Behavior\BuildLiteBehavior [ RunTime:0.000011s ]
INFO: [ app_init ] --END-- [ RunTime:0.000324s ]
INFO: [ app_begin ] --START--
INFO: Run Behavior\ReadHtmlCacheBehavior [ RunTime:0.000530s ]
INFO: [ app_begin ] --END-- [ RunTime:0.000568s ]
SQL: SHOW COLUMNS FROM `device` [ RunTime:0.0067s ]
SQL: SELECT `code_id` FROM `device` WHERE `device_code` = '44:04:44:62:9a:b0' LIMIT 1   [ RunTime:0.0029s ]
SQL: SHOW COLUMNS FROM `code` [ RunTime:0.0065s ]
SQL: SELECT `rest_timestamp` FROM `code` WHERE ( code_id = 235 ) LIMIT 1   [ RunTime:0.0028s ]
SQL: SELECT `restaurant_id` FROM `code` WHERE ( code_id = 235 ) LIMIT 1   [ RunTime:0.0050s ]
SQL: SHOW COLUMNS FROM `restaurant_page_group` [ RunTime:0.0064s ]
SQL: SELECT * FROM `restaurant_page_group` WHERE `restaurant_id` = 131 AND `status` = 1 AND `page_screen` = 2 LIMIT 1   [ RunTime:0.0032s ]

[ 2017-03-11T11:45:20+08:00 ] 127.0.0.1 /component/login/vertical_login/device_code/44:04:44:62:9a:b0
INFO: [ app_init ] --START--
INFO: Run Behavior\BuildLiteBehavior [ RunTime:0.000010s ]
INFO: [ app_init ] --END-- [ RunTime:0.000345s ]
INFO: [ app_begin ] --START--
INFO: Run Behavior\ReadHtmlCacheBehavior [ RunTime:0.000505s ]
INFO: [ app_begin ] --END-- [ RunTime:0.000541s ]
SQL: SHOW COLUMNS FROM `device` [ RunTime:0.0066s ]
SQL: SELECT `code_id` FROM `device` WHERE `device_code` = '44:04:44:62:9a:b0' LIMIT 1   [ RunTime:0.0030s ]
SQL: SHOW COLUMNS FROM `code` [ RunTime:0.0063s ]
SQL: SELECT `rest_timestamp` FROM `code` WHERE ( code_id = 235 ) LIMIT 1   [ RunTime:0.0023s ]
SQL: SELECT `restaurant_id` FROM `code` WHERE ( code_id = 235 ) LIMIT 1   [ RunTime:0.0028s ]
SQL: SHOW COLUMNS FROM `restaurant_page_group` [ RunTime:0.0062s ]
SQL: SELECT * FROM `restaurant_page_group` WHERE `restaurant_id` = 131 AND `status` = 1 AND `page_screen` = 2 LIMIT 1   [ RunTime:0.0032s ]

[ 2017-03-11T11:45:20+08:00 ] 127.0.0.1 /component/login/vertical_login/device_code/44:04:44:62:9a:b0
INFO: [ app_init ] --START--
INFO: Run Behavior\BuildLiteBehavior [ RunTime:0.000011s ]
INFO: [ app_init ] --END-- [ RunTime:0.000332s ]
INFO: [ app_begin ] --START--
INFO: Run Behavior\ReadHtmlCacheBehavior [ RunTime:0.000447s ]
INFO: [ app_begin ] --END-- [ RunTime:0.000482s ]
SQL: SHOW COLUMNS FROM `device` [ RunTime:0.0065s ]
SQL: SELECT `code_id` FROM `device` WHERE `device_code` = '44:04:44:62:9a:b0' LIMIT 1   [ RunTime:0.0025s ]
SQL: SHOW COLUMNS FROM `code` [ RunTime:0.0064s ]
SQL: SELECT `rest_timestamp` FROM `code` WHERE ( code_id = 235 ) LIMIT 1   [ RunTime:0.0028s ]
SQL: SELECT `restaurant_id` FROM `code` WHERE ( code_id = 235 ) LIMIT 1   [ RunTime:0.0028s ]
SQL: SHOW COLUMNS FROM `restaurant_page_group` [ RunTime:0.0064s ]
SQL: SELECT * FROM `restaurant_page_group` WHERE `restaurant_id` = 131 AND `status` = 1 AND `page_screen` = 2 LIMIT 1   [ RunTime:0.0032s ]

[ 2017-03-11T11:45:45+08:00 ] 127.0.0.1 /component/login/vertical_login/device_code/44:04:44:62:9a:b0
INFO: [ app_init ] --START--
INFO: Run Behavior\BuildLiteBehavior [ RunTime:0.000011s ]
INFO: [ app_init ] --END-- [ RunTime:0.000319s ]
INFO: [ app_begin ] --START--
INFO: Run Behavior\ReadHtmlCacheBehavior [ RunTime:0.000444s ]
INFO: [ app_begin ] --END-- [ RunTime:0.000478s ]
SQL: SHOW COLUMNS FROM `device` [ RunTime:0.0066s ]
SQL: SELECT `code_id` FROM `device` WHERE `device_code` = '44:04:44:62:9a:b0' LIMIT 1   [ RunTime:0.0029s ]
SQL: SHOW COLUMNS FROM `code` [ RunTime:0.0064s ]
SQL: SELECT `rest_timestamp` FROM `code` WHERE ( code_id = 235 ) LIMIT 1   [ RunTime:0.0037s ]
SQL: SELECT `restaurant_id` FROM `code` WHERE ( code_id = 235 ) LIMIT 1   [ RunTime:0.0032s ]
SQL: SHOW COLUMNS FROM `restaurant_page_group` [ RunTime:0.0063s ]
SQL: SELECT * FROM `restaurant_page_group` WHERE `restaurant_id` = 131 AND `status` = 1 AND `page_screen` = 2 LIMIT 1   [ RunTime:0.0032s ]

[ 2017-03-11T11:48:20+08:00 ] 127.0.0.1 /component/login/vertical_login/device_code/44:04:44:62:9a:b0
INFO: [ app_init ] --START--
INFO: Run Behavior\BuildLiteBehavior [ RunTime:0.000010s ]
INFO: [ app_init ] --END-- [ RunTime:0.000317s ]
INFO: [ app_begin ] --START--
INFO: Run Behavior\ReadHtmlCacheBehavior [ RunTime:0.000520s ]
INFO: [ app_begin ] --END-- [ RunTime:0.000555s ]
SQL: SHOW COLUMNS FROM `device` [ RunTime:0.0087s ]
SQL: SELECT `code_id` FROM `device` WHERE `device_code` = '44:04:44:62:9a:b0' LIMIT 1   [ RunTime:0.0029s ]
SQL: SHOW COLUMNS FROM `code` [ RunTime:0.0071s ]
SQL: SELECT `rest_timestamp` FROM `code` WHERE ( code_id = 235 ) LIMIT 1   [ RunTime:0.0028s ]
SQL: SELECT `restaurant_id` FROM `code` WHERE ( code_id = 235 ) LIMIT 1   [ RunTime:0.0028s ]
SQL: SHOW COLUMNS FROM `restaurant_page_group` [ RunTime:0.0062s ]
SQL: SELECT * FROM `restaurant_page_group` WHERE `restaurant_id` = 131 AND `status` = 1 AND `page_screen` = 2 LIMIT 1   [ RunTime:0.0032s ]

[ 2017-03-11T11:49:12+08:00 ] 127.0.0.1 /component/login/vertical_login/device_code/44:04:44:62:9a:b0
INFO: [ app_init ] --START--
INFO: Run Behavior\BuildLiteBehavior [ RunTime:0.000011s ]
INFO: [ app_init ] --END-- [ RunTime:0.000320s ]
INFO: [ app_begin ] --START--
INFO: Run Behavior\ReadHtmlCacheBehavior [ RunTime:0.000444s ]
INFO: [ app_begin ] --END-- [ RunTime:0.000478s ]
SQL: SHOW COLUMNS FROM `device` [ RunTime:0.0069s ]
SQL: SELECT `code_id` FROM `device` WHERE `device_code` = '44:04:44:62:9a:b0' LIMIT 1   [ RunTime:0.0029s ]
SQL: SHOW COLUMNS FROM `code` [ RunTime:0.0363s ]
SQL: SELECT `rest_timestamp` FROM `code` WHERE ( code_id = 235 ) LIMIT 1   [ RunTime:0.0028s ]
SQL: SELECT `restaurant_id` FROM `code` WHERE ( code_id = 235 ) LIMIT 1   [ RunTime:0.0052s ]
SQL: SHOW COLUMNS FROM `restaurant_page_group` [ RunTime:0.0084s ]
SQL: SELECT * FROM `restaurant_page_group` WHERE `restaurant_id` = 131 AND `status` = 1 AND `page_screen` = 2 LIMIT 1   [ RunTime:0.0047s ]

[ 2017-03-11T11:51:20+08:00 ] 127.0.0.1 /component/login/vertical_login/device_code/44:04:44:62:9a:b0
INFO: [ app_init ] --START--
INFO: Run Behavior\BuildLiteBehavior [ RunTime:0.000013s ]
INFO: [ app_init ] --END-- [ RunTime:0.000332s ]
INFO: [ app_begin ] --START--
INFO: Run Behavior\ReadHtmlCacheBehavior [ RunTime:0.000453s ]
INFO: [ app_begin ] --END-- [ RunTime:0.000486s ]
SQL: SHOW COLUMNS FROM `device` [ RunTime:0.0068s ]
SQL: SELECT `code_id` FROM `device` WHERE `device_code` = '44:04:44:62:9a:b0' LIMIT 1   [ RunTime:0.0042s ]
SQL: SHOW COLUMNS FROM `code` [ RunTime:0.0089s ]
SQL: SELECT `rest_timestamp` FROM `code` WHERE ( code_id = 235 ) LIMIT 1   [ RunTime:0.0034s ]
SQL: SELECT `restaurant_id` FROM `code` WHERE ( code_id = 235 ) LIMIT 1   [ RunTime:0.0050s ]
SQL: SHOW COLUMNS FROM `restaurant_page_group` [ RunTime:0.0063s ]
SQL: SELECT * FROM `restaurant_page_group` WHERE `restaurant_id` = 131 AND `status` = 1 AND `page_screen` = 2 LIMIT 1   [ RunTime:0.0049s ]

