[ 2017-05-08T12:22:13+08:00 ] 127.0.0.1 /index.php/component/test/test
INFO: [ app_init ] --START--
INFO: Run Behavior\BuildLiteBehavior [ RunTime:0.000017s ]
INFO: [ app_init ] --END-- [ RunTime:0.000413s ]
INFO: [ app_begin ] --START--
INFO: Run Behavior\ReadHtmlCacheBehavior [ RunTime:0.000596s ]
INFO: [ app_begin ] --END-- [ RunTime:0.000651s ]
INFO: [ view_parse ] --START--
INFO: [ template_filter ] --START--
INFO: Run Behavior\ContentReplaceBehavior [ RunTime:0.000050s ]
INFO: [ template_filter ] --END-- [ RunTime:0.000116s ]
INFO: Run Behavior\ParseTemplateBehavior [ RunTime:0.006181s ]
INFO: [ view_parse ] --END-- [ RunTime:0.006275s ]
INFO: [ view_filter ] --START--
INFO: Run Behavior\WriteHtmlCacheBehavior [ RunTime:0.000294s ]
INFO: [ view_filter ] --END-- [ RunTime:0.000336s ]
INFO: [ app_end ] --START--
INFO: Run Behavior\ShowPageTraceBehavior [ RunTime:0.000608s ]
INFO: [ app_end ] --END-- [ RunTime:0.000654s ]

[ 2017-05-08T12:22:18+08:00 ] 127.0.0.1 /index.php/Component/Login/login
INFO: [ app_init ] --START--
INFO: Run Behavior\BuildLiteBehavior [ RunTime:0.000017s ]
INFO: [ app_init ] --END-- [ RunTime:0.000387s ]
INFO: [ app_begin ] --START--
INFO: Run Behavior\ReadHtmlCacheBehavior [ RunTime:0.000599s ]
INFO: [ app_begin ] --END-- [ RunTime:0.000657s ]
SQL: SHOW COLUMNS FROM `device` [ RunTime:0.0564s ]
SQL: SELECT `code_id`,`device_status` FROM `device` WHERE `device_code` = '666666' LIMIT 1   [ RunTime:0.0006s ]
SQL: SHOW COLUMNS FROM `code` [ RunTime:0.0794s ]
SQL: SELECT `rest_timestamp` FROM `code` WHERE ( code_id = 260 ) LIMIT 1   [ RunTime:0.0004s ]
SQL: SELECT `restaurant_id` FROM `code` WHERE ( code_id = 260 ) LIMIT 1   [ RunTime:0.0003s ]

[ 2017-05-08T12:52:42+08:00 ] 127.0.0.1 /index.php/component/test/test
INFO: [ app_init ] --START--
INFO: Run Behavior\BuildLiteBehavior [ RunTime:0.000018s ]
INFO: [ app_init ] --END-- [ RunTime:0.000407s ]
INFO: [ app_begin ] --START--
INFO: Run Behavior\ReadHtmlCacheBehavior [ RunTime:0.000622s ]
INFO: [ app_begin ] --END-- [ RunTime:0.000680s ]
INFO: [ view_parse ] --START--
INFO: [ template_filter ] --START--
INFO: Run Behavior\ContentReplaceBehavior [ RunTime:0.000055s ]
INFO: [ template_filter ] --END-- [ RunTime:0.000128s ]
INFO: Run Behavior\ParseTemplateBehavior [ RunTime:0.006738s ]
INFO: [ view_parse ] --END-- [ RunTime:0.006809s ]
INFO: [ view_filter ] --START--
INFO: Run Behavior\WriteHtmlCacheBehavior [ RunTime:0.000294s ]
INFO: [ view_filter ] --END-- [ RunTime:0.000340s ]
INFO: [ app_end ] --START--
INFO: Run Behavior\ShowPageTraceBehavior [ RunTime:0.000724s ]
INFO: [ app_end ] --END-- [ RunTime:0.000776s ]

[ 2017-05-08T12:52:47+08:00 ] 127.0.0.1 /index.php/Component/Login/login
INFO: [ app_init ] --START--
INFO: Run Behavior\BuildLiteBehavior [ RunTime:0.000016s ]
INFO: [ app_init ] --END-- [ RunTime:0.000387s ]
INFO: [ app_begin ] --START--
INFO: Run Behavior\ReadHtmlCacheBehavior [ RunTime:0.000582s ]
INFO: [ app_begin ] --END-- [ RunTime:0.000639s ]
SQL: SHOW COLUMNS FROM `device` [ RunTime:0.0053s ]
SQL: SELECT `code_id`,`device_status` FROM `device` WHERE `device_code` = '666666' LIMIT 1   [ RunTime:0.0005s ]
SQL: SHOW COLUMNS FROM `code` [ RunTime:0.0046s ]
SQL: SELECT `rest_timestamp` FROM `code` WHERE ( code_id = 260 ) LIMIT 1   [ RunTime:0.0004s ]
SQL: SELECT `restaurant_id` FROM `code` WHERE ( code_id = 260 ) LIMIT 1   [ RunTime:0.0003s ]

[ 2017-05-08T12:55:29+08:00 ] 127.0.0.1 /index.php/Component/Login/login
INFO: [ app_init ] --START--
INFO: Run Behavior\BuildLiteBehavior [ RunTime:0.000028s ]
INFO: [ app_init ] --END-- [ RunTime:0.000638s ]
INFO: [ app_begin ] --START--
INFO: Run Behavior\ReadHtmlCacheBehavior [ RunTime:0.000774s ]
INFO: [ app_begin ] --END-- [ RunTime:0.000832s ]
SQL: SHOW COLUMNS FROM `device` [ RunTime:0.0047s ]
SQL: SELECT `code_id`,`device_status` FROM `device` WHERE `device_code` = '666666' LIMIT 1   [ RunTime:0.0005s ]
SQL: SHOW COLUMNS FROM `code` [ RunTime:0.0489s ]
SQL: SELECT `rest_timestamp` FROM `code` WHERE ( code_id = 260 ) LIMIT 1   [ RunTime:0.0004s ]
SQL: SELECT `restaurant_id` FROM `code` WHERE ( code_id = 260 ) LIMIT 1   [ RunTime:0.0003s ]

[ 2017-05-08T13:12:02+08:00 ] 127.0.0.1 /index.php/component/test/test
INFO: [ app_init ] --START--
INFO: Run Behavior\BuildLiteBehavior [ RunTime:0.000018s ]
INFO: [ app_init ] --END-- [ RunTime:0.000470s ]
INFO: [ app_begin ] --START--
INFO: Run Behavior\ReadHtmlCacheBehavior [ RunTime:0.000733s ]
INFO: [ app_begin ] --END-- [ RunTime:0.000792s ]
INFO: [ view_parse ] --START--
INFO: [ template_filter ] --START--
INFO: Run Behavior\ContentReplaceBehavior [ RunTime:0.000050s ]
INFO: [ template_filter ] --END-- [ RunTime:0.000112s ]
INFO: Run Behavior\ParseTemplateBehavior [ RunTime:0.006412s ]
INFO: [ view_parse ] --END-- [ RunTime:0.006476s ]
INFO: [ view_filter ] --START--
INFO: Run Behavior\WriteHtmlCacheBehavior [ RunTime:0.000364s ]
INFO: [ view_filter ] --END-- [ RunTime:0.000409s ]
INFO: [ app_end ] --START--
INFO: Run Behavior\ShowPageTraceBehavior [ RunTime:0.000697s ]
INFO: [ app_end ] --END-- [ RunTime:0.000749s ]

[ 2017-05-08T13:12:08+08:00 ] 127.0.0.1 /index.php/Component/Login/login
INFO: [ app_init ] --START--
INFO: Run Behavior\BuildLiteBehavior [ RunTime:0.000018s ]
INFO: [ app_init ] --END-- [ RunTime:0.000419s ]
INFO: [ app_begin ] --START--
INFO: Run Behavior\ReadHtmlCacheBehavior [ RunTime:0.000600s ]
INFO: [ app_begin ] --END-- [ RunTime:0.000676s ]
SQL: SHOW COLUMNS FROM `device` [ RunTime:0.0221s ]
SQL: SELECT `code_id`,`device_status` FROM `device` WHERE `device_code` = '666666' LIMIT 1   [ RunTime:0.0005s ]
SQL: SHOW COLUMNS FROM `code` [ RunTime:0.0045s ]
SQL: SELECT `rest_timestamp` FROM `code` WHERE ( code_id = 260 ) LIMIT 1   [ RunTime:0.0004s ]
SQL: SELECT `restaurant_id` FROM `code` WHERE ( code_id = 260 ) LIMIT 1   [ RunTime:0.0003s ]

