2017-03-16 10:21:42	<?xml version="1.0" encoding="utf-8" ?><error_response><code>15</code><msg>Remote service error</msg><sub_code>isv.SMS_SIGNATURE_ILLEGAL</sub_code><sub_msg>短信签名不合法</sub_msg><request_id>z2akwrmyo2ia</request_id></error_response><!--top010178001137.n.et2-->
2017-03-16 10:23:29	<?xml version="1.0" encoding="utf-8" ?><error_response><code>15</code><msg>Remote service error</msg><sub_code>isv.SMS_SIGNATURE_ILLEGAL</sub_code><sub_msg>短信签名不合法</sub_msg><request_id>3gtvhvk8lbd8</request_id></error_response><!--top011250202174.eu13-->
2017-03-16 10:34:09	<?xml version="1.0" encoding="utf-8" ?><error_response><code>15</code><msg>Remote service error</msg><sub_code>isv.SMS_SIGNATURE_ILLEGAL</sub_code><sub_msg>短信签名不合法</sub_msg><request_id>11ifvnk35gece</request_id></error_response><!--top010178144168.n.et2-->
2017-03-16 10:36:26	<?xml version="1.0" encoding="utf-8" ?><error_response><code>15</code><msg>Remote service error</msg><sub_code>isv.SMS_SIGNATURE_ILLEGAL</sub_code><sub_msg>短信签名不合法</sub_msg><request_id>iv1kwlwf546w</request_id></error_response><!--top010184078137.et2-->
2017-03-16 10:54:11	<?xml version="1.0" encoding="utf-8" ?><error_response><code>15</code><msg>Remote service error</msg><sub_code>isv.SMS_SIGNATURE_ILLEGAL</sub_code><sub_msg>短信签名不合法</sub_msg><request_id>z25aprivj1ji</request_id></error_response><!--top010178001076.n.et2-->
2017-03-16 10:54:59	<?xml version="1.0" encoding="utf-8" ?><error_response><code>15</code><msg>Remote service error</msg><sub_code>isv.SMS_SIGNATURE_ILLEGAL</sub_code><sub_msg>短信签名不合法</sub_msg><request_id>uszl8j53rfc</request_id></error_response><!--top011250050004.eu13-->
2017-03-16 10:55:15	<?xml version="1.0" encoding="utf-8" ?><error_response><code>15</code><msg>Remote service error</msg><sub_code>isv.SMS_SIGNATURE_ILLEGAL</sub_code><sub_msg>短信签名不合法</sub_msg><request_id>z25gy9ajuq9r</request_id></error_response><!--top010178001078.n.et2-->
2017-03-16 10:55:43	<?xml version="1.0" encoding="utf-8" ?><error_response><code>15</code><msg>Remote service error</msg><sub_code>isv.SMS_SIGNATURE_ILLEGAL</sub_code><sub_msg>短信签名不合法</sub_msg><request_id>rxmp0ywql7ol</request_id></error_response><!--top011186096205.eu13-->
2017-03-16 10:56:35	<?xml version="1.0" encoding="utf-8" ?><error_response><code>15</code><msg>Remote service error</msg><sub_code>isv.SMS_SIGNATURE_ILLEGAL</sub_code><sub_msg>短信签名不合法</sub_msg><request_id>3jle0zdnrokm</request_id></error_response><!--top011250207043.eu13-->
2017-03-16 10:57:10	<?xml version="1.0" encoding="utf-8" ?><error_response><code>15</code><msg>Remote service error</msg><sub_code>isv.SMS_SIGNATURE_ILLEGAL</sub_code><sub_msg>短信签名不合法</sub_msg><request_id>iv1hsdm71ljl</request_id></error_response><!--top010184078136.et2-->
2017-03-16 11:04:54	{"error_response":{"code":15,"msg":"Remote service error","sub_code":"isv.SMS_SIGNATURE_ILLEGAL","sub_msg":"短信签名不合法","request_id":"3btgspvjn3lr"}}
2017-03-16 11:06:14	{"error_response":{"code":15,"msg":"Remote service error","sub_code":"isv.SMS_SIGNATURE_ILLEGAL","sub_msg":"短信签名不合法","request_id":"rxmlwqc4l6zc"}}
2017-03-16 11:06:42	{"error_response":{"code":15,"msg":"Remote service error","sub_code":"isv.SMS_SIGNATURE_ILLEGAL","sub_msg":"短信签名不合法","request_id":"12jrsyipbvid8"}}
2017-03-16 11:07:04	{"error_response":{"code":15,"msg":"Remote service error","sub_code":"isv.SMS_SIGNATURE_ILLEGAL","sub_msg":"短信签名不合法","request_id":"12lp3bm6yln96"}}
2017-03-16 11:23:32	{"error_response":{"code":15,"msg":"Remote service error","sub_code":"isv.SMS_SIGNATURE_ILLEGAL","sub_msg":"短信签名不合法","request_id":"yezn28brs41"}}
2017-03-16 11:49:18	{"error_response":{"code":15,"msg":"Remote service error","sub_code":"isv.SMS_SIGNATURE_ILLEGAL","sub_msg":"短信签名不合法","request_id":"10fedhiejg2ne"}}
2017-03-16 11:50:21	{"error_response":{"code":15,"msg":"Remote service error","sub_code":"isv.SMS_SIGNATURE_ILLEGAL","sub_msg":"短信签名不合法","request_id":"3j3pyrjs0y6i"}}
2017-03-16 11:50:42	{"error_response":{"code":15,"msg":"Remote service error","sub_code":"isv.SMS_SIGNATURE_ILLEGAL","sub_msg":"短信签名不合法","request_id":"epv5vy8lo6p9"}}
2017-03-16 13:52:54	{"error_response":{"code":15,"msg":"Remote service error","sub_code":"isv.SMS_SIGNATURE_ILLEGAL","sub_msg":"短信签名不合法","request_id":"eibwgevtf2m8"}}
2017-03-16 14:01:35	{"error_response":{"code":15,"msg":"Remote service error","sub_code":"isv.SMS_SIGNATURE_ILLEGAL","sub_msg":"短信签名不合法","request_id":"ishiivkkgm9q"}}
2017-03-16 14:12:21	{"error_response":{"code":15,"msg":"Remote service error","sub_code":"isv.INVALID_JSON_PARAM","sub_msg":"JSON参数不合法，只接受字符串值","request_id":"2m6q414613tr"}}
2017-03-16 14:13:20	{"error_response":{"code":15,"msg":"Remote service error","sub_code":"isv.SMS_SIGNATURE_ILLEGAL","sub_msg":"短信签名不合法","request_id":"12ckua0m4wvhs"}}
2017-03-16 14:15:06	{"error_response":{"code":15,"msg":"Remote service error","sub_code":"isv.SMS_SIGNATURE_ILLEGAL","sub_msg":"短信签名不合法","request_id":"iv0gdkrq3i8q"}}
2017-03-16 15:00:14	{"error_response":{"code":15,"msg":"Remote service error","sub_code":"isv.BUSINESS_LIMIT_CONTROL","sub_msg":"触发业务流控","request_id":"11ifvnrlhejfm"}}
2017-03-16 15:00:27	{"error_response":{"code":15,"msg":"Remote service error","sub_code":"isv.BUSINESS_LIMIT_CONTROL","sub_msg":"触发业务流控","request_id":"2bjh5vlnk9ig"}}
